   1              		.syntax unified
   2              		.cpu cortex-m4
   3              		.eabi_attribute 27, 3
   4              		.fpu fpv4-sp-d16
   5              		.eabi_attribute 20, 1
   6              		.eabi_attribute 21, 1
   7              		.eabi_attribute 23, 3
   8              		.eabi_attribute 24, 1
   9              		.eabi_attribute 25, 1
  10              		.eabi_attribute 26, 1
  11              		.eabi_attribute 30, 2
  12              		.eabi_attribute 34, 1
  13              		.eabi_attribute 18, 4
  14              		.thumb
  15              		.file	"dogm132.cpp"
  16              		.text
  17              	.Ltext0:
  18              		.cfi_sections	.debug_frame
  19              		.global	_ZN4xpcc6st756521configuration_dogm132E
  20              		.section	.rodata._ZN4xpcc6st756521configuration_dogm132E,"a",%progbits
  21              		.align	2
  24              	_ZN4xpcc6st756521configuration_dogm132E:
  25 0000 40       		.byte	64
  26 0001 A6       		.byte	-90
  27 0002 A2       		.byte	-94
  28 0003 2F       		.byte	47
  29 0004 F8       		.byte	-8
  30 0005 00       		.byte	0
  31 0006 23       		.byte	35
  32 0007 81       		.byte	-127
  33 0008 1F       		.byte	31
  34 0009 AC       		.byte	-84
  35 000a 00       		.byte	0
  36 000b AF       		.byte	-81
  37              		.text
  38              	.Letext0:
  39              		.file 1 "/home/jonas/warwick/3dProfilometer/xpcc/src/xpcc/architecture/driver/atomic.hpp"
  40              		.file 2 "/home/jonas/warwick/3dProfilometer/xpcc/src/xpcc/architecture/driver/gpio.hpp"
  41              		.file 3 "/opt/arm-2012.09/bin/../lib/gcc/arm-none-eabi/4.7.2/../../../../arm-none-eabi/include/c++
  42              		.file 4 "/opt/arm-2012.09/bin/../lib/gcc/arm-none-eabi/4.7.2/../../../../arm-none-eabi/include/str
  43              		.file 5 "/home/jonas/warwick/3dProfilometer/xpcc/src/xpcc/io/iodevice.hpp"
  44              		.file 6 "/home/jonas/warwick/3dProfilometer/xpcc/src/xpcc/utils/template_metaprogramming.hpp"
  45              		.file 7 "/home/jonas/warwick/3dProfilometer/xpcc/src/xpcc/driver/ui/display/dogm132.cpp"
  46              		.file 8 "/opt/arm-2012.09/bin/../lib/gcc/arm-none-eabi/4.7.2/include/stddef.h"
  47              		.file 9 "<built-in>"
DEFINED SYMBOLS
                            *ABS*:00000000 dogm132.cpp
     /tmp/ccfkvgOC.s:24     .rodata._ZN4xpcc6st756521configuration_dogm132E:00000000 _ZN4xpcc6st756521configuration_dogm132E
     /tmp/ccfkvgOC.s:21     .rodata._ZN4xpcc6st756521configuration_dogm132E:00000000 $d

NO UNDEFINED SYMBOLS
