   1              		.syntax unified
   2              		.cpu cortex-m4
   3              		.eabi_attribute 27, 3
   4              		.fpu fpv4-sp-d16
   5              		.eabi_attribute 20, 1
   6              		.eabi_attribute 21, 1
   7              		.eabi_attribute 23, 3
   8              		.eabi_attribute 24, 1
   9              		.eabi_attribute 25, 1
  10              		.eabi_attribute 26, 1
  11              		.eabi_attribute 30, 2
  12              		.eabi_attribute 34, 1
  13              		.eabi_attribute 18, 4
  14              		.thumb
  15              		.file	"st7036.cpp"
  16              		.text
  17              	.Ltext0:
  18              		.cfi_sections	.debug_frame
  19              		.global	_ZN4xpcc6st703613configurationE
  20              		.section	.rodata._ZN4xpcc6st703613configurationE,"a",%progbits
  21              		.align	2
  24              	_ZN4xpcc6st703613configurationE:
  25 0000 39       		.byte	57
  26 0001 14       		.byte	20
  27 0002 55       		.byte	85
  28 0003 6D       		.byte	109
  29 0004 78       		.byte	120
  30 0005 0F       		.byte	15
  31 0006 01       		.byte	1
  32 0007 03       		.byte	3
  33 0008 06       		.byte	6
  34 0009 0C       		.byte	12
  35 000a 0000     		.text
  36              	.Letext0:
  37              		.file 1 "/home/jonas/warwick/3dProfilometer/xpcc/src/xpcc/architecture/driver/atomic.hpp"
  38              		.file 2 "/home/jonas/warwick/3dProfilometer/xpcc/src/xpcc/architecture/driver/gpio.hpp"
  39              		.file 3 "/home/jonas/warwick/3dProfilometer/xpcc/src/xpcc/architecture/driver/accessor/ram.hpp"
  40              		.file 4 "/home/jonas/warwick/3dProfilometer/xpcc/src/xpcc/driver/ui/display/character_display.hpp"
  41              		.file 5 "/opt/arm-2012.09/bin/../lib/gcc/arm-none-eabi/4.7.2/../../../../arm-none-eabi/include/c++
  42              		.file 6 "/opt/arm-2012.09/bin/../lib/gcc/arm-none-eabi/4.7.2/../../../../arm-none-eabi/include/str
  43              		.file 7 "/home/jonas/warwick/3dProfilometer/xpcc/src/xpcc/io/iodevice.hpp"
  44              		.file 8 "/home/jonas/warwick/3dProfilometer/xpcc/src/xpcc/utils/template_metaprogramming.hpp"
  45              		.file 9 "/home/jonas/warwick/3dProfilometer/xpcc/src/xpcc/driver/ui/display/st7036_impl.hpp"
  46              		.file 10 "/home/jonas/warwick/3dProfilometer/xpcc/src/xpcc/driver/ui/display/st7036.cpp"
  47              		.file 11 "/opt/arm-2012.09/bin/../lib/gcc/arm-none-eabi/4.7.2/include/stddef.h"
  48              		.file 12 "<built-in>"
DEFINED SYMBOLS
                            *ABS*:00000000 st7036.cpp
     /tmp/cc3zzobM.s:24     .rodata._ZN4xpcc6st703613configurationE:00000000 _ZN4xpcc6st703613configurationE
     /tmp/cc3zzobM.s:21     .rodata._ZN4xpcc6st703613configurationE:00000000 $d

NO UNDEFINED SYMBOLS
