   1              		.syntax unified
   2              		.cpu cortex-m4
   3              		.eabi_attribute 27, 3
   4              		.fpu fpv4-sp-d16
   5              		.eabi_attribute 20, 1
   6              		.eabi_attribute 21, 1
   7              		.eabi_attribute 23, 3
   8              		.eabi_attribute 24, 1
   9              		.eabi_attribute 25, 1
  10              		.eabi_attribute 26, 1
  11              		.eabi_attribute 30, 2
  12              		.eabi_attribute 34, 1
  13              		.eabi_attribute 18, 4
  14              		.thumb
  15              		.file	"communicator.cpp"
  16              		.text
  17              	.Ltext0:
  18              		.cfi_sections	.debug_frame
  19              		.section	.text._ZN4xpcc12CommunicatorC2EhPNS_10DispatcherE,"ax",%progbits
  20              		.align	2
  21              		.global	_ZN4xpcc12CommunicatorC2EhPNS_10DispatcherE
  22              		.thumb
  23              		.thumb_func
  25              	_ZN4xpcc12CommunicatorC2EhPNS_10DispatcherE:
  26              	.LFB150:
  27              		.file 1 "/home/jonas/warwick/3dProfilometer/xpcc/src/xpcc/communication/communicator.cpp"
   1:/home/jonas/warwick/3dProfilometer/xpcc/src/xpcc/communication/communicator.cpp **** // coding: utf-8
   2:/home/jonas/warwick/3dProfilometer/xpcc/src/xpcc/communication/communicator.cpp **** // ----------------------------------------------------------------------------
   3:/home/jonas/warwick/3dProfilometer/xpcc/src/xpcc/communication/communicator.cpp **** /* Copyright (c) 2009, Roboterclub Aachen e.V.
   4:/home/jonas/warwick/3dProfilometer/xpcc/src/xpcc/communication/communicator.cpp ****  * All rights reserved.
   5:/home/jonas/warwick/3dProfilometer/xpcc/src/xpcc/communication/communicator.cpp ****  * 
   6:/home/jonas/warwick/3dProfilometer/xpcc/src/xpcc/communication/communicator.cpp ****  * Redistribution and use in source and binary forms, with or without
   7:/home/jonas/warwick/3dProfilometer/xpcc/src/xpcc/communication/communicator.cpp ****  * modification, are permitted provided that the following conditions are met:
   8:/home/jonas/warwick/3dProfilometer/xpcc/src/xpcc/communication/communicator.cpp ****  * 
   9:/home/jonas/warwick/3dProfilometer/xpcc/src/xpcc/communication/communicator.cpp ****  *     * Redistributions of source code must retain the above copyright
  10:/home/jonas/warwick/3dProfilometer/xpcc/src/xpcc/communication/communicator.cpp ****  *       notice, this list of conditions and the following disclaimer.
  11:/home/jonas/warwick/3dProfilometer/xpcc/src/xpcc/communication/communicator.cpp ****  *     * Redistributions in binary form must reproduce the above copyright
  12:/home/jonas/warwick/3dProfilometer/xpcc/src/xpcc/communication/communicator.cpp ****  *       notice, this list of conditions and the following disclaimer in the
  13:/home/jonas/warwick/3dProfilometer/xpcc/src/xpcc/communication/communicator.cpp ****  *       documentation and/or other materials provided with the distribution.
  14:/home/jonas/warwick/3dProfilometer/xpcc/src/xpcc/communication/communicator.cpp ****  *     * Neither the name of the Roboterclub Aachen e.V. nor the
  15:/home/jonas/warwick/3dProfilometer/xpcc/src/xpcc/communication/communicator.cpp ****  *       names of its contributors may be used to endorse or promote products
  16:/home/jonas/warwick/3dProfilometer/xpcc/src/xpcc/communication/communicator.cpp ****  *       derived from this software without specific prior written permission.
  17:/home/jonas/warwick/3dProfilometer/xpcc/src/xpcc/communication/communicator.cpp ****  * 
  18:/home/jonas/warwick/3dProfilometer/xpcc/src/xpcc/communication/communicator.cpp ****  * THIS SOFTWARE IS PROVIDED BY ROBOTERCLUB AACHEN E.V. ''AS IS'' AND ANY
  19:/home/jonas/warwick/3dProfilometer/xpcc/src/xpcc/communication/communicator.cpp ****  * EXPRESS OR IMPLIED WARRANTIES, INCLUDING, BUT NOT LIMITED TO, THE IMPLIED
  20:/home/jonas/warwick/3dProfilometer/xpcc/src/xpcc/communication/communicator.cpp ****  * WARRANTIES OF MERCHANTABILITY AND FITNESS FOR A PARTICULAR PURPOSE ARE
  21:/home/jonas/warwick/3dProfilometer/xpcc/src/xpcc/communication/communicator.cpp ****  * DISCLAIMED. IN NO EVENT SHALL ROBOTERCLUB AACHEN E.V. BE LIABLE FOR ANY
  22:/home/jonas/warwick/3dProfilometer/xpcc/src/xpcc/communication/communicator.cpp ****  * DIRECT, INDIRECT, INCIDENTAL, SPECIAL, EXEMPLARY, OR CONSEQUENTIAL DAMAGES
  23:/home/jonas/warwick/3dProfilometer/xpcc/src/xpcc/communication/communicator.cpp ****  * (INCLUDING, BUT NOT LIMITED TO, PROCUREMENT OF SUBSTITUTE GOODS OR SERVICES;
  24:/home/jonas/warwick/3dProfilometer/xpcc/src/xpcc/communication/communicator.cpp ****  * LOSS OF USE, DATA, OR PROFITS; OR BUSINESS INTERRUPTION) HOWEVER CAUSED AND
  25:/home/jonas/warwick/3dProfilometer/xpcc/src/xpcc/communication/communicator.cpp ****  * ON ANY THEORY OF LIABILITY, WHETHER IN CONTRACT, STRICT LIABILITY, OR TORT
  26:/home/jonas/warwick/3dProfilometer/xpcc/src/xpcc/communication/communicator.cpp ****  * (INCLUDING NEGLIGENCE OR OTHERWISE) ARISING IN ANY WAY OUT OF THE USE OF
  27:/home/jonas/warwick/3dProfilometer/xpcc/src/xpcc/communication/communicator.cpp ****  * THIS SOFTWARE, EVEN IF ADVISED OF THE POSSIBILITY OF SUCH DAMAGE.
  28:/home/jonas/warwick/3dProfilometer/xpcc/src/xpcc/communication/communicator.cpp ****  */
  29:/home/jonas/warwick/3dProfilometer/xpcc/src/xpcc/communication/communicator.cpp **** // ----------------------------------------------------------------------------
  30:/home/jonas/warwick/3dProfilometer/xpcc/src/xpcc/communication/communicator.cpp **** 
  31:/home/jonas/warwick/3dProfilometer/xpcc/src/xpcc/communication/communicator.cpp **** #include "communicator.hpp"
  32:/home/jonas/warwick/3dProfilometer/xpcc/src/xpcc/communication/communicator.cpp **** 
  33:/home/jonas/warwick/3dProfilometer/xpcc/src/xpcc/communication/communicator.cpp **** // ----------------------------------------------------------------------------
  34:/home/jonas/warwick/3dProfilometer/xpcc/src/xpcc/communication/communicator.cpp **** xpcc::Communicator::Communicator(
  28              		.loc 1 34 0
  29              		.cfi_startproc
  30              		@ args = 0, pretend = 0, frame = 0
  31              		@ frame_needed = 0, uses_anonymous_args = 0
  32              		@ link register save eliminated.
  33              	.LVL0:
  34              	.LBB31:
  35:/home/jonas/warwick/3dProfilometer/xpcc/src/xpcc/communication/communicator.cpp **** 		const uint8_t ownIdentifier,
  36:/home/jonas/warwick/3dProfilometer/xpcc/src/xpcc/communication/communicator.cpp **** 		Dispatcher *inDispatcher) : 
  37:/home/jonas/warwick/3dProfilometer/xpcc/src/xpcc/communication/communicator.cpp **** 	ownIdentifier(ownIdentifier), dispatcher(inDispatcher)
  35              		.loc 1 37 0
  36 0000 0170     		strb	r1, [r0, #0]
  37 0002 4260     		str	r2, [r0, #4]
  38              	.LBE31:
  38:/home/jonas/warwick/3dProfilometer/xpcc/src/xpcc/communication/communicator.cpp **** {
  39:/home/jonas/warwick/3dProfilometer/xpcc/src/xpcc/communication/communicator.cpp **** }
  39              		.loc 1 39 0
  40 0004 7047     		bx	lr
  41              		.cfi_endproc
  42              	.LFE150:
  44              		.global	_ZN4xpcc12CommunicatorC1EhPNS_10DispatcherE
  45              		.thumb_set _ZN4xpcc12CommunicatorC1EhPNS_10DispatcherE,_ZN4xpcc12CommunicatorC2EhPNS_10DispatcherE
  46 0006 00BF     		.section	.text._ZN4xpcc12Communicator10callActionEhh,"ax",%progbits
  47              		.align	2
  48              		.global	_ZN4xpcc12Communicator10callActionEhh
  49              		.thumb
  50              		.thumb_func
  52              	_ZN4xpcc12Communicator10callActionEhh:
  53              	.LFB152:
  40:/home/jonas/warwick/3dProfilometer/xpcc/src/xpcc/communication/communicator.cpp **** 
  41:/home/jonas/warwick/3dProfilometer/xpcc/src/xpcc/communication/communicator.cpp **** // ----------------------------------------------------------------------------
  42:/home/jonas/warwick/3dProfilometer/xpcc/src/xpcc/communication/communicator.cpp **** void
  43:/home/jonas/warwick/3dProfilometer/xpcc/src/xpcc/communication/communicator.cpp **** xpcc::Communicator::callAction(uint8_t receiver, uint8_t actionIdentifier)
  44:/home/jonas/warwick/3dProfilometer/xpcc/src/xpcc/communication/communicator.cpp **** {
  54              		.loc 1 44 0
  55              		.cfi_startproc
  56              		@ args = 0, pretend = 0, frame = 16
  57              		@ frame_needed = 0, uses_anonymous_args = 0
  58              	.LVL1:
  59 0000 30B5     		push	{r4, r5, lr}
  60              	.LCFI0:
  61              		.cfi_def_cfa_offset 12
  62              		.cfi_offset 4, -12
  63              		.cfi_offset 5, -8
  64              		.cfi_offset 14, -4
  65 0002 85B0     		sub	sp, sp, #20
  66              	.LCFI1:
  67              		.cfi_def_cfa_offset 32
  68              	.LBB32:
  45:/home/jonas/warwick/3dProfilometer/xpcc/src/xpcc/communication/communicator.cpp **** 	Header header(Header::REQUEST, false,
  46:/home/jonas/warwick/3dProfilometer/xpcc/src/xpcc/communication/communicator.cpp **** 			receiver,
  47:/home/jonas/warwick/3dProfilometer/xpcc/src/xpcc/communication/communicator.cpp **** 			this->ownIdentifier,
  48:/home/jonas/warwick/3dProfilometer/xpcc/src/xpcc/communication/communicator.cpp **** 			actionIdentifier);
  69              		.loc 1 48 0
  70 0004 0578     		ldrb	r5, [r0, #0]	@ zero_extendqisi2
  71              	.LVL2:
  72              	.LBB33:
  73              	.LBB34:
  74              		.file 2 "/home/jonas/warwick/3dProfilometer/xpcc/src/xpcc/communication/backend/header.hpp"
   1:/home/jonas/warwick/3dProfilometer/xpcc/src/xpcc/communication/backend/header.hpp **** // coding: utf-8
   2:/home/jonas/warwick/3dProfilometer/xpcc/src/xpcc/communication/backend/header.hpp **** // ----------------------------------------------------------------------------
   3:/home/jonas/warwick/3dProfilometer/xpcc/src/xpcc/communication/backend/header.hpp **** /* Copyright (c) 2009, Roboterclub Aachen e.V.
   4:/home/jonas/warwick/3dProfilometer/xpcc/src/xpcc/communication/backend/header.hpp ****  * All rights reserved.
   5:/home/jonas/warwick/3dProfilometer/xpcc/src/xpcc/communication/backend/header.hpp ****  * 
   6:/home/jonas/warwick/3dProfilometer/xpcc/src/xpcc/communication/backend/header.hpp ****  * Redistribution and use in source and binary forms, with or without
   7:/home/jonas/warwick/3dProfilometer/xpcc/src/xpcc/communication/backend/header.hpp ****  * modification, are permitted provided that the following conditions are met:
   8:/home/jonas/warwick/3dProfilometer/xpcc/src/xpcc/communication/backend/header.hpp ****  * 
   9:/home/jonas/warwick/3dProfilometer/xpcc/src/xpcc/communication/backend/header.hpp ****  *     * Redistributions of source code must retain the above copyright
  10:/home/jonas/warwick/3dProfilometer/xpcc/src/xpcc/communication/backend/header.hpp ****  *       notice, this list of conditions and the following disclaimer.
  11:/home/jonas/warwick/3dProfilometer/xpcc/src/xpcc/communication/backend/header.hpp ****  *     * Redistributions in binary form must reproduce the above copyright
  12:/home/jonas/warwick/3dProfilometer/xpcc/src/xpcc/communication/backend/header.hpp ****  *       notice, this list of conditions and the following disclaimer in the
  13:/home/jonas/warwick/3dProfilometer/xpcc/src/xpcc/communication/backend/header.hpp ****  *       documentation and/or other materials provided with the distribution.
  14:/home/jonas/warwick/3dProfilometer/xpcc/src/xpcc/communication/backend/header.hpp ****  *     * Neither the name of the Roboterclub Aachen e.V. nor the
  15:/home/jonas/warwick/3dProfilometer/xpcc/src/xpcc/communication/backend/header.hpp ****  *       names of its contributors may be used to endorse or promote products
  16:/home/jonas/warwick/3dProfilometer/xpcc/src/xpcc/communication/backend/header.hpp ****  *       derived from this software without specific prior written permission.
  17:/home/jonas/warwick/3dProfilometer/xpcc/src/xpcc/communication/backend/header.hpp ****  * 
  18:/home/jonas/warwick/3dProfilometer/xpcc/src/xpcc/communication/backend/header.hpp ****  * THIS SOFTWARE IS PROVIDED BY ROBOTERCLUB AACHEN E.V. ''AS IS'' AND ANY
  19:/home/jonas/warwick/3dProfilometer/xpcc/src/xpcc/communication/backend/header.hpp ****  * EXPRESS OR IMPLIED WARRANTIES, INCLUDING, BUT NOT LIMITED TO, THE IMPLIED
  20:/home/jonas/warwick/3dProfilometer/xpcc/src/xpcc/communication/backend/header.hpp ****  * WARRANTIES OF MERCHANTABILITY AND FITNESS FOR A PARTICULAR PURPOSE ARE
  21:/home/jonas/warwick/3dProfilometer/xpcc/src/xpcc/communication/backend/header.hpp ****  * DISCLAIMED. IN NO EVENT SHALL ROBOTERCLUB AACHEN E.V. BE LIABLE FOR ANY
  22:/home/jonas/warwick/3dProfilometer/xpcc/src/xpcc/communication/backend/header.hpp ****  * DIRECT, INDIRECT, INCIDENTAL, SPECIAL, EXEMPLARY, OR CONSEQUENTIAL DAMAGES
  23:/home/jonas/warwick/3dProfilometer/xpcc/src/xpcc/communication/backend/header.hpp ****  * (INCLUDING, BUT NOT LIMITED TO, PROCUREMENT OF SUBSTITUTE GOODS OR SERVICES;
  24:/home/jonas/warwick/3dProfilometer/xpcc/src/xpcc/communication/backend/header.hpp ****  * LOSS OF USE, DATA, OR PROFITS; OR BUSINESS INTERRUPTION) HOWEVER CAUSED AND
  25:/home/jonas/warwick/3dProfilometer/xpcc/src/xpcc/communication/backend/header.hpp ****  * ON ANY THEORY OF LIABILITY, WHETHER IN CONTRACT, STRICT LIABILITY, OR TORT
  26:/home/jonas/warwick/3dProfilometer/xpcc/src/xpcc/communication/backend/header.hpp ****  * (INCLUDING NEGLIGENCE OR OTHERWISE) ARISING IN ANY WAY OUT OF THE USE OF
  27:/home/jonas/warwick/3dProfilometer/xpcc/src/xpcc/communication/backend/header.hpp ****  * THIS SOFTWARE, EVEN IF ADVISED OF THE POSSIBILITY OF SUCH DAMAGE.
  28:/home/jonas/warwick/3dProfilometer/xpcc/src/xpcc/communication/backend/header.hpp ****  */
  29:/home/jonas/warwick/3dProfilometer/xpcc/src/xpcc/communication/backend/header.hpp **** // ----------------------------------------------------------------------------
  30:/home/jonas/warwick/3dProfilometer/xpcc/src/xpcc/communication/backend/header.hpp **** 
  31:/home/jonas/warwick/3dProfilometer/xpcc/src/xpcc/communication/backend/header.hpp **** #ifndef	XPCC__HEADER_HPP
  32:/home/jonas/warwick/3dProfilometer/xpcc/src/xpcc/communication/backend/header.hpp **** #define	XPCC__HEADER_HPP
  33:/home/jonas/warwick/3dProfilometer/xpcc/src/xpcc/communication/backend/header.hpp **** 
  34:/home/jonas/warwick/3dProfilometer/xpcc/src/xpcc/communication/backend/header.hpp **** #include <stdint.h>
  35:/home/jonas/warwick/3dProfilometer/xpcc/src/xpcc/communication/backend/header.hpp **** 
  36:/home/jonas/warwick/3dProfilometer/xpcc/src/xpcc/communication/backend/header.hpp **** #include <xpcc/container/smart_pointer.hpp>
  37:/home/jonas/warwick/3dProfilometer/xpcc/src/xpcc/communication/backend/header.hpp **** 
  38:/home/jonas/warwick/3dProfilometer/xpcc/src/xpcc/communication/backend/header.hpp **** namespace xpcc
  39:/home/jonas/warwick/3dProfilometer/xpcc/src/xpcc/communication/backend/header.hpp **** {
  40:/home/jonas/warwick/3dProfilometer/xpcc/src/xpcc/communication/backend/header.hpp **** 	/**
  41:/home/jonas/warwick/3dProfilometer/xpcc/src/xpcc/communication/backend/header.hpp **** 	 * \brief 	Header of a packet
  42:/home/jonas/warwick/3dProfilometer/xpcc/src/xpcc/communication/backend/header.hpp **** 	 * 
  43:/home/jonas/warwick/3dProfilometer/xpcc/src/xpcc/communication/backend/header.hpp **** 	 * \ingroup	backend
  44:/home/jonas/warwick/3dProfilometer/xpcc/src/xpcc/communication/backend/header.hpp **** 	 * \author	Martin Rosekeit
  45:/home/jonas/warwick/3dProfilometer/xpcc/src/xpcc/communication/backend/header.hpp **** 	 * \author	Fabian Greif
  46:/home/jonas/warwick/3dProfilometer/xpcc/src/xpcc/communication/backend/header.hpp **** 	 */
  47:/home/jonas/warwick/3dProfilometer/xpcc/src/xpcc/communication/backend/header.hpp **** 	struct Header
  48:/home/jonas/warwick/3dProfilometer/xpcc/src/xpcc/communication/backend/header.hpp **** 	{
  49:/home/jonas/warwick/3dProfilometer/xpcc/src/xpcc/communication/backend/header.hpp **** 	public:
  50:/home/jonas/warwick/3dProfilometer/xpcc/src/xpcc/communication/backend/header.hpp **** 		enum Type
  51:/home/jonas/warwick/3dProfilometer/xpcc/src/xpcc/communication/backend/header.hpp **** 		{
  52:/home/jonas/warwick/3dProfilometer/xpcc/src/xpcc/communication/backend/header.hpp **** 			REQUEST,
  53:/home/jonas/warwick/3dProfilometer/xpcc/src/xpcc/communication/backend/header.hpp **** 			RESPONSE,
  54:/home/jonas/warwick/3dProfilometer/xpcc/src/xpcc/communication/backend/header.hpp **** 			NEGATIVE_RESPONSE,
  55:/home/jonas/warwick/3dProfilometer/xpcc/src/xpcc/communication/backend/header.hpp **** 		};
  56:/home/jonas/warwick/3dProfilometer/xpcc/src/xpcc/communication/backend/header.hpp **** 		
  57:/home/jonas/warwick/3dProfilometer/xpcc/src/xpcc/communication/backend/header.hpp **** 	public:
  58:/home/jonas/warwick/3dProfilometer/xpcc/src/xpcc/communication/backend/header.hpp **** 		Header() :
  59:/home/jonas/warwick/3dProfilometer/xpcc/src/xpcc/communication/backend/header.hpp **** 			type(REQUEST),
  60:/home/jonas/warwick/3dProfilometer/xpcc/src/xpcc/communication/backend/header.hpp **** 			isAcknowledge(false),
  61:/home/jonas/warwick/3dProfilometer/xpcc/src/xpcc/communication/backend/header.hpp **** 			destination(0),
  62:/home/jonas/warwick/3dProfilometer/xpcc/src/xpcc/communication/backend/header.hpp **** 			source(0),
  63:/home/jonas/warwick/3dProfilometer/xpcc/src/xpcc/communication/backend/header.hpp **** 			packetIdentifier(0)
  64:/home/jonas/warwick/3dProfilometer/xpcc/src/xpcc/communication/backend/header.hpp **** 		{
  65:/home/jonas/warwick/3dProfilometer/xpcc/src/xpcc/communication/backend/header.hpp **** 		}
  66:/home/jonas/warwick/3dProfilometer/xpcc/src/xpcc/communication/backend/header.hpp **** 		
  67:/home/jonas/warwick/3dProfilometer/xpcc/src/xpcc/communication/backend/header.hpp **** 		Header(Type type, bool ack,
  68:/home/jonas/warwick/3dProfilometer/xpcc/src/xpcc/communication/backend/header.hpp **** 				uint8_t dest, uint8_t src,
  69:/home/jonas/warwick/3dProfilometer/xpcc/src/xpcc/communication/backend/header.hpp **** 				uint8_t id) :
  70:/home/jonas/warwick/3dProfilometer/xpcc/src/xpcc/communication/backend/header.hpp **** 			type(type),
  71:/home/jonas/warwick/3dProfilometer/xpcc/src/xpcc/communication/backend/header.hpp **** 			isAcknowledge(ack),
  72:/home/jonas/warwick/3dProfilometer/xpcc/src/xpcc/communication/backend/header.hpp **** 			destination(dest),
  73:/home/jonas/warwick/3dProfilometer/xpcc/src/xpcc/communication/backend/header.hpp **** 			source(src),
  74:/home/jonas/warwick/3dProfilometer/xpcc/src/xpcc/communication/backend/header.hpp **** 			packetIdentifier(id)
  75              		.loc 2 74 0
  76 0006 8DF80A10 		strb	r1, [sp, #10]
  77 000a 0023     		movs	r3, #0
  78              	.LBE34:
  79              	.LBE33:
  80              	.LBE32:
  44:/home/jonas/warwick/3dProfilometer/xpcc/src/xpcc/communication/communicator.cpp **** {
  81              		.loc 1 44 0
  82 000c 0446     		mov	r4, r0
  83              	.LBB39:
  84              	.LBB37:
  85              	.LBB35:
  86              		.loc 2 74 0
  87 000e 8DF80830 		strb	r3, [sp, #8]
  88 0012 8DF80930 		strb	r3, [sp, #9]
  89              	.LBE35:
  90              	.LBE37:
  49:/home/jonas/warwick/3dProfilometer/xpcc/src/xpcc/communication/communicator.cpp **** 	
  50:/home/jonas/warwick/3dProfilometer/xpcc/src/xpcc/communication/communicator.cpp **** 	SmartPointer payload;
  91              		.loc 1 50 0
  92 0016 01A8     		add	r0, sp, #4
  93              	.LVL3:
  94 0018 074B     		ldr	r3, .L3
  95              	.LBB38:
  96              	.LBB36:
  97              		.loc 2 74 0
  98 001a 8DF80C20 		strb	r2, [sp, #12]
  99 001e 8DF80B50 		strb	r5, [sp, #11]
 100              	.LBE36:
 101              	.LBE38:
 102              		.loc 1 50 0
 103 0022 9847     		blx	r3
 104              	.LVL4:
  51:/home/jonas/warwick/3dProfilometer/xpcc/src/xpcc/communication/communicator.cpp **** 	this->dispatcher->addMessage(header, payload);
 105              		.loc 1 51 0
 106 0024 6068     		ldr	r0, [r4, #4]
 107 0026 054B     		ldr	r3, .L3+4
 108 0028 02A9     		add	r1, sp, #8
 109              	.LVL5:
 110 002a 01AA     		add	r2, sp, #4
 111 002c 9847     		blx	r3
 112              	.LVL6:
 113 002e 01A8     		add	r0, sp, #4
 114 0030 034B     		ldr	r3, .L3+8
 115 0032 9847     		blx	r3
 116              	.LVL7:
 117              	.LBE39:
  52:/home/jonas/warwick/3dProfilometer/xpcc/src/xpcc/communication/communicator.cpp **** }
 118              		.loc 1 52 0
 119 0034 05B0     		add	sp, sp, #20
 120 0036 30BD     		pop	{r4, r5, pc}
 121              	.L4:
 122              		.align	2
 123              	.L3:
 124 0038 00000000 		.word	_ZN4xpcc12SmartPointerC1Ev
 125 003c 00000000 		.word	_ZN4xpcc10Dispatcher10addMessageERKNS_6HeaderERNS_12SmartPointerE
 126 0040 00000000 		.word	_ZN4xpcc12SmartPointerD1Ev
 127              		.cfi_endproc
 128              	.LFE152:
 130              		.section	.text._ZN4xpcc12Communicator10callActionEhhRNS_16ResponseCallbackE,"ax",%progbits
 131              		.align	2
 132              		.global	_ZN4xpcc12Communicator10callActionEhhRNS_16ResponseCallbackE
 133              		.thumb
 134              		.thumb_func
 136              	_ZN4xpcc12Communicator10callActionEhhRNS_16ResponseCallbackE:
 137              	.LFB153:
  53:/home/jonas/warwick/3dProfilometer/xpcc/src/xpcc/communication/communicator.cpp **** 
  54:/home/jonas/warwick/3dProfilometer/xpcc/src/xpcc/communication/communicator.cpp **** void
  55:/home/jonas/warwick/3dProfilometer/xpcc/src/xpcc/communication/communicator.cpp **** xpcc::Communicator::callAction(uint8_t receiver, uint8_t actionIdentifier, ResponseCallback& respon
  56:/home/jonas/warwick/3dProfilometer/xpcc/src/xpcc/communication/communicator.cpp **** {
 138              		.loc 1 56 0
 139              		.cfi_startproc
 140              		@ args = 0, pretend = 0, frame = 16
 141              		@ frame_needed = 0, uses_anonymous_args = 0
 142              	.LVL8:
 143 0000 70B5     		push	{r4, r5, r6, lr}
 144              	.LCFI2:
 145              		.cfi_def_cfa_offset 16
 146              		.cfi_offset 4, -16
 147              		.cfi_offset 5, -12
 148              		.cfi_offset 6, -8
 149              		.cfi_offset 14, -4
 150 0002 84B0     		sub	sp, sp, #16
 151              	.LCFI3:
 152              		.cfi_def_cfa_offset 32
 153              	.LBB40:
  57:/home/jonas/warwick/3dProfilometer/xpcc/src/xpcc/communication/communicator.cpp **** 	Header header(Header::REQUEST, false,
  58:/home/jonas/warwick/3dProfilometer/xpcc/src/xpcc/communication/communicator.cpp **** 			receiver,
  59:/home/jonas/warwick/3dProfilometer/xpcc/src/xpcc/communication/communicator.cpp **** 			this->ownIdentifier,
  60:/home/jonas/warwick/3dProfilometer/xpcc/src/xpcc/communication/communicator.cpp **** 			actionIdentifier);
 154              		.loc 1 60 0
 155 0004 0678     		ldrb	r6, [r0, #0]	@ zero_extendqisi2
 156              	.LVL9:
 157              	.LBB41:
 158              	.LBB42:
 159              		.loc 2 74 0
 160 0006 8DF80A10 		strb	r1, [sp, #10]
 161              	.LBE42:
 162              	.LBE41:
 163              	.LBE40:
  56:/home/jonas/warwick/3dProfilometer/xpcc/src/xpcc/communication/communicator.cpp **** {
 164              		.loc 1 56 0
 165 000a 0446     		mov	r4, r0
 166              	.LBB47:
 167              	.LBB45:
 168              	.LBB43:
 169              		.loc 2 74 0
 170 000c 0021     		movs	r1, #0
 171              	.LVL10:
 172              	.LBE43:
 173              	.LBE45:
 174              	.LBE47:
  56:/home/jonas/warwick/3dProfilometer/xpcc/src/xpcc/communication/communicator.cpp **** {
 175              		.loc 1 56 0
 176 000e 1D46     		mov	r5, r3
 177              	.LBB48:
  61:/home/jonas/warwick/3dProfilometer/xpcc/src/xpcc/communication/communicator.cpp **** 	
  62:/home/jonas/warwick/3dProfilometer/xpcc/src/xpcc/communication/communicator.cpp **** 	SmartPointer payload;
 178              		.loc 1 62 0
 179 0010 01A8     		add	r0, sp, #4
 180              	.LVL11:
 181 0012 0A4B     		ldr	r3, .L6
 182              	.LVL12:
 183              	.LBB46:
 184              	.LBB44:
 185              		.loc 2 74 0
 186 0014 8DF80C20 		strb	r2, [sp, #12]
 187 0018 8DF80810 		strb	r1, [sp, #8]
 188 001c 8DF80910 		strb	r1, [sp, #9]
 189 0020 8DF80B60 		strb	r6, [sp, #11]
 190              	.LBE44:
 191              	.LBE46:
 192              		.loc 1 62 0
 193 0024 9847     		blx	r3
 194              	.LVL13:
  63:/home/jonas/warwick/3dProfilometer/xpcc/src/xpcc/communication/communicator.cpp **** 	this->dispatcher->addMessage(header, payload, responseCallback);
 195              		.loc 1 63 0
 196 0026 6068     		ldr	r0, [r4, #4]
 197 0028 054C     		ldr	r4, .L6+4
 198              	.LVL14:
 199 002a 2B46     		mov	r3, r5
 200 002c 02A9     		add	r1, sp, #8
 201              	.LVL15:
 202 002e 01AA     		add	r2, sp, #4
 203 0030 A047     		blx	r4
 204              	.LVL16:
 205 0032 01A8     		add	r0, sp, #4
 206 0034 034B     		ldr	r3, .L6+8
 207 0036 9847     		blx	r3
 208              	.LVL17:
 209              	.LBE48:
  64:/home/jonas/warwick/3dProfilometer/xpcc/src/xpcc/communication/communicator.cpp **** }
 210              		.loc 1 64 0
 211 0038 04B0     		add	sp, sp, #16
 212 003a 70BD     		pop	{r4, r5, r6, pc}
 213              	.L7:
 214              		.align	2
 215              	.L6:
 216 003c 00000000 		.word	_ZN4xpcc12SmartPointerC1Ev
 217 0040 00000000 		.word	_ZN4xpcc10Dispatcher10addMessageERKNS_6HeaderERNS_12SmartPointerERNS_16ResponseCallbackE
 218 0044 00000000 		.word	_ZN4xpcc12SmartPointerD1Ev
 219              		.cfi_endproc
 220              	.LFE153:
 222              		.section	.text._ZN4xpcc12Communicator12publishEventEh,"ax",%progbits
 223              		.align	2
 224              		.global	_ZN4xpcc12Communicator12publishEventEh
 225              		.thumb
 226              		.thumb_func
 228              	_ZN4xpcc12Communicator12publishEventEh:
 229              	.LFB154:
  65:/home/jonas/warwick/3dProfilometer/xpcc/src/xpcc/communication/communicator.cpp **** 
  66:/home/jonas/warwick/3dProfilometer/xpcc/src/xpcc/communication/communicator.cpp **** // ----------------------------------------------------------------------------
  67:/home/jonas/warwick/3dProfilometer/xpcc/src/xpcc/communication/communicator.cpp **** void
  68:/home/jonas/warwick/3dProfilometer/xpcc/src/xpcc/communication/communicator.cpp **** xpcc::Communicator::publishEvent(uint8_t eventIdentifier)
  69:/home/jonas/warwick/3dProfilometer/xpcc/src/xpcc/communication/communicator.cpp **** {
 230              		.loc 1 69 0
 231              		.cfi_startproc
 232              		@ args = 0, pretend = 0, frame = 16
 233              		@ frame_needed = 0, uses_anonymous_args = 0
 234              	.LVL18:
 235 0000 10B5     		push	{r4, lr}
 236              	.LCFI4:
 237              		.cfi_def_cfa_offset 8
 238              		.cfi_offset 4, -8
 239              		.cfi_offset 14, -4
 240 0002 84B0     		sub	sp, sp, #16
 241              	.LCFI5:
 242              		.cfi_def_cfa_offset 24
 243              	.LBB49:
 244              	.LBB50:
 245              	.LBB51:
 246              		.loc 2 74 0
 247 0004 0023     		movs	r3, #0
 248              	.LBE51:
 249              	.LBE50:
  70:/home/jonas/warwick/3dProfilometer/xpcc/src/xpcc/communication/communicator.cpp **** 	Header header(Header::REQUEST, false,
  71:/home/jonas/warwick/3dProfilometer/xpcc/src/xpcc/communication/communicator.cpp **** 			0,
  72:/home/jonas/warwick/3dProfilometer/xpcc/src/xpcc/communication/communicator.cpp **** 			this->ownIdentifier,
  73:/home/jonas/warwick/3dProfilometer/xpcc/src/xpcc/communication/communicator.cpp **** 			eventIdentifier);
 250              		.loc 1 73 0
 251 0006 0278     		ldrb	r2, [r0, #0]	@ zero_extendqisi2
 252              	.LVL19:
 253              	.LBB55:
 254              	.LBB52:
 255              		.loc 2 74 0
 256 0008 8DF80830 		strb	r3, [sp, #8]
 257              	.LBE52:
 258              	.LBE55:
 259              	.LBE49:
  69:/home/jonas/warwick/3dProfilometer/xpcc/src/xpcc/communication/communicator.cpp **** {
 260              		.loc 1 69 0
 261 000c 0446     		mov	r4, r0
 262              	.LBB58:
 263              	.LBB56:
 264              	.LBB53:
 265              		.loc 2 74 0
 266 000e 8DF80930 		strb	r3, [sp, #9]
 267 0012 8DF80A30 		strb	r3, [sp, #10]
 268              	.LBE53:
 269              	.LBE56:
  74:/home/jonas/warwick/3dProfilometer/xpcc/src/xpcc/communication/communicator.cpp **** 	
  75:/home/jonas/warwick/3dProfilometer/xpcc/src/xpcc/communication/communicator.cpp **** 	SmartPointer payload;
 270              		.loc 1 75 0
 271 0016 01A8     		add	r0, sp, #4
 272              	.LVL20:
 273 0018 074B     		ldr	r3, .L9
 274              	.LBB57:
 275              	.LBB54:
 276              		.loc 2 74 0
 277 001a 8DF80C10 		strb	r1, [sp, #12]
 278 001e 8DF80B20 		strb	r2, [sp, #11]
 279              	.LBE54:
 280              	.LBE57:
 281              		.loc 1 75 0
 282 0022 9847     		blx	r3
 283              	.LVL21:
  76:/home/jonas/warwick/3dProfilometer/xpcc/src/xpcc/communication/communicator.cpp **** 	this->dispatcher->addMessage(header, payload);
 284              		.loc 1 76 0
 285 0024 6068     		ldr	r0, [r4, #4]
 286 0026 054B     		ldr	r3, .L9+4
 287 0028 02A9     		add	r1, sp, #8
 288              	.LVL22:
 289 002a 01AA     		add	r2, sp, #4
 290 002c 9847     		blx	r3
 291              	.LVL23:
 292 002e 01A8     		add	r0, sp, #4
 293 0030 034B     		ldr	r3, .L9+8
 294 0032 9847     		blx	r3
 295              	.LVL24:
 296              	.LBE58:
  77:/home/jonas/warwick/3dProfilometer/xpcc/src/xpcc/communication/communicator.cpp **** }
 297              		.loc 1 77 0
 298 0034 04B0     		add	sp, sp, #16
 299 0036 10BD     		pop	{r4, pc}
 300              	.L10:
 301              		.align	2
 302              	.L9:
 303 0038 00000000 		.word	_ZN4xpcc12SmartPointerC1Ev
 304 003c 00000000 		.word	_ZN4xpcc10Dispatcher10addMessageERKNS_6HeaderERNS_12SmartPointerE
 305 0040 00000000 		.word	_ZN4xpcc12SmartPointerD1Ev
 306              		.cfi_endproc
 307              	.LFE154:
 309              		.section	.text._ZN4xpcc12Communicator12sendResponseERKNS_14ResponseHandleE,"ax",%progbits
 310              		.align	2
 311              		.global	_ZN4xpcc12Communicator12sendResponseERKNS_14ResponseHandleE
 312              		.thumb
 313              		.thumb_func
 315              	_ZN4xpcc12Communicator12sendResponseERKNS_14ResponseHandleE:
 316              	.LFB155:
  78:/home/jonas/warwick/3dProfilometer/xpcc/src/xpcc/communication/communicator.cpp **** 
  79:/home/jonas/warwick/3dProfilometer/xpcc/src/xpcc/communication/communicator.cpp **** // ----------------------------------------------------------------------------
  80:/home/jonas/warwick/3dProfilometer/xpcc/src/xpcc/communication/communicator.cpp **** void
  81:/home/jonas/warwick/3dProfilometer/xpcc/src/xpcc/communication/communicator.cpp **** xpcc::Communicator::sendResponse(const ResponseHandle& handle)
  82:/home/jonas/warwick/3dProfilometer/xpcc/src/xpcc/communication/communicator.cpp **** {
 317              		.loc 1 82 0
 318              		.cfi_startproc
 319              		@ args = 0, pretend = 0, frame = 16
 320              		@ frame_needed = 0, uses_anonymous_args = 0
 321              	.LVL25:
 322 0000 10B5     		push	{r4, lr}
 323              	.LCFI6:
 324              		.cfi_def_cfa_offset 8
 325              		.cfi_offset 4, -8
 326              		.cfi_offset 14, -4
 327 0002 0446     		mov	r4, r0
 328 0004 84B0     		sub	sp, sp, #16
 329              	.LCFI7:
 330              		.cfi_def_cfa_offset 24
 331              	.LBB59:
  83:/home/jonas/warwick/3dProfilometer/xpcc/src/xpcc/communication/communicator.cpp **** 	Header header(Header::RESPONSE, false,
  84:/home/jonas/warwick/3dProfilometer/xpcc/src/xpcc/communication/communicator.cpp **** 			handle.destination,
  85:/home/jonas/warwick/3dProfilometer/xpcc/src/xpcc/communication/communicator.cpp **** 			this->ownIdentifier,
  86:/home/jonas/warwick/3dProfilometer/xpcc/src/xpcc/communication/communicator.cpp **** 			handle.packetIdentifier);
 332              		.loc 1 86 0
 333 0006 0878     		ldrb	r0, [r1, #0]	@ zero_extendqisi2
 334              	.LVL26:
 335 0008 4B78     		ldrb	r3, [r1, #1]	@ zero_extendqisi2
 336              	.LVL27:
 337 000a 2278     		ldrb	r2, [r4, #0]	@ zero_extendqisi2
 338              	.LVL28:
 339              	.LBB60:
 340              	.LBB61:
 341              		.loc 2 74 0
 342 000c 8DF80A00 		strb	r0, [sp, #10]
 343 0010 0121     		movs	r1, #1
 344              	.LVL29:
 345 0012 8DF80810 		strb	r1, [sp, #8]
 346 0016 8DF80C30 		strb	r3, [sp, #12]
 347 001a 0021     		movs	r1, #0
 348              	.LBE61:
 349              	.LBE60:
  87:/home/jonas/warwick/3dProfilometer/xpcc/src/xpcc/communication/communicator.cpp **** 	
  88:/home/jonas/warwick/3dProfilometer/xpcc/src/xpcc/communication/communicator.cpp **** 	SmartPointer payload;
 350              		.loc 1 88 0
 351 001c 01A8     		add	r0, sp, #4
 352 001e 084B     		ldr	r3, .L12
 353              	.LBB63:
 354              	.LBB62:
 355              		.loc 2 74 0
 356 0020 8DF80910 		strb	r1, [sp, #9]
 357 0024 8DF80B20 		strb	r2, [sp, #11]
 358              	.LBE62:
 359              	.LBE63:
 360              		.loc 1 88 0
 361 0028 9847     		blx	r3
 362              	.LVL30:
  89:/home/jonas/warwick/3dProfilometer/xpcc/src/xpcc/communication/communicator.cpp **** 	this->dispatcher->addResponse(header, payload);
 363              		.loc 1 89 0
 364 002a 6068     		ldr	r0, [r4, #4]
 365 002c 054B     		ldr	r3, .L12+4
 366 002e 02A9     		add	r1, sp, #8
 367              	.LVL31:
 368 0030 01AA     		add	r2, sp, #4
 369 0032 9847     		blx	r3
 370              	.LVL32:
 371 0034 01A8     		add	r0, sp, #4
 372 0036 044B     		ldr	r3, .L12+8
 373 0038 9847     		blx	r3
 374              	.LVL33:
 375              	.LBE59:
  90:/home/jonas/warwick/3dProfilometer/xpcc/src/xpcc/communication/communicator.cpp **** }
 376              		.loc 1 90 0
 377 003a 04B0     		add	sp, sp, #16
 378 003c 10BD     		pop	{r4, pc}
 379              	.L13:
 380 003e 00BF     		.align	2
 381              	.L12:
 382 0040 00000000 		.word	_ZN4xpcc12SmartPointerC1Ev
 383 0044 00000000 		.word	_ZN4xpcc10Dispatcher11addResponseERKNS_6HeaderERNS_12SmartPointerE
 384 0048 00000000 		.word	_ZN4xpcc12SmartPointerD1Ev
 385              		.cfi_endproc
 386              	.LFE155:
 388              		.section	.text._ZN4xpcc12Communicator20sendNegativeResponseERKNS_14ResponseHandleE,"ax",%progbits
 389              		.align	2
 390              		.global	_ZN4xpcc12Communicator20sendNegativeResponseERKNS_14ResponseHandleE
 391              		.thumb
 392              		.thumb_func
 394              	_ZN4xpcc12Communicator20sendNegativeResponseERKNS_14ResponseHandleE:
 395              	.LFB156:
  91:/home/jonas/warwick/3dProfilometer/xpcc/src/xpcc/communication/communicator.cpp **** 
  92:/home/jonas/warwick/3dProfilometer/xpcc/src/xpcc/communication/communicator.cpp **** void
  93:/home/jonas/warwick/3dProfilometer/xpcc/src/xpcc/communication/communicator.cpp **** xpcc::Communicator::sendNegativeResponse(const ResponseHandle& handle)
  94:/home/jonas/warwick/3dProfilometer/xpcc/src/xpcc/communication/communicator.cpp **** {
 396              		.loc 1 94 0
 397              		.cfi_startproc
 398              		@ args = 0, pretend = 0, frame = 16
 399              		@ frame_needed = 0, uses_anonymous_args = 0
 400              	.LVL34:
 401 0000 10B5     		push	{r4, lr}
 402              	.LCFI8:
 403              		.cfi_def_cfa_offset 8
 404              		.cfi_offset 4, -8
 405              		.cfi_offset 14, -4
 406 0002 0446     		mov	r4, r0
 407 0004 84B0     		sub	sp, sp, #16
 408              	.LCFI9:
 409              		.cfi_def_cfa_offset 24
 410              	.LBB64:
  95:/home/jonas/warwick/3dProfilometer/xpcc/src/xpcc/communication/communicator.cpp **** 	Header header(Header::NEGATIVE_RESPONSE, false,
  96:/home/jonas/warwick/3dProfilometer/xpcc/src/xpcc/communication/communicator.cpp **** 			handle.destination,
  97:/home/jonas/warwick/3dProfilometer/xpcc/src/xpcc/communication/communicator.cpp **** 			this->ownIdentifier,
  98:/home/jonas/warwick/3dProfilometer/xpcc/src/xpcc/communication/communicator.cpp **** 			handle.packetIdentifier);
 411              		.loc 1 98 0
 412 0006 0878     		ldrb	r0, [r1, #0]	@ zero_extendqisi2
 413              	.LVL35:
 414 0008 4B78     		ldrb	r3, [r1, #1]	@ zero_extendqisi2
 415              	.LVL36:
 416 000a 2278     		ldrb	r2, [r4, #0]	@ zero_extendqisi2
 417              	.LVL37:
 418              	.LBB65:
 419              	.LBB66:
 420              		.loc 2 74 0
 421 000c 8DF80A00 		strb	r0, [sp, #10]
 422 0010 0221     		movs	r1, #2
 423              	.LVL38:
 424 0012 8DF80810 		strb	r1, [sp, #8]
 425 0016 8DF80C30 		strb	r3, [sp, #12]
 426 001a 0021     		movs	r1, #0
 427              	.LBE66:
 428              	.LBE65:
  99:/home/jonas/warwick/3dProfilometer/xpcc/src/xpcc/communication/communicator.cpp **** 	
 100:/home/jonas/warwick/3dProfilometer/xpcc/src/xpcc/communication/communicator.cpp **** 	SmartPointer payload;
 429              		.loc 1 100 0
 430 001c 01A8     		add	r0, sp, #4
 431 001e 084B     		ldr	r3, .L15
 432              	.LBB68:
 433              	.LBB67:
 434              		.loc 2 74 0
 435 0020 8DF80910 		strb	r1, [sp, #9]
 436 0024 8DF80B20 		strb	r2, [sp, #11]
 437              	.LBE67:
 438              	.LBE68:
 439              		.loc 1 100 0
 440 0028 9847     		blx	r3
 441              	.LVL39:
 101:/home/jonas/warwick/3dProfilometer/xpcc/src/xpcc/communication/communicator.cpp **** 	this->dispatcher->addResponse(header, payload);
 442              		.loc 1 101 0
 443 002a 6068     		ldr	r0, [r4, #4]
 444 002c 054B     		ldr	r3, .L15+4
 445 002e 02A9     		add	r1, sp, #8
 446              	.LVL40:
 447 0030 01AA     		add	r2, sp, #4
 448 0032 9847     		blx	r3
 449              	.LVL41:
 450 0034 01A8     		add	r0, sp, #4
 451 0036 044B     		ldr	r3, .L15+8
 452 0038 9847     		blx	r3
 453              	.LVL42:
 454              	.LBE64:
 102:/home/jonas/warwick/3dProfilometer/xpcc/src/xpcc/communication/communicator.cpp **** }
 455              		.loc 1 102 0
 456 003a 04B0     		add	sp, sp, #16
 457 003c 10BD     		pop	{r4, pc}
 458              	.L16:
 459 003e 00BF     		.align	2
 460              	.L15:
 461 0040 00000000 		.word	_ZN4xpcc12SmartPointerC1Ev
 462 0044 00000000 		.word	_ZN4xpcc10Dispatcher11addResponseERKNS_6HeaderERNS_12SmartPointerE
 463 0048 00000000 		.word	_ZN4xpcc12SmartPointerD1Ev
 464              		.cfi_endproc
 465              	.LFE156:
 467              		.text
 468              	.Letext0:
 469              		.file 3 "/opt/arm-2012.09/bin/../lib/gcc/arm-none-eabi/4.7.2/../../../../arm-none-eabi/include/std
 470              		.file 4 "/home/jonas/warwick/3dProfilometer/xpcc/src/xpcc/communication/communicatable.hpp"
 471              		.file 5 "/home/jonas/warwick/3dProfilometer/xpcc/src/xpcc/container/smart_pointer.hpp"
 472              		.file 6 "/home/jonas/warwick/3dProfilometer/xpcc/src/xpcc/io/iodevice.hpp"
 473              		.file 7 "/home/jonas/warwick/3dProfilometer/xpcc/src/xpcc/communication/response_callback.hpp"
 474              		.file 8 "/home/jonas/warwick/3dProfilometer/xpcc/src/xpcc/communication/response_handle.hpp"
 475              		.file 9 "/home/jonas/warwick/3dProfilometer/xpcc/src/xpcc/workflow/timestamp.hpp"
 476              		.file 10 "/home/jonas/warwick/3dProfilometer/xpcc/src/xpcc/architecture/driver/clock.hpp"
 477              		.file 11 "/home/jonas/warwick/3dProfilometer/xpcc/src/xpcc/communication/dispatcher.hpp"
 478              		.file 12 "/home/jonas/warwick/3dProfilometer/xpcc/src/xpcc/workflow/timeout.hpp"
 479              		.file 13 "/home/jonas/warwick/3dProfilometer/xpcc/src/xpcc/workflow/timeout_impl.hpp"
 480              		.file 14 "/home/jonas/warwick/3dProfilometer/xpcc/src/xpcc/communication/backend/backend_interface
 481              		.file 15 "/home/jonas/warwick/3dProfilometer/xpcc/src/xpcc/communication/communicator.hpp"
 482              		.file 16 "/opt/arm-2012.09/bin/../lib/gcc/arm-none-eabi/4.7.2/include/stddef.h"
 483              		.file 17 "/opt/arm-2012.09/bin/../lib/gcc/arm-none-eabi/4.7.2/../../../../arm-none-eabi/include/c+
 484              		.file 18 "/opt/arm-2012.09/bin/../lib/gcc/arm-none-eabi/4.7.2/../../../../arm-none-eabi/include/st
 485              		.file 19 "/home/jonas/warwick/3dProfilometer/xpcc/src/xpcc/utils/template_metaprogramming.hpp"
 486              		.file 20 "<built-in>"
DEFINED SYMBOLS
                            *ABS*:00000000 communicator.cpp
     /tmp/ccRTdGB9.s:20     .text._ZN4xpcc12CommunicatorC2EhPNS_10DispatcherE:00000000 $t
     /tmp/ccRTdGB9.s:25     .text._ZN4xpcc12CommunicatorC2EhPNS_10DispatcherE:00000000 _ZN4xpcc12CommunicatorC2EhPNS_10DispatcherE
     /tmp/ccRTdGB9.s:25     .text._ZN4xpcc12CommunicatorC2EhPNS_10DispatcherE:00000000 _ZN4xpcc12CommunicatorC1EhPNS_10DispatcherE
     /tmp/ccRTdGB9.s:47     .text._ZN4xpcc12Communicator10callActionEhh:00000000 $t
     /tmp/ccRTdGB9.s:52     .text._ZN4xpcc12Communicator10callActionEhh:00000000 _ZN4xpcc12Communicator10callActionEhh
     /tmp/ccRTdGB9.s:124    .text._ZN4xpcc12Communicator10callActionEhh:00000038 $d
     /tmp/ccRTdGB9.s:131    .text._ZN4xpcc12Communicator10callActionEhhRNS_16ResponseCallbackE:00000000 $t
     /tmp/ccRTdGB9.s:136    .text._ZN4xpcc12Communicator10callActionEhhRNS_16ResponseCallbackE:00000000 _ZN4xpcc12Communicator10callActionEhhRNS_16ResponseCallbackE
     /tmp/ccRTdGB9.s:216    .text._ZN4xpcc12Communicator10callActionEhhRNS_16ResponseCallbackE:0000003c $d
     /tmp/ccRTdGB9.s:223    .text._ZN4xpcc12Communicator12publishEventEh:00000000 $t
     /tmp/ccRTdGB9.s:228    .text._ZN4xpcc12Communicator12publishEventEh:00000000 _ZN4xpcc12Communicator12publishEventEh
     /tmp/ccRTdGB9.s:303    .text._ZN4xpcc12Communicator12publishEventEh:00000038 $d
     /tmp/ccRTdGB9.s:310    .text._ZN4xpcc12Communicator12sendResponseERKNS_14ResponseHandleE:00000000 $t
     /tmp/ccRTdGB9.s:315    .text._ZN4xpcc12Communicator12sendResponseERKNS_14ResponseHandleE:00000000 _ZN4xpcc12Communicator12sendResponseERKNS_14ResponseHandleE
     /tmp/ccRTdGB9.s:382    .text._ZN4xpcc12Communicator12sendResponseERKNS_14ResponseHandleE:00000040 $d
     /tmp/ccRTdGB9.s:389    .text._ZN4xpcc12Communicator20sendNegativeResponseERKNS_14ResponseHandleE:00000000 $t
     /tmp/ccRTdGB9.s:394    .text._ZN4xpcc12Communicator20sendNegativeResponseERKNS_14ResponseHandleE:00000000 _ZN4xpcc12Communicator20sendNegativeResponseERKNS_14ResponseHandleE
     /tmp/ccRTdGB9.s:461    .text._ZN4xpcc12Communicator20sendNegativeResponseERKNS_14ResponseHandleE:00000040 $d
                     .debug_frame:00000010 $d

UNDEFINED SYMBOLS
_ZN4xpcc12SmartPointerC1Ev
_ZN4xpcc10Dispatcher10addMessageERKNS_6HeaderERNS_12SmartPointerE
_ZN4xpcc12SmartPointerD1Ev
_ZN4xpcc10Dispatcher10addMessageERKNS_6HeaderERNS_12SmartPointerERNS_16ResponseCallbackE
_ZN4xpcc10Dispatcher11addResponseERKNS_6HeaderERNS_12SmartPointerE
