   1              		.syntax unified
   2              		.cpu cortex-m4
   3              		.eabi_attribute 27, 3
   4              		.fpu fpv4-sp-d16
   5              		.eabi_attribute 20, 1
   6              		.eabi_attribute 21, 1
   7              		.eabi_attribute 23, 3
   8              		.eabi_attribute 24, 1
   9              		.eabi_attribute 25, 1
  10              		.eabi_attribute 26, 1
  11              		.eabi_attribute 30, 2
  12              		.eabi_attribute 34, 1
  13              		.eabi_attribute 18, 4
  14              		.thumb
  15              		.file	"interface.cpp"
  16              		.text
  17              	.Ltext0:
  18              		.cfi_sections	.debug_frame
  19              		.section	.text._ZN4xpcc3sab9crcUpdateEhh,"ax",%progbits
  20              		.align	2
  21              		.global	_ZN4xpcc3sab9crcUpdateEhh
  22              		.thumb
  23              		.thumb_func
  25              	_ZN4xpcc3sab9crcUpdateEhh:
  26              	.LFB13:
  27              		.file 1 "/home/jonas/warwick/3dProfilometer/xpcc/src/xpcc/driver/connectivity/sab/interface.cpp"
   1:/home/jonas/warwick/3dProfilometer/xpcc/src/xpcc/driver/connectivity/sab/interface.cpp **** // coding: utf-8
   2:/home/jonas/warwick/3dProfilometer/xpcc/src/xpcc/driver/connectivity/sab/interface.cpp **** // ----------------------------------------------------------------------------
   3:/home/jonas/warwick/3dProfilometer/xpcc/src/xpcc/driver/connectivity/sab/interface.cpp **** /* Copyright (c) 2009, Roboterclub Aachen e.V.
   4:/home/jonas/warwick/3dProfilometer/xpcc/src/xpcc/driver/connectivity/sab/interface.cpp ****  * All rights reserved.
   5:/home/jonas/warwick/3dProfilometer/xpcc/src/xpcc/driver/connectivity/sab/interface.cpp ****  * 
   6:/home/jonas/warwick/3dProfilometer/xpcc/src/xpcc/driver/connectivity/sab/interface.cpp ****  * Redistribution and use in source and binary forms, with or without
   7:/home/jonas/warwick/3dProfilometer/xpcc/src/xpcc/driver/connectivity/sab/interface.cpp ****  * modification, are permitted provided that the following conditions are met:
   8:/home/jonas/warwick/3dProfilometer/xpcc/src/xpcc/driver/connectivity/sab/interface.cpp ****  * 
   9:/home/jonas/warwick/3dProfilometer/xpcc/src/xpcc/driver/connectivity/sab/interface.cpp ****  *     * Redistributions of source code must retain the above copyright
  10:/home/jonas/warwick/3dProfilometer/xpcc/src/xpcc/driver/connectivity/sab/interface.cpp ****  *       notice, this list of conditions and the following disclaimer.
  11:/home/jonas/warwick/3dProfilometer/xpcc/src/xpcc/driver/connectivity/sab/interface.cpp ****  *     * Redistributions in binary form must reproduce the above copyright
  12:/home/jonas/warwick/3dProfilometer/xpcc/src/xpcc/driver/connectivity/sab/interface.cpp ****  *       notice, this list of conditions and the following disclaimer in the
  13:/home/jonas/warwick/3dProfilometer/xpcc/src/xpcc/driver/connectivity/sab/interface.cpp ****  *       documentation and/or other materials provided with the distribution.
  14:/home/jonas/warwick/3dProfilometer/xpcc/src/xpcc/driver/connectivity/sab/interface.cpp ****  *     * Neither the name of the Roboterclub Aachen e.V. nor the
  15:/home/jonas/warwick/3dProfilometer/xpcc/src/xpcc/driver/connectivity/sab/interface.cpp ****  *       names of its contributors may be used to endorse or promote products
  16:/home/jonas/warwick/3dProfilometer/xpcc/src/xpcc/driver/connectivity/sab/interface.cpp ****  *       derived from this software without specific prior written permission.
  17:/home/jonas/warwick/3dProfilometer/xpcc/src/xpcc/driver/connectivity/sab/interface.cpp ****  * 
  18:/home/jonas/warwick/3dProfilometer/xpcc/src/xpcc/driver/connectivity/sab/interface.cpp ****  * THIS SOFTWARE IS PROVIDED BY ROBOTERCLUB AACHEN E.V. ''AS IS'' AND ANY
  19:/home/jonas/warwick/3dProfilometer/xpcc/src/xpcc/driver/connectivity/sab/interface.cpp ****  * EXPRESS OR IMPLIED WARRANTIES, INCLUDING, BUT NOT LIMITED TO, THE IMPLIED
  20:/home/jonas/warwick/3dProfilometer/xpcc/src/xpcc/driver/connectivity/sab/interface.cpp ****  * WARRANTIES OF MERCHANTABILITY AND FITNESS FOR A PARTICULAR PURPOSE ARE
  21:/home/jonas/warwick/3dProfilometer/xpcc/src/xpcc/driver/connectivity/sab/interface.cpp ****  * DISCLAIMED. IN NO EVENT SHALL ROBOTERCLUB AACHEN E.V. BE LIABLE FOR ANY
  22:/home/jonas/warwick/3dProfilometer/xpcc/src/xpcc/driver/connectivity/sab/interface.cpp ****  * DIRECT, INDIRECT, INCIDENTAL, SPECIAL, EXEMPLARY, OR CONSEQUENTIAL DAMAGES
  23:/home/jonas/warwick/3dProfilometer/xpcc/src/xpcc/driver/connectivity/sab/interface.cpp ****  * (INCLUDING, BUT NOT LIMITED TO, PROCUREMENT OF SUBSTITUTE GOODS OR SERVICES;
  24:/home/jonas/warwick/3dProfilometer/xpcc/src/xpcc/driver/connectivity/sab/interface.cpp ****  * LOSS OF USE, DATA, OR PROFITS; OR BUSINESS INTERRUPTION) HOWEVER CAUSED AND
  25:/home/jonas/warwick/3dProfilometer/xpcc/src/xpcc/driver/connectivity/sab/interface.cpp ****  * ON ANY THEORY OF LIABILITY, WHETHER IN CONTRACT, STRICT LIABILITY, OR TORT
  26:/home/jonas/warwick/3dProfilometer/xpcc/src/xpcc/driver/connectivity/sab/interface.cpp ****  * (INCLUDING NEGLIGENCE OR OTHERWISE) ARISING IN ANY WAY OUT OF THE USE OF
  27:/home/jonas/warwick/3dProfilometer/xpcc/src/xpcc/driver/connectivity/sab/interface.cpp ****  * THIS SOFTWARE, EVEN IF ADVISED OF THE POSSIBILITY OF SUCH DAMAGE.
  28:/home/jonas/warwick/3dProfilometer/xpcc/src/xpcc/driver/connectivity/sab/interface.cpp ****  */
  29:/home/jonas/warwick/3dProfilometer/xpcc/src/xpcc/driver/connectivity/sab/interface.cpp **** // ----------------------------------------------------------------------------
  30:/home/jonas/warwick/3dProfilometer/xpcc/src/xpcc/driver/connectivity/sab/interface.cpp **** 
  31:/home/jonas/warwick/3dProfilometer/xpcc/src/xpcc/driver/connectivity/sab/interface.cpp **** #include "interface.hpp"
  32:/home/jonas/warwick/3dProfilometer/xpcc/src/xpcc/driver/connectivity/sab/interface.cpp **** 
  33:/home/jonas/warwick/3dProfilometer/xpcc/src/xpcc/driver/connectivity/sab/interface.cpp **** uint8_t
  34:/home/jonas/warwick/3dProfilometer/xpcc/src/xpcc/driver/connectivity/sab/interface.cpp **** xpcc::sab::crcUpdate(uint8_t crc, uint8_t data)
  35:/home/jonas/warwick/3dProfilometer/xpcc/src/xpcc/driver/connectivity/sab/interface.cpp **** {
  28              		.loc 1 35 0
  29              		.cfi_startproc
  30              		@ args = 0, pretend = 0, frame = 0
  31              		@ frame_needed = 0, uses_anonymous_args = 0
  32              		@ link register save eliminated.
  33              	.LVL0:
  34              	.LBB2:
  36:/home/jonas/warwick/3dProfilometer/xpcc/src/xpcc/driver/connectivity/sab/interface.cpp **** #ifdef __AVR__
  37:/home/jonas/warwick/3dProfilometer/xpcc/src/xpcc/driver/connectivity/sab/interface.cpp **** 	return _crc_ibutton_update(crc, data);
  38:/home/jonas/warwick/3dProfilometer/xpcc/src/xpcc/driver/connectivity/sab/interface.cpp **** #else
  39:/home/jonas/warwick/3dProfilometer/xpcc/src/xpcc/driver/connectivity/sab/interface.cpp **** 	crc = crc ^ data;
  35              		.loc 1 39 0
  36 0000 4840     		eors	r0, r0, r1
  37              	.LVL1:
  40:/home/jonas/warwick/3dProfilometer/xpcc/src/xpcc/driver/connectivity/sab/interface.cpp **** 	for (uint_fast8_t i = 0; i < 8; ++i)
  38              		.loc 1 40 0
  39 0002 0023     		movs	r3, #0
  40 0004 05E0     		b	.L4
  41              	.LVL2:
  42              	.L8:
  43              	.LBB3:
  44 0006 0133     		adds	r3, r3, #1
  41:/home/jonas/warwick/3dProfilometer/xpcc/src/xpcc/driver/connectivity/sab/interface.cpp **** 	{
  42:/home/jonas/warwick/3dProfilometer/xpcc/src/xpcc/driver/connectivity/sab/interface.cpp **** 		if (crc & 0x01) {
  43:/home/jonas/warwick/3dProfilometer/xpcc/src/xpcc/driver/connectivity/sab/interface.cpp **** 			crc = (crc >> 1) ^ 0x8C;
  45              		.loc 1 43 0
  46 0008 4010     		asrs	r0, r0, #1
  40:/home/jonas/warwick/3dProfilometer/xpcc/src/xpcc/driver/connectivity/sab/interface.cpp **** 	for (uint_fast8_t i = 0; i < 8; ++i)
  47              		.loc 1 40 0
  48 000a 082B     		cmp	r3, #8
  49              		.loc 1 43 0
  50 000c 80F08C00 		eor	r0, r0, #140
  51              	.LVL3:
  40:/home/jonas/warwick/3dProfilometer/xpcc/src/xpcc/driver/connectivity/sab/interface.cpp **** 	for (uint_fast8_t i = 0; i < 8; ++i)
  52              		.loc 1 40 0
  53 0010 05D0     		beq	.L7
  54              	.LVL4:
  55              	.L4:
  42:/home/jonas/warwick/3dProfilometer/xpcc/src/xpcc/driver/connectivity/sab/interface.cpp **** 		if (crc & 0x01) {
  56              		.loc 1 42 0
  57 0012 C207     		lsls	r2, r0, #31
  58 0014 F7D4     		bmi	.L8
  40:/home/jonas/warwick/3dProfilometer/xpcc/src/xpcc/driver/connectivity/sab/interface.cpp **** 	for (uint_fast8_t i = 0; i < 8; ++i)
  59              		.loc 1 40 0
  60 0016 0133     		adds	r3, r3, #1
  44:/home/jonas/warwick/3dProfilometer/xpcc/src/xpcc/driver/connectivity/sab/interface.cpp **** 		}
  45:/home/jonas/warwick/3dProfilometer/xpcc/src/xpcc/driver/connectivity/sab/interface.cpp **** 		else {
  46:/home/jonas/warwick/3dProfilometer/xpcc/src/xpcc/driver/connectivity/sab/interface.cpp **** 			crc >>= 1;
  61              		.loc 1 46 0
  62 0018 4008     		lsrs	r0, r0, #1
  63              	.LVL5:
  40:/home/jonas/warwick/3dProfilometer/xpcc/src/xpcc/driver/connectivity/sab/interface.cpp **** 	for (uint_fast8_t i = 0; i < 8; ++i)
  64              		.loc 1 40 0
  65 001a 082B     		cmp	r3, #8
  66 001c F9D1     		bne	.L4
  67              	.LVL6:
  68              	.L7:
  69              	.LBE3:
  70              	.LBE2:
  47:/home/jonas/warwick/3dProfilometer/xpcc/src/xpcc/driver/connectivity/sab/interface.cpp **** 		}
  48:/home/jonas/warwick/3dProfilometer/xpcc/src/xpcc/driver/connectivity/sab/interface.cpp **** 	}
  49:/home/jonas/warwick/3dProfilometer/xpcc/src/xpcc/driver/connectivity/sab/interface.cpp **** 	return crc;
  50:/home/jonas/warwick/3dProfilometer/xpcc/src/xpcc/driver/connectivity/sab/interface.cpp **** #endif
  51:/home/jonas/warwick/3dProfilometer/xpcc/src/xpcc/driver/connectivity/sab/interface.cpp **** }
  71              		.loc 1 51 0
  72 001e 7047     		bx	lr
  73              		.cfi_endproc
  74              	.LFE13:
  76              		.text
  77              	.Letext0:
  78              		.file 2 "/opt/arm-2012.09/bin/../lib/gcc/arm-none-eabi/4.7.2/../../../../arm-none-eabi/include/std
  79              		.file 3 "/home/jonas/warwick/3dProfilometer/xpcc/src/xpcc/driver/connectivity/sab/constants.hpp"
DEFINED SYMBOLS
                            *ABS*:00000000 interface.cpp
     /tmp/ccdTvyfB.s:20     .text._ZN4xpcc3sab9crcUpdateEhh:00000000 $t
     /tmp/ccdTvyfB.s:25     .text._ZN4xpcc3sab9crcUpdateEhh:00000000 _ZN4xpcc3sab9crcUpdateEhh
                     .debug_frame:00000010 $d

NO UNDEFINED SYMBOLS
