   1              		.syntax unified
   2              		.cpu cortex-m4
   3              		.eabi_attribute 27, 3
   4              		.fpu fpv4-sp-d16
   5              		.eabi_attribute 20, 1
   6              		.eabi_attribute 21, 1
   7              		.eabi_attribute 23, 3
   8              		.eabi_attribute 24, 1
   9              		.eabi_attribute 25, 1
  10              		.eabi_attribute 26, 1
  11              		.eabi_attribute 30, 2
  12              		.eabi_attribute 34, 1
  13              		.eabi_attribute 18, 4
  14              		.thumb
  15              		.file	"interface.cpp"
  16              		.text
  17              	.Ltext0:
  18              		.cfi_sections	.debug_frame
  19              		.section	.text._ZN4xpcc3rpr9crcUpdateEth,"ax",%progbits
  20              		.align	2
  21              		.global	_ZN4xpcc3rpr9crcUpdateEth
  22              		.thumb
  23              		.thumb_func
  25              	_ZN4xpcc3rpr9crcUpdateEth:
  26              	.LFB189:
  27              		.file 1 "/home/jonas/warwick/3dProfilometer/xpcc/src/xpcc/driver/connectivity/rpr/interface.cpp"
   1:/home/jonas/warwick/3dProfilometer/xpcc/src/xpcc/driver/connectivity/rpr/interface.cpp **** // coding: utf-8
   2:/home/jonas/warwick/3dProfilometer/xpcc/src/xpcc/driver/connectivity/rpr/interface.cpp **** // ----------------------------------------------------------------------------
   3:/home/jonas/warwick/3dProfilometer/xpcc/src/xpcc/driver/connectivity/rpr/interface.cpp **** /* Copyright (c) 2012, Roboterclub Aachen e.V.
   4:/home/jonas/warwick/3dProfilometer/xpcc/src/xpcc/driver/connectivity/rpr/interface.cpp ****  * All rights reserved.
   5:/home/jonas/warwick/3dProfilometer/xpcc/src/xpcc/driver/connectivity/rpr/interface.cpp ****  * 
   6:/home/jonas/warwick/3dProfilometer/xpcc/src/xpcc/driver/connectivity/rpr/interface.cpp ****  * Redistribution and use in source and binary forms, with or without
   7:/home/jonas/warwick/3dProfilometer/xpcc/src/xpcc/driver/connectivity/rpr/interface.cpp ****  * modification, are permitted provided that the following conditions are met:
   8:/home/jonas/warwick/3dProfilometer/xpcc/src/xpcc/driver/connectivity/rpr/interface.cpp ****  * 
   9:/home/jonas/warwick/3dProfilometer/xpcc/src/xpcc/driver/connectivity/rpr/interface.cpp ****  *     * Redistributions of source code must retain the above copyright
  10:/home/jonas/warwick/3dProfilometer/xpcc/src/xpcc/driver/connectivity/rpr/interface.cpp ****  *       notice, this list of conditions and the following disclaimer.
  11:/home/jonas/warwick/3dProfilometer/xpcc/src/xpcc/driver/connectivity/rpr/interface.cpp ****  *     * Redistributions in binary form must reproduce the above copyright
  12:/home/jonas/warwick/3dProfilometer/xpcc/src/xpcc/driver/connectivity/rpr/interface.cpp ****  *       notice, this list of conditions and the following disclaimer in the
  13:/home/jonas/warwick/3dProfilometer/xpcc/src/xpcc/driver/connectivity/rpr/interface.cpp ****  *       documentation and/or other materials provided with the distribution.
  14:/home/jonas/warwick/3dProfilometer/xpcc/src/xpcc/driver/connectivity/rpr/interface.cpp ****  *     * Neither the name of the Roboterclub Aachen e.V. nor the
  15:/home/jonas/warwick/3dProfilometer/xpcc/src/xpcc/driver/connectivity/rpr/interface.cpp ****  *       names of its contributors may be used to endorse or promote products
  16:/home/jonas/warwick/3dProfilometer/xpcc/src/xpcc/driver/connectivity/rpr/interface.cpp ****  *       derived from this software without specific prior written permission.
  17:/home/jonas/warwick/3dProfilometer/xpcc/src/xpcc/driver/connectivity/rpr/interface.cpp ****  * 
  18:/home/jonas/warwick/3dProfilometer/xpcc/src/xpcc/driver/connectivity/rpr/interface.cpp ****  * THIS SOFTWARE IS PROVIDED BY ROBOTERCLUB AACHEN E.V. ''AS IS'' AND ANY
  19:/home/jonas/warwick/3dProfilometer/xpcc/src/xpcc/driver/connectivity/rpr/interface.cpp ****  * EXPRESS OR IMPLIED WARRANTIES, INCLUDING, BUT NOT LIMITED TO, THE IMPLIED
  20:/home/jonas/warwick/3dProfilometer/xpcc/src/xpcc/driver/connectivity/rpr/interface.cpp ****  * WARRANTIES OF MERCHANTABILITY AND FITNESS FOR A PARTICULAR PURPOSE ARE
  21:/home/jonas/warwick/3dProfilometer/xpcc/src/xpcc/driver/connectivity/rpr/interface.cpp ****  * DISCLAIMED. IN NO EVENT SHALL ROBOTERCLUB AACHEN E.V. BE LIABLE FOR ANY
  22:/home/jonas/warwick/3dProfilometer/xpcc/src/xpcc/driver/connectivity/rpr/interface.cpp ****  * DIRECT, INDIRECT, INCIDENTAL, SPECIAL, EXEMPLARY, OR CONSEQUENTIAL DAMAGES
  23:/home/jonas/warwick/3dProfilometer/xpcc/src/xpcc/driver/connectivity/rpr/interface.cpp ****  * (INCLUDING, BUT NOT LIMITED TO, PROCUREMENT OF SUBSTITUTE GOODS OR SERVICES;
  24:/home/jonas/warwick/3dProfilometer/xpcc/src/xpcc/driver/connectivity/rpr/interface.cpp ****  * LOSS OF USE, DATA, OR PROFITS; OR BUSINESS INTERRUPTION) HOWEVER CAUSED AND
  25:/home/jonas/warwick/3dProfilometer/xpcc/src/xpcc/driver/connectivity/rpr/interface.cpp ****  * ON ANY THEORY OF LIABILITY, WHETHER IN CONTRACT, STRICT LIABILITY, OR TORT
  26:/home/jonas/warwick/3dProfilometer/xpcc/src/xpcc/driver/connectivity/rpr/interface.cpp ****  * (INCLUDING NEGLIGENCE OR OTHERWISE) ARISING IN ANY WAY OUT OF THE USE OF
  27:/home/jonas/warwick/3dProfilometer/xpcc/src/xpcc/driver/connectivity/rpr/interface.cpp ****  * THIS SOFTWARE, EVEN IF ADVISED OF THE POSSIBILITY OF SUCH DAMAGE.
  28:/home/jonas/warwick/3dProfilometer/xpcc/src/xpcc/driver/connectivity/rpr/interface.cpp ****  */
  29:/home/jonas/warwick/3dProfilometer/xpcc/src/xpcc/driver/connectivity/rpr/interface.cpp **** // ----------------------------------------------------------------------------
  30:/home/jonas/warwick/3dProfilometer/xpcc/src/xpcc/driver/connectivity/rpr/interface.cpp **** 
  31:/home/jonas/warwick/3dProfilometer/xpcc/src/xpcc/driver/connectivity/rpr/interface.cpp **** #ifdef __AVR__
  32:/home/jonas/warwick/3dProfilometer/xpcc/src/xpcc/driver/connectivity/rpr/interface.cpp **** #	include <util/crc16.h>
  33:/home/jonas/warwick/3dProfilometer/xpcc/src/xpcc/driver/connectivity/rpr/interface.cpp **** #endif
  34:/home/jonas/warwick/3dProfilometer/xpcc/src/xpcc/driver/connectivity/rpr/interface.cpp **** 
  35:/home/jonas/warwick/3dProfilometer/xpcc/src/xpcc/driver/connectivity/rpr/interface.cpp **** #include "interface.hpp"
  36:/home/jonas/warwick/3dProfilometer/xpcc/src/xpcc/driver/connectivity/rpr/interface.cpp **** 
  37:/home/jonas/warwick/3dProfilometer/xpcc/src/xpcc/driver/connectivity/rpr/interface.cpp **** uint16_t
  38:/home/jonas/warwick/3dProfilometer/xpcc/src/xpcc/driver/connectivity/rpr/interface.cpp **** xpcc::rpr::crcUpdate(uint16_t crc, uint8_t data)
  39:/home/jonas/warwick/3dProfilometer/xpcc/src/xpcc/driver/connectivity/rpr/interface.cpp **** {
  28              		.loc 1 39 0
  29              		.cfi_startproc
  30              		@ args = 0, pretend = 0, frame = 0
  31              		@ frame_needed = 0, uses_anonymous_args = 0
  32              		@ link register save eliminated.
  33              	.LVL0:
  34              	.LBB5:
  40:/home/jonas/warwick/3dProfilometer/xpcc/src/xpcc/driver/connectivity/rpr/interface.cpp **** #ifdef __AVR__
  41:/home/jonas/warwick/3dProfilometer/xpcc/src/xpcc/driver/connectivity/rpr/interface.cpp **** 	return _crc16_update(crc, data);
  42:/home/jonas/warwick/3dProfilometer/xpcc/src/xpcc/driver/connectivity/rpr/interface.cpp **** #else
  43:/home/jonas/warwick/3dProfilometer/xpcc/src/xpcc/driver/connectivity/rpr/interface.cpp **** 	crc ^= data;
  35              		.loc 1 43 0
  36 0000 4840     		eors	r0, r0, r1
  37              	.LVL1:
  44:/home/jonas/warwick/3dProfilometer/xpcc/src/xpcc/driver/connectivity/rpr/interface.cpp **** 	for (uint_fast8_t i = 0; i < 8; ++i)
  38              		.loc 1 44 0
  39 0002 0023     		movs	r3, #0
  40 0004 07E0     		b	.L4
  41              	.LVL2:
  42              	.L8:
  43              	.LBB6:
  45:/home/jonas/warwick/3dProfilometer/xpcc/src/xpcc/driver/connectivity/rpr/interface.cpp **** 	{
  46:/home/jonas/warwick/3dProfilometer/xpcc/src/xpcc/driver/connectivity/rpr/interface.cpp **** 		if (crc & 1) {
  47:/home/jonas/warwick/3dProfilometer/xpcc/src/xpcc/driver/connectivity/rpr/interface.cpp **** 			crc = (crc >> 1) ^ 0xA001;
  44              		.loc 1 47 0
  45 0006 4010     		asrs	r0, r0, #1
  44:/home/jonas/warwick/3dProfilometer/xpcc/src/xpcc/driver/connectivity/rpr/interface.cpp **** 	for (uint_fast8_t i = 0; i < 8; ++i)
  46              		.loc 1 44 0
  47 0008 0133     		adds	r3, r3, #1
  48              		.loc 1 47 0
  49 000a 80F42040 		eor	r0, r0, #40960
  44:/home/jonas/warwick/3dProfilometer/xpcc/src/xpcc/driver/connectivity/rpr/interface.cpp **** 	for (uint_fast8_t i = 0; i < 8; ++i)
  50              		.loc 1 44 0
  51 000e 082B     		cmp	r3, #8
  52              		.loc 1 47 0
  53 0010 80F00100 		eor	r0, r0, #1
  54              	.LVL3:
  44:/home/jonas/warwick/3dProfilometer/xpcc/src/xpcc/driver/connectivity/rpr/interface.cpp **** 	for (uint_fast8_t i = 0; i < 8; ++i)
  55              		.loc 1 44 0
  56 0014 05D0     		beq	.L7
  57              	.LVL4:
  58              	.L4:
  46:/home/jonas/warwick/3dProfilometer/xpcc/src/xpcc/driver/connectivity/rpr/interface.cpp **** 		if (crc & 1) {
  59              		.loc 1 46 0
  60 0016 C207     		lsls	r2, r0, #31
  61 0018 F5D4     		bmi	.L8
  44:/home/jonas/warwick/3dProfilometer/xpcc/src/xpcc/driver/connectivity/rpr/interface.cpp **** 	for (uint_fast8_t i = 0; i < 8; ++i)
  62              		.loc 1 44 0
  63 001a 0133     		adds	r3, r3, #1
  48:/home/jonas/warwick/3dProfilometer/xpcc/src/xpcc/driver/connectivity/rpr/interface.cpp **** 		}
  49:/home/jonas/warwick/3dProfilometer/xpcc/src/xpcc/driver/connectivity/rpr/interface.cpp **** 		else {
  50:/home/jonas/warwick/3dProfilometer/xpcc/src/xpcc/driver/connectivity/rpr/interface.cpp **** 			crc = (crc >> 1);
  64              		.loc 1 50 0
  65 001c 4008     		lsrs	r0, r0, #1
  66              	.LVL5:
  44:/home/jonas/warwick/3dProfilometer/xpcc/src/xpcc/driver/connectivity/rpr/interface.cpp **** 	for (uint_fast8_t i = 0; i < 8; ++i)
  67              		.loc 1 44 0
  68 001e 082B     		cmp	r3, #8
  69 0020 F9D1     		bne	.L4
  70              	.LVL6:
  71              	.L7:
  72              	.LBE6:
  73              	.LBE5:
  51:/home/jonas/warwick/3dProfilometer/xpcc/src/xpcc/driver/connectivity/rpr/interface.cpp **** 		}
  52:/home/jonas/warwick/3dProfilometer/xpcc/src/xpcc/driver/connectivity/rpr/interface.cpp **** 	}
  53:/home/jonas/warwick/3dProfilometer/xpcc/src/xpcc/driver/connectivity/rpr/interface.cpp **** 
  54:/home/jonas/warwick/3dProfilometer/xpcc/src/xpcc/driver/connectivity/rpr/interface.cpp **** 	return crc;
  55:/home/jonas/warwick/3dProfilometer/xpcc/src/xpcc/driver/connectivity/rpr/interface.cpp **** #endif
  56:/home/jonas/warwick/3dProfilometer/xpcc/src/xpcc/driver/connectivity/rpr/interface.cpp **** }
  74              		.loc 1 56 0
  75 0022 7047     		bx	lr
  76              		.cfi_endproc
  77              	.LFE189:
  79              		.text
  80              	.Letext0:
  81              		.file 2 "/opt/arm-2012.09/bin/../lib/gcc/arm-none-eabi/4.7.2/include/stddef.h"
  82              		.file 3 "/opt/arm-2012.09/bin/../lib/gcc/arm-none-eabi/4.7.2/../../../../arm-none-eabi/include/std
  83              		.file 4 "/home/jonas/warwick/3dProfilometer/xpcc/src/xpcc/driver/connectivity/rpr/constants.hpp"
  84              		.file 5 "<built-in>"
  85              		.file 6 "/home/jonas/warwick/3dProfilometer/xpcc/src/xpcc/utils/template_metaprogramming.hpp"
  86              		.file 7 "/opt/arm-2012.09/bin/../lib/gcc/arm-none-eabi/4.7.2/../../../../arm-none-eabi/include/c++
  87              		.file 8 "/home/jonas/warwick/3dProfilometer/xpcc/src/xpcc/io/iodevice.hpp"
  88              		.file 9 "/opt/arm-2012.09/bin/../lib/gcc/arm-none-eabi/4.7.2/../../../../arm-none-eabi/include/c++
  89              		.file 10 "/opt/arm-2012.09/bin/../lib/gcc/arm-none-eabi/4.7.2/../../../../arm-none-eabi/include/c+
  90              		.file 11 "/opt/arm-2012.09/bin/../lib/gcc/arm-none-eabi/4.7.2/../../../../arm-none-eabi/include/st
  91              		.file 12 "/home/jonas/warwick/3dProfilometer/xpcc/src/xpcc/utils/allocator/allocator_base.hpp"
DEFINED SYMBOLS
                            *ABS*:00000000 interface.cpp
     /tmp/ccfgdPs3.s:20     .text._ZN4xpcc3rpr9crcUpdateEth:00000000 $t
     /tmp/ccfgdPs3.s:25     .text._ZN4xpcc3rpr9crcUpdateEth:00000000 _ZN4xpcc3rpr9crcUpdateEth
                     .debug_frame:00000010 $d

NO UNDEFINED SYMBOLS
