   1              		.syntax unified
   2              		.cpu cortex-m4
   3              		.eabi_attribute 27, 3
   4              		.fpu fpv4-sp-d16
   5              		.eabi_attribute 20, 1
   6              		.eabi_attribute 21, 1
   7              		.eabi_attribute 23, 3
   8              		.eabi_attribute 24, 1
   9              		.eabi_attribute 25, 1
  10              		.eabi_attribute 26, 1
  11              		.eabi_attribute 30, 2
  12              		.eabi_attribute 34, 1
  13              		.eabi_attribute 18, 4
  14              		.thumb
  15              		.file	"home_16x16.cpp"
  16              		.text
  17              	.Ltext0:
  18              		.cfi_sections	.debug_frame
  19              		.global	_ZN6bitmap10home_16x16E
  20              		.section	.rodata._ZN6bitmap10home_16x16E,"a",%progbits
  21              		.align	2
  24              	_ZN6bitmap10home_16x16E:
  25 0000 10       		.byte	16
  26 0001 10       		.byte	16
  27 0002 00       		.byte	0
  28 0003 F8       		.byte	-8
  29 0004 04       		.byte	4
  30 0005 82       		.byte	-126
  31 0006 C2       		.byte	-62
  32 0007 62       		.byte	98
  33 0008 72       		.byte	114
  34 0009 7A       		.byte	122
  35 000a 7A       		.byte	122
  36 000b 72       		.byte	114
  37 000c 62       		.byte	98
  38 000d C2       		.byte	-62
  39 000e 82       		.byte	-126
  40 000f 04       		.byte	4
  41 0010 F8       		.byte	-8
  42 0011 00       		.byte	0
  43 0012 00       		.byte	0
  44 0013 1F       		.byte	31
  45 0014 20       		.byte	32
  46 0015 40       		.byte	64
  47 0016 5F       		.byte	95
  48 0017 50       		.byte	80
  49 0018 50       		.byte	80
  50 0019 5E       		.byte	94
  51 001a 5E       		.byte	94
  52 001b 5E       		.byte	94
  53 001c 50       		.byte	80
  54 001d 5F       		.byte	95
  55 001e 40       		.byte	64
  56 001f 20       		.byte	32
  57 0020 1F       		.byte	31
  58 0021 00       		.byte	0
  59 0022 0000     		.text
  60              	.Letext0:
  61              		.file 1 "/opt/arm-2012.09/bin/../lib/gcc/arm-none-eabi/4.7.2/../../../../arm-none-eabi/include/c++
  62              		.file 2 "/opt/arm-2012.09/bin/../lib/gcc/arm-none-eabi/4.7.2/../../../../arm-none-eabi/include/str
  63              		.file 3 "/home/jonas/warwick/3dProfilometer/xpcc/src/xpcc/architecture/driver/accessor/ram.hpp"
  64              		.file 4 "/home/jonas/warwick/3dProfilometer/xpcc/src/xpcc/driver/ui/display/image/home_16x16.cpp"
  65              		.file 5 "/opt/arm-2012.09/bin/../lib/gcc/arm-none-eabi/4.7.2/include/stddef.h"
  66              		.file 6 "/home/jonas/warwick/3dProfilometer/xpcc/src/xpcc/io/iodevice.hpp"
  67              		.file 7 "<built-in>"
DEFINED SYMBOLS
                            *ABS*:00000000 home_16x16.cpp
     /tmp/ccuYD0nd.s:24     .rodata._ZN6bitmap10home_16x16E:00000000 _ZN6bitmap10home_16x16E
     /tmp/ccuYD0nd.s:21     .rodata._ZN6bitmap10home_16x16E:00000000 $d

NO UNDEFINED SYMBOLS
