   1              		.syntax unified
   2              		.cpu cortex-m4
   3              		.eabi_attribute 27, 3
   4              		.fpu fpv4-sp-d16
   5              		.eabi_attribute 20, 1
   6              		.eabi_attribute 21, 1
   7              		.eabi_attribute 23, 3
   8              		.eabi_attribute 24, 1
   9              		.eabi_attribute 25, 1
  10              		.eabi_attribute 26, 1
  11              		.eabi_attribute 30, 2
  12              		.eabi_attribute 34, 1
  13              		.eabi_attribute 18, 4
  14              		.thumb
  15              		.file	"arcade_classic.cpp"
  16              		.text
  17              	.Ltext0:
  18              		.cfi_sections	.debug_frame
  19              		.global	_ZN4xpcc4font13ArcadeClassicE
  20              		.section	.rodata._ZN4xpcc4font13ArcadeClassicE,"a",%progbits
  21              		.align	2
  24              	_ZN4xpcc4font13ArcadeClassicE:
  25 0000 08       		.byte	8
  26 0001 03       		.byte	3
  27 0002 07       		.byte	7
  28 0003 08       		.byte	8
  29 0004 00       		.byte	0
  30 0005 01       		.byte	1
  31 0006 20       		.byte	32
  32 0007 60       		.byte	96
  33 0008 07       		.byte	7
  34 0009 07       		.byte	7
  35 000a 07       		.byte	7
  36 000b 07       		.byte	7
  37 000c 07       		.byte	7
  38 000d 07       		.byte	7
  39 000e 07       		.byte	7
  40 000f 07       		.byte	7
  41 0010 07       		.byte	7
  42 0011 07       		.byte	7
  43 0012 07       		.byte	7
  44 0013 07       		.byte	7
  45 0014 07       		.byte	7
  46 0015 07       		.byte	7
  47 0016 07       		.byte	7
  48 0017 07       		.byte	7
  49 0018 07       		.byte	7
  50 0019 07       		.byte	7
  51 001a 07       		.byte	7
  52 001b 07       		.byte	7
  53 001c 07       		.byte	7
  54 001d 07       		.byte	7
  55 001e 07       		.byte	7
  56 001f 07       		.byte	7
  57 0020 07       		.byte	7
  58 0021 07       		.byte	7
  59 0022 07       		.byte	7
  60 0023 07       		.byte	7
  61 0024 07       		.byte	7
  62 0025 07       		.byte	7
  63 0026 07       		.byte	7
  64 0027 07       		.byte	7
  65 0028 07       		.byte	7
  66 0029 07       		.byte	7
  67 002a 07       		.byte	7
  68 002b 07       		.byte	7
  69 002c 07       		.byte	7
  70 002d 07       		.byte	7
  71 002e 07       		.byte	7
  72 002f 07       		.byte	7
  73 0030 07       		.byte	7
  74 0031 07       		.byte	7
  75 0032 07       		.byte	7
  76 0033 07       		.byte	7
  77 0034 07       		.byte	7
  78 0035 07       		.byte	7
  79 0036 07       		.byte	7
  80 0037 07       		.byte	7
  81 0038 07       		.byte	7
  82 0039 07       		.byte	7
  83 003a 07       		.byte	7
  84 003b 07       		.byte	7
  85 003c 07       		.byte	7
  86 003d 07       		.byte	7
  87 003e 07       		.byte	7
  88 003f 07       		.byte	7
  89 0040 07       		.byte	7
  90 0041 07       		.byte	7
  91 0042 07       		.byte	7
  92 0043 07       		.byte	7
  93 0044 07       		.byte	7
  94 0045 07       		.byte	7
  95 0046 07       		.byte	7
  96 0047 07       		.byte	7
  97 0048 07       		.byte	7
  98 0049 07       		.byte	7
  99 004a 07       		.byte	7
 100 004b 07       		.byte	7
 101 004c 07       		.byte	7
 102 004d 07       		.byte	7
 103 004e 07       		.byte	7
 104 004f 07       		.byte	7
 105 0050 07       		.byte	7
 106 0051 07       		.byte	7
 107 0052 07       		.byte	7
 108 0053 07       		.byte	7
 109 0054 07       		.byte	7
 110 0055 07       		.byte	7
 111 0056 07       		.byte	7
 112 0057 07       		.byte	7
 113 0058 07       		.byte	7
 114 0059 07       		.byte	7
 115 005a 07       		.byte	7
 116 005b 07       		.byte	7
 117 005c 07       		.byte	7
 118 005d 07       		.byte	7
 119 005e 07       		.byte	7
 120 005f 07       		.byte	7
 121 0060 07       		.byte	7
 122 0061 07       		.byte	7
 123 0062 07       		.byte	7
 124 0063 07       		.byte	7
 125 0064 07       		.byte	7
 126 0065 07       		.byte	7
 127 0066 07       		.byte	7
 128 0067 07       		.byte	7
 129 0068 00       		.byte	0
 130 0069 00       		.byte	0
 131 006a 00       		.byte	0
 132 006b 00       		.byte	0
 133 006c 00       		.byte	0
 134 006d 00       		.byte	0
 135 006e 00       		.byte	0
 136 006f 00       		.byte	0
 137 0070 40       		.byte	64
 138 0071 18       		.byte	24
 139 0072 0F       		.byte	15
 140 0073 07       		.byte	7
 141 0074 03       		.byte	3
 142 0075 00       		.byte	0
 143 0076 00       		.byte	0
 144 0077 0B       		.byte	11
 145 0078 07       		.byte	7
 146 0079 00       		.byte	0
 147 007a 0B       		.byte	11
 148 007b 07       		.byte	7
 149 007c 00       		.byte	0
 150 007d 14       		.byte	20
 151 007e 7F       		.byte	127
 152 007f 7F       		.byte	127
 153 0080 14       		.byte	20
 154 0081 7F       		.byte	127
 155 0082 7F       		.byte	127
 156 0083 14       		.byte	20
 157 0084 04       		.byte	4
 158 0085 2E       		.byte	46
 159 0086 2A       		.byte	42
 160 0087 6B       		.byte	107
 161 0088 2A       		.byte	42
 162 0089 3A       		.byte	58
 163 008a 10       		.byte	16
 164 008b 46       		.byte	70
 165 008c 66       		.byte	102
 166 008d 30       		.byte	48
 167 008e 18       		.byte	24
 168 008f 0C       		.byte	12
 169 0090 66       		.byte	102
 170 0091 62       		.byte	98
 171 0092 36       		.byte	54
 172 0093 7F       		.byte	127
 173 0094 49       		.byte	73
 174 0095 5D       		.byte	93
 175 0096 37       		.byte	55
 176 0097 72       		.byte	114
 177 0098 50       		.byte	80
 178 0099 00       		.byte	0
 179 009a 00       		.byte	0
 180 009b 00       		.byte	0
 181 009c 0B       		.byte	11
 182 009d 07       		.byte	7
 183 009e 00       		.byte	0
 184 009f 00       		.byte	0
 185 00a0 00       		.byte	0
 186 00a1 00       		.byte	0
 187 00a2 1C       		.byte	28
 188 00a3 3E       		.byte	62
 189 00a4 63       		.byte	99
 190 00a5 41       		.byte	65
 191 00a6 00       		.byte	0
 192 00a7 00       		.byte	0
 193 00a8 41       		.byte	65
 194 00a9 63       		.byte	99
 195 00aa 3E       		.byte	62
 196 00ab 1C       		.byte	28
 197 00ac 00       		.byte	0
 198 00ad 00       		.byte	0
 199 00ae 00       		.byte	0
 200 00af 14       		.byte	20
 201 00b0 08       		.byte	8
 202 00b1 3E       		.byte	62
 203 00b2 08       		.byte	8
 204 00b3 14       		.byte	20
 205 00b4 00       		.byte	0
 206 00b5 00       		.byte	0
 207 00b6 08       		.byte	8
 208 00b7 08       		.byte	8
 209 00b8 3E       		.byte	62
 210 00b9 08       		.byte	8
 211 00ba 08       		.byte	8
 212 00bb 00       		.byte	0
 213 00bc 00       		.byte	0
 214 00bd 00       		.byte	0
 215 00be B0       		.byte	-80
 216 00bf 70       		.byte	112
 217 00c0 00       		.byte	0
 218 00c1 00       		.byte	0
 219 00c2 00       		.byte	0
 220 00c3 00       		.byte	0
 221 00c4 08       		.byte	8
 222 00c5 08       		.byte	8
 223 00c6 08       		.byte	8
 224 00c7 08       		.byte	8
 225 00c8 08       		.byte	8
 226 00c9 00       		.byte	0
 227 00ca 00       		.byte	0
 228 00cb 00       		.byte	0
 229 00cc 60       		.byte	96
 230 00cd 60       		.byte	96
 231 00ce 00       		.byte	0
 232 00cf 00       		.byte	0
 233 00d0 00       		.byte	0
 234 00d1 40       		.byte	64
 235 00d2 60       		.byte	96
 236 00d3 30       		.byte	48
 237 00d4 18       		.byte	24
 238 00d5 0C       		.byte	12
 239 00d6 06       		.byte	6
 240 00d7 02       		.byte	2
 241 00d8 1C       		.byte	28
 242 00d9 3E       		.byte	62
 243 00da 61       		.byte	97
 244 00db 41       		.byte	65
 245 00dc 43       		.byte	67
 246 00dd 3E       		.byte	62
 247 00de 1C       		.byte	28
 248 00df 40       		.byte	64
 249 00e0 42       		.byte	66
 250 00e1 7F       		.byte	127
 251 00e2 7F       		.byte	127
 252 00e3 40       		.byte	64
 253 00e4 40       		.byte	64
 254 00e5 00       		.byte	0
 255 00e6 62       		.byte	98
 256 00e7 73       		.byte	115
 257 00e8 59       		.byte	89
 258 00e9 49       		.byte	73
 259 00ea 4D       		.byte	77
 260 00eb 4F       		.byte	79
 261 00ec 46       		.byte	70
 262 00ed 20       		.byte	32
 263 00ee 61       		.byte	97
 264 00ef 49       		.byte	73
 265 00f0 4D       		.byte	77
 266 00f1 4F       		.byte	79
 267 00f2 7B       		.byte	123
 268 00f3 31       		.byte	49
 269 00f4 18       		.byte	24
 270 00f5 1C       		.byte	28
 271 00f6 16       		.byte	22
 272 00f7 13       		.byte	19
 273 00f8 7F       		.byte	127
 274 00f9 7F       		.byte	127
 275 00fa 10       		.byte	16
 276 00fb 27       		.byte	39
 277 00fc 67       		.byte	103
 278 00fd 45       		.byte	69
 279 00fe 45       		.byte	69
 280 00ff 45       		.byte	69
 281 0100 7D       		.byte	125
 282 0101 38       		.byte	56
 283 0102 3C       		.byte	60
 284 0103 7E       		.byte	126
 285 0104 4B       		.byte	75
 286 0105 49       		.byte	73
 287 0106 49       		.byte	73
 288 0107 79       		.byte	121
 289 0108 30       		.byte	48
 290 0109 03       		.byte	3
 291 010a 03       		.byte	3
 292 010b 71       		.byte	113
 293 010c 79       		.byte	121
 294 010d 0D       		.byte	13
 295 010e 07       		.byte	7
 296 010f 03       		.byte	3
 297 0110 36       		.byte	54
 298 0111 4F       		.byte	79
 299 0112 4D       		.byte	77
 300 0113 59       		.byte	89
 301 0114 59       		.byte	89
 302 0115 76       		.byte	118
 303 0116 30       		.byte	48
 304 0117 06       		.byte	6
 305 0118 4F       		.byte	79
 306 0119 49       		.byte	73
 307 011a 49       		.byte	73
 308 011b 69       		.byte	105
 309 011c 3F       		.byte	63
 310 011d 1E       		.byte	30
 311 011e 00       		.byte	0
 312 011f 00       		.byte	0
 313 0120 6C       		.byte	108
 314 0121 6C       		.byte	108
 315 0122 00       		.byte	0
 316 0123 00       		.byte	0
 317 0124 00       		.byte	0
 318 0125 00       		.byte	0
 319 0126 00       		.byte	0
 320 0127 AC       		.byte	-84
 321 0128 6C       		.byte	108
 322 0129 00       		.byte	0
 323 012a 00       		.byte	0
 324 012b 00       		.byte	0
 325 012c 00       		.byte	0
 326 012d 08       		.byte	8
 327 012e 1C       		.byte	28
 328 012f 36       		.byte	54
 329 0130 63       		.byte	99
 330 0131 41       		.byte	65
 331 0132 00       		.byte	0
 332 0133 00       		.byte	0
 333 0134 14       		.byte	20
 334 0135 14       		.byte	20
 335 0136 14       		.byte	20
 336 0137 14       		.byte	20
 337 0138 14       		.byte	20
 338 0139 00       		.byte	0
 339 013a 00       		.byte	0
 340 013b 41       		.byte	65
 341 013c 63       		.byte	99
 342 013d 36       		.byte	54
 343 013e 1C       		.byte	28
 344 013f 08       		.byte	8
 345 0140 00       		.byte	0
 346 0141 02       		.byte	2
 347 0142 03       		.byte	3
 348 0143 51       		.byte	81
 349 0144 59       		.byte	89
 350 0145 09       		.byte	9
 351 0146 0F       		.byte	15
 352 0147 06       		.byte	6
 353 0148 3C       		.byte	60
 354 0149 42       		.byte	66
 355 014a 99       		.byte	-103
 356 014b A5       		.byte	-91
 357 014c 99       		.byte	-103
 358 014d 52       		.byte	82
 359 014e 1C       		.byte	28
 360 014f 7C       		.byte	124
 361 0150 7E       		.byte	126
 362 0151 13       		.byte	19
 363 0152 11       		.byte	17
 364 0153 13       		.byte	19
 365 0154 7E       		.byte	126
 366 0155 7C       		.byte	124
 367 0156 7F       		.byte	127
 368 0157 7F       		.byte	127
 369 0158 49       		.byte	73
 370 0159 49       		.byte	73
 371 015a 49       		.byte	73
 372 015b 7F       		.byte	127
 373 015c 36       		.byte	54
 374 015d 1C       		.byte	28
 375 015e 3E       		.byte	62
 376 015f 63       		.byte	99
 377 0160 41       		.byte	65
 378 0161 41       		.byte	65
 379 0162 63       		.byte	99
 380 0163 22       		.byte	34
 381 0164 7F       		.byte	127
 382 0165 7F       		.byte	127
 383 0166 41       		.byte	65
 384 0167 41       		.byte	65
 385 0168 63       		.byte	99
 386 0169 3E       		.byte	62
 387 016a 1C       		.byte	28
 388 016b 7F       		.byte	127
 389 016c 7F       		.byte	127
 390 016d 49       		.byte	73
 391 016e 49       		.byte	73
 392 016f 49       		.byte	73
 393 0170 41       		.byte	65
 394 0171 40       		.byte	64
 395 0172 7F       		.byte	127
 396 0173 7F       		.byte	127
 397 0174 09       		.byte	9
 398 0175 09       		.byte	9
 399 0176 09       		.byte	9
 400 0177 09       		.byte	9
 401 0178 01       		.byte	1
 402 0179 1C       		.byte	28
 403 017a 3E       		.byte	62
 404 017b 63       		.byte	99
 405 017c 41       		.byte	65
 406 017d 49       		.byte	73
 407 017e 79       		.byte	121
 408 017f 79       		.byte	121
 409 0180 7F       		.byte	127
 410 0181 7F       		.byte	127
 411 0182 08       		.byte	8
 412 0183 08       		.byte	8
 413 0184 08       		.byte	8
 414 0185 7F       		.byte	127
 415 0186 7F       		.byte	127
 416 0187 41       		.byte	65
 417 0188 41       		.byte	65
 418 0189 7F       		.byte	127
 419 018a 7F       		.byte	127
 420 018b 41       		.byte	65
 421 018c 41       		.byte	65
 422 018d 00       		.byte	0
 423 018e 20       		.byte	32
 424 018f 60       		.byte	96
 425 0190 40       		.byte	64
 426 0191 40       		.byte	64
 427 0192 40       		.byte	64
 428 0193 7F       		.byte	127
 429 0194 3F       		.byte	63
 430 0195 7F       		.byte	127
 431 0196 7F       		.byte	127
 432 0197 18       		.byte	24
 433 0198 3C       		.byte	60
 434 0199 76       		.byte	118
 435 019a 63       		.byte	99
 436 019b 41       		.byte	65
 437 019c 7F       		.byte	127
 438 019d 7F       		.byte	127
 439 019e 40       		.byte	64
 440 019f 40       		.byte	64
 441 01a0 40       		.byte	64
 442 01a1 40       		.byte	64
 443 01a2 40       		.byte	64
 444 01a3 7F       		.byte	127
 445 01a4 7F       		.byte	127
 446 01a5 06       		.byte	6
 447 01a6 0C       		.byte	12
 448 01a7 06       		.byte	6
 449 01a8 7F       		.byte	127
 450 01a9 7F       		.byte	127
 451 01aa 7F       		.byte	127
 452 01ab 7F       		.byte	127
 453 01ac 06       		.byte	6
 454 01ad 0C       		.byte	12
 455 01ae 18       		.byte	24
 456 01af 7F       		.byte	127
 457 01b0 7F       		.byte	127
 458 01b1 3E       		.byte	62
 459 01b2 7F       		.byte	127
 460 01b3 41       		.byte	65
 461 01b4 41       		.byte	65
 462 01b5 41       		.byte	65
 463 01b6 7F       		.byte	127
 464 01b7 3E       		.byte	62
 465 01b8 7F       		.byte	127
 466 01b9 7F       		.byte	127
 467 01ba 11       		.byte	17
 468 01bb 11       		.byte	17
 469 01bc 11       		.byte	17
 470 01bd 1F       		.byte	31
 471 01be 0E       		.byte	14
 472 01bf 3E       		.byte	62
 473 01c0 7F       		.byte	127
 474 01c1 41       		.byte	65
 475 01c2 51       		.byte	81
 476 01c3 71       		.byte	113
 477 01c4 3F       		.byte	63
 478 01c5 5E       		.byte	94
 479 01c6 7F       		.byte	127
 480 01c7 7F       		.byte	127
 481 01c8 11       		.byte	17
 482 01c9 31       		.byte	49
 483 01ca 79       		.byte	121
 484 01cb 6F       		.byte	111
 485 01cc 46       		.byte	70
 486 01cd 26       		.byte	38
 487 01ce 6F       		.byte	111
 488 01cf 49       		.byte	73
 489 01d0 49       		.byte	73
 490 01d1 4B       		.byte	75
 491 01d2 7A       		.byte	122
 492 01d3 30       		.byte	48
 493 01d4 01       		.byte	1
 494 01d5 01       		.byte	1
 495 01d6 7F       		.byte	127
 496 01d7 7F       		.byte	127
 497 01d8 01       		.byte	1
 498 01d9 01       		.byte	1
 499 01da 00       		.byte	0
 500 01db 3F       		.byte	63
 501 01dc 7F       		.byte	127
 502 01dd 40       		.byte	64
 503 01de 40       		.byte	64
 504 01df 40       		.byte	64
 505 01e0 7F       		.byte	127
 506 01e1 3F       		.byte	63
 507 01e2 0F       		.byte	15
 508 01e3 1F       		.byte	31
 509 01e4 30       		.byte	48
 510 01e5 60       		.byte	96
 511 01e6 30       		.byte	48
 512 01e7 1F       		.byte	31
 513 01e8 0F       		.byte	15
 514 01e9 7F       		.byte	127
 515 01ea 7F       		.byte	127
 516 01eb 30       		.byte	48
 517 01ec 18       		.byte	24
 518 01ed 30       		.byte	48
 519 01ee 7F       		.byte	127
 520 01ef 7F       		.byte	127
 521 01f0 63       		.byte	99
 522 01f1 77       		.byte	119
 523 01f2 3E       		.byte	62
 524 01f3 1C       		.byte	28
 525 01f4 3E       		.byte	62
 526 01f5 77       		.byte	119
 527 01f6 63       		.byte	99
 528 01f7 07       		.byte	7
 529 01f8 0F       		.byte	15
 530 01f9 78       		.byte	120
 531 01fa 78       		.byte	120
 532 01fb 0F       		.byte	15
 533 01fc 07       		.byte	7
 534 01fd 00       		.byte	0
 535 01fe 61       		.byte	97
 536 01ff 71       		.byte	113
 537 0200 79       		.byte	121
 538 0201 5D       		.byte	93
 539 0202 4F       		.byte	79
 540 0203 47       		.byte	71
 541 0204 43       		.byte	67
 542 0205 00       		.byte	0
 543 0206 00       		.byte	0
 544 0207 7F       		.byte	127
 545 0208 7F       		.byte	127
 546 0209 41       		.byte	65
 547 020a 00       		.byte	0
 548 020b 00       		.byte	0
 549 020c 02       		.byte	2
 550 020d 06       		.byte	6
 551 020e 0C       		.byte	12
 552 020f 18       		.byte	24
 553 0210 30       		.byte	48
 554 0211 60       		.byte	96
 555 0212 40       		.byte	64
 556 0213 00       		.byte	0
 557 0214 00       		.byte	0
 558 0215 41       		.byte	65
 559 0216 7F       		.byte	127
 560 0217 7F       		.byte	127
 561 0218 00       		.byte	0
 562 0219 00       		.byte	0
 563 021a 00       		.byte	0
 564 021b 00       		.byte	0
 565 021c 04       		.byte	4
 566 021d 06       		.byte	6
 567 021e 04       		.byte	4
 568 021f 00       		.byte	0
 569 0220 00       		.byte	0
 570 0221 80       		.byte	-128
 571 0222 80       		.byte	-128
 572 0223 80       		.byte	-128
 573 0224 80       		.byte	-128
 574 0225 80       		.byte	-128
 575 0226 80       		.byte	-128
 576 0227 80       		.byte	-128
 577 0228 00       		.byte	0
 578 0229 00       		.byte	0
 579 022a 02       		.byte	2
 580 022b 06       		.byte	6
 581 022c 04       		.byte	4
 582 022d 00       		.byte	0
 583 022e 00       		.byte	0
 584 022f 7C       		.byte	124
 585 0230 7E       		.byte	126
 586 0231 13       		.byte	19
 587 0232 11       		.byte	17
 588 0233 13       		.byte	19
 589 0234 7E       		.byte	126
 590 0235 7C       		.byte	124
 591 0236 7F       		.byte	127
 592 0237 7F       		.byte	127
 593 0238 49       		.byte	73
 594 0239 49       		.byte	73
 595 023a 49       		.byte	73
 596 023b 7F       		.byte	127
 597 023c 36       		.byte	54
 598 023d 1C       		.byte	28
 599 023e 3E       		.byte	62
 600 023f 63       		.byte	99
 601 0240 41       		.byte	65
 602 0241 41       		.byte	65
 603 0242 63       		.byte	99
 604 0243 22       		.byte	34
 605 0244 7F       		.byte	127
 606 0245 7F       		.byte	127
 607 0246 41       		.byte	65
 608 0247 41       		.byte	65
 609 0248 63       		.byte	99
 610 0249 3E       		.byte	62
 611 024a 1C       		.byte	28
 612 024b 7F       		.byte	127
 613 024c 7F       		.byte	127
 614 024d 49       		.byte	73
 615 024e 49       		.byte	73
 616 024f 49       		.byte	73
 617 0250 41       		.byte	65
 618 0251 40       		.byte	64
 619 0252 7F       		.byte	127
 620 0253 7F       		.byte	127
 621 0254 09       		.byte	9
 622 0255 09       		.byte	9
 623 0256 09       		.byte	9
 624 0257 09       		.byte	9
 625 0258 01       		.byte	1
 626 0259 1C       		.byte	28
 627 025a 3E       		.byte	62
 628 025b 63       		.byte	99
 629 025c 41       		.byte	65
 630 025d 49       		.byte	73
 631 025e 79       		.byte	121
 632 025f 79       		.byte	121
 633 0260 7F       		.byte	127
 634 0261 7F       		.byte	127
 635 0262 08       		.byte	8
 636 0263 08       		.byte	8
 637 0264 08       		.byte	8
 638 0265 7F       		.byte	127
 639 0266 7F       		.byte	127
 640 0267 41       		.byte	65
 641 0268 41       		.byte	65
 642 0269 7F       		.byte	127
 643 026a 7F       		.byte	127
 644 026b 41       		.byte	65
 645 026c 41       		.byte	65
 646 026d 00       		.byte	0
 647 026e 20       		.byte	32
 648 026f 60       		.byte	96
 649 0270 40       		.byte	64
 650 0271 40       		.byte	64
 651 0272 40       		.byte	64
 652 0273 7F       		.byte	127
 653 0274 3F       		.byte	63
 654 0275 7F       		.byte	127
 655 0276 7F       		.byte	127
 656 0277 18       		.byte	24
 657 0278 3C       		.byte	60
 658 0279 76       		.byte	118
 659 027a 63       		.byte	99
 660 027b 41       		.byte	65
 661 027c 7F       		.byte	127
 662 027d 7F       		.byte	127
 663 027e 40       		.byte	64
 664 027f 40       		.byte	64
 665 0280 40       		.byte	64
 666 0281 40       		.byte	64
 667 0282 40       		.byte	64
 668 0283 7F       		.byte	127
 669 0284 7F       		.byte	127
 670 0285 06       		.byte	6
 671 0286 0C       		.byte	12
 672 0287 06       		.byte	6
 673 0288 7F       		.byte	127
 674 0289 7F       		.byte	127
 675 028a 7F       		.byte	127
 676 028b 7F       		.byte	127
 677 028c 06       		.byte	6
 678 028d 0C       		.byte	12
 679 028e 18       		.byte	24
 680 028f 7F       		.byte	127
 681 0290 7F       		.byte	127
 682 0291 3E       		.byte	62
 683 0292 7F       		.byte	127
 684 0293 41       		.byte	65
 685 0294 41       		.byte	65
 686 0295 41       		.byte	65
 687 0296 7F       		.byte	127
 688 0297 3E       		.byte	62
 689 0298 7F       		.byte	127
 690 0299 7F       		.byte	127
 691 029a 11       		.byte	17
 692 029b 11       		.byte	17
 693 029c 11       		.byte	17
 694 029d 1F       		.byte	31
 695 029e 0E       		.byte	14
 696 029f 3E       		.byte	62
 697 02a0 7F       		.byte	127
 698 02a1 41       		.byte	65
 699 02a2 51       		.byte	81
 700 02a3 71       		.byte	113
 701 02a4 3F       		.byte	63
 702 02a5 5E       		.byte	94
 703 02a6 7F       		.byte	127
 704 02a7 7F       		.byte	127
 705 02a8 11       		.byte	17
 706 02a9 31       		.byte	49
 707 02aa 79       		.byte	121
 708 02ab 6F       		.byte	111
 709 02ac 46       		.byte	70
 710 02ad 26       		.byte	38
 711 02ae 6F       		.byte	111
 712 02af 49       		.byte	73
 713 02b0 49       		.byte	73
 714 02b1 4B       		.byte	75
 715 02b2 7A       		.byte	122
 716 02b3 30       		.byte	48
 717 02b4 01       		.byte	1
 718 02b5 01       		.byte	1
 719 02b6 7F       		.byte	127
 720 02b7 7F       		.byte	127
 721 02b8 01       		.byte	1
 722 02b9 01       		.byte	1
 723 02ba 00       		.byte	0
 724 02bb 3F       		.byte	63
 725 02bc 7F       		.byte	127
 726 02bd 40       		.byte	64
 727 02be 40       		.byte	64
 728 02bf 40       		.byte	64
 729 02c0 7F       		.byte	127
 730 02c1 3F       		.byte	63
 731 02c2 0F       		.byte	15
 732 02c3 1F       		.byte	31
 733 02c4 30       		.byte	48
 734 02c5 60       		.byte	96
 735 02c6 30       		.byte	48
 736 02c7 1F       		.byte	31
 737 02c8 0F       		.byte	15
 738 02c9 7F       		.byte	127
 739 02ca 7F       		.byte	127
 740 02cb 30       		.byte	48
 741 02cc 18       		.byte	24
 742 02cd 30       		.byte	48
 743 02ce 7F       		.byte	127
 744 02cf 7F       		.byte	127
 745 02d0 63       		.byte	99
 746 02d1 77       		.byte	119
 747 02d2 3E       		.byte	62
 748 02d3 1C       		.byte	28
 749 02d4 3E       		.byte	62
 750 02d5 77       		.byte	119
 751 02d6 63       		.byte	99
 752 02d7 07       		.byte	7
 753 02d8 0F       		.byte	15
 754 02d9 78       		.byte	120
 755 02da 78       		.byte	120
 756 02db 0F       		.byte	15
 757 02dc 07       		.byte	7
 758 02dd 00       		.byte	0
 759 02de 61       		.byte	97
 760 02df 71       		.byte	113
 761 02e0 79       		.byte	121
 762 02e1 5D       		.byte	93
 763 02e2 4F       		.byte	79
 764 02e3 47       		.byte	71
 765 02e4 43       		.byte	67
 766 02e5 00       		.byte	0
 767 02e6 00       		.byte	0
 768 02e7 08       		.byte	8
 769 02e8 3E       		.byte	62
 770 02e9 77       		.byte	119
 771 02ea 41       		.byte	65
 772 02eb 00       		.byte	0
 773 02ec 00       		.byte	0
 774 02ed 00       		.byte	0
 775 02ee 7F       		.byte	127
 776 02ef 7F       		.byte	127
 777 02f0 00       		.byte	0
 778 02f1 00       		.byte	0
 779 02f2 00       		.byte	0
 780 02f3 00       		.byte	0
 781 02f4 00       		.byte	0
 782 02f5 41       		.byte	65
 783 02f6 77       		.byte	119
 784 02f7 3E       		.byte	62
 785 02f8 08       		.byte	8
 786 02f9 00       		.byte	0
 787 02fa 00       		.byte	0
 788 02fb 18       		.byte	24
 789 02fc 0C       		.byte	12
 790 02fd 1C       		.byte	28
 791 02fe 18       		.byte	24
 792 02ff 0C       		.byte	12
 793 0300 00       		.byte	0
 794 0301 00       		.byte	0
 795 0302 00       		.byte	0
 796 0303 00       		.byte	0
 797 0304 00       		.byte	0
 798 0305 00       		.byte	0
 799 0306 00       		.byte	0
 800 0307 00       		.byte	0
 801              		.text
 802              	.Letext0:
 803              		.file 1 "/opt/arm-2012.09/bin/../lib/gcc/arm-none-eabi/4.7.2/../../../../arm-none-eabi/include/c++
 804              		.file 2 "/opt/arm-2012.09/bin/../lib/gcc/arm-none-eabi/4.7.2/../../../../arm-none-eabi/include/str
 805              		.file 3 "/opt/arm-2012.09/bin/../lib/gcc/arm-none-eabi/4.7.2/include/stddef.h"
 806              		.file 4 "/home/jonas/warwick/3dProfilometer/xpcc/src/xpcc/architecture/driver/accessor/ram.hpp"
 807              		.file 5 "/home/jonas/warwick/3dProfilometer/xpcc/src/xpcc/io/iodevice.hpp"
 808              		.file 6 "/home/jonas/warwick/3dProfilometer/xpcc/src/xpcc/driver/ui/display/font/arcade_classic.cp
 809              		.file 7 "<built-in>"
DEFINED SYMBOLS
                            *ABS*:00000000 arcade_classic.cpp
     /tmp/ccxvktBv.s:24     .rodata._ZN4xpcc4font13ArcadeClassicE:00000000 _ZN4xpcc4font13ArcadeClassicE
     /tmp/ccxvktBv.s:21     .rodata._ZN4xpcc4font13ArcadeClassicE:00000000 $d

NO UNDEFINED SYMBOLS
