   1              		.syntax unified
   2              		.cpu cortex-m4
   3              		.eabi_attribute 27, 3
   4              		.fpu fpv4-sp-d16
   5              		.eabi_attribute 20, 1
   6              		.eabi_attribute 21, 1
   7              		.eabi_attribute 23, 3
   8              		.eabi_attribute 24, 1
   9              		.eabi_attribute 25, 1
  10              		.eabi_attribute 26, 1
  11              		.eabi_attribute 30, 2
  12              		.eabi_attribute 34, 1
  13              		.eabi_attribute 18, 4
  14              		.thumb
  15              		.file	"assertion.cpp"
  16              		.text
  17              	.Ltext0:
  18              		.cfi_sections	.debug_frame
  19              		.global	_ZN4xpcc4font9AssertionE
  20              		.section	.rodata._ZN4xpcc4font9AssertionE,"a",%progbits
  21              		.align	2
  24              	_ZN4xpcc4font9AssertionE:
  25 0000 18       		.byte	24
  26 0001 05       		.byte	5
  27 0002 07       		.byte	7
  28 0003 0F       		.byte	15
  29 0004 00       		.byte	0
  30 0005 01       		.byte	1
  31 0006 20       		.byte	32
  32 0007 60       		.byte	96
  33 0008 07       		.byte	7
  34 0009 02       		.byte	2
  35 000a 05       		.byte	5
  36 000b 0A       		.byte	10
  37 000c 07       		.byte	7
  38 000d 0A       		.byte	10
  39 000e 08       		.byte	8
  40 000f 02       		.byte	2
  41 0010 04       		.byte	4
  42 0011 04       		.byte	4
  43 0012 08       		.byte	8
  44 0013 06       		.byte	6
  45 0014 03       		.byte	3
  46 0015 05       		.byte	5
  47 0016 02       		.byte	2
  48 0017 06       		.byte	6
  49 0018 07       		.byte	7
  50 0019 04       		.byte	4
  51 001a 07       		.byte	7
  52 001b 07       		.byte	7
  53 001c 07       		.byte	7
  54 001d 07       		.byte	7
  55 001e 07       		.byte	7
  56 001f 06       		.byte	6
  57 0020 07       		.byte	7
  58 0021 07       		.byte	7
  59 0022 02       		.byte	2
  60 0023 03       		.byte	3
  61 0024 05       		.byte	5
  62 0025 05       		.byte	5
  63 0026 05       		.byte	5
  64 0027 07       		.byte	7
  65 0028 0B       		.byte	11
  66 0029 07       		.byte	7
  67 002a 07       		.byte	7
  68 002b 07       		.byte	7
  69 002c 07       		.byte	7
  70 002d 07       		.byte	7
  71 002e 07       		.byte	7
  72 002f 07       		.byte	7
  73 0030 07       		.byte	7
  74 0031 02       		.byte	2
  75 0032 07       		.byte	7
  76 0033 07       		.byte	7
  77 0034 06       		.byte	6
  78 0035 0A       		.byte	10
  79 0036 07       		.byte	7
  80 0037 07       		.byte	7
  81 0038 07       		.byte	7
  82 0039 07       		.byte	7
  83 003a 07       		.byte	7
  84 003b 07       		.byte	7
  85 003c 06       		.byte	6
  86 003d 07       		.byte	7
  87 003e 07       		.byte	7
  88 003f 0C       		.byte	12
  89 0040 07       		.byte	7
  90 0041 06       		.byte	6
  91 0042 07       		.byte	7
  92 0043 04       		.byte	4
  93 0044 06       		.byte	6
  94 0045 04       		.byte	4
  95 0046 07       		.byte	7
  96 0047 07       		.byte	7
  97 0048 03       		.byte	3
  98 0049 07       		.byte	7
  99 004a 07       		.byte	7
 100 004b 07       		.byte	7
 101 004c 07       		.byte	7
 102 004d 07       		.byte	7
 103 004e 05       		.byte	5
 104 004f 07       		.byte	7
 105 0050 07       		.byte	7
 106 0051 02       		.byte	2
 107 0052 04       		.byte	4
 108 0053 07       		.byte	7
 109 0054 02       		.byte	2
 110 0055 0A       		.byte	10
 111 0056 07       		.byte	7
 112 0057 07       		.byte	7
 113 0058 07       		.byte	7
 114 0059 07       		.byte	7
 115 005a 06       		.byte	6
 116 005b 07       		.byte	7
 117 005c 05       		.byte	5
 118 005d 07       		.byte	7
 119 005e 07       		.byte	7
 120 005f 0C       		.byte	12
 121 0060 07       		.byte	7
 122 0061 07       		.byte	7
 123 0062 05       		.byte	5
 124 0063 05       		.byte	5
 125 0064 02       		.byte	2
 126 0065 05       		.byte	5
 127 0066 05       		.byte	5
 128 0067 07       		.byte	7
 129 0068 00       		.byte	0
 130 0069 00       		.byte	0
 131 006a 00       		.byte	0
 132 006b 00       		.byte	0
 133 006c 00       		.byte	0
 134 006d 00       		.byte	0
 135 006e 00       		.byte	0
 136 006f 00       		.byte	0
 137 0070 00       		.byte	0
 138 0071 00       		.byte	0
 139 0072 00       		.byte	0
 140 0073 00       		.byte	0
 141 0074 00       		.byte	0
 142 0075 00       		.byte	0
 143 0076 FF       		.byte	-1
 144 0077 FF       		.byte	-1
 145 0078 0D       		.byte	13
 146 0079 0D       		.byte	13
 147 007a 07       		.byte	7
 148 007b 07       		.byte	7
 149 007c 00       		.byte	0
 150 007d 07       		.byte	7
 151 007e 07       		.byte	7
 152 007f 00       		.byte	0
 153 0080 00       		.byte	0
 154 0081 00       		.byte	0
 155 0082 00       		.byte	0
 156 0083 00       		.byte	0
 157 0084 10       		.byte	16
 158 0085 10       		.byte	16
 159 0086 FE       		.byte	-2
 160 0087 FE       		.byte	-2
 161 0088 10       		.byte	16
 162 0089 10       		.byte	16
 163 008a FE       		.byte	-2
 164 008b FE       		.byte	-2
 165 008c 10       		.byte	16
 166 008d 10       		.byte	16
 167 008e 01       		.byte	1
 168 008f 01       		.byte	1
 169 0090 0F       		.byte	15
 170 0091 0F       		.byte	15
 171 0092 01       		.byte	1
 172 0093 01       		.byte	1
 173 0094 0F       		.byte	15
 174 0095 0F       		.byte	15
 175 0096 01       		.byte	1
 176 0097 01       		.byte	1
 177 0098 78       		.byte	120
 178 0099 FC       		.byte	-4
 179 009a 84       		.byte	-124
 180 009b 87       		.byte	-121
 181 009c 84       		.byte	-124
 182 009d BC       		.byte	-68
 183 009e 38       		.byte	56
 184 009f 0E       		.byte	14
 185 00a0 1E       		.byte	30
 186 00a1 10       		.byte	16
 187 00a2 70       		.byte	112
 188 00a3 10       		.byte	16
 189 00a4 1F       		.byte	31
 190 00a5 0F       		.byte	15
 191 00a6 1C       		.byte	28
 192 00a7 3E       		.byte	62
 193 00a8 22       		.byte	34
 194 00a9 BE       		.byte	-66
 195 00aa DC       		.byte	-36
 196 00ab 60       		.byte	96
 197 00ac B0       		.byte	-80
 198 00ad 98       		.byte	-104
 199 00ae 8C       		.byte	-116
 200 00af 06       		.byte	6
 201 00b0 0C       		.byte	12
 202 00b1 06       		.byte	6
 203 00b2 03       		.byte	3
 204 00b3 01       		.byte	1
 205 00b4 00       		.byte	0
 206 00b5 07       		.byte	7
 207 00b6 0F       		.byte	15
 208 00b7 08       		.byte	8
 209 00b8 0F       		.byte	15
 210 00b9 07       		.byte	7
 211 00ba DE       		.byte	-34
 212 00bb FF       		.byte	-1
 213 00bc 01       		.byte	1
 214 00bd 21       		.byte	33
 215 00be 21       		.byte	33
 216 00bf EF       		.byte	-17
 217 00c0 EE       		.byte	-18
 218 00c1 20       		.byte	32
 219 00c2 07       		.byte	7
 220 00c3 0F       		.byte	15
 221 00c4 08       		.byte	8
 222 00c5 08       		.byte	8
 223 00c6 08       		.byte	8
 224 00c7 0F       		.byte	15
 225 00c8 07       		.byte	7
 226 00c9 00       		.byte	0
 227 00ca 07       		.byte	7
 228 00cb 07       		.byte	7
 229 00cc 00       		.byte	0
 230 00cd 00       		.byte	0
 231 00ce F8       		.byte	-8
 232 00cf FC       		.byte	-4
 233 00d0 02       		.byte	2
 234 00d1 01       		.byte	1
 235 00d2 01       		.byte	1
 236 00d3 03       		.byte	3
 237 00d4 04       		.byte	4
 238 00d5 08       		.byte	8
 239 00d6 01       		.byte	1
 240 00d7 02       		.byte	2
 241 00d8 FC       		.byte	-4
 242 00d9 F8       		.byte	-8
 243 00da 08       		.byte	8
 244 00db 04       		.byte	4
 245 00dc 03       		.byte	3
 246 00dd 01       		.byte	1
 247 00de 88       		.byte	-120
 248 00df D8       		.byte	-40
 249 00e0 70       		.byte	112
 250 00e1 FC       		.byte	-4
 251 00e2 FC       		.byte	-4
 252 00e3 70       		.byte	112
 253 00e4 D8       		.byte	-40
 254 00e5 88       		.byte	-120
 255 00e6 00       		.byte	0
 256 00e7 00       		.byte	0
 257 00e8 00       		.byte	0
 258 00e9 03       		.byte	3
 259 00ea 03       		.byte	3
 260 00eb 00       		.byte	0
 261 00ec 00       		.byte	0
 262 00ed 00       		.byte	0
 263 00ee 40       		.byte	64
 264 00ef 40       		.byte	64
 265 00f0 F8       		.byte	-8
 266 00f1 F8       		.byte	-8
 267 00f2 40       		.byte	64
 268 00f3 40       		.byte	64
 269 00f4 00       		.byte	0
 270 00f5 00       		.byte	0
 271 00f6 03       		.byte	3
 272 00f7 03       		.byte	3
 273 00f8 00       		.byte	0
 274 00f9 00       		.byte	0
 275 00fa 00       		.byte	0
 276 00fb 00       		.byte	0
 277 00fc 00       		.byte	0
 278 00fd 40       		.byte	64
 279 00fe 78       		.byte	120
 280 00ff 38       		.byte	56
 281 0100 40       		.byte	64
 282 0101 40       		.byte	64
 283 0102 40       		.byte	64
 284 0103 40       		.byte	64
 285 0104 40       		.byte	64
 286 0105 00       		.byte	0
 287 0106 00       		.byte	0
 288 0107 00       		.byte	0
 289 0108 00       		.byte	0
 290 0109 00       		.byte	0
 291 010a 00       		.byte	0
 292 010b 00       		.byte	0
 293 010c 38       		.byte	56
 294 010d 38       		.byte	56
 295 010e 00       		.byte	0
 296 010f 00       		.byte	0
 297 0110 E0       		.byte	-32
 298 0111 7C       		.byte	124
 299 0112 0F       		.byte	15
 300 0113 01       		.byte	1
 301 0114 18       		.byte	24
 302 0115 1F       		.byte	31
 303 0116 03       		.byte	3
 304 0117 00       		.byte	0
 305 0118 00       		.byte	0
 306 0119 00       		.byte	0
 307 011a FE       		.byte	-2
 308 011b FF       		.byte	-1
 309 011c 01       		.byte	1
 310 011d 01       		.byte	1
 311 011e 01       		.byte	1
 312 011f FF       		.byte	-1
 313 0120 FE       		.byte	-2
 314 0121 07       		.byte	7
 315 0122 0F       		.byte	15
 316 0123 08       		.byte	8
 317 0124 08       		.byte	8
 318 0125 08       		.byte	8
 319 0126 0F       		.byte	15
 320 0127 07       		.byte	7
 321 0128 01       		.byte	1
 322 0129 01       		.byte	1
 323 012a FF       		.byte	-1
 324 012b FF       		.byte	-1
 325 012c 00       		.byte	0
 326 012d 00       		.byte	0
 327 012e 0F       		.byte	15
 328 012f 0F       		.byte	15
 329 0130 8E       		.byte	-114
 330 0131 CF       		.byte	-49
 331 0132 41       		.byte	65
 332 0133 41       		.byte	65
 333 0134 41       		.byte	65
 334 0135 7F       		.byte	127
 335 0136 3E       		.byte	62
 336 0137 0F       		.byte	15
 337 0138 0F       		.byte	15
 338 0139 08       		.byte	8
 339 013a 08       		.byte	8
 340 013b 08       		.byte	8
 341 013c 08       		.byte	8
 342 013d 08       		.byte	8
 343 013e 0E       		.byte	14
 344 013f 0F       		.byte	15
 345 0140 21       		.byte	33
 346 0141 21       		.byte	33
 347 0142 21       		.byte	33
 348 0143 FF       		.byte	-1
 349 0144 DE       		.byte	-34
 350 0145 07       		.byte	7
 351 0146 0F       		.byte	15
 352 0147 08       		.byte	8
 353 0148 08       		.byte	8
 354 0149 08       		.byte	8
 355 014a 0F       		.byte	15
 356 014b 07       		.byte	7
 357 014c FF       		.byte	-1
 358 014d FF       		.byte	-1
 359 014e 00       		.byte	0
 360 014f 00       		.byte	0
 361 0150 FF       		.byte	-1
 362 0151 FF       		.byte	-1
 363 0152 00       		.byte	0
 364 0153 01       		.byte	1
 365 0154 01       		.byte	1
 366 0155 01       		.byte	1
 367 0156 01       		.byte	1
 368 0157 0F       		.byte	15
 369 0158 0F       		.byte	15
 370 0159 01       		.byte	1
 371 015a 9F       		.byte	-97
 372 015b 9F       		.byte	-97
 373 015c 11       		.byte	17
 374 015d 11       		.byte	17
 375 015e 11       		.byte	17
 376 015f F1       		.byte	-15
 377 0160 E1       		.byte	-31
 378 0161 07       		.byte	7
 379 0162 0F       		.byte	15
 380 0163 08       		.byte	8
 381 0164 08       		.byte	8
 382 0165 08       		.byte	8
 383 0166 0F       		.byte	15
 384 0167 07       		.byte	7
 385 0168 FE       		.byte	-2
 386 0169 FF       		.byte	-1
 387 016a 21       		.byte	33
 388 016b 21       		.byte	33
 389 016c 21       		.byte	33
 390 016d EF       		.byte	-17
 391 016e CE       		.byte	-50
 392 016f 07       		.byte	7
 393 0170 0F       		.byte	15
 394 0171 08       		.byte	8
 395 0172 08       		.byte	8
 396 0173 08       		.byte	8
 397 0174 0F       		.byte	15
 398 0175 07       		.byte	7
 399 0176 01       		.byte	1
 400 0177 01       		.byte	1
 401 0178 E1       		.byte	-31
 402 0179 F1       		.byte	-15
 403 017a 3F       		.byte	63
 404 017b 1F       		.byte	31
 405 017c 00       		.byte	0
 406 017d 00       		.byte	0
 407 017e 0F       		.byte	15
 408 017f 0F       		.byte	15
 409 0180 00       		.byte	0
 410 0181 00       		.byte	0
 411 0182 DE       		.byte	-34
 412 0183 FF       		.byte	-1
 413 0184 21       		.byte	33
 414 0185 21       		.byte	33
 415 0186 21       		.byte	33
 416 0187 FF       		.byte	-1
 417 0188 DE       		.byte	-34
 418 0189 07       		.byte	7
 419 018a 0F       		.byte	15
 420 018b 08       		.byte	8
 421 018c 08       		.byte	8
 422 018d 08       		.byte	8
 423 018e 0F       		.byte	15
 424 018f 07       		.byte	7
 425 0190 3E       		.byte	62
 426 0191 7F       		.byte	127
 427 0192 41       		.byte	65
 428 0193 41       		.byte	65
 429 0194 41       		.byte	65
 430 0195 FF       		.byte	-1
 431 0196 FE       		.byte	-2
 432 0197 07       		.byte	7
 433 0198 0F       		.byte	15
 434 0199 08       		.byte	8
 435 019a 08       		.byte	8
 436 019b 08       		.byte	8
 437 019c 0F       		.byte	15
 438 019d 07       		.byte	7
 439 019e 70       		.byte	112
 440 019f 70       		.byte	112
 441 01a0 07       		.byte	7
 442 01a1 07       		.byte	7
 443 01a2 00       		.byte	0
 444 01a3 70       		.byte	112
 445 01a4 70       		.byte	112
 446 01a5 08       		.byte	8
 447 01a6 0F       		.byte	15
 448 01a7 07       		.byte	7
 449 01a8 40       		.byte	64
 450 01a9 E0       		.byte	-32
 451 01aa B0       		.byte	-80
 452 01ab 18       		.byte	24
 453 01ac 08       		.byte	8
 454 01ad 00       		.byte	0
 455 01ae 00       		.byte	0
 456 01af 01       		.byte	1
 457 01b0 03       		.byte	3
 458 01b1 02       		.byte	2
 459 01b2 90       		.byte	-112
 460 01b3 90       		.byte	-112
 461 01b4 90       		.byte	-112
 462 01b5 90       		.byte	-112
 463 01b6 90       		.byte	-112
 464 01b7 00       		.byte	0
 465 01b8 00       		.byte	0
 466 01b9 00       		.byte	0
 467 01ba 00       		.byte	0
 468 01bb 00       		.byte	0
 469 01bc 08       		.byte	8
 470 01bd 18       		.byte	24
 471 01be B0       		.byte	-80
 472 01bf E0       		.byte	-32
 473 01c0 40       		.byte	64
 474 01c1 02       		.byte	2
 475 01c2 03       		.byte	3
 476 01c3 01       		.byte	1
 477 01c4 00       		.byte	0
 478 01c5 00       		.byte	0
 479 01c6 0E       		.byte	14
 480 01c7 0F       		.byte	15
 481 01c8 01       		.byte	1
 482 01c9 C1       		.byte	-63
 483 01ca E1       		.byte	-31
 484 01cb 3F       		.byte	63
 485 01cc 1E       		.byte	30
 486 01cd 00       		.byte	0
 487 01ce 00       		.byte	0
 488 01cf 00       		.byte	0
 489 01d0 0D       		.byte	13
 490 01d1 0D       		.byte	13
 491 01d2 00       		.byte	0
 492 01d3 00       		.byte	0
 493 01d4 F8       		.byte	-8
 494 01d5 FC       		.byte	-4
 495 01d6 02       		.byte	2
 496 01d7 F9       		.byte	-7
 497 01d8 FD       		.byte	-3
 498 01d9 05       		.byte	5
 499 01da FD       		.byte	-3
 500 01db F9       		.byte	-7
 501 01dc 02       		.byte	2
 502 01dd FC       		.byte	-4
 503 01de F8       		.byte	-8
 504 01df 01       		.byte	1
 505 01e0 03       		.byte	3
 506 01e1 04       		.byte	4
 507 01e2 09       		.byte	9
 508 01e3 0B       		.byte	11
 509 01e4 0A       		.byte	10
 510 01e5 0B       		.byte	11
 511 01e6 09       		.byte	9
 512 01e7 0A       		.byte	10
 513 01e8 0B       		.byte	11
 514 01e9 01       		.byte	1
 515 01ea FE       		.byte	-2
 516 01eb FF       		.byte	-1
 517 01ec 41       		.byte	65
 518 01ed 41       		.byte	65
 519 01ee 41       		.byte	65
 520 01ef FF       		.byte	-1
 521 01f0 FE       		.byte	-2
 522 01f1 0F       		.byte	15
 523 01f2 0F       		.byte	15
 524 01f3 00       		.byte	0
 525 01f4 00       		.byte	0
 526 01f5 00       		.byte	0
 527 01f6 0F       		.byte	15
 528 01f7 0F       		.byte	15
 529 01f8 FF       		.byte	-1
 530 01f9 FF       		.byte	-1
 531 01fa 21       		.byte	33
 532 01fb 21       		.byte	33
 533 01fc 21       		.byte	33
 534 01fd FF       		.byte	-1
 535 01fe DE       		.byte	-34
 536 01ff 0F       		.byte	15
 537 0200 0F       		.byte	15
 538 0201 08       		.byte	8
 539 0202 08       		.byte	8
 540 0203 08       		.byte	8
 541 0204 0F       		.byte	15
 542 0205 07       		.byte	7
 543 0206 FE       		.byte	-2
 544 0207 FF       		.byte	-1
 545 0208 01       		.byte	1
 546 0209 01       		.byte	1
 547 020a 01       		.byte	1
 548 020b 9F       		.byte	-97
 549 020c 9E       		.byte	-98
 550 020d 07       		.byte	7
 551 020e 0F       		.byte	15
 552 020f 08       		.byte	8
 553 0210 08       		.byte	8
 554 0211 08       		.byte	8
 555 0212 0F       		.byte	15
 556 0213 07       		.byte	7
 557 0214 FF       		.byte	-1
 558 0215 FF       		.byte	-1
 559 0216 01       		.byte	1
 560 0217 01       		.byte	1
 561 0218 01       		.byte	1
 562 0219 FF       		.byte	-1
 563 021a FE       		.byte	-2
 564 021b 0F       		.byte	15
 565 021c 0F       		.byte	15
 566 021d 08       		.byte	8
 567 021e 08       		.byte	8
 568 021f 08       		.byte	8
 569 0220 0F       		.byte	15
 570 0221 07       		.byte	7
 571 0222 FF       		.byte	-1
 572 0223 FF       		.byte	-1
 573 0224 21       		.byte	33
 574 0225 21       		.byte	33
 575 0226 21       		.byte	33
 576 0227 21       		.byte	33
 577 0228 01       		.byte	1
 578 0229 0F       		.byte	15
 579 022a 0F       		.byte	15
 580 022b 08       		.byte	8
 581 022c 08       		.byte	8
 582 022d 08       		.byte	8
 583 022e 08       		.byte	8
 584 022f 08       		.byte	8
 585 0230 FF       		.byte	-1
 586 0231 FF       		.byte	-1
 587 0232 21       		.byte	33
 588 0233 21       		.byte	33
 589 0234 21       		.byte	33
 590 0235 21       		.byte	33
 591 0236 01       		.byte	1
 592 0237 0F       		.byte	15
 593 0238 0F       		.byte	15
 594 0239 00       		.byte	0
 595 023a 00       		.byte	0
 596 023b 00       		.byte	0
 597 023c 00       		.byte	0
 598 023d 00       		.byte	0
 599 023e FE       		.byte	-2
 600 023f FF       		.byte	-1
 601 0240 01       		.byte	1
 602 0241 41       		.byte	65
 603 0242 41       		.byte	65
 604 0243 DF       		.byte	-33
 605 0244 DE       		.byte	-34
 606 0245 07       		.byte	7
 607 0246 0F       		.byte	15
 608 0247 08       		.byte	8
 609 0248 08       		.byte	8
 610 0249 08       		.byte	8
 611 024a 0F       		.byte	15
 612 024b 07       		.byte	7
 613 024c FF       		.byte	-1
 614 024d FF       		.byte	-1
 615 024e 20       		.byte	32
 616 024f 20       		.byte	32
 617 0250 20       		.byte	32
 618 0251 FF       		.byte	-1
 619 0252 FF       		.byte	-1
 620 0253 0F       		.byte	15
 621 0254 0F       		.byte	15
 622 0255 00       		.byte	0
 623 0256 00       		.byte	0
 624 0257 00       		.byte	0
 625 0258 0F       		.byte	15
 626 0259 0F       		.byte	15
 627 025a FF       		.byte	-1
 628 025b FF       		.byte	-1
 629 025c 0F       		.byte	15
 630 025d 0F       		.byte	15
 631 025e 80       		.byte	-128
 632 025f 80       		.byte	-128
 633 0260 00       		.byte	0
 634 0261 00       		.byte	0
 635 0262 00       		.byte	0
 636 0263 FF       		.byte	-1
 637 0264 FF       		.byte	-1
 638 0265 07       		.byte	7
 639 0266 0F       		.byte	15
 640 0267 08       		.byte	8
 641 0268 08       		.byte	8
 642 0269 08       		.byte	8
 643 026a 0F       		.byte	15
 644 026b 07       		.byte	7
 645 026c FF       		.byte	-1
 646 026d FF       		.byte	-1
 647 026e 20       		.byte	32
 648 026f 20       		.byte	32
 649 0270 70       		.byte	112
 650 0271 DF       		.byte	-33
 651 0272 8F       		.byte	-113
 652 0273 0F       		.byte	15
 653 0274 0F       		.byte	15
 654 0275 00       		.byte	0
 655 0276 00       		.byte	0
 656 0277 00       		.byte	0
 657 0278 0F       		.byte	15
 658 0279 0F       		.byte	15
 659 027a FF       		.byte	-1
 660 027b FF       		.byte	-1
 661 027c 00       		.byte	0
 662 027d 00       		.byte	0
 663 027e 00       		.byte	0
 664 027f 00       		.byte	0
 665 0280 0F       		.byte	15
 666 0281 0F       		.byte	15
 667 0282 08       		.byte	8
 668 0283 08       		.byte	8
 669 0284 08       		.byte	8
 670 0285 08       		.byte	8
 671 0286 FF       		.byte	-1
 672 0287 FF       		.byte	-1
 673 0288 01       		.byte	1
 674 0289 01       		.byte	1
 675 028a FF       		.byte	-1
 676 028b FF       		.byte	-1
 677 028c 01       		.byte	1
 678 028d 01       		.byte	1
 679 028e FF       		.byte	-1
 680 028f FE       		.byte	-2
 681 0290 0F       		.byte	15
 682 0291 0F       		.byte	15
 683 0292 00       		.byte	0
 684 0293 00       		.byte	0
 685 0294 0F       		.byte	15
 686 0295 0F       		.byte	15
 687 0296 00       		.byte	0
 688 0297 00       		.byte	0
 689 0298 0F       		.byte	15
 690 0299 0F       		.byte	15
 691 029a FF       		.byte	-1
 692 029b FF       		.byte	-1
 693 029c 01       		.byte	1
 694 029d 01       		.byte	1
 695 029e 01       		.byte	1
 696 029f FF       		.byte	-1
 697 02a0 FE       		.byte	-2
 698 02a1 0F       		.byte	15
 699 02a2 0F       		.byte	15
 700 02a3 00       		.byte	0
 701 02a4 00       		.byte	0
 702 02a5 00       		.byte	0
 703 02a6 0F       		.byte	15
 704 02a7 0F       		.byte	15
 705 02a8 FE       		.byte	-2
 706 02a9 FF       		.byte	-1
 707 02aa 01       		.byte	1
 708 02ab 01       		.byte	1
 709 02ac 01       		.byte	1
 710 02ad FF       		.byte	-1
 711 02ae FE       		.byte	-2
 712 02af 07       		.byte	7
 713 02b0 0F       		.byte	15
 714 02b1 08       		.byte	8
 715 02b2 08       		.byte	8
 716 02b3 08       		.byte	8
 717 02b4 0F       		.byte	15
 718 02b5 07       		.byte	7
 719 02b6 FF       		.byte	-1
 720 02b7 FF       		.byte	-1
 721 02b8 41       		.byte	65
 722 02b9 41       		.byte	65
 723 02ba 41       		.byte	65
 724 02bb 7F       		.byte	127
 725 02bc 3E       		.byte	62
 726 02bd 0F       		.byte	15
 727 02be 0F       		.byte	15
 728 02bf 00       		.byte	0
 729 02c0 00       		.byte	0
 730 02c1 00       		.byte	0
 731 02c2 00       		.byte	0
 732 02c3 00       		.byte	0
 733 02c4 FE       		.byte	-2
 734 02c5 FF       		.byte	-1
 735 02c6 01       		.byte	1
 736 02c7 01       		.byte	1
 737 02c8 01       		.byte	1
 738 02c9 FF       		.byte	-1
 739 02ca FE       		.byte	-2
 740 02cb 07       		.byte	7
 741 02cc 0F       		.byte	15
 742 02cd 08       		.byte	8
 743 02ce 08       		.byte	8
 744 02cf 18       		.byte	24
 745 02d0 3F       		.byte	63
 746 02d1 27       		.byte	39
 747 02d2 FF       		.byte	-1
 748 02d3 FF       		.byte	-1
 749 02d4 21       		.byte	33
 750 02d5 21       		.byte	33
 751 02d6 21       		.byte	33
 752 02d7 FF       		.byte	-1
 753 02d8 DE       		.byte	-34
 754 02d9 0F       		.byte	15
 755 02da 0F       		.byte	15
 756 02db 00       		.byte	0
 757 02dc 00       		.byte	0
 758 02dd 00       		.byte	0
 759 02de 0F       		.byte	15
 760 02df 0F       		.byte	15
 761 02e0 9E       		.byte	-98
 762 02e1 BF       		.byte	-65
 763 02e2 21       		.byte	33
 764 02e3 21       		.byte	33
 765 02e4 21       		.byte	33
 766 02e5 EF       		.byte	-17
 767 02e6 CE       		.byte	-50
 768 02e7 07       		.byte	7
 769 02e8 0F       		.byte	15
 770 02e9 08       		.byte	8
 771 02ea 08       		.byte	8
 772 02eb 08       		.byte	8
 773 02ec 0F       		.byte	15
 774 02ed 07       		.byte	7
 775 02ee 01       		.byte	1
 776 02ef 01       		.byte	1
 777 02f0 FF       		.byte	-1
 778 02f1 FF       		.byte	-1
 779 02f2 01       		.byte	1
 780 02f3 01       		.byte	1
 781 02f4 00       		.byte	0
 782 02f5 00       		.byte	0
 783 02f6 0F       		.byte	15
 784 02f7 0F       		.byte	15
 785 02f8 00       		.byte	0
 786 02f9 00       		.byte	0
 787 02fa FF       		.byte	-1
 788 02fb FF       		.byte	-1
 789 02fc 00       		.byte	0
 790 02fd 00       		.byte	0
 791 02fe 00       		.byte	0
 792 02ff FF       		.byte	-1
 793 0300 FF       		.byte	-1
 794 0301 07       		.byte	7
 795 0302 0F       		.byte	15
 796 0303 08       		.byte	8
 797 0304 08       		.byte	8
 798 0305 08       		.byte	8
 799 0306 0F       		.byte	15
 800 0307 07       		.byte	7
 801 0308 FF       		.byte	-1
 802 0309 FF       		.byte	-1
 803 030a 00       		.byte	0
 804 030b 00       		.byte	0
 805 030c 00       		.byte	0
 806 030d FF       		.byte	-1
 807 030e FF       		.byte	-1
 808 030f 01       		.byte	1
 809 0310 03       		.byte	3
 810 0311 06       		.byte	6
 811 0312 0C       		.byte	12
 812 0313 06       		.byte	6
 813 0314 03       		.byte	3
 814 0315 01       		.byte	1
 815 0316 FF       		.byte	-1
 816 0317 FF       		.byte	-1
 817 0318 00       		.byte	0
 818 0319 00       		.byte	0
 819 031a 00       		.byte	0
 820 031b FF       		.byte	-1
 821 031c FF       		.byte	-1
 822 031d 00       		.byte	0
 823 031e 00       		.byte	0
 824 031f 00       		.byte	0
 825 0320 FF       		.byte	-1
 826 0321 FF       		.byte	-1
 827 0322 01       		.byte	1
 828 0323 03       		.byte	3
 829 0324 06       		.byte	6
 830 0325 0C       		.byte	12
 831 0326 06       		.byte	6
 832 0327 03       		.byte	3
 833 0328 03       		.byte	3
 834 0329 06       		.byte	6
 835 032a 0C       		.byte	12
 836 032b 06       		.byte	6
 837 032c 03       		.byte	3
 838 032d 01       		.byte	1
 839 032e 1F       		.byte	31
 840 032f BF       		.byte	-65
 841 0330 E0       		.byte	-32
 842 0331 40       		.byte	64
 843 0332 E0       		.byte	-32
 844 0333 BF       		.byte	-65
 845 0334 1F       		.byte	31
 846 0335 0F       		.byte	15
 847 0336 0F       		.byte	15
 848 0337 00       		.byte	0
 849 0338 00       		.byte	0
 850 0339 00       		.byte	0
 851 033a 0F       		.byte	15
 852 033b 0F       		.byte	15
 853 033c 3F       		.byte	63
 854 033d 7F       		.byte	127
 855 033e C0       		.byte	-64
 856 033f C0       		.byte	-64
 857 0340 7F       		.byte	127
 858 0341 3F       		.byte	63
 859 0342 00       		.byte	0
 860 0343 00       		.byte	0
 861 0344 0F       		.byte	15
 862 0345 0F       		.byte	15
 863 0346 00       		.byte	0
 864 0347 00       		.byte	0
 865 0348 81       		.byte	-127
 866 0349 C1       		.byte	-63
 867 034a 61       		.byte	97
 868 034b 31       		.byte	49
 869 034c 1F       		.byte	31
 870 034d 0F       		.byte	15
 871 034e 00       		.byte	0
 872 034f 0F       		.byte	15
 873 0350 0F       		.byte	15
 874 0351 08       		.byte	8
 875 0352 08       		.byte	8
 876 0353 08       		.byte	8
 877 0354 08       		.byte	8
 878 0355 08       		.byte	8
 879 0356 FF       		.byte	-1
 880 0357 FF       		.byte	-1
 881 0358 01       		.byte	1
 882 0359 01       		.byte	1
 883 035a 0F       		.byte	15
 884 035b 0F       		.byte	15
 885 035c 08       		.byte	8
 886 035d 08       		.byte	8
 887 035e 01       		.byte	1
 888 035f 0F       		.byte	15
 889 0360 7C       		.byte	124
 890 0361 E0       		.byte	-32
 891 0362 00       		.byte	0
 892 0363 00       		.byte	0
 893 0364 00       		.byte	0
 894 0365 00       		.byte	0
 895 0366 00       		.byte	0
 896 0367 03       		.byte	3
 897 0368 1F       		.byte	31
 898 0369 18       		.byte	24
 899 036a 01       		.byte	1
 900 036b 01       		.byte	1
 901 036c FF       		.byte	-1
 902 036d FF       		.byte	-1
 903 036e 08       		.byte	8
 904 036f 08       		.byte	8
 905 0370 0F       		.byte	15
 906 0371 0F       		.byte	15
 907 0372 20       		.byte	32
 908 0373 38       		.byte	56
 909 0374 0E       		.byte	14
 910 0375 03       		.byte	3
 911 0376 0E       		.byte	14
 912 0377 38       		.byte	56
 913 0378 20       		.byte	32
 914 0379 00       		.byte	0
 915 037a 00       		.byte	0
 916 037b 00       		.byte	0
 917 037c 00       		.byte	0
 918 037d 00       		.byte	0
 919 037e 00       		.byte	0
 920 037f 00       		.byte	0
 921 0380 00       		.byte	0
 922 0381 00       		.byte	0
 923 0382 00       		.byte	0
 924 0383 00       		.byte	0
 925 0384 00       		.byte	0
 926 0385 00       		.byte	0
 927 0386 00       		.byte	0
 928 0387 40       		.byte	64
 929 0388 40       		.byte	64
 930 0389 40       		.byte	64
 931 038a 40       		.byte	64
 932 038b 40       		.byte	64
 933 038c 40       		.byte	64
 934 038d 40       		.byte	64
 935 038e 01       		.byte	1
 936 038f 02       		.byte	2
 937 0390 04       		.byte	4
 938 0391 00       		.byte	0
 939 0392 00       		.byte	0
 940 0393 00       		.byte	0
 941 0394 F0       		.byte	-16
 942 0395 F8       		.byte	-8
 943 0396 08       		.byte	8
 944 0397 08       		.byte	8
 945 0398 08       		.byte	8
 946 0399 F8       		.byte	-8
 947 039a F8       		.byte	-8
 948 039b 07       		.byte	7
 949 039c 0F       		.byte	15
 950 039d 08       		.byte	8
 951 039e 08       		.byte	8
 952 039f 08       		.byte	8
 953 03a0 0F       		.byte	15
 954 03a1 0F       		.byte	15
 955 03a2 FF       		.byte	-1
 956 03a3 FF       		.byte	-1
 957 03a4 08       		.byte	8
 958 03a5 08       		.byte	8
 959 03a6 08       		.byte	8
 960 03a7 F8       		.byte	-8
 961 03a8 F0       		.byte	-16
 962 03a9 0F       		.byte	15
 963 03aa 0F       		.byte	15
 964 03ab 08       		.byte	8
 965 03ac 08       		.byte	8
 966 03ad 08       		.byte	8
 967 03ae 0F       		.byte	15
 968 03af 07       		.byte	7
 969 03b0 F0       		.byte	-16
 970 03b1 F8       		.byte	-8
 971 03b2 08       		.byte	8
 972 03b3 08       		.byte	8
 973 03b4 08       		.byte	8
 974 03b5 38       		.byte	56
 975 03b6 30       		.byte	48
 976 03b7 07       		.byte	7
 977 03b8 0F       		.byte	15
 978 03b9 08       		.byte	8
 979 03ba 08       		.byte	8
 980 03bb 08       		.byte	8
 981 03bc 0E       		.byte	14
 982 03bd 06       		.byte	6
 983 03be F0       		.byte	-16
 984 03bf F8       		.byte	-8
 985 03c0 08       		.byte	8
 986 03c1 08       		.byte	8
 987 03c2 08       		.byte	8
 988 03c3 FF       		.byte	-1
 989 03c4 FF       		.byte	-1
 990 03c5 07       		.byte	7
 991 03c6 0F       		.byte	15
 992 03c7 08       		.byte	8
 993 03c8 08       		.byte	8
 994 03c9 08       		.byte	8
 995 03ca 0F       		.byte	15
 996 03cb 0F       		.byte	15
 997 03cc F0       		.byte	-16
 998 03cd F8       		.byte	-8
 999 03ce 48       		.byte	72
 1000 03cf 48       		.byte	72
 1001 03d0 48       		.byte	72
 1002 03d1 78       		.byte	120
 1003 03d2 70       		.byte	112
 1004 03d3 07       		.byte	7
 1005 03d4 0F       		.byte	15
 1006 03d5 08       		.byte	8
 1007 03d6 08       		.byte	8
 1008 03d7 08       		.byte	8
 1009 03d8 0E       		.byte	14
 1010 03d9 06       		.byte	6
 1011 03da 08       		.byte	8
 1012 03db FE       		.byte	-2
 1013 03dc FF       		.byte	-1
 1014 03dd 09       		.byte	9
 1015 03de 09       		.byte	9
 1016 03df 00       		.byte	0
 1017 03e0 0F       		.byte	15
 1018 03e1 0F       		.byte	15
 1019 03e2 00       		.byte	0
 1020 03e3 00       		.byte	0
 1021 03e4 F0       		.byte	-16
 1022 03e5 F8       		.byte	-8
 1023 03e6 08       		.byte	8
 1024 03e7 08       		.byte	8
 1025 03e8 08       		.byte	8
 1026 03e9 F8       		.byte	-8
 1027 03ea F8       		.byte	-8
 1028 03eb 07       		.byte	7
 1029 03ec 4F       		.byte	79
 1030 03ed 48       		.byte	72
 1031 03ee 48       		.byte	72
 1032 03ef 48       		.byte	72
 1033 03f0 7F       		.byte	127
 1034 03f1 3F       		.byte	63
 1035 03f2 FF       		.byte	-1
 1036 03f3 FF       		.byte	-1
 1037 03f4 08       		.byte	8
 1038 03f5 08       		.byte	8
 1039 03f6 08       		.byte	8
 1040 03f7 F8       		.byte	-8
 1041 03f8 F0       		.byte	-16
 1042 03f9 0F       		.byte	15
 1043 03fa 0F       		.byte	15
 1044 03fb 00       		.byte	0
 1045 03fc 00       		.byte	0
 1046 03fd 00       		.byte	0
 1047 03fe 0F       		.byte	15
 1048 03ff 0F       		.byte	15
 1049 0400 FB       		.byte	-5
 1050 0401 FB       		.byte	-5
 1051 0402 0F       		.byte	15
 1052 0403 0F       		.byte	15
 1053 0404 00       		.byte	0
 1054 0405 00       		.byte	0
 1055 0406 FB       		.byte	-5
 1056 0407 FB       		.byte	-5
 1057 0408 40       		.byte	64
 1058 0409 40       		.byte	64
 1059 040a 7F       		.byte	127
 1060 040b 3F       		.byte	63
 1061 040c FF       		.byte	-1
 1062 040d FF       		.byte	-1
 1063 040e 40       		.byte	64
 1064 040f 40       		.byte	64
 1065 0410 E0       		.byte	-32
 1066 0411 B8       		.byte	-72
 1067 0412 18       		.byte	24
 1068 0413 0F       		.byte	15
 1069 0414 0F       		.byte	15
 1070 0415 00       		.byte	0
 1071 0416 00       		.byte	0
 1072 0417 00       		.byte	0
 1073 0418 0F       		.byte	15
 1074 0419 0F       		.byte	15
 1075 041a FF       		.byte	-1
 1076 041b FF       		.byte	-1
 1077 041c 0F       		.byte	15
 1078 041d 0F       		.byte	15
 1079 041e F8       		.byte	-8
 1080 041f F8       		.byte	-8
 1081 0420 08       		.byte	8
 1082 0421 08       		.byte	8
 1083 0422 F8       		.byte	-8
 1084 0423 F8       		.byte	-8
 1085 0424 08       		.byte	8
 1086 0425 08       		.byte	8
 1087 0426 F8       		.byte	-8
 1088 0427 F0       		.byte	-16
 1089 0428 0F       		.byte	15
 1090 0429 0F       		.byte	15
 1091 042a 00       		.byte	0
 1092 042b 00       		.byte	0
 1093 042c 0F       		.byte	15
 1094 042d 0F       		.byte	15
 1095 042e 00       		.byte	0
 1096 042f 00       		.byte	0
 1097 0430 0F       		.byte	15
 1098 0431 0F       		.byte	15
 1099 0432 F8       		.byte	-8
 1100 0433 F8       		.byte	-8
 1101 0434 08       		.byte	8
 1102 0435 08       		.byte	8
 1103 0436 08       		.byte	8
 1104 0437 F8       		.byte	-8
 1105 0438 F0       		.byte	-16
 1106 0439 0F       		.byte	15
 1107 043a 0F       		.byte	15
 1108 043b 00       		.byte	0
 1109 043c 00       		.byte	0
 1110 043d 00       		.byte	0
 1111 043e 0F       		.byte	15
 1112 043f 0F       		.byte	15
 1113 0440 F0       		.byte	-16
 1114 0441 F8       		.byte	-8
 1115 0442 08       		.byte	8
 1116 0443 08       		.byte	8
 1117 0444 08       		.byte	8
 1118 0445 F8       		.byte	-8
 1119 0446 F0       		.byte	-16
 1120 0447 07       		.byte	7
 1121 0448 0F       		.byte	15
 1122 0449 08       		.byte	8
 1123 044a 08       		.byte	8
 1124 044b 08       		.byte	8
 1125 044c 0F       		.byte	15
 1126 044d 07       		.byte	7
 1127 044e F8       		.byte	-8
 1128 044f F8       		.byte	-8
 1129 0450 08       		.byte	8
 1130 0451 08       		.byte	8
 1131 0452 08       		.byte	8
 1132 0453 F8       		.byte	-8
 1133 0454 F0       		.byte	-16
 1134 0455 7F       		.byte	127
 1135 0456 7F       		.byte	127
 1136 0457 08       		.byte	8
 1137 0458 08       		.byte	8
 1138 0459 08       		.byte	8
 1139 045a 0F       		.byte	15
 1140 045b 07       		.byte	7
 1141 045c F0       		.byte	-16
 1142 045d F8       		.byte	-8
 1143 045e 08       		.byte	8
 1144 045f 08       		.byte	8
 1145 0460 08       		.byte	8
 1146 0461 F8       		.byte	-8
 1147 0462 F8       		.byte	-8
 1148 0463 07       		.byte	7
 1149 0464 0F       		.byte	15
 1150 0465 08       		.byte	8
 1151 0466 08       		.byte	8
 1152 0467 08       		.byte	8
 1153 0468 7F       		.byte	127
 1154 0469 7F       		.byte	127
 1155 046a F8       		.byte	-8
 1156 046b F8       		.byte	-8
 1157 046c 30       		.byte	48
 1158 046d 10       		.byte	16
 1159 046e 08       		.byte	8
 1160 046f 08       		.byte	8
 1161 0470 0F       		.byte	15
 1162 0471 0F       		.byte	15
 1163 0472 00       		.byte	0
 1164 0473 00       		.byte	0
 1165 0474 00       		.byte	0
 1166 0475 00       		.byte	0
 1167 0476 70       		.byte	112
 1168 0477 F8       		.byte	-8
 1169 0478 88       		.byte	-120
 1170 0479 88       		.byte	-120
 1171 047a 88       		.byte	-120
 1172 047b B8       		.byte	-72
 1173 047c 30       		.byte	48
 1174 047d 06       		.byte	6
 1175 047e 0E       		.byte	14
 1176 047f 08       		.byte	8
 1177 0480 08       		.byte	8
 1178 0481 08       		.byte	8
 1179 0482 0F       		.byte	15
 1180 0483 07       		.byte	7
 1181 0484 08       		.byte	8
 1182 0485 FE       		.byte	-2
 1183 0486 FF       		.byte	-1
 1184 0487 08       		.byte	8
 1185 0488 08       		.byte	8
 1186 0489 00       		.byte	0
 1187 048a 07       		.byte	7
 1188 048b 0F       		.byte	15
 1189 048c 08       		.byte	8
 1190 048d 08       		.byte	8
 1191 048e F8       		.byte	-8
 1192 048f F8       		.byte	-8
 1193 0490 00       		.byte	0
 1194 0491 00       		.byte	0
 1195 0492 00       		.byte	0
 1196 0493 F8       		.byte	-8
 1197 0494 F8       		.byte	-8
 1198 0495 07       		.byte	7
 1199 0496 0F       		.byte	15
 1200 0497 08       		.byte	8
 1201 0498 08       		.byte	8
 1202 0499 08       		.byte	8
 1203 049a 0F       		.byte	15
 1204 049b 07       		.byte	7
 1205 049c F8       		.byte	-8
 1206 049d F8       		.byte	-8
 1207 049e 00       		.byte	0
 1208 049f 00       		.byte	0
 1209 04a0 00       		.byte	0
 1210 04a1 F8       		.byte	-8
 1211 04a2 F8       		.byte	-8
 1212 04a3 03       		.byte	3
 1213 04a4 07       		.byte	7
 1214 04a5 0C       		.byte	12
 1215 04a6 08       		.byte	8
 1216 04a7 0C       		.byte	12
 1217 04a8 07       		.byte	7
 1218 04a9 03       		.byte	3
 1219 04aa F8       		.byte	-8
 1220 04ab F8       		.byte	-8
 1221 04ac 00       		.byte	0
 1222 04ad 00       		.byte	0
 1223 04ae 00       		.byte	0
 1224 04af F8       		.byte	-8
 1225 04b0 F8       		.byte	-8
 1226 04b1 00       		.byte	0
 1227 04b2 00       		.byte	0
 1228 04b3 00       		.byte	0
 1229 04b4 F8       		.byte	-8
 1230 04b5 F8       		.byte	-8
 1231 04b6 03       		.byte	3
 1232 04b7 07       		.byte	7
 1233 04b8 0C       		.byte	12
 1234 04b9 08       		.byte	8
 1235 04ba 0C       		.byte	12
 1236 04bb 07       		.byte	7
 1237 04bc 07       		.byte	7
 1238 04bd 0C       		.byte	12
 1239 04be 08       		.byte	8
 1240 04bf 0C       		.byte	12
 1241 04c0 07       		.byte	7
 1242 04c1 03       		.byte	3
 1243 04c2 38       		.byte	56
 1244 04c3 78       		.byte	120
 1245 04c4 C0       		.byte	-64
 1246 04c5 80       		.byte	-128
 1247 04c6 C0       		.byte	-64
 1248 04c7 78       		.byte	120
 1249 04c8 38       		.byte	56
 1250 04c9 0E       		.byte	14
 1251 04ca 0F       		.byte	15
 1252 04cb 01       		.byte	1
 1253 04cc 00       		.byte	0
 1254 04cd 01       		.byte	1
 1255 04ce 0F       		.byte	15
 1256 04cf 0E       		.byte	14
 1257 04d0 F8       		.byte	-8
 1258 04d1 F8       		.byte	-8
 1259 04d2 00       		.byte	0
 1260 04d3 00       		.byte	0
 1261 04d4 00       		.byte	0
 1262 04d5 F8       		.byte	-8
 1263 04d6 F8       		.byte	-8
 1264 04d7 07       		.byte	7
 1265 04d8 4F       		.byte	79
 1266 04d9 48       		.byte	72
 1267 04da 48       		.byte	72
 1268 04db 48       		.byte	72
 1269 04dc 7F       		.byte	127
 1270 04dd 3F       		.byte	63
 1271 04de 08       		.byte	8
 1272 04df 88       		.byte	-120
 1273 04e0 C8       		.byte	-56
 1274 04e1 78       		.byte	120
 1275 04e2 38       		.byte	56
 1276 04e3 0F       		.byte	15
 1277 04e4 0F       		.byte	15
 1278 04e5 08       		.byte	8
 1279 04e6 08       		.byte	8
 1280 04e7 08       		.byte	8
 1281 04e8 40       		.byte	64
 1282 04e9 FE       		.byte	-2
 1283 04ea BF       		.byte	-65
 1284 04eb 01       		.byte	1
 1285 04ec 01       		.byte	1
 1286 04ed 00       		.byte	0
 1287 04ee 0F       		.byte	15
 1288 04ef 1F       		.byte	31
 1289 04f0 10       		.byte	16
 1290 04f1 10       		.byte	16
 1291 04f2 FF       		.byte	-1
 1292 04f3 FF       		.byte	-1
 1293 04f4 0F       		.byte	15
 1294 04f5 0F       		.byte	15
 1295 04f6 01       		.byte	1
 1296 04f7 01       		.byte	1
 1297 04f8 BF       		.byte	-65
 1298 04f9 FE       		.byte	-2
 1299 04fa 40       		.byte	64
 1300 04fb 10       		.byte	16
 1301 04fc 10       		.byte	16
 1302 04fd 1F       		.byte	31
 1303 04fe 0F       		.byte	15
 1304 04ff 00       		.byte	0
 1305 0500 C0       		.byte	-64
 1306 0501 60       		.byte	96
 1307 0502 E0       		.byte	-32
 1308 0503 C0       		.byte	-64
 1309 0504 60       		.byte	96
 1310 0505 00       		.byte	0
 1311 0506 00       		.byte	0
 1312 0507 00       		.byte	0
 1313 0508 00       		.byte	0
 1314 0509 00       		.byte	0
 1315 050a 00       		.byte	0
 1316 050b 00       		.byte	0
 1317 050c 00       		.byte	0
 1318 050d 00       		.byte	0
 1319 050e 00       		.byte	0
 1320 050f 00       		.byte	0
 1321 0510 00       		.byte	0
 1322 0511 00       		.byte	0
 1323 0512 00       		.byte	0
 1324 0513 00       		.byte	0
 1325 0514 00       		.byte	0
 1326 0515 00       		.byte	0
 1327 0516 00       		.byte	0
 1328 0517 00       		.byte	0
 1329              		.text
 1330              	.Letext0:
 1331              		.file 1 "/opt/arm-2012.09/bin/../lib/gcc/arm-none-eabi/4.7.2/../../../../arm-none-eabi/include/c++
 1332              		.file 2 "/opt/arm-2012.09/bin/../lib/gcc/arm-none-eabi/4.7.2/../../../../arm-none-eabi/include/str
 1333              		.file 3 "/opt/arm-2012.09/bin/../lib/gcc/arm-none-eabi/4.7.2/include/stddef.h"
 1334              		.file 4 "/home/jonas/warwick/3dProfilometer/xpcc/src/xpcc/architecture/driver/accessor/ram.hpp"
 1335              		.file 5 "/home/jonas/warwick/3dProfilometer/xpcc/src/xpcc/io/iodevice.hpp"
 1336              		.file 6 "/home/jonas/warwick/3dProfilometer/xpcc/src/xpcc/driver/ui/display/font/assertion.cpp"
 1337              		.file 7 "<built-in>"
DEFINED SYMBOLS
                            *ABS*:00000000 assertion.cpp
     /tmp/cc5082eC.s:24     .rodata._ZN4xpcc4font9AssertionE:00000000 _ZN4xpcc4font9AssertionE
     /tmp/cc5082eC.s:21     .rodata._ZN4xpcc4font9AssertionE:00000000 $d

NO UNDEFINED SYMBOLS
