   1              		.syntax unified
   2              		.cpu cortex-m4
   3              		.eabi_attribute 27, 3
   4              		.fpu fpv4-sp-d16
   5              		.eabi_attribute 20, 1
   6              		.eabi_attribute 21, 1
   7              		.eabi_attribute 23, 3
   8              		.eabi_attribute 24, 1
   9              		.eabi_attribute 25, 1
  10              		.eabi_attribute 26, 1
  11              		.eabi_attribute 30, 2
  12              		.eabi_attribute 34, 1
  13              		.eabi_attribute 18, 4
  14              		.thumb
  15              		.file	"fixed_width_5x8.cpp"
  16              		.text
  17              	.Ltext0:
  18              		.cfi_sections	.debug_frame
  19              		.global	_ZN4xpcc4font13FixedWidth5x8E
  20              		.section	.rodata._ZN4xpcc4font13FixedWidth5x8E,"a",%progbits
  21              		.align	2
  24              	_ZN4xpcc4font13FixedWidth5x8E:
  25 0000 48       		.byte	72
  26 0001 02       		.byte	2
  27 0002 05       		.byte	5
  28 0003 08       		.byte	8
  29 0004 00       		.byte	0
  30 0005 01       		.byte	1
  31 0006 20       		.byte	32
  32 0007 60       		.byte	96
  33 0008 05       		.byte	5
  34 0009 05       		.byte	5
  35 000a 05       		.byte	5
  36 000b 05       		.byte	5
  37 000c 05       		.byte	5
  38 000d 05       		.byte	5
  39 000e 05       		.byte	5
  40 000f 05       		.byte	5
  41 0010 05       		.byte	5
  42 0011 05       		.byte	5
  43 0012 05       		.byte	5
  44 0013 05       		.byte	5
  45 0014 05       		.byte	5
  46 0015 05       		.byte	5
  47 0016 05       		.byte	5
  48 0017 05       		.byte	5
  49 0018 05       		.byte	5
  50 0019 05       		.byte	5
  51 001a 05       		.byte	5
  52 001b 05       		.byte	5
  53 001c 05       		.byte	5
  54 001d 05       		.byte	5
  55 001e 05       		.byte	5
  56 001f 05       		.byte	5
  57 0020 05       		.byte	5
  58 0021 05       		.byte	5
  59 0022 05       		.byte	5
  60 0023 05       		.byte	5
  61 0024 05       		.byte	5
  62 0025 05       		.byte	5
  63 0026 05       		.byte	5
  64 0027 05       		.byte	5
  65 0028 05       		.byte	5
  66 0029 05       		.byte	5
  67 002a 05       		.byte	5
  68 002b 05       		.byte	5
  69 002c 05       		.byte	5
  70 002d 05       		.byte	5
  71 002e 05       		.byte	5
  72 002f 05       		.byte	5
  73 0030 05       		.byte	5
  74 0031 05       		.byte	5
  75 0032 05       		.byte	5
  76 0033 05       		.byte	5
  77 0034 05       		.byte	5
  78 0035 05       		.byte	5
  79 0036 05       		.byte	5
  80 0037 05       		.byte	5
  81 0038 05       		.byte	5
  82 0039 05       		.byte	5
  83 003a 05       		.byte	5
  84 003b 05       		.byte	5
  85 003c 05       		.byte	5
  86 003d 05       		.byte	5
  87 003e 05       		.byte	5
  88 003f 05       		.byte	5
  89 0040 05       		.byte	5
  90 0041 05       		.byte	5
  91 0042 05       		.byte	5
  92 0043 05       		.byte	5
  93 0044 05       		.byte	5
  94 0045 05       		.byte	5
  95 0046 05       		.byte	5
  96 0047 05       		.byte	5
  97 0048 05       		.byte	5
  98 0049 05       		.byte	5
  99 004a 05       		.byte	5
 100 004b 05       		.byte	5
 101 004c 05       		.byte	5
 102 004d 05       		.byte	5
 103 004e 05       		.byte	5
 104 004f 05       		.byte	5
 105 0050 05       		.byte	5
 106 0051 05       		.byte	5
 107 0052 05       		.byte	5
 108 0053 05       		.byte	5
 109 0054 05       		.byte	5
 110 0055 05       		.byte	5
 111 0056 05       		.byte	5
 112 0057 05       		.byte	5
 113 0058 05       		.byte	5
 114 0059 05       		.byte	5
 115 005a 05       		.byte	5
 116 005b 05       		.byte	5
 117 005c 05       		.byte	5
 118 005d 05       		.byte	5
 119 005e 05       		.byte	5
 120 005f 05       		.byte	5
 121 0060 05       		.byte	5
 122 0061 05       		.byte	5
 123 0062 05       		.byte	5
 124 0063 05       		.byte	5
 125 0064 05       		.byte	5
 126 0065 05       		.byte	5
 127 0066 05       		.byte	5
 128 0067 05       		.byte	5
 129 0068 00       		.byte	0
 130 0069 00       		.byte	0
 131 006a 00       		.byte	0
 132 006b 00       		.byte	0
 133 006c 00       		.byte	0
 134 006d 00       		.byte	0
 135 006e 06       		.byte	6
 136 006f 5F       		.byte	95
 137 0070 06       		.byte	6
 138 0071 00       		.byte	0
 139 0072 07       		.byte	7
 140 0073 03       		.byte	3
 141 0074 00       		.byte	0
 142 0075 07       		.byte	7
 143 0076 03       		.byte	3
 144 0077 24       		.byte	36
 145 0078 7E       		.byte	126
 146 0079 24       		.byte	36
 147 007a 7E       		.byte	126
 148 007b 24       		.byte	36
 149 007c 24       		.byte	36
 150 007d 2A       		.byte	42
 151 007e 7F       		.byte	127
 152 007f 2A       		.byte	42
 153 0080 12       		.byte	18
 154 0081 23       		.byte	35
 155 0082 13       		.byte	19
 156 0083 08       		.byte	8
 157 0084 64       		.byte	100
 158 0085 62       		.byte	98
 159 0086 36       		.byte	54
 160 0087 49       		.byte	73
 161 0088 56       		.byte	86
 162 0089 20       		.byte	32
 163 008a 50       		.byte	80
 164 008b 00       		.byte	0
 165 008c 08       		.byte	8
 166 008d 07       		.byte	7
 167 008e 03       		.byte	3
 168 008f 00       		.byte	0
 169 0090 00       		.byte	0
 170 0091 00       		.byte	0
 171 0092 3E       		.byte	62
 172 0093 41       		.byte	65
 173 0094 00       		.byte	0
 174 0095 00       		.byte	0
 175 0096 41       		.byte	65
 176 0097 3E       		.byte	62
 177 0098 00       		.byte	0
 178 0099 00       		.byte	0
 179 009a 08       		.byte	8
 180 009b 3E       		.byte	62
 181 009c 1C       		.byte	28
 182 009d 3E       		.byte	62
 183 009e 08       		.byte	8
 184 009f 08       		.byte	8
 185 00a0 08       		.byte	8
 186 00a1 3E       		.byte	62
 187 00a2 08       		.byte	8
 188 00a3 08       		.byte	8
 189 00a4 00       		.byte	0
 190 00a5 80       		.byte	-128
 191 00a6 70       		.byte	112
 192 00a7 30       		.byte	48
 193 00a8 00       		.byte	0
 194 00a9 08       		.byte	8
 195 00aa 08       		.byte	8
 196 00ab 08       		.byte	8
 197 00ac 08       		.byte	8
 198 00ad 08       		.byte	8
 199 00ae 00       		.byte	0
 200 00af 00       		.byte	0
 201 00b0 60       		.byte	96
 202 00b1 60       		.byte	96
 203 00b2 00       		.byte	0
 204 00b3 20       		.byte	32
 205 00b4 10       		.byte	16
 206 00b5 08       		.byte	8
 207 00b6 04       		.byte	4
 208 00b7 02       		.byte	2
 209 00b8 3E       		.byte	62
 210 00b9 51       		.byte	81
 211 00ba 49       		.byte	73
 212 00bb 45       		.byte	69
 213 00bc 3E       		.byte	62
 214 00bd 00       		.byte	0
 215 00be 42       		.byte	66
 216 00bf 7F       		.byte	127
 217 00c0 40       		.byte	64
 218 00c1 00       		.byte	0
 219 00c2 62       		.byte	98
 220 00c3 51       		.byte	81
 221 00c4 49       		.byte	73
 222 00c5 49       		.byte	73
 223 00c6 46       		.byte	70
 224 00c7 22       		.byte	34
 225 00c8 49       		.byte	73
 226 00c9 49       		.byte	73
 227 00ca 49       		.byte	73
 228 00cb 36       		.byte	54
 229 00cc 18       		.byte	24
 230 00cd 14       		.byte	20
 231 00ce 12       		.byte	18
 232 00cf 7F       		.byte	127
 233 00d0 10       		.byte	16
 234 00d1 2F       		.byte	47
 235 00d2 49       		.byte	73
 236 00d3 49       		.byte	73
 237 00d4 49       		.byte	73
 238 00d5 31       		.byte	49
 239 00d6 3C       		.byte	60
 240 00d7 4A       		.byte	74
 241 00d8 49       		.byte	73
 242 00d9 49       		.byte	73
 243 00da 30       		.byte	48
 244 00db 01       		.byte	1
 245 00dc 71       		.byte	113
 246 00dd 09       		.byte	9
 247 00de 05       		.byte	5
 248 00df 03       		.byte	3
 249 00e0 36       		.byte	54
 250 00e1 49       		.byte	73
 251 00e2 49       		.byte	73
 252 00e3 49       		.byte	73
 253 00e4 36       		.byte	54
 254 00e5 06       		.byte	6
 255 00e6 49       		.byte	73
 256 00e7 49       		.byte	73
 257 00e8 29       		.byte	41
 258 00e9 1E       		.byte	30
 259 00ea 00       		.byte	0
 260 00eb 00       		.byte	0
 261 00ec 14       		.byte	20
 262 00ed 00       		.byte	0
 263 00ee 00       		.byte	0
 264 00ef 00       		.byte	0
 265 00f0 80       		.byte	-128
 266 00f1 64       		.byte	100
 267 00f2 00       		.byte	0
 268 00f3 00       		.byte	0
 269 00f4 08       		.byte	8
 270 00f5 14       		.byte	20
 271 00f6 22       		.byte	34
 272 00f7 41       		.byte	65
 273 00f8 00       		.byte	0
 274 00f9 14       		.byte	20
 275 00fa 14       		.byte	20
 276 00fb 14       		.byte	20
 277 00fc 14       		.byte	20
 278 00fd 14       		.byte	20
 279 00fe 00       		.byte	0
 280 00ff 41       		.byte	65
 281 0100 22       		.byte	34
 282 0101 14       		.byte	20
 283 0102 08       		.byte	8
 284 0103 02       		.byte	2
 285 0104 01       		.byte	1
 286 0105 59       		.byte	89
 287 0106 09       		.byte	9
 288 0107 06       		.byte	6
 289 0108 3E       		.byte	62
 290 0109 41       		.byte	65
 291 010a 5D       		.byte	93
 292 010b 55       		.byte	85
 293 010c 1E       		.byte	30
 294 010d 7E       		.byte	126
 295 010e 11       		.byte	17
 296 010f 11       		.byte	17
 297 0110 11       		.byte	17
 298 0111 7E       		.byte	126
 299 0112 7F       		.byte	127
 300 0113 49       		.byte	73
 301 0114 49       		.byte	73
 302 0115 49       		.byte	73
 303 0116 36       		.byte	54
 304 0117 3E       		.byte	62
 305 0118 41       		.byte	65
 306 0119 41       		.byte	65
 307 011a 41       		.byte	65
 308 011b 22       		.byte	34
 309 011c 7F       		.byte	127
 310 011d 41       		.byte	65
 311 011e 41       		.byte	65
 312 011f 41       		.byte	65
 313 0120 3E       		.byte	62
 314 0121 7F       		.byte	127
 315 0122 49       		.byte	73
 316 0123 49       		.byte	73
 317 0124 49       		.byte	73
 318 0125 41       		.byte	65
 319 0126 7F       		.byte	127
 320 0127 09       		.byte	9
 321 0128 09       		.byte	9
 322 0129 09       		.byte	9
 323 012a 01       		.byte	1
 324 012b 3E       		.byte	62
 325 012c 41       		.byte	65
 326 012d 49       		.byte	73
 327 012e 49       		.byte	73
 328 012f 7A       		.byte	122
 329 0130 7F       		.byte	127
 330 0131 08       		.byte	8
 331 0132 08       		.byte	8
 332 0133 08       		.byte	8
 333 0134 7F       		.byte	127
 334 0135 00       		.byte	0
 335 0136 41       		.byte	65
 336 0137 7F       		.byte	127
 337 0138 41       		.byte	65
 338 0139 00       		.byte	0
 339 013a 30       		.byte	48
 340 013b 40       		.byte	64
 341 013c 40       		.byte	64
 342 013d 40       		.byte	64
 343 013e 3F       		.byte	63
 344 013f 7F       		.byte	127
 345 0140 08       		.byte	8
 346 0141 14       		.byte	20
 347 0142 22       		.byte	34
 348 0143 41       		.byte	65
 349 0144 7F       		.byte	127
 350 0145 40       		.byte	64
 351 0146 40       		.byte	64
 352 0147 40       		.byte	64
 353 0148 40       		.byte	64
 354 0149 7F       		.byte	127
 355 014a 02       		.byte	2
 356 014b 04       		.byte	4
 357 014c 02       		.byte	2
 358 014d 7F       		.byte	127
 359 014e 7F       		.byte	127
 360 014f 02       		.byte	2
 361 0150 04       		.byte	4
 362 0151 08       		.byte	8
 363 0152 7F       		.byte	127
 364 0153 3E       		.byte	62
 365 0154 41       		.byte	65
 366 0155 41       		.byte	65
 367 0156 41       		.byte	65
 368 0157 3E       		.byte	62
 369 0158 7F       		.byte	127
 370 0159 09       		.byte	9
 371 015a 09       		.byte	9
 372 015b 09       		.byte	9
 373 015c 06       		.byte	6
 374 015d 3E       		.byte	62
 375 015e 41       		.byte	65
 376 015f 51       		.byte	81
 377 0160 21       		.byte	33
 378 0161 5E       		.byte	94
 379 0162 7F       		.byte	127
 380 0163 09       		.byte	9
 381 0164 09       		.byte	9
 382 0165 19       		.byte	25
 383 0166 66       		.byte	102
 384 0167 26       		.byte	38
 385 0168 49       		.byte	73
 386 0169 49       		.byte	73
 387 016a 49       		.byte	73
 388 016b 32       		.byte	50
 389 016c 01       		.byte	1
 390 016d 01       		.byte	1
 391 016e 7F       		.byte	127
 392 016f 01       		.byte	1
 393 0170 01       		.byte	1
 394 0171 3F       		.byte	63
 395 0172 40       		.byte	64
 396 0173 40       		.byte	64
 397 0174 40       		.byte	64
 398 0175 3F       		.byte	63
 399 0176 1F       		.byte	31
 400 0177 20       		.byte	32
 401 0178 40       		.byte	64
 402 0179 20       		.byte	32
 403 017a 1F       		.byte	31
 404 017b 3F       		.byte	63
 405 017c 40       		.byte	64
 406 017d 38       		.byte	56
 407 017e 40       		.byte	64
 408 017f 3F       		.byte	63
 409 0180 63       		.byte	99
 410 0181 14       		.byte	20
 411 0182 08       		.byte	8
 412 0183 14       		.byte	20
 413 0184 63       		.byte	99
 414 0185 07       		.byte	7
 415 0186 08       		.byte	8
 416 0187 70       		.byte	112
 417 0188 08       		.byte	8
 418 0189 07       		.byte	7
 419 018a 61       		.byte	97
 420 018b 51       		.byte	81
 421 018c 49       		.byte	73
 422 018d 45       		.byte	69
 423 018e 43       		.byte	67
 424 018f 00       		.byte	0
 425 0190 00       		.byte	0
 426 0191 7F       		.byte	127
 427 0192 41       		.byte	65
 428 0193 00       		.byte	0
 429 0194 02       		.byte	2
 430 0195 04       		.byte	4
 431 0196 08       		.byte	8
 432 0197 10       		.byte	16
 433 0198 20       		.byte	32
 434 0199 00       		.byte	0
 435 019a 41       		.byte	65
 436 019b 7F       		.byte	127
 437 019c 00       		.byte	0
 438 019d 00       		.byte	0
 439 019e 04       		.byte	4
 440 019f 02       		.byte	2
 441 01a0 01       		.byte	1
 442 01a1 02       		.byte	2
 443 01a2 04       		.byte	4
 444 01a3 80       		.byte	-128
 445 01a4 80       		.byte	-128
 446 01a5 80       		.byte	-128
 447 01a6 80       		.byte	-128
 448 01a7 80       		.byte	-128
 449 01a8 00       		.byte	0
 450 01a9 03       		.byte	3
 451 01aa 07       		.byte	7
 452 01ab 00       		.byte	0
 453 01ac 00       		.byte	0
 454 01ad 20       		.byte	32
 455 01ae 54       		.byte	84
 456 01af 54       		.byte	84
 457 01b0 54       		.byte	84
 458 01b1 78       		.byte	120
 459 01b2 7F       		.byte	127
 460 01b3 44       		.byte	68
 461 01b4 44       		.byte	68
 462 01b5 44       		.byte	68
 463 01b6 38       		.byte	56
 464 01b7 38       		.byte	56
 465 01b8 44       		.byte	68
 466 01b9 44       		.byte	68
 467 01ba 44       		.byte	68
 468 01bb 28       		.byte	40
 469 01bc 38       		.byte	56
 470 01bd 44       		.byte	68
 471 01be 44       		.byte	68
 472 01bf 44       		.byte	68
 473 01c0 7F       		.byte	127
 474 01c1 38       		.byte	56
 475 01c2 54       		.byte	84
 476 01c3 54       		.byte	84
 477 01c4 54       		.byte	84
 478 01c5 08       		.byte	8
 479 01c6 08       		.byte	8
 480 01c7 7E       		.byte	126
 481 01c8 09       		.byte	9
 482 01c9 09       		.byte	9
 483 01ca 00       		.byte	0
 484 01cb 18       		.byte	24
 485 01cc A4       		.byte	-92
 486 01cd A4       		.byte	-92
 487 01ce A4       		.byte	-92
 488 01cf 7C       		.byte	124
 489 01d0 7F       		.byte	127
 490 01d1 08       		.byte	8
 491 01d2 08       		.byte	8
 492 01d3 70       		.byte	112
 493 01d4 00       		.byte	0
 494 01d5 00       		.byte	0
 495 01d6 00       		.byte	0
 496 01d7 7D       		.byte	125
 497 01d8 40       		.byte	64
 498 01d9 00       		.byte	0
 499 01da 40       		.byte	64
 500 01db 80       		.byte	-128
 501 01dc 84       		.byte	-124
 502 01dd 7D       		.byte	125
 503 01de 00       		.byte	0
 504 01df 7F       		.byte	127
 505 01e0 10       		.byte	16
 506 01e1 28       		.byte	40
 507 01e2 44       		.byte	68
 508 01e3 00       		.byte	0
 509 01e4 00       		.byte	0
 510 01e5 00       		.byte	0
 511 01e6 7F       		.byte	127
 512 01e7 40       		.byte	64
 513 01e8 00       		.byte	0
 514 01e9 7C       		.byte	124
 515 01ea 04       		.byte	4
 516 01eb 18       		.byte	24
 517 01ec 04       		.byte	4
 518 01ed 78       		.byte	120
 519 01ee 7C       		.byte	124
 520 01ef 04       		.byte	4
 521 01f0 04       		.byte	4
 522 01f1 78       		.byte	120
 523 01f2 00       		.byte	0
 524 01f3 38       		.byte	56
 525 01f4 44       		.byte	68
 526 01f5 44       		.byte	68
 527 01f6 44       		.byte	68
 528 01f7 38       		.byte	56
 529 01f8 FC       		.byte	-4
 530 01f9 24       		.byte	36
 531 01fa 24       		.byte	36
 532 01fb 24       		.byte	36
 533 01fc 18       		.byte	24
 534 01fd 18       		.byte	24
 535 01fe 24       		.byte	36
 536 01ff 24       		.byte	36
 537 0200 24       		.byte	36
 538 0201 FC       		.byte	-4
 539 0202 44       		.byte	68
 540 0203 78       		.byte	120
 541 0204 44       		.byte	68
 542 0205 04       		.byte	4
 543 0206 08       		.byte	8
 544 0207 08       		.byte	8
 545 0208 54       		.byte	84
 546 0209 54       		.byte	84
 547 020a 54       		.byte	84
 548 020b 20       		.byte	32
 549 020c 02       		.byte	2
 550 020d 3F       		.byte	63
 551 020e 42       		.byte	66
 552 020f 22       		.byte	34
 553 0210 00       		.byte	0
 554 0211 3C       		.byte	60
 555 0212 40       		.byte	64
 556 0213 40       		.byte	64
 557 0214 40       		.byte	64
 558 0215 3C       		.byte	60
 559 0216 1C       		.byte	28
 560 0217 20       		.byte	32
 561 0218 40       		.byte	64
 562 0219 20       		.byte	32
 563 021a 1C       		.byte	28
 564 021b 3C       		.byte	60
 565 021c 40       		.byte	64
 566 021d 30       		.byte	48
 567 021e 40       		.byte	64
 568 021f 3C       		.byte	60
 569 0220 6C       		.byte	108
 570 0221 10       		.byte	16
 571 0222 10       		.byte	16
 572 0223 6C       		.byte	108
 573 0224 00       		.byte	0
 574 0225 1C       		.byte	28
 575 0226 A0       		.byte	-96
 576 0227 A0       		.byte	-96
 577 0228 A0       		.byte	-96
 578 0229 7C       		.byte	124
 579 022a 64       		.byte	100
 580 022b 54       		.byte	84
 581 022c 54       		.byte	84
 582 022d 4C       		.byte	76
 583 022e 00       		.byte	0
 584 022f 08       		.byte	8
 585 0230 3E       		.byte	62
 586 0231 41       		.byte	65
 587 0232 41       		.byte	65
 588 0233 00       		.byte	0
 589 0234 00       		.byte	0
 590 0235 00       		.byte	0
 591 0236 77       		.byte	119
 592 0237 00       		.byte	0
 593 0238 00       		.byte	0
 594 0239 00       		.byte	0
 595 023a 41       		.byte	65
 596 023b 41       		.byte	65
 597 023c 3E       		.byte	62
 598 023d 08       		.byte	8
 599 023e 10       		.byte	16
 600 023f 08       		.byte	8
 601 0240 10       		.byte	16
 602 0241 08       		.byte	8
 603 0242 00       		.byte	0
 604 0243 7C       		.byte	124
 605 0244 46       		.byte	70
 606 0245 43       		.byte	67
 607 0246 46       		.byte	70
 608 0247 7C       		.byte	124
 609              		.text
 610              	.Letext0:
 611              		.file 1 "/opt/arm-2012.09/bin/../lib/gcc/arm-none-eabi/4.7.2/../../../../arm-none-eabi/include/c++
 612              		.file 2 "/opt/arm-2012.09/bin/../lib/gcc/arm-none-eabi/4.7.2/../../../../arm-none-eabi/include/str
 613              		.file 3 "/opt/arm-2012.09/bin/../lib/gcc/arm-none-eabi/4.7.2/include/stddef.h"
 614              		.file 4 "/home/jonas/warwick/3dProfilometer/xpcc/src/xpcc/architecture/driver/accessor/ram.hpp"
 615              		.file 5 "/home/jonas/warwick/3dProfilometer/xpcc/src/xpcc/io/iodevice.hpp"
 616              		.file 6 "/home/jonas/warwick/3dProfilometer/xpcc/src/xpcc/driver/ui/display/font/fixed_width_5x8.c
 617              		.file 7 "<built-in>"
DEFINED SYMBOLS
                            *ABS*:00000000 fixed_width_5x8.cpp
     /tmp/cc112BTG.s:24     .rodata._ZN4xpcc4font13FixedWidth5x8E:00000000 _ZN4xpcc4font13FixedWidth5x8E
     /tmp/cc112BTG.s:21     .rodata._ZN4xpcc4font13FixedWidth5x8E:00000000 $d

NO UNDEFINED SYMBOLS
