   1              		.syntax unified
   2              		.cpu cortex-m4
   3              		.eabi_attribute 27, 3
   4              		.fpu fpv4-sp-d16
   5              		.eabi_attribute 20, 1
   6              		.eabi_attribute 21, 1
   7              		.eabi_attribute 23, 3
   8              		.eabi_attribute 24, 1
   9              		.eabi_attribute 25, 1
  10              		.eabi_attribute 26, 1
  11              		.eabi_attribute 30, 2
  12              		.eabi_attribute 34, 1
  13              		.eabi_attribute 18, 4
  14              		.thumb
  15              		.file	"numbers_40x56.cpp"
  16              		.text
  17              	.Ltext0:
  18              		.cfi_sections	.debug_frame
  19              		.global	_ZN4xpcc4font12Numbers40x57E
  20              		.section	.rodata._ZN4xpcc4font12Numbers40x57E,"a",%progbits
  21              		.align	2
  24              	_ZN4xpcc4font12Numbers40x57E:
  25 0000 02       		.byte	2
  26 0001 0B       		.byte	11
  27 0002 28       		.byte	40
  28 0003 38       		.byte	56
  29 0004 04       		.byte	4
  30 0005 00       		.byte	0
  31 0006 30       		.byte	48
  32 0007 0A       		.byte	10
  33 0008 28       		.byte	40
  34 0009 28       		.byte	40
  35 000a 28       		.byte	40
  36 000b 28       		.byte	40
  37 000c 28       		.byte	40
  38 000d 28       		.byte	40
  39 000e 28       		.byte	40
  40 000f 28       		.byte	40
  41 0010 28       		.byte	40
  42 0011 28       		.byte	40
  43 0012 00       		.byte	0
  44 0013 00       		.byte	0
  45 0014 00       		.byte	0
  46 0015 00       		.byte	0
  47 0016 00       		.byte	0
  48 0017 80       		.byte	-128
  49 0018 C0       		.byte	-64
  50 0019 E0       		.byte	-32
  51 001a F0       		.byte	-16
  52 001b F8       		.byte	-8
  53 001c FC       		.byte	-4
  54 001d FC       		.byte	-4
  55 001e FE       		.byte	-2
  56 001f FE       		.byte	-2
  57 0020 FE       		.byte	-2
  58 0021 FF       		.byte	-1
  59 0022 FF       		.byte	-1
  60 0023 FF       		.byte	-1
  61 0024 FF       		.byte	-1
  62 0025 FF       		.byte	-1
  63 0026 FF       		.byte	-1
  64 0027 FF       		.byte	-1
  65 0028 FF       		.byte	-1
  66 0029 FF       		.byte	-1
  67 002a FE       		.byte	-2
  68 002b FE       		.byte	-2
  69 002c FE       		.byte	-2
  70 002d FC       		.byte	-4
  71 002e FC       		.byte	-4
  72 002f F8       		.byte	-8
  73 0030 F0       		.byte	-16
  74 0031 E0       		.byte	-32
  75 0032 C0       		.byte	-64
  76 0033 80       		.byte	-128
  77 0034 00       		.byte	0
  78 0035 00       		.byte	0
  79 0036 00       		.byte	0
  80 0037 00       		.byte	0
  81 0038 00       		.byte	0
  82 0039 00       		.byte	0
  83 003a 00       		.byte	0
  84 003b 00       		.byte	0
  85 003c E0       		.byte	-32
  86 003d FC       		.byte	-4
  87 003e FE       		.byte	-2
  88 003f FF       		.byte	-1
  89 0040 FF       		.byte	-1
  90 0041 FF       		.byte	-1
  91 0042 FF       		.byte	-1
  92 0043 FF       		.byte	-1
  93 0044 FF       		.byte	-1
  94 0045 FF       		.byte	-1
  95 0046 FF       		.byte	-1
  96 0047 FF       		.byte	-1
  97 0048 1F       		.byte	31
  98 0049 0F       		.byte	15
  99 004a 07       		.byte	7
 100 004b 03       		.byte	3
 101 004c 03       		.byte	3
 102 004d 03       		.byte	3
 103 004e 03       		.byte	3
 104 004f 03       		.byte	3
 105 0050 07       		.byte	7
 106 0051 0F       		.byte	15
 107 0052 1F       		.byte	31
 108 0053 FF       		.byte	-1
 109 0054 FF       		.byte	-1
 110 0055 FF       		.byte	-1
 111 0056 FF       		.byte	-1
 112 0057 FF       		.byte	-1
 113 0058 FF       		.byte	-1
 114 0059 FF       		.byte	-1
 115 005a FF       		.byte	-1
 116 005b FF       		.byte	-1
 117 005c FF       		.byte	-1
 118 005d FC       		.byte	-4
 119 005e E0       		.byte	-32
 120 005f 00       		.byte	0
 121 0060 00       		.byte	0
 122 0061 00       		.byte	0
 123 0062 E0       		.byte	-32
 124 0063 FF       		.byte	-1
 125 0064 FF       		.byte	-1
 126 0065 FF       		.byte	-1
 127 0066 FF       		.byte	-1
 128 0067 FF       		.byte	-1
 129 0068 FF       		.byte	-1
 130 0069 FF       		.byte	-1
 131 006a FF       		.byte	-1
 132 006b FF       		.byte	-1
 133 006c FF       		.byte	-1
 134 006d FF       		.byte	-1
 135 006e 0F       		.byte	15
 136 006f 00       		.byte	0
 137 0070 00       		.byte	0
 138 0071 00       		.byte	0
 139 0072 00       		.byte	0
 140 0073 00       		.byte	0
 141 0074 00       		.byte	0
 142 0075 00       		.byte	0
 143 0076 00       		.byte	0
 144 0077 00       		.byte	0
 145 0078 00       		.byte	0
 146 0079 00       		.byte	0
 147 007a 00       		.byte	0
 148 007b 00       		.byte	0
 149 007c 0F       		.byte	15
 150 007d FF       		.byte	-1
 151 007e FF       		.byte	-1
 152 007f FF       		.byte	-1
 153 0080 FF       		.byte	-1
 154 0081 FF       		.byte	-1
 155 0082 FF       		.byte	-1
 156 0083 FF       		.byte	-1
 157 0084 FF       		.byte	-1
 158 0085 FF       		.byte	-1
 159 0086 FF       		.byte	-1
 160 0087 FF       		.byte	-1
 161 0088 E0       		.byte	-32
 162 0089 00       		.byte	0
 163 008a FF       		.byte	-1
 164 008b FF       		.byte	-1
 165 008c FF       		.byte	-1
 166 008d FF       		.byte	-1
 167 008e FF       		.byte	-1
 168 008f FF       		.byte	-1
 169 0090 FF       		.byte	-1
 170 0091 FF       		.byte	-1
 171 0092 FF       		.byte	-1
 172 0093 FF       		.byte	-1
 173 0094 FF       		.byte	-1
 174 0095 FF       		.byte	-1
 175 0096 00       		.byte	0
 176 0097 00       		.byte	0
 177 0098 00       		.byte	0
 178 0099 00       		.byte	0
 179 009a 00       		.byte	0
 180 009b 00       		.byte	0
 181 009c 00       		.byte	0
 182 009d 00       		.byte	0
 183 009e 00       		.byte	0
 184 009f 00       		.byte	0
 185 00a0 00       		.byte	0
 186 00a1 00       		.byte	0
 187 00a2 00       		.byte	0
 188 00a3 00       		.byte	0
 189 00a4 00       		.byte	0
 190 00a5 FF       		.byte	-1
 191 00a6 FF       		.byte	-1
 192 00a7 FF       		.byte	-1
 193 00a8 FF       		.byte	-1
 194 00a9 FF       		.byte	-1
 195 00aa FF       		.byte	-1
 196 00ab FF       		.byte	-1
 197 00ac FF       		.byte	-1
 198 00ad FF       		.byte	-1
 199 00ae FF       		.byte	-1
 200 00af FF       		.byte	-1
 201 00b0 FF       		.byte	-1
 202 00b1 00       		.byte	0
 203 00b2 07       		.byte	7
 204 00b3 FF       		.byte	-1
 205 00b4 FF       		.byte	-1
 206 00b5 FF       		.byte	-1
 207 00b6 FF       		.byte	-1
 208 00b7 FF       		.byte	-1
 209 00b8 FF       		.byte	-1
 210 00b9 FF       		.byte	-1
 211 00ba FF       		.byte	-1
 212 00bb FF       		.byte	-1
 213 00bc FF       		.byte	-1
 214 00bd FF       		.byte	-1
 215 00be F0       		.byte	-16
 216 00bf 00       		.byte	0
 217 00c0 00       		.byte	0
 218 00c1 00       		.byte	0
 219 00c2 00       		.byte	0
 220 00c3 00       		.byte	0
 221 00c4 00       		.byte	0
 222 00c5 00       		.byte	0
 223 00c6 00       		.byte	0
 224 00c7 00       		.byte	0
 225 00c8 00       		.byte	0
 226 00c9 00       		.byte	0
 227 00ca 00       		.byte	0
 228 00cb 00       		.byte	0
 229 00cc F0       		.byte	-16
 230 00cd FF       		.byte	-1
 231 00ce FF       		.byte	-1
 232 00cf FF       		.byte	-1
 233 00d0 FF       		.byte	-1
 234 00d1 FF       		.byte	-1
 235 00d2 FF       		.byte	-1
 236 00d3 FF       		.byte	-1
 237 00d4 FF       		.byte	-1
 238 00d5 FF       		.byte	-1
 239 00d6 FF       		.byte	-1
 240 00d7 FF       		.byte	-1
 241 00d8 07       		.byte	7
 242 00d9 00       		.byte	0
 243 00da 00       		.byte	0
 244 00db 01       		.byte	1
 245 00dc 0F       		.byte	15
 246 00dd 3F       		.byte	63
 247 00de FF       		.byte	-1
 248 00df FF       		.byte	-1
 249 00e0 FF       		.byte	-1
 250 00e1 FF       		.byte	-1
 251 00e2 FF       		.byte	-1
 252 00e3 FF       		.byte	-1
 253 00e4 FF       		.byte	-1
 254 00e5 FF       		.byte	-1
 255 00e6 FF       		.byte	-1
 256 00e7 FE       		.byte	-2
 257 00e8 F8       		.byte	-8
 258 00e9 F0       		.byte	-16
 259 00ea E0       		.byte	-32
 260 00eb C0       		.byte	-64
 261 00ec C0       		.byte	-64
 262 00ed C0       		.byte	-64
 263 00ee C0       		.byte	-64
 264 00ef C0       		.byte	-64
 265 00f0 E0       		.byte	-32
 266 00f1 F0       		.byte	-16
 267 00f2 F8       		.byte	-8
 268 00f3 FF       		.byte	-1
 269 00f4 FF       		.byte	-1
 270 00f5 FF       		.byte	-1
 271 00f6 FF       		.byte	-1
 272 00f7 FF       		.byte	-1
 273 00f8 FF       		.byte	-1
 274 00f9 FF       		.byte	-1
 275 00fa FF       		.byte	-1
 276 00fb FF       		.byte	-1
 277 00fc FF       		.byte	-1
 278 00fd 3F       		.byte	63
 279 00fe 0F       		.byte	15
 280 00ff 00       		.byte	0
 281 0100 00       		.byte	0
 282 0101 00       		.byte	0
 283 0102 00       		.byte	0
 284 0103 00       		.byte	0
 285 0104 00       		.byte	0
 286 0105 00       		.byte	0
 287 0106 00       		.byte	0
 288 0107 01       		.byte	1
 289 0108 03       		.byte	3
 290 0109 07       		.byte	7
 291 010a 0F       		.byte	15
 292 010b 1F       		.byte	31
 293 010c 3F       		.byte	63
 294 010d 3F       		.byte	63
 295 010e 7F       		.byte	127
 296 010f 7F       		.byte	127
 297 0110 7F       		.byte	127
 298 0111 FF       		.byte	-1
 299 0112 FF       		.byte	-1
 300 0113 FF       		.byte	-1
 301 0114 FF       		.byte	-1
 302 0115 FF       		.byte	-1
 303 0116 FF       		.byte	-1
 304 0117 FF       		.byte	-1
 305 0118 FF       		.byte	-1
 306 0119 FF       		.byte	-1
 307 011a 7F       		.byte	127
 308 011b 7F       		.byte	127
 309 011c 7F       		.byte	127
 310 011d 3F       		.byte	63
 311 011e 3F       		.byte	63
 312 011f 1F       		.byte	31
 313 0120 0F       		.byte	15
 314 0121 07       		.byte	7
 315 0122 03       		.byte	3
 316 0123 01       		.byte	1
 317 0124 00       		.byte	0
 318 0125 00       		.byte	0
 319 0126 00       		.byte	0
 320 0127 00       		.byte	0
 321 0128 00       		.byte	0
 322 0129 00       		.byte	0
 323 012a 00       		.byte	0
 324 012b 00       		.byte	0
 325 012c 00       		.byte	0
 326 012d 00       		.byte	0
 327 012e 00       		.byte	0
 328 012f 00       		.byte	0
 329 0130 00       		.byte	0
 330 0131 00       		.byte	0
 331 0132 00       		.byte	0
 332 0133 00       		.byte	0
 333 0134 00       		.byte	0
 334 0135 00       		.byte	0
 335 0136 00       		.byte	0
 336 0137 00       		.byte	0
 337 0138 00       		.byte	0
 338 0139 80       		.byte	-128
 339 013a C0       		.byte	-64
 340 013b C0       		.byte	-64
 341 013c E0       		.byte	-32
 342 013d F0       		.byte	-16
 343 013e F0       		.byte	-16
 344 013f F8       		.byte	-8
 345 0140 FC       		.byte	-4
 346 0141 FE       		.byte	-2
 347 0142 FF       		.byte	-1
 348 0143 FF       		.byte	-1
 349 0144 FF       		.byte	-1
 350 0145 FF       		.byte	-1
 351 0146 FF       		.byte	-1
 352 0147 FF       		.byte	-1
 353 0148 FF       		.byte	-1
 354 0149 FF       		.byte	-1
 355 014a FF       		.byte	-1
 356 014b 00       		.byte	0
 357 014c 00       		.byte	0
 358 014d 00       		.byte	0
 359 014e 00       		.byte	0
 360 014f 00       		.byte	0
 361 0150 00       		.byte	0
 362 0151 00       		.byte	0
 363 0152 00       		.byte	0
 364 0153 00       		.byte	0
 365 0154 00       		.byte	0
 366 0155 00       		.byte	0
 367 0156 00       		.byte	0
 368 0157 00       		.byte	0
 369 0158 10       		.byte	16
 370 0159 78       		.byte	120
 371 015a F8       		.byte	-8
 372 015b FC       		.byte	-4
 373 015c FC       		.byte	-4
 374 015d FE       		.byte	-2
 375 015e FE       		.byte	-2
 376 015f FF       		.byte	-1
 377 0160 FF       		.byte	-1
 378 0161 FF       		.byte	-1
 379 0162 FF       		.byte	-1
 380 0163 FF       		.byte	-1
 381 0164 FF       		.byte	-1
 382 0165 FF       		.byte	-1
 383 0166 FF       		.byte	-1
 384 0167 FF       		.byte	-1
 385 0168 FF       		.byte	-1
 386 0169 FF       		.byte	-1
 387 016a FF       		.byte	-1
 388 016b FF       		.byte	-1
 389 016c FF       		.byte	-1
 390 016d FF       		.byte	-1
 391 016e FF       		.byte	-1
 392 016f FF       		.byte	-1
 393 0170 FF       		.byte	-1
 394 0171 FF       		.byte	-1
 395 0172 FF       		.byte	-1
 396 0173 00       		.byte	0
 397 0174 00       		.byte	0
 398 0175 00       		.byte	0
 399 0176 00       		.byte	0
 400 0177 00       		.byte	0
 401 0178 00       		.byte	0
 402 0179 00       		.byte	0
 403 017a 00       		.byte	0
 404 017b 00       		.byte	0
 405 017c 00       		.byte	0
 406 017d 00       		.byte	0
 407 017e 00       		.byte	0
 408 017f 00       		.byte	0
 409 0180 00       		.byte	0
 410 0181 00       		.byte	0
 411 0182 03       		.byte	3
 412 0183 0F       		.byte	15
 413 0184 1F       		.byte	31
 414 0185 0F       		.byte	15
 415 0186 0F       		.byte	15
 416 0187 0F       		.byte	15
 417 0188 07       		.byte	7
 418 0189 07       		.byte	7
 419 018a 03       		.byte	3
 420 018b 03       		.byte	3
 421 018c 01       		.byte	1
 422 018d 01       		.byte	1
 423 018e 00       		.byte	0
 424 018f FF       		.byte	-1
 425 0190 FF       		.byte	-1
 426 0191 FF       		.byte	-1
 427 0192 FF       		.byte	-1
 428 0193 FF       		.byte	-1
 429 0194 FF       		.byte	-1
 430 0195 FF       		.byte	-1
 431 0196 FF       		.byte	-1
 432 0197 FF       		.byte	-1
 433 0198 FF       		.byte	-1
 434 0199 FF       		.byte	-1
 435 019a FF       		.byte	-1
 436 019b 00       		.byte	0
 437 019c 00       		.byte	0
 438 019d 00       		.byte	0
 439 019e 00       		.byte	0
 440 019f 00       		.byte	0
 441 01a0 00       		.byte	0
 442 01a1 00       		.byte	0
 443 01a2 00       		.byte	0
 444 01a3 00       		.byte	0
 445 01a4 00       		.byte	0
 446 01a5 00       		.byte	0
 447 01a6 00       		.byte	0
 448 01a7 00       		.byte	0
 449 01a8 00       		.byte	0
 450 01a9 00       		.byte	0
 451 01aa 00       		.byte	0
 452 01ab 00       		.byte	0
 453 01ac 00       		.byte	0
 454 01ad 00       		.byte	0
 455 01ae 00       		.byte	0
 456 01af 00       		.byte	0
 457 01b0 00       		.byte	0
 458 01b1 00       		.byte	0
 459 01b2 00       		.byte	0
 460 01b3 00       		.byte	0
 461 01b4 00       		.byte	0
 462 01b5 00       		.byte	0
 463 01b6 00       		.byte	0
 464 01b7 FF       		.byte	-1
 465 01b8 FF       		.byte	-1
 466 01b9 FF       		.byte	-1
 467 01ba FF       		.byte	-1
 468 01bb FF       		.byte	-1
 469 01bc FF       		.byte	-1
 470 01bd FF       		.byte	-1
 471 01be FF       		.byte	-1
 472 01bf FF       		.byte	-1
 473 01c0 FF       		.byte	-1
 474 01c1 FF       		.byte	-1
 475 01c2 FF       		.byte	-1
 476 01c3 00       		.byte	0
 477 01c4 00       		.byte	0
 478 01c5 00       		.byte	0
 479 01c6 00       		.byte	0
 480 01c7 00       		.byte	0
 481 01c8 00       		.byte	0
 482 01c9 00       		.byte	0
 483 01ca 00       		.byte	0
 484 01cb 00       		.byte	0
 485 01cc 00       		.byte	0
 486 01cd 00       		.byte	0
 487 01ce 00       		.byte	0
 488 01cf 00       		.byte	0
 489 01d0 00       		.byte	0
 490 01d1 00       		.byte	0
 491 01d2 00       		.byte	0
 492 01d3 00       		.byte	0
 493 01d4 00       		.byte	0
 494 01d5 00       		.byte	0
 495 01d6 00       		.byte	0
 496 01d7 00       		.byte	0
 497 01d8 00       		.byte	0
 498 01d9 00       		.byte	0
 499 01da 00       		.byte	0
 500 01db 00       		.byte	0
 501 01dc 00       		.byte	0
 502 01dd 00       		.byte	0
 503 01de 00       		.byte	0
 504 01df FF       		.byte	-1
 505 01e0 FF       		.byte	-1
 506 01e1 FF       		.byte	-1
 507 01e2 FF       		.byte	-1
 508 01e3 FF       		.byte	-1
 509 01e4 FF       		.byte	-1
 510 01e5 FF       		.byte	-1
 511 01e6 FF       		.byte	-1
 512 01e7 FF       		.byte	-1
 513 01e8 FF       		.byte	-1
 514 01e9 FF       		.byte	-1
 515 01ea FF       		.byte	-1
 516 01eb 00       		.byte	0
 517 01ec 00       		.byte	0
 518 01ed 00       		.byte	0
 519 01ee 00       		.byte	0
 520 01ef 00       		.byte	0
 521 01f0 00       		.byte	0
 522 01f1 00       		.byte	0
 523 01f2 00       		.byte	0
 524 01f3 00       		.byte	0
 525 01f4 00       		.byte	0
 526 01f5 00       		.byte	0
 527 01f6 00       		.byte	0
 528 01f7 00       		.byte	0
 529 01f8 00       		.byte	0
 530 01f9 00       		.byte	0
 531 01fa 00       		.byte	0
 532 01fb 00       		.byte	0
 533 01fc 00       		.byte	0
 534 01fd 00       		.byte	0
 535 01fe 00       		.byte	0
 536 01ff 00       		.byte	0
 537 0200 00       		.byte	0
 538 0201 00       		.byte	0
 539 0202 00       		.byte	0
 540 0203 00       		.byte	0
 541 0204 00       		.byte	0
 542 0205 00       		.byte	0
 543 0206 00       		.byte	0
 544 0207 FF       		.byte	-1
 545 0208 FF       		.byte	-1
 546 0209 FF       		.byte	-1
 547 020a FF       		.byte	-1
 548 020b FF       		.byte	-1
 549 020c FF       		.byte	-1
 550 020d FF       		.byte	-1
 551 020e FF       		.byte	-1
 552 020f FF       		.byte	-1
 553 0210 FF       		.byte	-1
 554 0211 FF       		.byte	-1
 555 0212 FF       		.byte	-1
 556 0213 00       		.byte	0
 557 0214 00       		.byte	0
 558 0215 00       		.byte	0
 559 0216 00       		.byte	0
 560 0217 00       		.byte	0
 561 0218 00       		.byte	0
 562 0219 00       		.byte	0
 563 021a 00       		.byte	0
 564 021b 00       		.byte	0
 565 021c 00       		.byte	0
 566 021d 00       		.byte	0
 567 021e 00       		.byte	0
 568 021f 00       		.byte	0
 569 0220 00       		.byte	0
 570 0221 00       		.byte	0
 571 0222 00       		.byte	0
 572 0223 00       		.byte	0
 573 0224 00       		.byte	0
 574 0225 00       		.byte	0
 575 0226 00       		.byte	0
 576 0227 00       		.byte	0
 577 0228 00       		.byte	0
 578 0229 00       		.byte	0
 579 022a 00       		.byte	0
 580 022b 00       		.byte	0
 581 022c 00       		.byte	0
 582 022d 00       		.byte	0
 583 022e 00       		.byte	0
 584 022f FF       		.byte	-1
 585 0230 FF       		.byte	-1
 586 0231 FF       		.byte	-1
 587 0232 FF       		.byte	-1
 588 0233 FF       		.byte	-1
 589 0234 FF       		.byte	-1
 590 0235 FF       		.byte	-1
 591 0236 FF       		.byte	-1
 592 0237 FF       		.byte	-1
 593 0238 FF       		.byte	-1
 594 0239 FF       		.byte	-1
 595 023a FF       		.byte	-1
 596 023b 00       		.byte	0
 597 023c 00       		.byte	0
 598 023d 00       		.byte	0
 599 023e 00       		.byte	0
 600 023f 00       		.byte	0
 601 0240 00       		.byte	0
 602 0241 00       		.byte	0
 603 0242 00       		.byte	0
 604 0243 80       		.byte	-128
 605 0244 C0       		.byte	-64
 606 0245 E0       		.byte	-32
 607 0246 E0       		.byte	-32
 608 0247 F0       		.byte	-16
 609 0248 F8       		.byte	-8
 610 0249 F8       		.byte	-8
 611 024a FC       		.byte	-4
 612 024b FC       		.byte	-4
 613 024c FC       		.byte	-4
 614 024d FE       		.byte	-2
 615 024e FE       		.byte	-2
 616 024f FE       		.byte	-2
 617 0250 FF       		.byte	-1
 618 0251 FF       		.byte	-1
 619 0252 FF       		.byte	-1
 620 0253 FF       		.byte	-1
 621 0254 FF       		.byte	-1
 622 0255 FF       		.byte	-1
 623 0256 FF       		.byte	-1
 624 0257 FF       		.byte	-1
 625 0258 FF       		.byte	-1
 626 0259 FF       		.byte	-1
 627 025a FE       		.byte	-2
 628 025b FE       		.byte	-2
 629 025c FE       		.byte	-2
 630 025d FE       		.byte	-2
 631 025e FC       		.byte	-4
 632 025f FC       		.byte	-4
 633 0260 F8       		.byte	-8
 634 0261 F8       		.byte	-8
 635 0262 F0       		.byte	-16
 636 0263 E0       		.byte	-32
 637 0264 C0       		.byte	-64
 638 0265 00       		.byte	0
 639 0266 00       		.byte	0
 640 0267 00       		.byte	0
 641 0268 00       		.byte	0
 642 0269 00       		.byte	0
 643 026a 00       		.byte	0
 644 026b 00       		.byte	0
 645 026c 03       		.byte	3
 646 026d 07       		.byte	7
 647 026e 0F       		.byte	15
 648 026f 3F       		.byte	63
 649 0270 7F       		.byte	127
 650 0271 7F       		.byte	127
 651 0272 3F       		.byte	63
 652 0273 1F       		.byte	31
 653 0274 1F       		.byte	31
 654 0275 0F       		.byte	15
 655 0276 0F       		.byte	15
 656 0277 07       		.byte	7
 657 0278 07       		.byte	7
 658 0279 03       		.byte	3
 659 027a 03       		.byte	3
 660 027b 03       		.byte	3
 661 027c 03       		.byte	3
 662 027d 03       		.byte	3
 663 027e 03       		.byte	3
 664 027f 07       		.byte	7
 665 0280 07       		.byte	7
 666 0281 0F       		.byte	15
 667 0282 1F       		.byte	31
 668 0283 FF       		.byte	-1
 669 0284 FF       		.byte	-1
 670 0285 FF       		.byte	-1
 671 0286 FF       		.byte	-1
 672 0287 FF       		.byte	-1
 673 0288 FF       		.byte	-1
 674 0289 FF       		.byte	-1
 675 028a FF       		.byte	-1
 676 028b FF       		.byte	-1
 677 028c FF       		.byte	-1
 678 028d FF       		.byte	-1
 679 028e F8       		.byte	-8
 680 028f 00       		.byte	0
 681 0290 00       		.byte	0
 682 0291 00       		.byte	0
 683 0292 00       		.byte	0
 684 0293 00       		.byte	0
 685 0294 00       		.byte	0
 686 0295 00       		.byte	0
 687 0296 00       		.byte	0
 688 0297 00       		.byte	0
 689 0298 00       		.byte	0
 690 0299 00       		.byte	0
 691 029a 00       		.byte	0
 692 029b 00       		.byte	0
 693 029c 00       		.byte	0
 694 029d 00       		.byte	0
 695 029e 00       		.byte	0
 696 029f 00       		.byte	0
 697 02a0 00       		.byte	0
 698 02a1 00       		.byte	0
 699 02a2 00       		.byte	0
 700 02a3 00       		.byte	0
 701 02a4 00       		.byte	0
 702 02a5 00       		.byte	0
 703 02a6 00       		.byte	0
 704 02a7 00       		.byte	0
 705 02a8 C0       		.byte	-64
 706 02a9 E0       		.byte	-32
 707 02aa F8       		.byte	-8
 708 02ab FF       		.byte	-1
 709 02ac FF       		.byte	-1
 710 02ad FF       		.byte	-1
 711 02ae FF       		.byte	-1
 712 02af FF       		.byte	-1
 713 02b0 FF       		.byte	-1
 714 02b1 FF       		.byte	-1
 715 02b2 FF       		.byte	-1
 716 02b3 FF       		.byte	-1
 717 02b4 FF       		.byte	-1
 718 02b5 3F       		.byte	63
 719 02b6 0F       		.byte	15
 720 02b7 00       		.byte	0
 721 02b8 00       		.byte	0
 722 02b9 00       		.byte	0
 723 02ba 00       		.byte	0
 724 02bb 00       		.byte	0
 725 02bc 00       		.byte	0
 726 02bd 00       		.byte	0
 727 02be 00       		.byte	0
 728 02bf 00       		.byte	0
 729 02c0 00       		.byte	0
 730 02c1 00       		.byte	0
 731 02c2 00       		.byte	0
 732 02c3 00       		.byte	0
 733 02c4 00       		.byte	0
 734 02c5 00       		.byte	0
 735 02c6 00       		.byte	0
 736 02c7 80       		.byte	-128
 737 02c8 C0       		.byte	-64
 738 02c9 E0       		.byte	-32
 739 02ca E0       		.byte	-32
 740 02cb F0       		.byte	-16
 741 02cc F8       		.byte	-8
 742 02cd FC       		.byte	-4
 743 02ce FE       		.byte	-2
 744 02cf FF       		.byte	-1
 745 02d0 FF       		.byte	-1
 746 02d1 FF       		.byte	-1
 747 02d2 FF       		.byte	-1
 748 02d3 FF       		.byte	-1
 749 02d4 FF       		.byte	-1
 750 02d5 FF       		.byte	-1
 751 02d6 FF       		.byte	-1
 752 02d7 7F       		.byte	127
 753 02d8 3F       		.byte	63
 754 02d9 1F       		.byte	31
 755 02da 07       		.byte	7
 756 02db 03       		.byte	3
 757 02dc 00       		.byte	0
 758 02dd 00       		.byte	0
 759 02de 00       		.byte	0
 760 02df 00       		.byte	0
 761 02e0 00       		.byte	0
 762 02e1 00       		.byte	0
 763 02e2 00       		.byte	0
 764 02e3 00       		.byte	0
 765 02e4 00       		.byte	0
 766 02e5 00       		.byte	0
 767 02e6 00       		.byte	0
 768 02e7 00       		.byte	0
 769 02e8 80       		.byte	-128
 770 02e9 C0       		.byte	-64
 771 02ea F0       		.byte	-16
 772 02eb F8       		.byte	-8
 773 02ec FC       		.byte	-4
 774 02ed FE       		.byte	-2
 775 02ee FF       		.byte	-1
 776 02ef FF       		.byte	-1
 777 02f0 FF       		.byte	-1
 778 02f1 FF       		.byte	-1
 779 02f2 FF       		.byte	-1
 780 02f3 FF       		.byte	-1
 781 02f4 FF       		.byte	-1
 782 02f5 FF       		.byte	-1
 783 02f6 FF       		.byte	-1
 784 02f7 7F       		.byte	127
 785 02f8 3F       		.byte	63
 786 02f9 1F       		.byte	31
 787 02fa 0F       		.byte	15
 788 02fb 07       		.byte	7
 789 02fc 03       		.byte	3
 790 02fd 01       		.byte	1
 791 02fe 00       		.byte	0
 792 02ff 00       		.byte	0
 793 0300 00       		.byte	0
 794 0301 00       		.byte	0
 795 0302 00       		.byte	0
 796 0303 00       		.byte	0
 797 0304 00       		.byte	0
 798 0305 00       		.byte	0
 799 0306 00       		.byte	0
 800 0307 00       		.byte	0
 801 0308 00       		.byte	0
 802 0309 00       		.byte	0
 803 030a 00       		.byte	0
 804 030b 00       		.byte	0
 805 030c 80       		.byte	-128
 806 030d F0       		.byte	-16
 807 030e FC       		.byte	-4
 808 030f FF       		.byte	-1
 809 0310 FF       		.byte	-1
 810 0311 FF       		.byte	-1
 811 0312 FF       		.byte	-1
 812 0313 FF       		.byte	-1
 813 0314 FF       		.byte	-1
 814 0315 FF       		.byte	-1
 815 0316 FF       		.byte	-1
 816 0317 FF       		.byte	-1
 817 0318 FF       		.byte	-1
 818 0319 FF       		.byte	-1
 819 031a FF       		.byte	-1
 820 031b CF       		.byte	-49
 821 031c C7       		.byte	-57
 822 031d C3       		.byte	-61
 823 031e C0       		.byte	-64
 824 031f C0       		.byte	-64
 825 0320 C0       		.byte	-64
 826 0321 C0       		.byte	-64
 827 0322 C0       		.byte	-64
 828 0323 C0       		.byte	-64
 829 0324 C0       		.byte	-64
 830 0325 C0       		.byte	-64
 831 0326 C0       		.byte	-64
 832 0327 C0       		.byte	-64
 833 0328 C0       		.byte	-64
 834 0329 C0       		.byte	-64
 835 032a C0       		.byte	-64
 836 032b C0       		.byte	-64
 837 032c C0       		.byte	-64
 838 032d C0       		.byte	-64
 839 032e C0       		.byte	-64
 840 032f C0       		.byte	-64
 841 0330 C0       		.byte	-64
 842 0331 00       		.byte	0
 843 0332 00       		.byte	0
 844 0333 00       		.byte	0
 845 0334 FF       		.byte	-1
 846 0335 FF       		.byte	-1
 847 0336 FF       		.byte	-1
 848 0337 FF       		.byte	-1
 849 0338 FF       		.byte	-1
 850 0339 FF       		.byte	-1
 851 033a FF       		.byte	-1
 852 033b FF       		.byte	-1
 853 033c FF       		.byte	-1
 854 033d FF       		.byte	-1
 855 033e FF       		.byte	-1
 856 033f FF       		.byte	-1
 857 0340 FF       		.byte	-1
 858 0341 FF       		.byte	-1
 859 0342 FF       		.byte	-1
 860 0343 FF       		.byte	-1
 861 0344 FF       		.byte	-1
 862 0345 FF       		.byte	-1
 863 0346 FF       		.byte	-1
 864 0347 FF       		.byte	-1
 865 0348 FF       		.byte	-1
 866 0349 FF       		.byte	-1
 867 034a FF       		.byte	-1
 868 034b FF       		.byte	-1
 869 034c FF       		.byte	-1
 870 034d FF       		.byte	-1
 871 034e FF       		.byte	-1
 872 034f FF       		.byte	-1
 873 0350 FF       		.byte	-1
 874 0351 FF       		.byte	-1
 875 0352 FF       		.byte	-1
 876 0353 FF       		.byte	-1
 877 0354 FF       		.byte	-1
 878 0355 FF       		.byte	-1
 879 0356 FF       		.byte	-1
 880 0357 FF       		.byte	-1
 881 0358 FF       		.byte	-1
 882 0359 00       		.byte	0
 883 035a 00       		.byte	0
 884 035b 00       		.byte	0
 885 035c 20       		.byte	32
 886 035d F0       		.byte	-16
 887 035e F8       		.byte	-8
 888 035f F8       		.byte	-8
 889 0360 F8       		.byte	-8
 890 0361 FC       		.byte	-4
 891 0362 FC       		.byte	-4
 892 0363 FE       		.byte	-2
 893 0364 FE       		.byte	-2
 894 0365 FE       		.byte	-2
 895 0366 FE       		.byte	-2
 896 0367 FF       		.byte	-1
 897 0368 FF       		.byte	-1
 898 0369 FF       		.byte	-1
 899 036a FF       		.byte	-1
 900 036b FF       		.byte	-1
 901 036c FF       		.byte	-1
 902 036d FF       		.byte	-1
 903 036e FF       		.byte	-1
 904 036f FF       		.byte	-1
 905 0370 FF       		.byte	-1
 906 0371 FF       		.byte	-1
 907 0372 FE       		.byte	-2
 908 0373 FE       		.byte	-2
 909 0374 FE       		.byte	-2
 910 0375 FC       		.byte	-4
 911 0376 FC       		.byte	-4
 912 0377 FC       		.byte	-4
 913 0378 F8       		.byte	-8
 914 0379 F0       		.byte	-16
 915 037a F0       		.byte	-16
 916 037b E0       		.byte	-32
 917 037c 80       		.byte	-128
 918 037d 00       		.byte	0
 919 037e 00       		.byte	0
 920 037f 00       		.byte	0
 921 0380 00       		.byte	0
 922 0381 00       		.byte	0
 923 0382 00       		.byte	0
 924 0383 00       		.byte	0
 925 0384 00       		.byte	0
 926 0385 00       		.byte	0
 927 0386 03       		.byte	3
 928 0387 0F       		.byte	15
 929 0388 1F       		.byte	31
 930 0389 1F       		.byte	31
 931 038a 0F       		.byte	15
 932 038b 0F       		.byte	15
 933 038c 07       		.byte	7
 934 038d 07       		.byte	7
 935 038e 07       		.byte	7
 936 038f 03       		.byte	3
 937 0390 03       		.byte	3
 938 0391 03       		.byte	3
 939 0392 03       		.byte	3
 940 0393 03       		.byte	3
 941 0394 03       		.byte	3
 942 0395 03       		.byte	3
 943 0396 03       		.byte	3
 944 0397 07       		.byte	7
 945 0398 07       		.byte	7
 946 0399 0F       		.byte	15
 947 039a 1F       		.byte	31
 948 039b FF       		.byte	-1
 949 039c FF       		.byte	-1
 950 039d FF       		.byte	-1
 951 039e FF       		.byte	-1
 952 039f FF       		.byte	-1
 953 03a0 FF       		.byte	-1
 954 03a1 FF       		.byte	-1
 955 03a2 FF       		.byte	-1
 956 03a3 FF       		.byte	-1
 957 03a4 FF       		.byte	-1
 958 03a5 FE       		.byte	-2
 959 03a6 F8       		.byte	-8
 960 03a7 00       		.byte	0
 961 03a8 00       		.byte	0
 962 03a9 00       		.byte	0
 963 03aa 00       		.byte	0
 964 03ab 00       		.byte	0
 965 03ac 00       		.byte	0
 966 03ad 00       		.byte	0
 967 03ae 00       		.byte	0
 968 03af 00       		.byte	0
 969 03b0 00       		.byte	0
 970 03b1 00       		.byte	0
 971 03b2 00       		.byte	0
 972 03b3 00       		.byte	0
 973 03b4 00       		.byte	0
 974 03b5 E0       		.byte	-32
 975 03b6 E0       		.byte	-32
 976 03b7 E0       		.byte	-32
 977 03b8 E0       		.byte	-32
 978 03b9 E0       		.byte	-32
 979 03ba E0       		.byte	-32
 980 03bb E0       		.byte	-32
 981 03bc E0       		.byte	-32
 982 03bd E0       		.byte	-32
 983 03be F0       		.byte	-16
 984 03bf F0       		.byte	-16
 985 03c0 F0       		.byte	-16
 986 03c1 F8       		.byte	-8
 987 03c2 FE       		.byte	-2
 988 03c3 FF       		.byte	-1
 989 03c4 FF       		.byte	-1
 990 03c5 FF       		.byte	-1
 991 03c6 FF       		.byte	-1
 992 03c7 FF       		.byte	-1
 993 03c8 FF       		.byte	-1
 994 03c9 FF       		.byte	-1
 995 03ca FF       		.byte	-1
 996 03cb 7F       		.byte	127
 997 03cc 3F       		.byte	63
 998 03cd 0F       		.byte	15
 999 03ce 03       		.byte	3
 1000 03cf 00       		.byte	0
 1001 03d0 00       		.byte	0
 1002 03d1 00       		.byte	0
 1003 03d2 00       		.byte	0
 1004 03d3 00       		.byte	0
 1005 03d4 00       		.byte	0
 1006 03d5 00       		.byte	0
 1007 03d6 00       		.byte	0
 1008 03d7 00       		.byte	0
 1009 03d8 00       		.byte	0
 1010 03d9 00       		.byte	0
 1011 03da 00       		.byte	0
 1012 03db 00       		.byte	0
 1013 03dc 00       		.byte	0
 1014 03dd 7F       		.byte	127
 1015 03de 7F       		.byte	127
 1016 03df 7F       		.byte	127
 1017 03e0 7F       		.byte	127
 1018 03e1 7F       		.byte	127
 1019 03e2 7F       		.byte	127
 1020 03e3 7F       		.byte	127
 1021 03e4 7F       		.byte	127
 1022 03e5 7F       		.byte	127
 1023 03e6 7F       		.byte	127
 1024 03e7 FF       		.byte	-1
 1025 03e8 FF       		.byte	-1
 1026 03e9 FF       		.byte	-1
 1027 03ea FF       		.byte	-1
 1028 03eb FF       		.byte	-1
 1029 03ec FF       		.byte	-1
 1030 03ed FF       		.byte	-1
 1031 03ee FF       		.byte	-1
 1032 03ef FF       		.byte	-1
 1033 03f0 FD       		.byte	-3
 1034 03f1 FD       		.byte	-3
 1035 03f2 F8       		.byte	-8
 1036 03f3 F8       		.byte	-8
 1037 03f4 F0       		.byte	-16
 1038 03f5 E0       		.byte	-32
 1039 03f6 C0       		.byte	-64
 1040 03f7 00       		.byte	0
 1041 03f8 00       		.byte	0
 1042 03f9 00       		.byte	0
 1043 03fa 00       		.byte	0
 1044 03fb 00       		.byte	0
 1045 03fc 00       		.byte	0
 1046 03fd 00       		.byte	0
 1047 03fe 00       		.byte	0
 1048 03ff 00       		.byte	0
 1049 0400 00       		.byte	0
 1050 0401 00       		.byte	0
 1051 0402 00       		.byte	0
 1052 0403 00       		.byte	0
 1053 0404 00       		.byte	0
 1054 0405 00       		.byte	0
 1055 0406 00       		.byte	0
 1056 0407 00       		.byte	0
 1057 0408 00       		.byte	0
 1058 0409 00       		.byte	0
 1059 040a 00       		.byte	0
 1060 040b 00       		.byte	0
 1061 040c 00       		.byte	0
 1062 040d 00       		.byte	0
 1063 040e 00       		.byte	0
 1064 040f 00       		.byte	0
 1065 0410 00       		.byte	0
 1066 0411 01       		.byte	1
 1067 0412 01       		.byte	1
 1068 0413 03       		.byte	3
 1069 0414 0F       		.byte	15
 1070 0415 FF       		.byte	-1
 1071 0416 FF       		.byte	-1
 1072 0417 FF       		.byte	-1
 1073 0418 FF       		.byte	-1
 1074 0419 FF       		.byte	-1
 1075 041a FF       		.byte	-1
 1076 041b FF       		.byte	-1
 1077 041c FF       		.byte	-1
 1078 041d FF       		.byte	-1
 1079 041e FF       		.byte	-1
 1080 041f FF       		.byte	-1
 1081 0420 F8       		.byte	-8
 1082 0421 00       		.byte	0
 1083 0422 00       		.byte	0
 1084 0423 00       		.byte	0
 1085 0424 80       		.byte	-128
 1086 0425 F8       		.byte	-8
 1087 0426 F0       		.byte	-16
 1088 0427 F0       		.byte	-16
 1089 0428 F0       		.byte	-16
 1090 0429 E0       		.byte	-32
 1091 042a E0       		.byte	-32
 1092 042b E0       		.byte	-32
 1093 042c E0       		.byte	-32
 1094 042d C0       		.byte	-64
 1095 042e C0       		.byte	-64
 1096 042f C0       		.byte	-64
 1097 0430 C0       		.byte	-64
 1098 0431 C0       		.byte	-64
 1099 0432 C0       		.byte	-64
 1100 0433 C0       		.byte	-64
 1101 0434 C0       		.byte	-64
 1102 0435 C0       		.byte	-64
 1103 0436 C0       		.byte	-64
 1104 0437 E0       		.byte	-32
 1105 0438 E0       		.byte	-32
 1106 0439 E0       		.byte	-32
 1107 043a F0       		.byte	-16
 1108 043b F8       		.byte	-8
 1109 043c FE       		.byte	-2
 1110 043d FF       		.byte	-1
 1111 043e FF       		.byte	-1
 1112 043f FF       		.byte	-1
 1113 0440 FF       		.byte	-1
 1114 0441 FF       		.byte	-1
 1115 0442 FF       		.byte	-1
 1116 0443 FF       		.byte	-1
 1117 0444 FF       		.byte	-1
 1118 0445 FF       		.byte	-1
 1119 0446 FF       		.byte	-1
 1120 0447 3F       		.byte	63
 1121 0448 07       		.byte	7
 1122 0449 00       		.byte	0
 1123 044a 00       		.byte	0
 1124 044b 18       		.byte	24
 1125 044c 3F       		.byte	63
 1126 044d 3F       		.byte	63
 1127 044e 3F       		.byte	63
 1128 044f 3F       		.byte	63
 1129 0450 7F       		.byte	127
 1130 0451 7F       		.byte	127
 1131 0452 7F       		.byte	127
 1132 0453 7F       		.byte	127
 1133 0454 7F       		.byte	127
 1134 0455 FF       		.byte	-1
 1135 0456 FF       		.byte	-1
 1136 0457 FF       		.byte	-1
 1137 0458 FF       		.byte	-1
 1138 0459 FF       		.byte	-1
 1139 045a FF       		.byte	-1
 1140 045b FF       		.byte	-1
 1141 045c FF       		.byte	-1
 1142 045d FF       		.byte	-1
 1143 045e FF       		.byte	-1
 1144 045f FF       		.byte	-1
 1145 0460 FF       		.byte	-1
 1146 0461 7F       		.byte	127
 1147 0462 7F       		.byte	127
 1148 0463 7F       		.byte	127
 1149 0464 7F       		.byte	127
 1150 0465 7F       		.byte	127
 1151 0466 3F       		.byte	63
 1152 0467 3F       		.byte	63
 1153 0468 1F       		.byte	31
 1154 0469 1F       		.byte	31
 1155 046a 0F       		.byte	15
 1156 046b 07       		.byte	7
 1157 046c 03       		.byte	3
 1158 046d 01       		.byte	1
 1159 046e 00       		.byte	0
 1160 046f 00       		.byte	0
 1161 0470 00       		.byte	0
 1162 0471 00       		.byte	0
 1163 0472 00       		.byte	0
 1164 0473 00       		.byte	0
 1165 0474 00       		.byte	0
 1166 0475 00       		.byte	0
 1167 0476 00       		.byte	0
 1168 0477 00       		.byte	0
 1169 0478 00       		.byte	0
 1170 0479 00       		.byte	0
 1171 047a 00       		.byte	0
 1172 047b 00       		.byte	0
 1173 047c 00       		.byte	0
 1174 047d 00       		.byte	0
 1175 047e 00       		.byte	0
 1176 047f 00       		.byte	0
 1177 0480 00       		.byte	0
 1178 0481 00       		.byte	0
 1179 0482 00       		.byte	0
 1180 0483 80       		.byte	-128
 1181 0484 E0       		.byte	-32
 1182 0485 F0       		.byte	-16
 1183 0486 F8       		.byte	-8
 1184 0487 FC       		.byte	-4
 1185 0488 FE       		.byte	-2
 1186 0489 FF       		.byte	-1
 1187 048a FF       		.byte	-1
 1188 048b FF       		.byte	-1
 1189 048c FF       		.byte	-1
 1190 048d FF       		.byte	-1
 1191 048e FF       		.byte	-1
 1192 048f FF       		.byte	-1
 1193 0490 FF       		.byte	-1
 1194 0491 FF       		.byte	-1
 1195 0492 FF       		.byte	-1
 1196 0493 FF       		.byte	-1
 1197 0494 FF       		.byte	-1
 1198 0495 00       		.byte	0
 1199 0496 00       		.byte	0
 1200 0497 00       		.byte	0
 1201 0498 00       		.byte	0
 1202 0499 00       		.byte	0
 1203 049a 00       		.byte	0
 1204 049b 00       		.byte	0
 1205 049c 00       		.byte	0
 1206 049d 00       		.byte	0
 1207 049e 00       		.byte	0
 1208 049f 00       		.byte	0
 1209 04a0 00       		.byte	0
 1210 04a1 00       		.byte	0
 1211 04a2 00       		.byte	0
 1212 04a3 00       		.byte	0
 1213 04a4 00       		.byte	0
 1214 04a5 80       		.byte	-128
 1215 04a6 E0       		.byte	-32
 1216 04a7 F0       		.byte	-16
 1217 04a8 F8       		.byte	-8
 1218 04a9 FE       		.byte	-2
 1219 04aa FF       		.byte	-1
 1220 04ab FF       		.byte	-1
 1221 04ac FF       		.byte	-1
 1222 04ad FF       		.byte	-1
 1223 04ae FF       		.byte	-1
 1224 04af FF       		.byte	-1
 1225 04b0 7F       		.byte	127
 1226 04b1 FF       		.byte	-1
 1227 04b2 FF       		.byte	-1
 1228 04b3 FF       		.byte	-1
 1229 04b4 FF       		.byte	-1
 1230 04b5 FF       		.byte	-1
 1231 04b6 FF       		.byte	-1
 1232 04b7 FF       		.byte	-1
 1233 04b8 FF       		.byte	-1
 1234 04b9 FF       		.byte	-1
 1235 04ba FF       		.byte	-1
 1236 04bb FF       		.byte	-1
 1237 04bc FF       		.byte	-1
 1238 04bd 00       		.byte	0
 1239 04be 00       		.byte	0
 1240 04bf 00       		.byte	0
 1241 04c0 00       		.byte	0
 1242 04c1 00       		.byte	0
 1243 04c2 00       		.byte	0
 1244 04c3 00       		.byte	0
 1245 04c4 00       		.byte	0
 1246 04c5 00       		.byte	0
 1247 04c6 00       		.byte	0
 1248 04c7 00       		.byte	0
 1249 04c8 C0       		.byte	-64
 1250 04c9 E0       		.byte	-32
 1251 04ca F8       		.byte	-8
 1252 04cb FC       		.byte	-4
 1253 04cc FF       		.byte	-1
 1254 04cd FF       		.byte	-1
 1255 04ce FF       		.byte	-1
 1256 04cf FF       		.byte	-1
 1257 04d0 FF       		.byte	-1
 1258 04d1 FF       		.byte	-1
 1259 04d2 FF       		.byte	-1
 1260 04d3 3F       		.byte	63
 1261 04d4 1F       		.byte	31
 1262 04d5 07       		.byte	7
 1263 04d6 03       		.byte	3
 1264 04d7 01       		.byte	1
 1265 04d8 00       		.byte	0
 1266 04d9 FF       		.byte	-1
 1267 04da FF       		.byte	-1
 1268 04db FF       		.byte	-1
 1269 04dc FF       		.byte	-1
 1270 04dd FF       		.byte	-1
 1271 04de FF       		.byte	-1
 1272 04df FF       		.byte	-1
 1273 04e0 FF       		.byte	-1
 1274 04e1 FF       		.byte	-1
 1275 04e2 FF       		.byte	-1
 1276 04e3 FF       		.byte	-1
 1277 04e4 FF       		.byte	-1
 1278 04e5 00       		.byte	0
 1279 04e6 00       		.byte	0
 1280 04e7 00       		.byte	0
 1281 04e8 00       		.byte	0
 1282 04e9 00       		.byte	0
 1283 04ea 00       		.byte	0
 1284 04eb 80       		.byte	-128
 1285 04ec E0       		.byte	-32
 1286 04ed F8       		.byte	-8
 1287 04ee FC       		.byte	-4
 1288 04ef FF       		.byte	-1
 1289 04f0 FF       		.byte	-1
 1290 04f1 FF       		.byte	-1
 1291 04f2 FF       		.byte	-1
 1292 04f3 FF       		.byte	-1
 1293 04f4 FF       		.byte	-1
 1294 04f5 FF       		.byte	-1
 1295 04f6 7F       		.byte	127
 1296 04f7 1F       		.byte	31
 1297 04f8 07       		.byte	7
 1298 04f9 01       		.byte	1
 1299 04fa 00       		.byte	0
 1300 04fb 00       		.byte	0
 1301 04fc 00       		.byte	0
 1302 04fd 00       		.byte	0
 1303 04fe 00       		.byte	0
 1304 04ff 00       		.byte	0
 1305 0500 00       		.byte	0
 1306 0501 FF       		.byte	-1
 1307 0502 FF       		.byte	-1
 1308 0503 FF       		.byte	-1
 1309 0504 FF       		.byte	-1
 1310 0505 FF       		.byte	-1
 1311 0506 FF       		.byte	-1
 1312 0507 FF       		.byte	-1
 1313 0508 FF       		.byte	-1
 1314 0509 FF       		.byte	-1
 1315 050a FF       		.byte	-1
 1316 050b FF       		.byte	-1
 1317 050c FF       		.byte	-1
 1318 050d 00       		.byte	0
 1319 050e 00       		.byte	0
 1320 050f 00       		.byte	0
 1321 0510 00       		.byte	0
 1322 0511 00       		.byte	0
 1323 0512 FE       		.byte	-2
 1324 0513 FF       		.byte	-1
 1325 0514 FF       		.byte	-1
 1326 0515 FF       		.byte	-1
 1327 0516 FF       		.byte	-1
 1328 0517 FF       		.byte	-1
 1329 0518 FF       		.byte	-1
 1330 0519 FF       		.byte	-1
 1331 051a FF       		.byte	-1
 1332 051b FF       		.byte	-1
 1333 051c FF       		.byte	-1
 1334 051d FF       		.byte	-1
 1335 051e FE       		.byte	-2
 1336 051f FE       		.byte	-2
 1337 0520 FE       		.byte	-2
 1338 0521 FE       		.byte	-2
 1339 0522 FE       		.byte	-2
 1340 0523 FE       		.byte	-2
 1341 0524 FE       		.byte	-2
 1342 0525 FE       		.byte	-2
 1343 0526 FE       		.byte	-2
 1344 0527 FE       		.byte	-2
 1345 0528 FE       		.byte	-2
 1346 0529 FF       		.byte	-1
 1347 052a FF       		.byte	-1
 1348 052b FF       		.byte	-1
 1349 052c FF       		.byte	-1
 1350 052d FF       		.byte	-1
 1351 052e FF       		.byte	-1
 1352 052f FF       		.byte	-1
 1353 0530 FF       		.byte	-1
 1354 0531 FF       		.byte	-1
 1355 0532 FF       		.byte	-1
 1356 0533 FF       		.byte	-1
 1357 0534 FF       		.byte	-1
 1358 0535 FE       		.byte	-2
 1359 0536 FE       		.byte	-2
 1360 0537 FE       		.byte	-2
 1361 0538 FE       		.byte	-2
 1362 0539 FE       		.byte	-2
 1363 053a 07       		.byte	7
 1364 053b 07       		.byte	7
 1365 053c 07       		.byte	7
 1366 053d 07       		.byte	7
 1367 053e 07       		.byte	7
 1368 053f 07       		.byte	7
 1369 0540 07       		.byte	7
 1370 0541 07       		.byte	7
 1371 0542 07       		.byte	7
 1372 0543 07       		.byte	7
 1373 0544 07       		.byte	7
 1374 0545 07       		.byte	7
 1375 0546 07       		.byte	7
 1376 0547 07       		.byte	7
 1377 0548 07       		.byte	7
 1378 0549 07       		.byte	7
 1379 054a 07       		.byte	7
 1380 054b 07       		.byte	7
 1381 054c 07       		.byte	7
 1382 054d 07       		.byte	7
 1383 054e 07       		.byte	7
 1384 054f 07       		.byte	7
 1385 0550 07       		.byte	7
 1386 0551 FF       		.byte	-1
 1387 0552 FF       		.byte	-1
 1388 0553 FF       		.byte	-1
 1389 0554 FF       		.byte	-1
 1390 0555 FF       		.byte	-1
 1391 0556 FF       		.byte	-1
 1392 0557 FF       		.byte	-1
 1393 0558 FF       		.byte	-1
 1394 0559 FF       		.byte	-1
 1395 055a FF       		.byte	-1
 1396 055b FF       		.byte	-1
 1397 055c FF       		.byte	-1
 1398 055d 07       		.byte	7
 1399 055e 07       		.byte	7
 1400 055f 07       		.byte	7
 1401 0560 07       		.byte	7
 1402 0561 07       		.byte	7
 1403 0562 00       		.byte	0
 1404 0563 00       		.byte	0
 1405 0564 00       		.byte	0
 1406 0565 00       		.byte	0
 1407 0566 00       		.byte	0
 1408 0567 00       		.byte	0
 1409 0568 00       		.byte	0
 1410 0569 00       		.byte	0
 1411 056a 00       		.byte	0
 1412 056b 00       		.byte	0
 1413 056c 00       		.byte	0
 1414 056d 00       		.byte	0
 1415 056e 00       		.byte	0
 1416 056f 00       		.byte	0
 1417 0570 00       		.byte	0
 1418 0571 00       		.byte	0
 1419 0572 00       		.byte	0
 1420 0573 00       		.byte	0
 1421 0574 00       		.byte	0
 1422 0575 00       		.byte	0
 1423 0576 00       		.byte	0
 1424 0577 00       		.byte	0
 1425 0578 00       		.byte	0
 1426 0579 FF       		.byte	-1
 1427 057a FF       		.byte	-1
 1428 057b FF       		.byte	-1
 1429 057c FF       		.byte	-1
 1430 057d FF       		.byte	-1
 1431 057e FF       		.byte	-1
 1432 057f FF       		.byte	-1
 1433 0580 FF       		.byte	-1
 1434 0581 FF       		.byte	-1
 1435 0582 FF       		.byte	-1
 1436 0583 FF       		.byte	-1
 1437 0584 FF       		.byte	-1
 1438 0585 00       		.byte	0
 1439 0586 00       		.byte	0
 1440 0587 00       		.byte	0
 1441 0588 00       		.byte	0
 1442 0589 00       		.byte	0
 1443 058a 00       		.byte	0
 1444 058b 00       		.byte	0
 1445 058c 00       		.byte	0
 1446 058d 00       		.byte	0
 1447 058e 00       		.byte	0
 1448 058f 00       		.byte	0
 1449 0590 FF       		.byte	-1
 1450 0591 FF       		.byte	-1
 1451 0592 FF       		.byte	-1
 1452 0593 FF       		.byte	-1
 1453 0594 FF       		.byte	-1
 1454 0595 FF       		.byte	-1
 1455 0596 FF       		.byte	-1
 1456 0597 FF       		.byte	-1
 1457 0598 FF       		.byte	-1
 1458 0599 FF       		.byte	-1
 1459 059a FF       		.byte	-1
 1460 059b FF       		.byte	-1
 1461 059c FF       		.byte	-1
 1462 059d FF       		.byte	-1
 1463 059e FF       		.byte	-1
 1464 059f FF       		.byte	-1
 1465 05a0 FF       		.byte	-1
 1466 05a1 FF       		.byte	-1
 1467 05a2 FF       		.byte	-1
 1468 05a3 FF       		.byte	-1
 1469 05a4 FF       		.byte	-1
 1470 05a5 FF       		.byte	-1
 1471 05a6 FF       		.byte	-1
 1472 05a7 FF       		.byte	-1
 1473 05a8 FF       		.byte	-1
 1474 05a9 FF       		.byte	-1
 1475 05aa FF       		.byte	-1
 1476 05ab FF       		.byte	-1
 1477 05ac FF       		.byte	-1
 1478 05ad FF       		.byte	-1
 1479 05ae 00       		.byte	0
 1480 05af 00       		.byte	0
 1481 05b0 00       		.byte	0
 1482 05b1 00       		.byte	0
 1483 05b2 00       		.byte	0
 1484 05b3 00       		.byte	0
 1485 05b4 00       		.byte	0
 1486 05b5 00       		.byte	0
 1487 05b6 00       		.byte	0
 1488 05b7 FE       		.byte	-2
 1489 05b8 FF       		.byte	-1
 1490 05b9 FF       		.byte	-1
 1491 05ba FF       		.byte	-1
 1492 05bb FF       		.byte	-1
 1493 05bc FF       		.byte	-1
 1494 05bd FF       		.byte	-1
 1495 05be FF       		.byte	-1
 1496 05bf FF       		.byte	-1
 1497 05c0 FF       		.byte	-1
 1498 05c1 FF       		.byte	-1
 1499 05c2 03       		.byte	3
 1500 05c3 03       		.byte	3
 1501 05c4 03       		.byte	3
 1502 05c5 03       		.byte	3
 1503 05c6 03       		.byte	3
 1504 05c7 03       		.byte	3
 1505 05c8 03       		.byte	3
 1506 05c9 03       		.byte	3
 1507 05ca 03       		.byte	3
 1508 05cb 03       		.byte	3
 1509 05cc 03       		.byte	3
 1510 05cd 03       		.byte	3
 1511 05ce 03       		.byte	3
 1512 05cf 03       		.byte	3
 1513 05d0 03       		.byte	3
 1514 05d1 03       		.byte	3
 1515 05d2 03       		.byte	3
 1516 05d3 03       		.byte	3
 1517 05d4 03       		.byte	3
 1518 05d5 03       		.byte	3
 1519 05d6 00       		.byte	0
 1520 05d7 00       		.byte	0
 1521 05d8 00       		.byte	0
 1522 05d9 00       		.byte	0
 1523 05da 00       		.byte	0
 1524 05db 00       		.byte	0
 1525 05dc 00       		.byte	0
 1526 05dd 00       		.byte	0
 1527 05de 00       		.byte	0
 1528 05df FF       		.byte	-1
 1529 05e0 FF       		.byte	-1
 1530 05e1 FF       		.byte	-1
 1531 05e2 FF       		.byte	-1
 1532 05e3 FF       		.byte	-1
 1533 05e4 FF       		.byte	-1
 1534 05e5 FF       		.byte	-1
 1535 05e6 FF       		.byte	-1
 1536 05e7 FF       		.byte	-1
 1537 05e8 FF       		.byte	-1
 1538 05e9 F1       		.byte	-15
 1539 05ea F0       		.byte	-16
 1540 05eb F0       		.byte	-16
 1541 05ec F0       		.byte	-16
 1542 05ed F0       		.byte	-16
 1543 05ee E0       		.byte	-32
 1544 05ef E0       		.byte	-32
 1545 05f0 E0       		.byte	-32
 1546 05f1 E0       		.byte	-32
 1547 05f2 C0       		.byte	-64
 1548 05f3 C0       		.byte	-64
 1549 05f4 C0       		.byte	-64
 1550 05f5 80       		.byte	-128
 1551 05f6 80       		.byte	-128
 1552 05f7 80       		.byte	-128
 1553 05f8 00       		.byte	0
 1554 05f9 00       		.byte	0
 1555 05fa 00       		.byte	0
 1556 05fb 00       		.byte	0
 1557 05fc 00       		.byte	0
 1558 05fd 00       		.byte	0
 1559 05fe 00       		.byte	0
 1560 05ff 00       		.byte	0
 1561 0600 00       		.byte	0
 1562 0601 00       		.byte	0
 1563 0602 00       		.byte	0
 1564 0603 00       		.byte	0
 1565 0604 00       		.byte	0
 1566 0605 00       		.byte	0
 1567 0606 3F       		.byte	63
 1568 0607 3F       		.byte	63
 1569 0608 3F       		.byte	63
 1570 0609 3F       		.byte	63
 1571 060a 3F       		.byte	63
 1572 060b 3F       		.byte	63
 1573 060c 3F       		.byte	63
 1574 060d 3F       		.byte	63
 1575 060e 3F       		.byte	63
 1576 060f 3F       		.byte	63
 1577 0610 7F       		.byte	127
 1578 0611 7F       		.byte	127
 1579 0612 7F       		.byte	127
 1580 0613 7F       		.byte	127
 1581 0614 7F       		.byte	127
 1582 0615 FF       		.byte	-1
 1583 0616 FF       		.byte	-1
 1584 0617 FF       		.byte	-1
 1585 0618 FF       		.byte	-1
 1586 0619 FF       		.byte	-1
 1587 061a FF       		.byte	-1
 1588 061b FF       		.byte	-1
 1589 061c FF       		.byte	-1
 1590 061d FF       		.byte	-1
 1591 061e FF       		.byte	-1
 1592 061f FF       		.byte	-1
 1593 0620 FF       		.byte	-1
 1594 0621 FE       		.byte	-2
 1595 0622 FE       		.byte	-2
 1596 0623 FC       		.byte	-4
 1597 0624 F0       		.byte	-16
 1598 0625 E0       		.byte	-32
 1599 0626 80       		.byte	-128
 1600 0627 00       		.byte	0
 1601 0628 00       		.byte	0
 1602 0629 00       		.byte	0
 1603 062a 00       		.byte	0
 1604 062b 00       		.byte	0
 1605 062c 00       		.byte	0
 1606 062d 00       		.byte	0
 1607 062e 00       		.byte	0
 1608 062f 00       		.byte	0
 1609 0630 00       		.byte	0
 1610 0631 00       		.byte	0
 1611 0632 00       		.byte	0
 1612 0633 00       		.byte	0
 1613 0634 00       		.byte	0
 1614 0635 00       		.byte	0
 1615 0636 00       		.byte	0
 1616 0637 00       		.byte	0
 1617 0638 00       		.byte	0
 1618 0639 00       		.byte	0
 1619 063a 00       		.byte	0
 1620 063b 00       		.byte	0
 1621 063c 00       		.byte	0
 1622 063d 00       		.byte	0
 1623 063e 00       		.byte	0
 1624 063f 00       		.byte	0
 1625 0640 01       		.byte	1
 1626 0641 03       		.byte	3
 1627 0642 07       		.byte	7
 1628 0643 0F       		.byte	15
 1629 0644 FF       		.byte	-1
 1630 0645 FF       		.byte	-1
 1631 0646 FF       		.byte	-1
 1632 0647 FF       		.byte	-1
 1633 0648 FF       		.byte	-1
 1634 0649 FF       		.byte	-1
 1635 064a FF       		.byte	-1
 1636 064b FF       		.byte	-1
 1637 064c FF       		.byte	-1
 1638 064d FF       		.byte	-1
 1639 064e FF       		.byte	-1
 1640 064f FC       		.byte	-4
 1641 0650 00       		.byte	0
 1642 0651 00       		.byte	0
 1643 0652 00       		.byte	0
 1644 0653 00       		.byte	0
 1645 0654 C0       		.byte	-64
 1646 0655 F0       		.byte	-16
 1647 0656 F0       		.byte	-16
 1648 0657 F0       		.byte	-16
 1649 0658 E0       		.byte	-32
 1650 0659 E0       		.byte	-32
 1651 065a E0       		.byte	-32
 1652 065b E0       		.byte	-32
 1653 065c C0       		.byte	-64
 1654 065d C0       		.byte	-64
 1655 065e C0       		.byte	-64
 1656 065f C0       		.byte	-64
 1657 0660 C0       		.byte	-64
 1658 0661 C0       		.byte	-64
 1659 0662 C0       		.byte	-64
 1660 0663 C0       		.byte	-64
 1661 0664 C0       		.byte	-64
 1662 0665 C0       		.byte	-64
 1663 0666 E0       		.byte	-32
 1664 0667 E0       		.byte	-32
 1665 0668 E0       		.byte	-32
 1666 0669 F0       		.byte	-16
 1667 066a F8       		.byte	-8
 1668 066b FE       		.byte	-2
 1669 066c FF       		.byte	-1
 1670 066d FF       		.byte	-1
 1671 066e FF       		.byte	-1
 1672 066f FF       		.byte	-1
 1673 0670 FF       		.byte	-1
 1674 0671 FF       		.byte	-1
 1675 0672 FF       		.byte	-1
 1676 0673 FF       		.byte	-1
 1677 0674 FF       		.byte	-1
 1678 0675 FF       		.byte	-1
 1679 0676 3F       		.byte	63
 1680 0677 07       		.byte	7
 1681 0678 00       		.byte	0
 1682 0679 00       		.byte	0
 1683 067a 00       		.byte	0
 1684 067b 18       		.byte	24
 1685 067c 3F       		.byte	63
 1686 067d 3F       		.byte	63
 1687 067e 3F       		.byte	63
 1688 067f 7F       		.byte	127
 1689 0680 7F       		.byte	127
 1690 0681 7F       		.byte	127
 1691 0682 7F       		.byte	127
 1692 0683 7F       		.byte	127
 1693 0684 FF       		.byte	-1
 1694 0685 FF       		.byte	-1
 1695 0686 FF       		.byte	-1
 1696 0687 FF       		.byte	-1
 1697 0688 FF       		.byte	-1
 1698 0689 FF       		.byte	-1
 1699 068a FF       		.byte	-1
 1700 068b FF       		.byte	-1
 1701 068c FF       		.byte	-1
 1702 068d FF       		.byte	-1
 1703 068e FF       		.byte	-1
 1704 068f FF       		.byte	-1
 1705 0690 7F       		.byte	127
 1706 0691 7F       		.byte	127
 1707 0692 7F       		.byte	127
 1708 0693 7F       		.byte	127
 1709 0694 3F       		.byte	63
 1710 0695 3F       		.byte	63
 1711 0696 3F       		.byte	63
 1712 0697 1F       		.byte	31
 1713 0698 1F       		.byte	31
 1714 0699 0F       		.byte	15
 1715 069a 07       		.byte	7
 1716 069b 03       		.byte	3
 1717 069c 01       		.byte	1
 1718 069d 00       		.byte	0
 1719 069e 00       		.byte	0
 1720 069f 00       		.byte	0
 1721 06a0 00       		.byte	0
 1722 06a1 00       		.byte	0
 1723 06a2 00       		.byte	0
 1724 06a3 00       		.byte	0
 1725 06a4 00       		.byte	0
 1726 06a5 00       		.byte	0
 1727 06a6 00       		.byte	0
 1728 06a7 00       		.byte	0
 1729 06a8 00       		.byte	0
 1730 06a9 00       		.byte	0
 1731 06aa 00       		.byte	0
 1732 06ab 00       		.byte	0
 1733 06ac 80       		.byte	-128
 1734 06ad 80       		.byte	-128
 1735 06ae C0       		.byte	-64
 1736 06af E0       		.byte	-32
 1737 06b0 E0       		.byte	-32
 1738 06b1 F0       		.byte	-16
 1739 06b2 F0       		.byte	-16
 1740 06b3 F8       		.byte	-8
 1741 06b4 F8       		.byte	-8
 1742 06b5 FC       		.byte	-4
 1743 06b6 FC       		.byte	-4
 1744 06b7 FC       		.byte	-4
 1745 06b8 FC       		.byte	-4
 1746 06b9 FE       		.byte	-2
 1747 06ba FE       		.byte	-2
 1748 06bb FE       		.byte	-2
 1749 06bc FE       		.byte	-2
 1750 06bd FE       		.byte	-2
 1751 06be FF       		.byte	-1
 1752 06bf FF       		.byte	-1
 1753 06c0 FF       		.byte	-1
 1754 06c1 FF       		.byte	-1
 1755 06c2 FF       		.byte	-1
 1756 06c3 FF       		.byte	-1
 1757 06c4 FC       		.byte	-4
 1758 06c5 00       		.byte	0
 1759 06c6 00       		.byte	0
 1760 06c7 00       		.byte	0
 1761 06c8 00       		.byte	0
 1762 06c9 00       		.byte	0
 1763 06ca 00       		.byte	0
 1764 06cb 00       		.byte	0
 1765 06cc 00       		.byte	0
 1766 06cd 00       		.byte	0
 1767 06ce C0       		.byte	-64
 1768 06cf E0       		.byte	-32
 1769 06d0 F0       		.byte	-16
 1770 06d1 FC       		.byte	-4
 1771 06d2 FE       		.byte	-2
 1772 06d3 FF       		.byte	-1
 1773 06d4 FF       		.byte	-1
 1774 06d5 FF       		.byte	-1
 1775 06d6 FF       		.byte	-1
 1776 06d7 FF       		.byte	-1
 1777 06d8 FF       		.byte	-1
 1778 06d9 FF       		.byte	-1
 1779 06da FF       		.byte	-1
 1780 06db 7F       		.byte	127
 1781 06dc 7F       		.byte	127
 1782 06dd 3F       		.byte	63
 1783 06de 1F       		.byte	31
 1784 06df 1F       		.byte	31
 1785 06e0 0F       		.byte	15
 1786 06e1 0F       		.byte	15
 1787 06e2 0F       		.byte	15
 1788 06e3 07       		.byte	7
 1789 06e4 07       		.byte	7
 1790 06e5 07       		.byte	7
 1791 06e6 07       		.byte	7
 1792 06e7 03       		.byte	3
 1793 06e8 03       		.byte	3
 1794 06e9 03       		.byte	3
 1795 06ea 03       		.byte	3
 1796 06eb 03       		.byte	3
 1797 06ec 03       		.byte	3
 1798 06ed 00       		.byte	0
 1799 06ee 00       		.byte	0
 1800 06ef 00       		.byte	0
 1801 06f0 00       		.byte	0
 1802 06f1 00       		.byte	0
 1803 06f2 00       		.byte	0
 1804 06f3 E0       		.byte	-32
 1805 06f4 FC       		.byte	-4
 1806 06f5 FF       		.byte	-1
 1807 06f6 FF       		.byte	-1
 1808 06f7 FF       		.byte	-1
 1809 06f8 FF       		.byte	-1
 1810 06f9 FF       		.byte	-1
 1811 06fa FF       		.byte	-1
 1812 06fb FF       		.byte	-1
 1813 06fc FF       		.byte	-1
 1814 06fd FF       		.byte	-1
 1815 06fe FF       		.byte	-1
 1816 06ff FF       		.byte	-1
 1817 0700 E7       		.byte	-25
 1818 0701 E3       		.byte	-29
 1819 0702 F0       		.byte	-16
 1820 0703 F0       		.byte	-16
 1821 0704 F0       		.byte	-16
 1822 0705 F0       		.byte	-16
 1823 0706 F0       		.byte	-16
 1824 0707 F0       		.byte	-16
 1825 0708 F0       		.byte	-16
 1826 0709 F0       		.byte	-16
 1827 070a F0       		.byte	-16
 1828 070b F0       		.byte	-16
 1829 070c E0       		.byte	-32
 1830 070d E0       		.byte	-32
 1831 070e E0       		.byte	-32
 1832 070f C0       		.byte	-64
 1833 0710 C0       		.byte	-64
 1834 0711 80       		.byte	-128
 1835 0712 80       		.byte	-128
 1836 0713 00       		.byte	0
 1837 0714 00       		.byte	0
 1838 0715 00       		.byte	0
 1839 0716 00       		.byte	0
 1840 0717 00       		.byte	0
 1841 0718 00       		.byte	0
 1842 0719 00       		.byte	0
 1843 071a FC       		.byte	-4
 1844 071b FF       		.byte	-1
 1845 071c FF       		.byte	-1
 1846 071d FF       		.byte	-1
 1847 071e FF       		.byte	-1
 1848 071f FF       		.byte	-1
 1849 0720 FF       		.byte	-1
 1850 0721 FF       		.byte	-1
 1851 0722 FF       		.byte	-1
 1852 0723 FF       		.byte	-1
 1853 0724 FF       		.byte	-1
 1854 0725 FF       		.byte	-1
 1855 0726 7F       		.byte	127
 1856 0727 7F       		.byte	127
 1857 0728 3F       		.byte	63
 1858 0729 3F       		.byte	63
 1859 072a 3F       		.byte	63
 1860 072b 3F       		.byte	63
 1861 072c 3F       		.byte	63
 1862 072d 3F       		.byte	63
 1863 072e 3F       		.byte	63
 1864 072f 3F       		.byte	63
 1865 0730 7F       		.byte	127
 1866 0731 7F       		.byte	127
 1867 0732 FF       		.byte	-1
 1868 0733 FF       		.byte	-1
 1869 0734 FF       		.byte	-1
 1870 0735 FF       		.byte	-1
 1871 0736 FF       		.byte	-1
 1872 0737 FF       		.byte	-1
 1873 0738 FF       		.byte	-1
 1874 0739 FF       		.byte	-1
 1875 073a FF       		.byte	-1
 1876 073b FF       		.byte	-1
 1877 073c FE       		.byte	-2
 1878 073d FC       		.byte	-4
 1879 073e F8       		.byte	-8
 1880 073f E0       		.byte	-32
 1881 0740 00       		.byte	0
 1882 0741 00       		.byte	0
 1883 0742 7F       		.byte	127
 1884 0743 FF       		.byte	-1
 1885 0744 FF       		.byte	-1
 1886 0745 FF       		.byte	-1
 1887 0746 FF       		.byte	-1
 1888 0747 FF       		.byte	-1
 1889 0748 FF       		.byte	-1
 1890 0749 FF       		.byte	-1
 1891 074a FF       		.byte	-1
 1892 074b FF       		.byte	-1
 1893 074c FF       		.byte	-1
 1894 074d FF       		.byte	-1
 1895 074e 80       		.byte	-128
 1896 074f 00       		.byte	0
 1897 0750 00       		.byte	0
 1898 0751 00       		.byte	0
 1899 0752 00       		.byte	0
 1900 0753 00       		.byte	0
 1901 0754 00       		.byte	0
 1902 0755 00       		.byte	0
 1903 0756 00       		.byte	0
 1904 0757 00       		.byte	0
 1905 0758 00       		.byte	0
 1906 0759 00       		.byte	0
 1907 075a 00       		.byte	0
 1908 075b 01       		.byte	1
 1909 075c 03       		.byte	3
 1910 075d FF       		.byte	-1
 1911 075e FF       		.byte	-1
 1912 075f FF       		.byte	-1
 1913 0760 FF       		.byte	-1
 1914 0761 FF       		.byte	-1
 1915 0762 FF       		.byte	-1
 1916 0763 FF       		.byte	-1
 1917 0764 FF       		.byte	-1
 1918 0765 FF       		.byte	-1
 1919 0766 FF       		.byte	-1
 1920 0767 FF       		.byte	-1
 1921 0768 FE       		.byte	-2
 1922 0769 00       		.byte	0
 1923 076a 00       		.byte	0
 1924 076b 07       		.byte	7
 1925 076c 3F       		.byte	63
 1926 076d FF       		.byte	-1
 1927 076e FF       		.byte	-1
 1928 076f FF       		.byte	-1
 1929 0770 FF       		.byte	-1
 1930 0771 FF       		.byte	-1
 1931 0772 FF       		.byte	-1
 1932 0773 FF       		.byte	-1
 1933 0774 FF       		.byte	-1
 1934 0775 FF       		.byte	-1
 1935 0776 FF       		.byte	-1
 1936 0777 FC       		.byte	-4
 1937 0778 F0       		.byte	-16
 1938 0779 E0       		.byte	-32
 1939 077a E0       		.byte	-32
 1940 077b C0       		.byte	-64
 1941 077c C0       		.byte	-64
 1942 077d C0       		.byte	-64
 1943 077e C0       		.byte	-64
 1944 077f C0       		.byte	-64
 1945 0780 C0       		.byte	-64
 1946 0781 E0       		.byte	-32
 1947 0782 F0       		.byte	-16
 1948 0783 F8       		.byte	-8
 1949 0784 FE       		.byte	-2
 1950 0785 FF       		.byte	-1
 1951 0786 FF       		.byte	-1
 1952 0787 FF       		.byte	-1
 1953 0788 FF       		.byte	-1
 1954 0789 FF       		.byte	-1
 1955 078a FF       		.byte	-1
 1956 078b FF       		.byte	-1
 1957 078c FF       		.byte	-1
 1958 078d FF       		.byte	-1
 1959 078e 7F       		.byte	127
 1960 078f 1F       		.byte	31
 1961 0790 03       		.byte	3
 1962 0791 00       		.byte	0
 1963 0792 00       		.byte	0
 1964 0793 00       		.byte	0
 1965 0794 00       		.byte	0
 1966 0795 00       		.byte	0
 1967 0796 01       		.byte	1
 1968 0797 03       		.byte	3
 1969 0798 07       		.byte	7
 1970 0799 0F       		.byte	15
 1971 079a 1F       		.byte	31
 1972 079b 3F       		.byte	63
 1973 079c 3F       		.byte	63
 1974 079d 3F       		.byte	63
 1975 079e 7F       		.byte	127
 1976 079f 7F       		.byte	127
 1977 07a0 7F       		.byte	127
 1978 07a1 FF       		.byte	-1
 1979 07a2 FF       		.byte	-1
 1980 07a3 FF       		.byte	-1
 1981 07a4 FF       		.byte	-1
 1982 07a5 FF       		.byte	-1
 1983 07a6 FF       		.byte	-1
 1984 07a7 FF       		.byte	-1
 1985 07a8 FF       		.byte	-1
 1986 07a9 FF       		.byte	-1
 1987 07aa FF       		.byte	-1
 1988 07ab 7F       		.byte	127
 1989 07ac 7F       		.byte	127
 1990 07ad 7F       		.byte	127
 1991 07ae 3F       		.byte	63
 1992 07af 3F       		.byte	63
 1993 07b0 1F       		.byte	31
 1994 07b1 0F       		.byte	15
 1995 07b2 0F       		.byte	15
 1996 07b3 07       		.byte	7
 1997 07b4 03       		.byte	3
 1998 07b5 00       		.byte	0
 1999 07b6 00       		.byte	0
 2000 07b7 00       		.byte	0
 2001 07b8 00       		.byte	0
 2002 07b9 00       		.byte	0
 2003 07ba FF       		.byte	-1
 2004 07bb FF       		.byte	-1
 2005 07bc FF       		.byte	-1
 2006 07bd FF       		.byte	-1
 2007 07be FF       		.byte	-1
 2008 07bf FF       		.byte	-1
 2009 07c0 FF       		.byte	-1
 2010 07c1 FF       		.byte	-1
 2011 07c2 FF       		.byte	-1
 2012 07c3 FF       		.byte	-1
 2013 07c4 FF       		.byte	-1
 2014 07c5 FF       		.byte	-1
 2015 07c6 FF       		.byte	-1
 2016 07c7 FF       		.byte	-1
 2017 07c8 FF       		.byte	-1
 2018 07c9 FF       		.byte	-1
 2019 07ca FF       		.byte	-1
 2020 07cb FF       		.byte	-1
 2021 07cc FF       		.byte	-1
 2022 07cd FF       		.byte	-1
 2023 07ce FF       		.byte	-1
 2024 07cf FF       		.byte	-1
 2025 07d0 FF       		.byte	-1
 2026 07d1 FF       		.byte	-1
 2027 07d2 FF       		.byte	-1
 2028 07d3 FF       		.byte	-1
 2029 07d4 FF       		.byte	-1
 2030 07d5 FF       		.byte	-1
 2031 07d6 FF       		.byte	-1
 2032 07d7 FF       		.byte	-1
 2033 07d8 FF       		.byte	-1
 2034 07d9 FF       		.byte	-1
 2035 07da FF       		.byte	-1
 2036 07db FF       		.byte	-1
 2037 07dc FF       		.byte	-1
 2038 07dd FF       		.byte	-1
 2039 07de FF       		.byte	-1
 2040 07df FF       		.byte	-1
 2041 07e0 FF       		.byte	-1
 2042 07e1 00       		.byte	0
 2043 07e2 03       		.byte	3
 2044 07e3 03       		.byte	3
 2045 07e4 03       		.byte	3
 2046 07e5 03       		.byte	3
 2047 07e6 03       		.byte	3
 2048 07e7 03       		.byte	3
 2049 07e8 03       		.byte	3
 2050 07e9 03       		.byte	3
 2051 07ea 03       		.byte	3
 2052 07eb 03       		.byte	3
 2053 07ec 03       		.byte	3
 2054 07ed 03       		.byte	3
 2055 07ee 03       		.byte	3
 2056 07ef 03       		.byte	3
 2057 07f0 03       		.byte	3
 2058 07f1 03       		.byte	3
 2059 07f2 03       		.byte	3
 2060 07f3 03       		.byte	3
 2061 07f4 03       		.byte	3
 2062 07f5 03       		.byte	3
 2063 07f6 03       		.byte	3
 2064 07f7 83       		.byte	-125
 2065 07f8 E3       		.byte	-29
 2066 07f9 F3       		.byte	-13
 2067 07fa FF       		.byte	-1
 2068 07fb FF       		.byte	-1
 2069 07fc FF       		.byte	-1
 2070 07fd FF       		.byte	-1
 2071 07fe FF       		.byte	-1
 2072 07ff FF       		.byte	-1
 2073 0800 FF       		.byte	-1
 2074 0801 FF       		.byte	-1
 2075 0802 FF       		.byte	-1
 2076 0803 FF       		.byte	-1
 2077 0804 7F       		.byte	127
 2078 0805 3F       		.byte	63
 2079 0806 1F       		.byte	31
 2080 0807 07       		.byte	7
 2081 0808 03       		.byte	3
 2082 0809 00       		.byte	0
 2083 080a 00       		.byte	0
 2084 080b 00       		.byte	0
 2085 080c 00       		.byte	0
 2086 080d 00       		.byte	0
 2087 080e 00       		.byte	0
 2088 080f 00       		.byte	0
 2089 0810 00       		.byte	0
 2090 0811 00       		.byte	0
 2091 0812 00       		.byte	0
 2092 0813 00       		.byte	0
 2093 0814 00       		.byte	0
 2094 0815 00       		.byte	0
 2095 0816 00       		.byte	0
 2096 0817 00       		.byte	0
 2097 0818 00       		.byte	0
 2098 0819 00       		.byte	0
 2099 081a 00       		.byte	0
 2100 081b C0       		.byte	-64
 2101 081c F0       		.byte	-16
 2102 081d FC       		.byte	-4
 2103 081e FE       		.byte	-2
 2104 081f FF       		.byte	-1
 2105 0820 FF       		.byte	-1
 2106 0821 FF       		.byte	-1
 2107 0822 FF       		.byte	-1
 2108 0823 FF       		.byte	-1
 2109 0824 FF       		.byte	-1
 2110 0825 FF       		.byte	-1
 2111 0826 FF       		.byte	-1
 2112 0827 FF       		.byte	-1
 2113 0828 3F       		.byte	63
 2114 0829 0F       		.byte	15
 2115 082a 07       		.byte	7
 2116 082b 01       		.byte	1
 2117 082c 00       		.byte	0
 2118 082d 00       		.byte	0
 2119 082e 00       		.byte	0
 2120 082f 00       		.byte	0
 2121 0830 00       		.byte	0
 2122 0831 00       		.byte	0
 2123 0832 00       		.byte	0
 2124 0833 00       		.byte	0
 2125 0834 00       		.byte	0
 2126 0835 00       		.byte	0
 2127 0836 00       		.byte	0
 2128 0837 00       		.byte	0
 2129 0838 00       		.byte	0
 2130 0839 00       		.byte	0
 2131 083a 00       		.byte	0
 2132 083b 00       		.byte	0
 2133 083c 00       		.byte	0
 2134 083d 00       		.byte	0
 2135 083e 00       		.byte	0
 2136 083f 00       		.byte	0
 2137 0840 E0       		.byte	-32
 2138 0841 F8       		.byte	-8
 2139 0842 FE       		.byte	-2
 2140 0843 FF       		.byte	-1
 2141 0844 FF       		.byte	-1
 2142 0845 FF       		.byte	-1
 2143 0846 FF       		.byte	-1
 2144 0847 FF       		.byte	-1
 2145 0848 FF       		.byte	-1
 2146 0849 FF       		.byte	-1
 2147 084a FF       		.byte	-1
 2148 084b FF       		.byte	-1
 2149 084c 3F       		.byte	63
 2150 084d 0F       		.byte	15
 2151 084e 03       		.byte	3
 2152 084f 00       		.byte	0
 2153 0850 00       		.byte	0
 2154 0851 00       		.byte	0
 2155 0852 00       		.byte	0
 2156 0853 00       		.byte	0
 2157 0854 00       		.byte	0
 2158 0855 00       		.byte	0
 2159 0856 00       		.byte	0
 2160 0857 00       		.byte	0
 2161 0858 00       		.byte	0
 2162 0859 00       		.byte	0
 2163 085a 00       		.byte	0
 2164 085b 00       		.byte	0
 2165 085c 00       		.byte	0
 2166 085d 00       		.byte	0
 2167 085e 00       		.byte	0
 2168 085f 00       		.byte	0
 2169 0860 00       		.byte	0
 2170 0861 00       		.byte	0
 2171 0862 00       		.byte	0
 2172 0863 00       		.byte	0
 2173 0864 00       		.byte	0
 2174 0865 C0       		.byte	-64
 2175 0866 F8       		.byte	-8
 2176 0867 FF       		.byte	-1
 2177 0868 FF       		.byte	-1
 2178 0869 FF       		.byte	-1
 2179 086a FF       		.byte	-1
 2180 086b FF       		.byte	-1
 2181 086c FF       		.byte	-1
 2182 086d FF       		.byte	-1
 2183 086e FF       		.byte	-1
 2184 086f FF       		.byte	-1
 2185 0870 FF       		.byte	-1
 2186 0871 7F       		.byte	127
 2187 0872 0F       		.byte	15
 2188 0873 01       		.byte	1
 2189 0874 00       		.byte	0
 2190 0875 00       		.byte	0
 2191 0876 00       		.byte	0
 2192 0877 00       		.byte	0
 2193 0878 00       		.byte	0
 2194 0879 00       		.byte	0
 2195 087a 00       		.byte	0
 2196 087b 00       		.byte	0
 2197 087c 00       		.byte	0
 2198 087d 00       		.byte	0
 2199 087e 00       		.byte	0
 2200 087f 00       		.byte	0
 2201 0880 00       		.byte	0
 2202 0881 00       		.byte	0
 2203 0882 00       		.byte	0
 2204 0883 00       		.byte	0
 2205 0884 00       		.byte	0
 2206 0885 00       		.byte	0
 2207 0886 00       		.byte	0
 2208 0887 00       		.byte	0
 2209 0888 00       		.byte	0
 2210 0889 00       		.byte	0
 2211 088a 00       		.byte	0
 2212 088b C0       		.byte	-64
 2213 088c FC       		.byte	-4
 2214 088d FF       		.byte	-1
 2215 088e FF       		.byte	-1
 2216 088f FF       		.byte	-1
 2217 0890 FF       		.byte	-1
 2218 0891 FF       		.byte	-1
 2219 0892 FF       		.byte	-1
 2220 0893 FF       		.byte	-1
 2221 0894 FF       		.byte	-1
 2222 0895 FF       		.byte	-1
 2223 0896 FF       		.byte	-1
 2224 0897 3F       		.byte	63
 2225 0898 03       		.byte	3
 2226 0899 00       		.byte	0
 2227 089a 00       		.byte	0
 2228 089b 00       		.byte	0
 2229 089c 00       		.byte	0
 2230 089d 00       		.byte	0
 2231 089e 00       		.byte	0
 2232 089f 00       		.byte	0
 2233 08a0 00       		.byte	0
 2234 08a1 00       		.byte	0
 2235 08a2 00       		.byte	0
 2236 08a3 00       		.byte	0
 2237 08a4 00       		.byte	0
 2238 08a5 00       		.byte	0
 2239 08a6 00       		.byte	0
 2240 08a7 00       		.byte	0
 2241 08a8 00       		.byte	0
 2242 08a9 00       		.byte	0
 2243 08aa 00       		.byte	0
 2244 08ab 00       		.byte	0
 2245 08ac 00       		.byte	0
 2246 08ad 00       		.byte	0
 2247 08ae 00       		.byte	0
 2248 08af 00       		.byte	0
 2249 08b0 00       		.byte	0
 2250 08b1 00       		.byte	0
 2251 08b2 F8       		.byte	-8
 2252 08b3 FF       		.byte	-1
 2253 08b4 FF       		.byte	-1
 2254 08b5 FF       		.byte	-1
 2255 08b6 FF       		.byte	-1
 2256 08b7 FF       		.byte	-1
 2257 08b8 FF       		.byte	-1
 2258 08b9 FF       		.byte	-1
 2259 08ba FF       		.byte	-1
 2260 08bb FF       		.byte	-1
 2261 08bc FF       		.byte	-1
 2262 08bd FF       		.byte	-1
 2263 08be 07       		.byte	7
 2264 08bf 00       		.byte	0
 2265 08c0 00       		.byte	0
 2266 08c1 00       		.byte	0
 2267 08c2 00       		.byte	0
 2268 08c3 00       		.byte	0
 2269 08c4 00       		.byte	0
 2270 08c5 00       		.byte	0
 2271 08c6 00       		.byte	0
 2272 08c7 00       		.byte	0
 2273 08c8 00       		.byte	0
 2274 08c9 00       		.byte	0
 2275 08ca 00       		.byte	0
 2276 08cb 00       		.byte	0
 2277 08cc 00       		.byte	0
 2278 08cd 00       		.byte	0
 2279 08ce 00       		.byte	0
 2280 08cf 00       		.byte	0
 2281 08d0 00       		.byte	0
 2282 08d1 00       		.byte	0
 2283 08d2 00       		.byte	0
 2284 08d3 00       		.byte	0
 2285 08d4 00       		.byte	0
 2286 08d5 00       		.byte	0
 2287 08d6 C0       		.byte	-64
 2288 08d7 E0       		.byte	-32
 2289 08d8 F0       		.byte	-16
 2290 08d9 F0       		.byte	-16
 2291 08da F8       		.byte	-8
 2292 08db FC       		.byte	-4
 2293 08dc FC       		.byte	-4
 2294 08dd FE       		.byte	-2
 2295 08de FE       		.byte	-2
 2296 08df FE       		.byte	-2
 2297 08e0 FE       		.byte	-2
 2298 08e1 FF       		.byte	-1
 2299 08e2 FF       		.byte	-1
 2300 08e3 FF       		.byte	-1
 2301 08e4 FF       		.byte	-1
 2302 08e5 FF       		.byte	-1
 2303 08e6 FF       		.byte	-1
 2304 08e7 FF       		.byte	-1
 2305 08e8 FF       		.byte	-1
 2306 08e9 FF       		.byte	-1
 2307 08ea FF       		.byte	-1
 2308 08eb FE       		.byte	-2
 2309 08ec FE       		.byte	-2
 2310 08ed FE       		.byte	-2
 2311 08ee FC       		.byte	-4
 2312 08ef FC       		.byte	-4
 2313 08f0 F8       		.byte	-8
 2314 08f1 F8       		.byte	-8
 2315 08f2 F0       		.byte	-16
 2316 08f3 E0       		.byte	-32
 2317 08f4 C0       		.byte	-64
 2318 08f5 80       		.byte	-128
 2319 08f6 00       		.byte	0
 2320 08f7 00       		.byte	0
 2321 08f8 00       		.byte	0
 2322 08f9 00       		.byte	0
 2323 08fa 00       		.byte	0
 2324 08fb F0       		.byte	-16
 2325 08fc FC       		.byte	-4
 2326 08fd FF       		.byte	-1
 2327 08fe FF       		.byte	-1
 2328 08ff FF       		.byte	-1
 2329 0900 FF       		.byte	-1
 2330 0901 FF       		.byte	-1
 2331 0902 FF       		.byte	-1
 2332 0903 FF       		.byte	-1
 2333 0904 FF       		.byte	-1
 2334 0905 FF       		.byte	-1
 2335 0906 FF       		.byte	-1
 2336 0907 3F       		.byte	63
 2337 0908 0F       		.byte	15
 2338 0909 07       		.byte	7
 2339 090a 07       		.byte	7
 2340 090b 03       		.byte	3
 2341 090c 03       		.byte	3
 2342 090d 03       		.byte	3
 2343 090e 03       		.byte	3
 2344 090f 03       		.byte	3
 2345 0910 07       		.byte	7
 2346 0911 07       		.byte	7
 2347 0912 0F       		.byte	15
 2348 0913 3F       		.byte	63
 2349 0914 FF       		.byte	-1
 2350 0915 FF       		.byte	-1
 2351 0916 FF       		.byte	-1
 2352 0917 FF       		.byte	-1
 2353 0918 FF       		.byte	-1
 2354 0919 FF       		.byte	-1
 2355 091a FF       		.byte	-1
 2356 091b FF       		.byte	-1
 2357 091c FF       		.byte	-1
 2358 091d FF       		.byte	-1
 2359 091e FE       		.byte	-2
 2360 091f F8       		.byte	-8
 2361 0920 00       		.byte	0
 2362 0921 00       		.byte	0
 2363 0922 00       		.byte	0
 2364 0923 07       		.byte	7
 2365 0924 3F       		.byte	63
 2366 0925 7F       		.byte	127
 2367 0926 FF       		.byte	-1
 2368 0927 FF       		.byte	-1
 2369 0928 FF       		.byte	-1
 2370 0929 FF       		.byte	-1
 2371 092a FF       		.byte	-1
 2372 092b FF       		.byte	-1
 2373 092c FF       		.byte	-1
 2374 092d FF       		.byte	-1
 2375 092e FF       		.byte	-1
 2376 092f FE       		.byte	-2
 2377 0930 F8       		.byte	-8
 2378 0931 F0       		.byte	-16
 2379 0932 E0       		.byte	-32
 2380 0933 C0       		.byte	-64
 2381 0934 C0       		.byte	-64
 2382 0935 80       		.byte	-128
 2383 0936 80       		.byte	-128
 2384 0937 80       		.byte	-128
 2385 0938 C0       		.byte	-64
 2386 0939 E0       		.byte	-32
 2387 093a F0       		.byte	-16
 2388 093b FC       		.byte	-4
 2389 093c FF       		.byte	-1
 2390 093d FF       		.byte	-1
 2391 093e FF       		.byte	-1
 2392 093f FF       		.byte	-1
 2393 0940 FF       		.byte	-1
 2394 0941 FF       		.byte	-1
 2395 0942 FF       		.byte	-1
 2396 0943 FF       		.byte	-1
 2397 0944 7F       		.byte	127
 2398 0945 3F       		.byte	63
 2399 0946 0F       		.byte	15
 2400 0947 03       		.byte	3
 2401 0948 00       		.byte	0
 2402 0949 00       		.byte	0
 2403 094a 00       		.byte	0
 2404 094b 00       		.byte	0
 2405 094c 00       		.byte	0
 2406 094d 80       		.byte	-128
 2407 094e C1       		.byte	-63
 2408 094f E3       		.byte	-29
 2409 0950 E7       		.byte	-25
 2410 0951 F7       		.byte	-9
 2411 0952 FF       		.byte	-1
 2412 0953 FF       		.byte	-1
 2413 0954 FF       		.byte	-1
 2414 0955 FF       		.byte	-1
 2415 0956 FF       		.byte	-1
 2416 0957 FF       		.byte	-1
 2417 0958 FF       		.byte	-1
 2418 0959 FF       		.byte	-1
 2419 095a FF       		.byte	-1
 2420 095b FF       		.byte	-1
 2421 095c FF       		.byte	-1
 2422 095d FF       		.byte	-1
 2423 095e FF       		.byte	-1
 2424 095f FF       		.byte	-1
 2425 0960 FF       		.byte	-1
 2426 0961 FF       		.byte	-1
 2427 0962 FF       		.byte	-1
 2428 0963 FF       		.byte	-1
 2429 0964 FF       		.byte	-1
 2430 0965 FF       		.byte	-1
 2431 0966 FF       		.byte	-1
 2432 0967 FF       		.byte	-1
 2433 0968 FF       		.byte	-1
 2434 0969 FB       		.byte	-5
 2435 096a F1       		.byte	-15
 2436 096b F0       		.byte	-16
 2437 096c E0       		.byte	-32
 2438 096d C0       		.byte	-64
 2439 096e 80       		.byte	-128
 2440 096f 00       		.byte	0
 2441 0970 00       		.byte	0
 2442 0971 00       		.byte	0
 2443 0972 E0       		.byte	-32
 2444 0973 FC       		.byte	-4
 2445 0974 FE       		.byte	-2
 2446 0975 FF       		.byte	-1
 2447 0976 FF       		.byte	-1
 2448 0977 FF       		.byte	-1
 2449 0978 FF       		.byte	-1
 2450 0979 FF       		.byte	-1
 2451 097a FF       		.byte	-1
 2452 097b FF       		.byte	-1
 2453 097c FF       		.byte	-1
 2454 097d FF       		.byte	-1
 2455 097e 1F       		.byte	31
 2456 097f 07       		.byte	7
 2457 0980 03       		.byte	3
 2458 0981 01       		.byte	1
 2459 0982 00       		.byte	0
 2460 0983 00       		.byte	0
 2461 0984 00       		.byte	0
 2462 0985 00       		.byte	0
 2463 0986 01       		.byte	1
 2464 0987 01       		.byte	1
 2465 0988 03       		.byte	3
 2466 0989 03       		.byte	3
 2467 098a 07       		.byte	7
 2468 098b 0F       		.byte	15
 2469 098c 3F       		.byte	63
 2470 098d FF       		.byte	-1
 2471 098e FF       		.byte	-1
 2472 098f FF       		.byte	-1
 2473 0990 FF       		.byte	-1
 2474 0991 FF       		.byte	-1
 2475 0992 FF       		.byte	-1
 2476 0993 FF       		.byte	-1
 2477 0994 FF       		.byte	-1
 2478 0995 FF       		.byte	-1
 2479 0996 FF       		.byte	-1
 2480 0997 FE       		.byte	-2
 2481 0998 F0       		.byte	-16
 2482 0999 00       		.byte	0
 2483 099a 0F       		.byte	15
 2484 099b 7F       		.byte	127
 2485 099c FF       		.byte	-1
 2486 099d FF       		.byte	-1
 2487 099e FF       		.byte	-1
 2488 099f FF       		.byte	-1
 2489 09a0 FF       		.byte	-1
 2490 09a1 FF       		.byte	-1
 2491 09a2 FF       		.byte	-1
 2492 09a3 FF       		.byte	-1
 2493 09a4 FF       		.byte	-1
 2494 09a5 FF       		.byte	-1
 2495 09a6 FC       		.byte	-4
 2496 09a7 F0       		.byte	-16
 2497 09a8 E0       		.byte	-32
 2498 09a9 E0       		.byte	-32
 2499 09aa C0       		.byte	-64
 2500 09ab C0       		.byte	-64
 2501 09ac C0       		.byte	-64
 2502 09ad C0       		.byte	-64
 2503 09ae C0       		.byte	-64
 2504 09af C0       		.byte	-64
 2505 09b0 C0       		.byte	-64
 2506 09b1 E0       		.byte	-32
 2507 09b2 E0       		.byte	-32
 2508 09b3 F0       		.byte	-16
 2509 09b4 FC       		.byte	-4
 2510 09b5 FF       		.byte	-1
 2511 09b6 FF       		.byte	-1
 2512 09b7 FF       		.byte	-1
 2513 09b8 FF       		.byte	-1
 2514 09b9 FF       		.byte	-1
 2515 09ba FF       		.byte	-1
 2516 09bb FF       		.byte	-1
 2517 09bc FF       		.byte	-1
 2518 09bd FF       		.byte	-1
 2519 09be FF       		.byte	-1
 2520 09bf 7F       		.byte	127
 2521 09c0 0F       		.byte	15
 2522 09c1 00       		.byte	0
 2523 09c2 00       		.byte	0
 2524 09c3 00       		.byte	0
 2525 09c4 01       		.byte	1
 2526 09c5 03       		.byte	3
 2527 09c6 07       		.byte	7
 2528 09c7 0F       		.byte	15
 2529 09c8 1F       		.byte	31
 2530 09c9 1F       		.byte	31
 2531 09ca 3F       		.byte	63
 2532 09cb 3F       		.byte	63
 2533 09cc 7F       		.byte	127
 2534 09cd 7F       		.byte	127
 2535 09ce 7F       		.byte	127
 2536 09cf 7F       		.byte	127
 2537 09d0 FF       		.byte	-1
 2538 09d1 FF       		.byte	-1
 2539 09d2 FF       		.byte	-1
 2540 09d3 FF       		.byte	-1
 2541 09d4 FF       		.byte	-1
 2542 09d5 FF       		.byte	-1
 2543 09d6 FF       		.byte	-1
 2544 09d7 FF       		.byte	-1
 2545 09d8 FF       		.byte	-1
 2546 09d9 FF       		.byte	-1
 2547 09da FF       		.byte	-1
 2548 09db 7F       		.byte	127
 2549 09dc 7F       		.byte	127
 2550 09dd 7F       		.byte	127
 2551 09de 7F       		.byte	127
 2552 09df 3F       		.byte	63
 2553 09e0 3F       		.byte	63
 2554 09e1 1F       		.byte	31
 2555 09e2 1F       		.byte	31
 2556 09e3 0F       		.byte	15
 2557 09e4 07       		.byte	7
 2558 09e5 03       		.byte	3
 2559 09e6 01       		.byte	1
 2560 09e7 00       		.byte	0
 2561 09e8 00       		.byte	0
 2562 09e9 00       		.byte	0
 2563 09ea 00       		.byte	0
 2564 09eb 00       		.byte	0
 2565 09ec 00       		.byte	0
 2566 09ed 00       		.byte	0
 2567 09ee C0       		.byte	-64
 2568 09ef E0       		.byte	-32
 2569 09f0 F0       		.byte	-16
 2570 09f1 F0       		.byte	-16
 2571 09f2 F8       		.byte	-8
 2572 09f3 FC       		.byte	-4
 2573 09f4 FC       		.byte	-4
 2574 09f5 FE       		.byte	-2
 2575 09f6 FE       		.byte	-2
 2576 09f7 FE       		.byte	-2
 2577 09f8 FF       		.byte	-1
 2578 09f9 FF       		.byte	-1
 2579 09fa FF       		.byte	-1
 2580 09fb FF       		.byte	-1
 2581 09fc FF       		.byte	-1
 2582 09fd FF       		.byte	-1
 2583 09fe FF       		.byte	-1
 2584 09ff FF       		.byte	-1
 2585 0a00 FF       		.byte	-1
 2586 0a01 FF       		.byte	-1
 2587 0a02 FE       		.byte	-2
 2588 0a03 FE       		.byte	-2
 2589 0a04 FE       		.byte	-2
 2590 0a05 FE       		.byte	-2
 2591 0a06 FC       		.byte	-4
 2592 0a07 FC       		.byte	-4
 2593 0a08 F8       		.byte	-8
 2594 0a09 F8       		.byte	-8
 2595 0a0a F0       		.byte	-16
 2596 0a0b E0       		.byte	-32
 2597 0a0c C0       		.byte	-64
 2598 0a0d 80       		.byte	-128
 2599 0a0e 00       		.byte	0
 2600 0a0f 00       		.byte	0
 2601 0a10 00       		.byte	0
 2602 0a11 00       		.byte	0
 2603 0a12 C0       		.byte	-64
 2604 0a13 F8       		.byte	-8
 2605 0a14 FE       		.byte	-2
 2606 0a15 FF       		.byte	-1
 2607 0a16 FF       		.byte	-1
 2608 0a17 FF       		.byte	-1
 2609 0a18 FF       		.byte	-1
 2610 0a19 FF       		.byte	-1
 2611 0a1a FF       		.byte	-1
 2612 0a1b FF       		.byte	-1
 2613 0a1c FF       		.byte	-1
 2614 0a1d FF       		.byte	-1
 2615 0a1e 7F       		.byte	127
 2616 0a1f 1F       		.byte	31
 2617 0a20 0F       		.byte	15
 2618 0a21 07       		.byte	7
 2619 0a22 07       		.byte	7
 2620 0a23 03       		.byte	3
 2621 0a24 03       		.byte	3
 2622 0a25 03       		.byte	3
 2623 0a26 03       		.byte	3
 2624 0a27 03       		.byte	3
 2625 0a28 07       		.byte	7
 2626 0a29 07       		.byte	7
 2627 0a2a 0F       		.byte	15
 2628 0a2b 1F       		.byte	31
 2629 0a2c 7F       		.byte	127
 2630 0a2d FF       		.byte	-1
 2631 0a2e FF       		.byte	-1
 2632 0a2f FF       		.byte	-1
 2633 0a30 FF       		.byte	-1
 2634 0a31 FF       		.byte	-1
 2635 0a32 FF       		.byte	-1
 2636 0a33 FF       		.byte	-1
 2637 0a34 FF       		.byte	-1
 2638 0a35 FF       		.byte	-1
 2639 0a36 FE       		.byte	-2
 2640 0a37 F8       		.byte	-8
 2641 0a38 E0       		.byte	-32
 2642 0a39 00       		.byte	0
 2643 0a3a FF       		.byte	-1
 2644 0a3b FF       		.byte	-1
 2645 0a3c FF       		.byte	-1
 2646 0a3d FF       		.byte	-1
 2647 0a3e FF       		.byte	-1
 2648 0a3f FF       		.byte	-1
 2649 0a40 FF       		.byte	-1
 2650 0a41 FF       		.byte	-1
 2651 0a42 FF       		.byte	-1
 2652 0a43 FF       		.byte	-1
 2653 0a44 FF       		.byte	-1
 2654 0a45 FF       		.byte	-1
 2655 0a46 C0       		.byte	-64
 2656 0a47 80       		.byte	-128
 2657 0a48 00       		.byte	0
 2658 0a49 00       		.byte	0
 2659 0a4a 00       		.byte	0
 2660 0a4b 00       		.byte	0
 2661 0a4c 00       		.byte	0
 2662 0a4d 00       		.byte	0
 2663 0a4e 00       		.byte	0
 2664 0a4f 00       		.byte	0
 2665 0a50 00       		.byte	0
 2666 0a51 00       		.byte	0
 2667 0a52 00       		.byte	0
 2668 0a53 00       		.byte	0
 2669 0a54 00       		.byte	0
 2670 0a55 03       		.byte	3
 2671 0a56 FF       		.byte	-1
 2672 0a57 FF       		.byte	-1
 2673 0a58 FF       		.byte	-1
 2674 0a59 FF       		.byte	-1
 2675 0a5a FF       		.byte	-1
 2676 0a5b FF       		.byte	-1
 2677 0a5c FF       		.byte	-1
 2678 0a5d FF       		.byte	-1
 2679 0a5e FF       		.byte	-1
 2680 0a5f FF       		.byte	-1
 2681 0a60 FF       		.byte	-1
 2682 0a61 FC       		.byte	-4
 2683 0a62 00       		.byte	0
 2684 0a63 07       		.byte	7
 2685 0a64 1F       		.byte	31
 2686 0a65 3F       		.byte	63
 2687 0a66 7F       		.byte	127
 2688 0a67 FF       		.byte	-1
 2689 0a68 FF       		.byte	-1
 2690 0a69 FF       		.byte	-1
 2691 0a6a FF       		.byte	-1
 2692 0a6b FF       		.byte	-1
 2693 0a6c FF       		.byte	-1
 2694 0a6d FF       		.byte	-1
 2695 0a6e FF       		.byte	-1
 2696 0a6f FF       		.byte	-1
 2697 0a70 FF       		.byte	-1
 2698 0a71 FE       		.byte	-2
 2699 0a72 FE       		.byte	-2
 2700 0a73 FC       		.byte	-4
 2701 0a74 FC       		.byte	-4
 2702 0a75 FC       		.byte	-4
 2703 0a76 FC       		.byte	-4
 2704 0a77 FC       		.byte	-4
 2705 0a78 FC       		.byte	-4
 2706 0a79 FC       		.byte	-4
 2707 0a7a FC       		.byte	-4
 2708 0a7b FC       		.byte	-4
 2709 0a7c FE       		.byte	-2
 2710 0a7d FE       		.byte	-2
 2711 0a7e FF       		.byte	-1
 2712 0a7f FF       		.byte	-1
 2713 0a80 FF       		.byte	-1
 2714 0a81 FF       		.byte	-1
 2715 0a82 FF       		.byte	-1
 2716 0a83 FF       		.byte	-1
 2717 0a84 FF       		.byte	-1
 2718 0a85 FF       		.byte	-1
 2719 0a86 FF       		.byte	-1
 2720 0a87 FF       		.byte	-1
 2721 0a88 FF       		.byte	-1
 2722 0a89 7F       		.byte	127
 2723 0a8a 00       		.byte	0
 2724 0a8b 00       		.byte	0
 2725 0a8c 00       		.byte	0
 2726 0a8d 00       		.byte	0
 2727 0a8e 00       		.byte	0
 2728 0a8f 00       		.byte	0
 2729 0a90 01       		.byte	1
 2730 0a91 01       		.byte	1
 2731 0a92 03       		.byte	3
 2732 0a93 03       		.byte	3
 2733 0a94 07       		.byte	7
 2734 0a95 07       		.byte	7
 2735 0a96 07       		.byte	7
 2736 0a97 07       		.byte	7
 2737 0a98 0F       		.byte	15
 2738 0a99 0F       		.byte	15
 2739 0a9a 0F       		.byte	15
 2740 0a9b 0F       		.byte	15
 2741 0a9c 0F       		.byte	15
 2742 0a9d 0F       		.byte	15
 2743 0a9e 0F       		.byte	15
 2744 0a9f 0F       		.byte	15
 2745 0aa0 0F       		.byte	15
 2746 0aa1 0F       		.byte	15
 2747 0aa2 87       		.byte	-121
 2748 0aa3 C7       		.byte	-57
 2749 0aa4 F7       		.byte	-9
 2750 0aa5 FF       		.byte	-1
 2751 0aa6 FF       		.byte	-1
 2752 0aa7 FF       		.byte	-1
 2753 0aa8 FF       		.byte	-1
 2754 0aa9 FF       		.byte	-1
 2755 0aaa FF       		.byte	-1
 2756 0aab FF       		.byte	-1
 2757 0aac FF       		.byte	-1
 2758 0aad FF       		.byte	-1
 2759 0aae FF       		.byte	-1
 2760 0aaf 7F       		.byte	127
 2761 0ab0 0F       		.byte	15
 2762 0ab1 00       		.byte	0
 2763 0ab2 00       		.byte	0
 2764 0ab3 00       		.byte	0
 2765 0ab4 00       		.byte	0
 2766 0ab5 00       		.byte	0
 2767 0ab6 40       		.byte	64
 2768 0ab7 C0       		.byte	-64
 2769 0ab8 C0       		.byte	-64
 2770 0ab9 C0       		.byte	-64
 2771 0aba C0       		.byte	-64
 2772 0abb C0       		.byte	-64
 2773 0abc C0       		.byte	-64
 2774 0abd C0       		.byte	-64
 2775 0abe E0       		.byte	-32
 2776 0abf E0       		.byte	-32
 2777 0ac0 E0       		.byte	-32
 2778 0ac1 E0       		.byte	-32
 2779 0ac2 E0       		.byte	-32
 2780 0ac3 F0       		.byte	-16
 2781 0ac4 F0       		.byte	-16
 2782 0ac5 F8       		.byte	-8
 2783 0ac6 F8       		.byte	-8
 2784 0ac7 FC       		.byte	-4
 2785 0ac8 FE       		.byte	-2
 2786 0ac9 FF       		.byte	-1
 2787 0aca FF       		.byte	-1
 2788 0acb FF       		.byte	-1
 2789 0acc FF       		.byte	-1
 2790 0acd FF       		.byte	-1
 2791 0ace FF       		.byte	-1
 2792 0acf FF       		.byte	-1
 2793 0ad0 FF       		.byte	-1
 2794 0ad1 FF       		.byte	-1
 2795 0ad2 7F       		.byte	127
 2796 0ad3 3F       		.byte	63
 2797 0ad4 1F       		.byte	31
 2798 0ad5 07       		.byte	7
 2799 0ad6 01       		.byte	1
 2800 0ad7 00       		.byte	0
 2801 0ad8 00       		.byte	0
 2802 0ad9 00       		.byte	0
 2803 0ada 00       		.byte	0
 2804 0adb 00       		.byte	0
 2805 0adc 00       		.byte	0
 2806 0add 00       		.byte	0
 2807 0ade 00       		.byte	0
 2808 0adf FF       		.byte	-1
 2809 0ae0 FF       		.byte	-1
 2810 0ae1 FF       		.byte	-1
 2811 0ae2 FF       		.byte	-1
 2812 0ae3 FF       		.byte	-1
 2813 0ae4 FF       		.byte	-1
 2814 0ae5 FF       		.byte	-1
 2815 0ae6 FF       		.byte	-1
 2816 0ae7 7F       		.byte	127
 2817 0ae8 7F       		.byte	127
 2818 0ae9 7F       		.byte	127
 2819 0aea 7F       		.byte	127
 2820 0aeb 7F       		.byte	127
 2821 0aec 3F       		.byte	63
 2822 0aed 3F       		.byte	63
 2823 0aee 3F       		.byte	63
 2824 0aef 3F       		.byte	63
 2825 0af0 1F       		.byte	31
 2826 0af1 1F       		.byte	31
 2827 0af2 0F       		.byte	15
 2828 0af3 0F       		.byte	15
 2829 0af4 07       		.byte	7
 2830 0af5 07       		.byte	7
 2831 0af6 03       		.byte	3
 2832 0af7 03       		.byte	3
 2833 0af8 01       		.byte	1
 2834 0af9 00       		.byte	0
 2835 0afa 00       		.byte	0
 2836 0afb 00       		.byte	0
 2837 0afc 00       		.byte	0
 2838 0afd 00       		.byte	0
 2839 0afe 00       		.byte	0
 2840 0aff 00       		.byte	0
 2841 0b00 00       		.byte	0
 2842 0b01 00       		.byte	0
 2843 0b02 0000     		.text
 2844              	.Letext0:
 2845              		.file 1 "/opt/arm-2012.09/bin/../lib/gcc/arm-none-eabi/4.7.2/../../../../arm-none-eabi/include/c++
 2846              		.file 2 "/opt/arm-2012.09/bin/../lib/gcc/arm-none-eabi/4.7.2/../../../../arm-none-eabi/include/str
 2847              		.file 3 "/opt/arm-2012.09/bin/../lib/gcc/arm-none-eabi/4.7.2/include/stddef.h"
 2848              		.file 4 "/home/jonas/warwick/3dProfilometer/xpcc/src/xpcc/architecture/driver/accessor/ram.hpp"
 2849              		.file 5 "/home/jonas/warwick/3dProfilometer/xpcc/src/xpcc/io/iodevice.hpp"
 2850              		.file 6 "/home/jonas/warwick/3dProfilometer/xpcc/src/xpcc/driver/ui/display/font/numbers_40x56.cpp
 2851              		.file 7 "<built-in>"
DEFINED SYMBOLS
                            *ABS*:00000000 numbers_40x56.cpp
     /tmp/cc3urMYR.s:24     .rodata._ZN4xpcc4font12Numbers40x57E:00000000 _ZN4xpcc4font12Numbers40x57E
     /tmp/cc3urMYR.s:21     .rodata._ZN4xpcc4font12Numbers40x57E:00000000 $d

NO UNDEFINED SYMBOLS
