   1              		.syntax unified
   2              		.cpu cortex-m4
   3              		.eabi_attribute 27, 3
   4              		.fpu fpv4-sp-d16
   5              		.eabi_attribute 20, 1
   6              		.eabi_attribute 21, 1
   7              		.eabi_attribute 23, 3
   8              		.eabi_attribute 24, 1
   9              		.eabi_attribute 25, 1
  10              		.eabi_attribute 26, 1
  11              		.eabi_attribute 30, 2
  12              		.eabi_attribute 34, 1
  13              		.eabi_attribute 18, 4
  14              		.thumb
  15              		.file	"table8_256.cpp"
  16              		.text
  17              	.Ltext0:
  18              		.cfi_sections	.debug_frame
  19              		.global	_ZN4xpcc3led10table8_256E
  20              		.section	.rodata._ZN4xpcc3led10table8_256E,"a",%progbits
  21              		.align	2
  24              	_ZN4xpcc3led10table8_256E:
  25 0000 00       		.byte	0
  26 0001 01       		.byte	1
  27 0002 01       		.byte	1
  28 0003 01       		.byte	1
  29 0004 01       		.byte	1
  30 0005 01       		.byte	1
  31 0006 01       		.byte	1
  32 0007 01       		.byte	1
  33 0008 01       		.byte	1
  34 0009 01       		.byte	1
  35 000a 01       		.byte	1
  36 000b 01       		.byte	1
  37 000c 01       		.byte	1
  38 000d 01       		.byte	1
  39 000e 01       		.byte	1
  40 000f 01       		.byte	1
  41 0010 01       		.byte	1
  42 0011 01       		.byte	1
  43 0012 01       		.byte	1
  44 0013 01       		.byte	1
  45 0014 01       		.byte	1
  46 0015 01       		.byte	1
  47 0016 01       		.byte	1
  48 0017 02       		.byte	2
  49 0018 02       		.byte	2
  50 0019 02       		.byte	2
  51 001a 02       		.byte	2
  52 001b 02       		.byte	2
  53 001c 03       		.byte	3
  54 001d 03       		.byte	3
  55 001e 03       		.byte	3
  56 001f 03       		.byte	3
  57 0020 04       		.byte	4
  58 0021 04       		.byte	4
  59 0022 04       		.byte	4
  60 0023 04       		.byte	4
  61 0024 05       		.byte	5
  62 0025 05       		.byte	5
  63 0026 05       		.byte	5
  64 0027 05       		.byte	5
  65 0028 06       		.byte	6
  66 0029 06       		.byte	6
  67 002a 06       		.byte	6
  68 002b 07       		.byte	7
  69 002c 07       		.byte	7
  70 002d 07       		.byte	7
  71 002e 08       		.byte	8
  72 002f 08       		.byte	8
  73 0030 09       		.byte	9
  74 0031 09       		.byte	9
  75 0032 09       		.byte	9
  76 0033 0A       		.byte	10
  77 0034 0A       		.byte	10
  78 0035 0B       		.byte	11
  79 0036 0B       		.byte	11
  80 0037 0B       		.byte	11
  81 0038 0C       		.byte	12
  82 0039 0C       		.byte	12
  83 003a 0D       		.byte	13
  84 003b 0D       		.byte	13
  85 003c 0E       		.byte	14
  86 003d 0E       		.byte	14
  87 003e 0F       		.byte	15
  88 003f 0F       		.byte	15
  89 0040 10       		.byte	16
  90 0041 10       		.byte	16
  91 0042 11       		.byte	17
  92 0043 11       		.byte	17
  93 0044 12       		.byte	18
  94 0045 12       		.byte	18
  95 0046 13       		.byte	19
  96 0047 13       		.byte	19
  97 0048 14       		.byte	20
  98 0049 14       		.byte	20
  99 004a 15       		.byte	21
 100 004b 16       		.byte	22
 101 004c 16       		.byte	22
 102 004d 17       		.byte	23
 103 004e 17       		.byte	23
 104 004f 18       		.byte	24
 105 0050 19       		.byte	25
 106 0051 19       		.byte	25
 107 0052 1A       		.byte	26
 108 0053 1B       		.byte	27
 109 0054 1B       		.byte	27
 110 0055 1C       		.byte	28
 111 0056 1D       		.byte	29
 112 0057 1D       		.byte	29
 113 0058 1E       		.byte	30
 114 0059 1F       		.byte	31
 115 005a 1F       		.byte	31
 116 005b 20       		.byte	32
 117 005c 21       		.byte	33
 118 005d 21       		.byte	33
 119 005e 22       		.byte	34
 120 005f 23       		.byte	35
 121 0060 24       		.byte	36
 122 0061 24       		.byte	36
 123 0062 25       		.byte	37
 124 0063 26       		.byte	38
 125 0064 27       		.byte	39
 126 0065 28       		.byte	40
 127 0066 28       		.byte	40
 128 0067 29       		.byte	41
 129 0068 2A       		.byte	42
 130 0069 2B       		.byte	43
 131 006a 2C       		.byte	44
 132 006b 2C       		.byte	44
 133 006c 2D       		.byte	45
 134 006d 2E       		.byte	46
 135 006e 2F       		.byte	47
 136 006f 30       		.byte	48
 137 0070 31       		.byte	49
 138 0071 32       		.byte	50
 139 0072 32       		.byte	50
 140 0073 33       		.byte	51
 141 0074 34       		.byte	52
 142 0075 35       		.byte	53
 143 0076 36       		.byte	54
 144 0077 37       		.byte	55
 145 0078 38       		.byte	56
 146 0079 39       		.byte	57
 147 007a 3A       		.byte	58
 148 007b 3B       		.byte	59
 149 007c 3C       		.byte	60
 150 007d 3D       		.byte	61
 151 007e 3E       		.byte	62
 152 007f 3F       		.byte	63
 153 0080 40       		.byte	64
 154 0081 41       		.byte	65
 155 0082 42       		.byte	66
 156 0083 43       		.byte	67
 157 0084 44       		.byte	68
 158 0085 45       		.byte	69
 159 0086 46       		.byte	70
 160 0087 47       		.byte	71
 161 0088 48       		.byte	72
 162 0089 49       		.byte	73
 163 008a 4A       		.byte	74
 164 008b 4B       		.byte	75
 165 008c 4C       		.byte	76
 166 008d 4D       		.byte	77
 167 008e 4F       		.byte	79
 168 008f 50       		.byte	80
 169 0090 51       		.byte	81
 170 0091 52       		.byte	82
 171 0092 53       		.byte	83
 172 0093 54       		.byte	84
 173 0094 55       		.byte	85
 174 0095 57       		.byte	87
 175 0096 58       		.byte	88
 176 0097 59       		.byte	89
 177 0098 5A       		.byte	90
 178 0099 5B       		.byte	91
 179 009a 5D       		.byte	93
 180 009b 5E       		.byte	94
 181 009c 5F       		.byte	95
 182 009d 60       		.byte	96
 183 009e 61       		.byte	97
 184 009f 63       		.byte	99
 185 00a0 64       		.byte	100
 186 00a1 65       		.byte	101
 187 00a2 66       		.byte	102
 188 00a3 68       		.byte	104
 189 00a4 69       		.byte	105
 190 00a5 6A       		.byte	106
 191 00a6 6C       		.byte	108
 192 00a7 6D       		.byte	109
 193 00a8 6E       		.byte	110
 194 00a9 70       		.byte	112
 195 00aa 71       		.byte	113
 196 00ab 72       		.byte	114
 197 00ac 74       		.byte	116
 198 00ad 75       		.byte	117
 199 00ae 76       		.byte	118
 200 00af 78       		.byte	120
 201 00b0 79       		.byte	121
 202 00b1 7A       		.byte	122
 203 00b2 7C       		.byte	124
 204 00b3 7D       		.byte	125
 205 00b4 7F       		.byte	127
 206 00b5 80       		.byte	-128
 207 00b6 81       		.byte	-127
 208 00b7 83       		.byte	-125
 209 00b8 84       		.byte	-124
 210 00b9 86       		.byte	-122
 211 00ba 87       		.byte	-121
 212 00bb 89       		.byte	-119
 213 00bc 8A       		.byte	-118
 214 00bd 8C       		.byte	-116
 215 00be 8D       		.byte	-115
 216 00bf 8F       		.byte	-113
 217 00c0 90       		.byte	-112
 218 00c1 92       		.byte	-110
 219 00c2 93       		.byte	-109
 220 00c3 95       		.byte	-107
 221 00c4 96       		.byte	-106
 222 00c5 98       		.byte	-104
 223 00c6 99       		.byte	-103
 224 00c7 9B       		.byte	-101
 225 00c8 9C       		.byte	-100
 226 00c9 9E       		.byte	-98
 227 00ca A0       		.byte	-96
 228 00cb A1       		.byte	-95
 229 00cc A3       		.byte	-93
 230 00cd A4       		.byte	-92
 231 00ce A6       		.byte	-90
 232 00cf A8       		.byte	-88
 233 00d0 A9       		.byte	-87
 234 00d1 AB       		.byte	-85
 235 00d2 AC       		.byte	-84
 236 00d3 AE       		.byte	-82
 237 00d4 B0       		.byte	-80
 238 00d5 B1       		.byte	-79
 239 00d6 B3       		.byte	-77
 240 00d7 B5       		.byte	-75
 241 00d8 B6       		.byte	-74
 242 00d9 B8       		.byte	-72
 243 00da BA       		.byte	-70
 244 00db BC       		.byte	-68
 245 00dc BD       		.byte	-67
 246 00dd BF       		.byte	-65
 247 00de C1       		.byte	-63
 248 00df C3       		.byte	-61
 249 00e0 C4       		.byte	-60
 250 00e1 C6       		.byte	-58
 251 00e2 C8       		.byte	-56
 252 00e3 CA       		.byte	-54
 253 00e4 CB       		.byte	-53
 254 00e5 CD       		.byte	-51
 255 00e6 CF       		.byte	-49
 256 00e7 D1       		.byte	-47
 257 00e8 D3       		.byte	-45
 258 00e9 D4       		.byte	-44
 259 00ea D6       		.byte	-42
 260 00eb D8       		.byte	-40
 261 00ec DA       		.byte	-38
 262 00ed DC       		.byte	-36
 263 00ee DE       		.byte	-34
 264 00ef E0       		.byte	-32
 265 00f0 E1       		.byte	-31
 266 00f1 E3       		.byte	-29
 267 00f2 E5       		.byte	-27
 268 00f3 E7       		.byte	-25
 269 00f4 E9       		.byte	-23
 270 00f5 EB       		.byte	-21
 271 00f6 ED       		.byte	-19
 272 00f7 EF       		.byte	-17
 273 00f8 F1       		.byte	-15
 274 00f9 F3       		.byte	-13
 275 00fa F5       		.byte	-11
 276 00fb F7       		.byte	-9
 277 00fc F9       		.byte	-7
 278 00fd FB       		.byte	-5
 279 00fe FD       		.byte	-3
 280 00ff FF       		.byte	-1
 281              		.text
 282              	.Letext0:
 283              		.file 1 "/opt/arm-2012.09/bin/../lib/gcc/arm-none-eabi/4.7.2/../../../../arm-none-eabi/include/c++
 284              		.file 2 "/opt/arm-2012.09/bin/../lib/gcc/arm-none-eabi/4.7.2/../../../../arm-none-eabi/include/str
 285              		.file 3 "/home/jonas/warwick/3dProfilometer/xpcc/src/xpcc/io/iodevice.hpp"
 286              		.file 4 "/home/jonas/warwick/3dProfilometer/xpcc/src/xpcc/driver/ui/led/tables/../tables.hpp"
 287              		.file 5 "/home/jonas/warwick/3dProfilometer/xpcc/src/xpcc/driver/ui/led/tables/table8_256.cpp"
 288              		.file 6 "/opt/arm-2012.09/bin/../lib/gcc/arm-none-eabi/4.7.2/include/stddef.h"
 289              		.file 7 "<built-in>"
DEFINED SYMBOLS
                            *ABS*:00000000 table8_256.cpp
     /tmp/ccSKgQ3b.s:24     .rodata._ZN4xpcc3led10table8_256E:00000000 _ZN4xpcc3led10table8_256E
     /tmp/ccSKgQ3b.s:21     .rodata._ZN4xpcc3led10table8_256E:00000000 $d

NO UNDEFINED SYMBOLS
