   1              		.syntax unified
   2              		.cpu cortex-m4
   3              		.eabi_attribute 27, 3
   4              		.fpu fpv4-sp-d16
   5              		.eabi_attribute 20, 1
   6              		.eabi_attribute 21, 1
   7              		.eabi_attribute 23, 3
   8              		.eabi_attribute 24, 1
   9              		.eabi_attribute 25, 1
  10              		.eabi_attribute 26, 1
  11              		.eabi_attribute 30, 2
  12              		.eabi_attribute 34, 1
  13              		.eabi_attribute 18, 4
  14              		.thumb
  15              		.file	"table10_256.cpp"
  16              		.text
  17              	.Ltext0:
  18              		.cfi_sections	.debug_frame
  19              		.global	_ZN4xpcc3led11table10_256E
  20              		.section	.rodata._ZN4xpcc3led11table10_256E,"a",%progbits
  21              		.align	2
  24              	_ZN4xpcc3led11table10_256E:
  25 0000 0000     		.short	0
  26 0002 0100     		.short	1
  27 0004 0100     		.short	1
  28 0006 0100     		.short	1
  29 0008 0100     		.short	1
  30 000a 0100     		.short	1
  31 000c 0100     		.short	1
  32 000e 0100     		.short	1
  33 0010 0100     		.short	1
  34 0012 0100     		.short	1
  35 0014 0100     		.short	1
  36 0016 0100     		.short	1
  37 0018 0200     		.short	2
  38 001a 0200     		.short	2
  39 001c 0300     		.short	3
  40 001e 0300     		.short	3
  41 0020 0400     		.short	4
  42 0022 0400     		.short	4
  43 0024 0500     		.short	5
  44 0026 0500     		.short	5
  45 0028 0600     		.short	6
  46 002a 0600     		.short	6
  47 002c 0700     		.short	7
  48 002e 0800     		.short	8
  49 0030 0900     		.short	9
  50 0032 0900     		.short	9
  51 0034 0A00     		.short	10
  52 0036 0B00     		.short	11
  53 0038 0C00     		.short	12
  54 003a 0D00     		.short	13
  55 003c 0E00     		.short	14
  56 003e 0F00     		.short	15
  57 0040 1000     		.short	16
  58 0042 1100     		.short	17
  59 0044 1200     		.short	18
  60 0046 1300     		.short	19
  61 0048 1400     		.short	20
  62 004a 1500     		.short	21
  63 004c 1600     		.short	22
  64 004e 1700     		.short	23
  65 0050 1900     		.short	25
  66 0052 1A00     		.short	26
  67 0054 1B00     		.short	27
  68 0056 1D00     		.short	29
  69 0058 1E00     		.short	30
  70 005a 1F00     		.short	31
  71 005c 2100     		.short	33
  72 005e 2200     		.short	34
  73 0060 2400     		.short	36
  74 0062 2500     		.short	37
  75 0064 2700     		.short	39
  76 0066 2800     		.short	40
  77 0068 2A00     		.short	42
  78 006a 2C00     		.short	44
  79 006c 2D00     		.short	45
  80 006e 2F00     		.short	47
  81 0070 3100     		.short	49
  82 0072 3300     		.short	51
  83 0074 3400     		.short	52
  84 0076 3600     		.short	54
  85 0078 3800     		.short	56
  86 007a 3A00     		.short	58
  87 007c 3C00     		.short	60
  88 007e 3E00     		.short	62
  89 0080 4000     		.short	64
  90 0082 4200     		.short	66
  91 0084 4400     		.short	68
  92 0086 4600     		.short	70
  93 0088 4800     		.short	72
  94 008a 4A00     		.short	74
  95 008c 4D00     		.short	77
  96 008e 4F00     		.short	79
  97 0090 5100     		.short	81
  98 0092 5300     		.short	83
  99 0094 5600     		.short	86
 100 0096 5800     		.short	88
 101 0098 5A00     		.short	90
 102 009a 5D00     		.short	93
 103 009c 5F00     		.short	95
 104 009e 6200     		.short	98
 105 00a0 6400     		.short	100
 106 00a2 6700     		.short	103
 107 00a4 6900     		.short	105
 108 00a6 6C00     		.short	108
 109 00a8 6F00     		.short	111
 110 00aa 7100     		.short	113
 111 00ac 7400     		.short	116
 112 00ae 7700     		.short	119
 113 00b0 7900     		.short	121
 114 00b2 7C00     		.short	124
 115 00b4 7F00     		.short	127
 116 00b6 8200     		.short	130
 117 00b8 8500     		.short	133
 118 00ba 8800     		.short	136
 119 00bc 8B00     		.short	139
 120 00be 8D00     		.short	141
 121 00c0 9000     		.short	144
 122 00c2 9400     		.short	148
 123 00c4 9700     		.short	151
 124 00c6 9A00     		.short	154
 125 00c8 9D00     		.short	157
 126 00ca A000     		.short	160
 127 00cc A300     		.short	163
 128 00ce A600     		.short	166
 129 00d0 AA00     		.short	170
 130 00d2 AD00     		.short	173
 131 00d4 B000     		.short	176
 132 00d6 B400     		.short	180
 133 00d8 B700     		.short	183
 134 00da BA00     		.short	186
 135 00dc BE00     		.short	190
 136 00de C100     		.short	193
 137 00e0 C500     		.short	197
 138 00e2 C800     		.short	200
 139 00e4 CC00     		.short	204
 140 00e6 D000     		.short	208
 141 00e8 D300     		.short	211
 142 00ea D700     		.short	215
 143 00ec DB00     		.short	219
 144 00ee DE00     		.short	222
 145 00f0 E200     		.short	226
 146 00f2 E600     		.short	230
 147 00f4 EA00     		.short	234
 148 00f6 EE00     		.short	238
 149 00f8 F100     		.short	241
 150 00fa F500     		.short	245
 151 00fc F900     		.short	249
 152 00fe FD00     		.short	253
 153 0100 0101     		.short	257
 154 0102 0501     		.short	261
 155 0104 0901     		.short	265
 156 0106 0D01     		.short	269
 157 0108 1201     		.short	274
 158 010a 1601     		.short	278
 159 010c 1A01     		.short	282
 160 010e 1E01     		.short	286
 161 0110 2201     		.short	290
 162 0112 2701     		.short	295
 163 0114 2B01     		.short	299
 164 0116 2F01     		.short	303
 165 0118 3401     		.short	308
 166 011a 3801     		.short	312
 167 011c 3D01     		.short	317
 168 011e 4101     		.short	321
 169 0120 4601     		.short	326
 170 0122 4A01     		.short	330
 171 0124 4F01     		.short	335
 172 0126 5301     		.short	339
 173 0128 5801     		.short	344
 174 012a 5D01     		.short	349
 175 012c 6101     		.short	353
 176 012e 6601     		.short	358
 177 0130 6B01     		.short	363
 178 0132 7001     		.short	368
 179 0134 7501     		.short	373
 180 0136 7901     		.short	377
 181 0138 7E01     		.short	382
 182 013a 8301     		.short	387
 183 013c 8801     		.short	392
 184 013e 8D01     		.short	397
 185 0140 9201     		.short	402
 186 0142 9701     		.short	407
 187 0144 9C01     		.short	412
 188 0146 A101     		.short	417
 189 0148 A701     		.short	423
 190 014a AC01     		.short	428
 191 014c B101     		.short	433
 192 014e B601     		.short	438
 193 0150 BC01     		.short	444
 194 0152 C101     		.short	449
 195 0154 C601     		.short	454
 196 0156 CC01     		.short	460
 197 0158 D101     		.short	465
 198 015a D601     		.short	470
 199 015c DC01     		.short	476
 200 015e E101     		.short	481
 201 0160 E701     		.short	487
 202 0162 EC01     		.short	492
 203 0164 F201     		.short	498
 204 0166 F801     		.short	504
 205 0168 FD01     		.short	509
 206 016a 0302     		.short	515
 207 016c 0902     		.short	521
 208 016e 0E02     		.short	526
 209 0170 1402     		.short	532
 210 0172 1A02     		.short	538
 211 0174 2002     		.short	544
 212 0176 2602     		.short	550
 213 0178 2C02     		.short	556
 214 017a 3102     		.short	561
 215 017c 3702     		.short	567
 216 017e 3D02     		.short	573
 217 0180 4302     		.short	579
 218 0182 4A02     		.short	586
 219 0184 5002     		.short	592
 220 0186 5602     		.short	598
 221 0188 5C02     		.short	604
 222 018a 6202     		.short	610
 223 018c 6802     		.short	616
 224 018e 6F02     		.short	623
 225 0190 7502     		.short	629
 226 0192 7B02     		.short	635
 227 0194 8102     		.short	641
 228 0196 8802     		.short	648
 229 0198 8E02     		.short	654
 230 019a 9502     		.short	661
 231 019c 9B02     		.short	667
 232 019e A202     		.short	674
 233 01a0 A802     		.short	680
 234 01a2 AF02     		.short	687
 235 01a4 B502     		.short	693
 236 01a6 BC02     		.short	700
 237 01a8 C302     		.short	707
 238 01aa C902     		.short	713
 239 01ac D002     		.short	720
 240 01ae D702     		.short	727
 241 01b0 DE02     		.short	734
 242 01b2 E402     		.short	740
 243 01b4 EB02     		.short	747
 244 01b6 F202     		.short	754
 245 01b8 F902     		.short	761
 246 01ba 0003     		.short	768
 247 01bc 0703     		.short	775
 248 01be 0E03     		.short	782
 249 01c0 1503     		.short	789
 250 01c2 1C03     		.short	796
 251 01c4 2303     		.short	803
 252 01c6 2A03     		.short	810
 253 01c8 3103     		.short	817
 254 01ca 3903     		.short	825
 255 01cc 4003     		.short	832
 256 01ce 4703     		.short	839
 257 01d0 4E03     		.short	846
 258 01d2 5603     		.short	854
 259 01d4 5D03     		.short	861
 260 01d6 6403     		.short	868
 261 01d8 6C03     		.short	876
 262 01da 7303     		.short	883
 263 01dc 7B03     		.short	891
 264 01de 8203     		.short	898
 265 01e0 8A03     		.short	906
 266 01e2 9103     		.short	913
 267 01e4 9903     		.short	921
 268 01e6 A003     		.short	928
 269 01e8 A803     		.short	936
 270 01ea B003     		.short	944
 271 01ec B803     		.short	952
 272 01ee BF03     		.short	959
 273 01f0 C703     		.short	967
 274 01f2 CF03     		.short	975
 275 01f4 D703     		.short	983
 276 01f6 DF03     		.short	991
 277 01f8 E703     		.short	999
 278 01fa EF03     		.short	1007
 279 01fc F603     		.short	1014
 280 01fe FE03     		.short	1022
 281              		.text
 282              	.Letext0:
 283              		.file 1 "/opt/arm-2012.09/bin/../lib/gcc/arm-none-eabi/4.7.2/../../../../arm-none-eabi/include/c++
 284              		.file 2 "/opt/arm-2012.09/bin/../lib/gcc/arm-none-eabi/4.7.2/../../../../arm-none-eabi/include/str
 285              		.file 3 "/home/jonas/warwick/3dProfilometer/xpcc/src/xpcc/io/iodevice.hpp"
 286              		.file 4 "/home/jonas/warwick/3dProfilometer/xpcc/src/xpcc/driver/ui/led/tables/../tables.hpp"
 287              		.file 5 "/home/jonas/warwick/3dProfilometer/xpcc/src/xpcc/driver/ui/led/tables/table10_256.cpp"
 288              		.file 6 "/opt/arm-2012.09/bin/../lib/gcc/arm-none-eabi/4.7.2/include/stddef.h"
 289              		.file 7 "<built-in>"
DEFINED SYMBOLS
                            *ABS*:00000000 table10_256.cpp
     /tmp/ccHTkKI6.s:24     .rodata._ZN4xpcc3led11table10_256E:00000000 _ZN4xpcc3led11table10_256E
     /tmp/ccHTkKI6.s:21     .rodata._ZN4xpcc3led11table10_256E:00000000 $d

NO UNDEFINED SYMBOLS
