   1              		.syntax unified
   2              		.cpu cortex-m4
   3              		.eabi_attribute 27, 3
   4              		.fpu fpv4-sp-d16
   5              		.eabi_attribute 20, 1
   6              		.eabi_attribute 21, 1
   7              		.eabi_attribute 23, 3
   8              		.eabi_attribute 24, 1
   9              		.eabi_attribute 25, 1
  10              		.eabi_attribute 26, 1
  11              		.eabi_attribute 30, 2
  12              		.eabi_attribute 34, 1
  13              		.eabi_attribute 18, 4
  14              		.thumb
  15              		.file	"uart_base.cpp"
  16              		.text
  17              	.Ltext0:
  18              		.cfi_sections	.debug_frame
  19              		.section	.text._ZN4xpcc5stm328UartBase25calculateBaudrateSettingsEmm,"ax",%progbits
  20              		.align	2
  21              		.global	_ZN4xpcc5stm328UartBase25calculateBaudrateSettingsEmm
  22              		.thumb
  23              		.thumb_func
  25              	_ZN4xpcc5stm328UartBase25calculateBaudrateSettingsEmm:
  26              	.LFB0:
  27              		.file 1 "/home/jonas/warwick/3dProfilometer/xpcc/src/xpcc/architecture/platform/cortex_m3/stm32/ua
   1:/home/jonas/warwick/3dProfilometer/xpcc/src/xpcc/architecture/platform/cortex_m3/stm32/uart/uart_base.cpp **** // coding: utf-8
   2:/home/jonas/warwick/3dProfilometer/xpcc/src/xpcc/architecture/platform/cortex_m3/stm32/uart/uart_base.cpp **** // ----------------------------------------------------------------------------
   3:/home/jonas/warwick/3dProfilometer/xpcc/src/xpcc/architecture/platform/cortex_m3/stm32/uart/uart_base.cpp **** /* Copyright (c) 2011, Roboterclub Aachen e.V.
   4:/home/jonas/warwick/3dProfilometer/xpcc/src/xpcc/architecture/platform/cortex_m3/stm32/uart/uart_base.cpp ****  * All rights reserved.
   5:/home/jonas/warwick/3dProfilometer/xpcc/src/xpcc/architecture/platform/cortex_m3/stm32/uart/uart_base.cpp ****  *
   6:/home/jonas/warwick/3dProfilometer/xpcc/src/xpcc/architecture/platform/cortex_m3/stm32/uart/uart_base.cpp ****  * Redistribution and use in source and binary forms, with or without
   7:/home/jonas/warwick/3dProfilometer/xpcc/src/xpcc/architecture/platform/cortex_m3/stm32/uart/uart_base.cpp ****  * modification, are permitted provided that the following conditions are met:
   8:/home/jonas/warwick/3dProfilometer/xpcc/src/xpcc/architecture/platform/cortex_m3/stm32/uart/uart_base.cpp ****  * 
   9:/home/jonas/warwick/3dProfilometer/xpcc/src/xpcc/architecture/platform/cortex_m3/stm32/uart/uart_base.cpp ****  *     * Redistributions of source code must retain the above copyright
  10:/home/jonas/warwick/3dProfilometer/xpcc/src/xpcc/architecture/platform/cortex_m3/stm32/uart/uart_base.cpp ****  *       notice, this list of conditions and the following disclaimer.
  11:/home/jonas/warwick/3dProfilometer/xpcc/src/xpcc/architecture/platform/cortex_m3/stm32/uart/uart_base.cpp ****  *     * Redistributions in binary form must reproduce the above copyright
  12:/home/jonas/warwick/3dProfilometer/xpcc/src/xpcc/architecture/platform/cortex_m3/stm32/uart/uart_base.cpp ****  *       notice, this list of conditions and the following disclaimer in the
  13:/home/jonas/warwick/3dProfilometer/xpcc/src/xpcc/architecture/platform/cortex_m3/stm32/uart/uart_base.cpp ****  *       documentation and/or other materials provided with the distribution.
  14:/home/jonas/warwick/3dProfilometer/xpcc/src/xpcc/architecture/platform/cortex_m3/stm32/uart/uart_base.cpp ****  *     * Neither the name of the Roboterclub Aachen e.V. nor the
  15:/home/jonas/warwick/3dProfilometer/xpcc/src/xpcc/architecture/platform/cortex_m3/stm32/uart/uart_base.cpp ****  *       names of its contributors may be used to endorse or promote products
  16:/home/jonas/warwick/3dProfilometer/xpcc/src/xpcc/architecture/platform/cortex_m3/stm32/uart/uart_base.cpp ****  *       derived from this software without specific prior written permission.
  17:/home/jonas/warwick/3dProfilometer/xpcc/src/xpcc/architecture/platform/cortex_m3/stm32/uart/uart_base.cpp ****  *
  18:/home/jonas/warwick/3dProfilometer/xpcc/src/xpcc/architecture/platform/cortex_m3/stm32/uart/uart_base.cpp ****  * THIS SOFTWARE IS PROVIDED BY ROBOTERCLUB AACHEN E.V. ''AS IS'' AND ANY
  19:/home/jonas/warwick/3dProfilometer/xpcc/src/xpcc/architecture/platform/cortex_m3/stm32/uart/uart_base.cpp ****  * EXPRESS OR IMPLIED WARRANTIES, INCLUDING, BUT NOT LIMITED TO, THE IMPLIED
  20:/home/jonas/warwick/3dProfilometer/xpcc/src/xpcc/architecture/platform/cortex_m3/stm32/uart/uart_base.cpp ****  * WARRANTIES OF MERCHANTABILITY AND FITNESS FOR A PARTICULAR PURPOSE ARE
  21:/home/jonas/warwick/3dProfilometer/xpcc/src/xpcc/architecture/platform/cortex_m3/stm32/uart/uart_base.cpp ****  * DISCLAIMED. IN NO EVENT SHALL ROBOTERCLUB AACHEN E.V. BE LIABLE FOR ANY
  22:/home/jonas/warwick/3dProfilometer/xpcc/src/xpcc/architecture/platform/cortex_m3/stm32/uart/uart_base.cpp ****  * DIRECT, INDIRECT, INCIDENTAL, SPECIAL, EXEMPLARY, OR CONSEQUENTIAL DAMAGES
  23:/home/jonas/warwick/3dProfilometer/xpcc/src/xpcc/architecture/platform/cortex_m3/stm32/uart/uart_base.cpp ****  * (INCLUDING, BUT NOT LIMITED TO, PROCUREMENT OF SUBSTITUTE GOODS OR SERVICES;
  24:/home/jonas/warwick/3dProfilometer/xpcc/src/xpcc/architecture/platform/cortex_m3/stm32/uart/uart_base.cpp ****  * LOSS OF USE, DATA, OR PROFITS; OR BUSINESS INTERRUPTION) HOWEVER CAUSED AND
  25:/home/jonas/warwick/3dProfilometer/xpcc/src/xpcc/architecture/platform/cortex_m3/stm32/uart/uart_base.cpp ****  * ON ANY THEORY OF LIABILITY, WHETHER IN CONTRACT, STRICT LIABILITY, OR TORT
  26:/home/jonas/warwick/3dProfilometer/xpcc/src/xpcc/architecture/platform/cortex_m3/stm32/uart/uart_base.cpp ****  * (INCLUDING NEGLIGENCE OR OTHERWISE) ARISING IN ANY WAY OUT OF THE USE OF
  27:/home/jonas/warwick/3dProfilometer/xpcc/src/xpcc/architecture/platform/cortex_m3/stm32/uart/uart_base.cpp ****  * THIS SOFTWARE, EVEN IF ADVISED OF THE POSSIBILITY OF SUCH DAMAGE.
  28:/home/jonas/warwick/3dProfilometer/xpcc/src/xpcc/architecture/platform/cortex_m3/stm32/uart/uart_base.cpp ****  */
  29:/home/jonas/warwick/3dProfilometer/xpcc/src/xpcc/architecture/platform/cortex_m3/stm32/uart/uart_base.cpp **** // ----------------------------------------------------------------------------
  30:/home/jonas/warwick/3dProfilometer/xpcc/src/xpcc/architecture/platform/cortex_m3/stm32/uart/uart_base.cpp **** 
  31:/home/jonas/warwick/3dProfilometer/xpcc/src/xpcc/architecture/platform/cortex_m3/stm32/uart/uart_base.cpp **** #include "uart_base.hpp"
  32:/home/jonas/warwick/3dProfilometer/xpcc/src/xpcc/architecture/platform/cortex_m3/stm32/uart/uart_base.cpp **** 
  33:/home/jonas/warwick/3dProfilometer/xpcc/src/xpcc/architecture/platform/cortex_m3/stm32/uart/uart_base.cpp **** uint16_t
  34:/home/jonas/warwick/3dProfilometer/xpcc/src/xpcc/architecture/platform/cortex_m3/stm32/uart/uart_base.cpp **** xpcc::stm32::UartBase::calculateBaudrateSettings(uint32_t sabclk, uint32_t baudrate)
  35:/home/jonas/warwick/3dProfilometer/xpcc/src/xpcc/architecture/platform/cortex_m3/stm32/uart/uart_base.cpp **** {
  28              		.loc 1 35 0
  29              		.cfi_startproc
  30              		@ args = 0, pretend = 0, frame = 0
  31              		@ frame_needed = 0, uses_anonymous_args = 0
  32              		@ link register save eliminated.
  33              	.LVL0:
  36:/home/jonas/warwick/3dProfilometer/xpcc/src/xpcc/architecture/platform/cortex_m3/stm32/uart/uart_base.cpp **** 	// see http://www.mikrocontroller.net/topic/143715
  37:/home/jonas/warwick/3dProfilometer/xpcc/src/xpcc/architecture/platform/cortex_m3/stm32/uart/uart_base.cpp **** 	return ((2 * sabclk) / baudrate + 1) / 2;
  34              		.loc 1 37 0
  35 0000 4000     		lsls	r0, r0, #1
  36              	.LVL1:
  37 0002 B0FBF1F1 		udiv	r1, r0, r1
  38              	.LVL2:
  39 0006 481C     		adds	r0, r1, #1
  38:/home/jonas/warwick/3dProfilometer/xpcc/src/xpcc/architecture/platform/cortex_m3/stm32/uart/uart_base.cpp **** }
  40              		.loc 1 38 0
  41 0008 C0F34F00 		ubfx	r0, r0, #1, #16
  42 000c 7047     		bx	lr
  43              		.cfi_endproc
  44              	.LFE0:
  46 000e 00BF     		.text
  47              	.Letext0:
  48              		.file 2 "/opt/arm-2012.09/bin/../lib/gcc/arm-none-eabi/4.7.2/../../../../arm-none-eabi/include/std
  49              		.file 3 "/home/jonas/warwick/3dProfilometer/xpcc/src/xpcc/architecture/platform/cortex_m3/stm32/ua
DEFINED SYMBOLS
                            *ABS*:00000000 uart_base.cpp
     /tmp/cc9aQ2jm.s:20     .text._ZN4xpcc5stm328UartBase25calculateBaudrateSettingsEmm:00000000 $t
     /tmp/cc9aQ2jm.s:25     .text._ZN4xpcc5stm328UartBase25calculateBaudrateSettingsEmm:00000000 _ZN4xpcc5stm328UartBase25calculateBaudrateSettingsEmm
                     .debug_frame:00000010 $d

NO UNDEFINED SYMBOLS
