   1              		.syntax unified
   2              		.cpu cortex-m4
   3              		.eabi_attribute 27, 3
   4              		.fpu fpv4-sp-d16
   5              		.eabi_attribute 20, 1
   6              		.eabi_attribute 21, 1
   7              		.eabi_attribute 23, 3
   8              		.eabi_attribute 24, 1
   9              		.eabi_attribute 25, 1
  10              		.eabi_attribute 26, 1
  11              		.eabi_attribute 30, 2
  12              		.eabi_attribute 34, 1
  13              		.eabi_attribute 18, 4
  14              		.thumb
  15              		.file	"usart_spi_6.cpp"
  16              		.text
  17              	.Ltext0:
  18              		.cfi_sections	.debug_frame
  19              		.section	.text._ZN4xpcc5stm329UsartSpi610initializeEmNS1_4ModeEb,"ax",%progbits
  20              		.align	2
  21              		.global	_ZN4xpcc5stm329UsartSpi610initializeEmNS1_4ModeEb
  22              		.thumb
  23              		.thumb_func
  25              	_ZN4xpcc5stm329UsartSpi610initializeEmNS1_4ModeEb:
  26              	.LFB191:
  27              		.file 1 "/home/jonas/warwick/3dProfilometer/xpcc/src/xpcc/architecture/platform/cortex_m3/stm32/ua
   1:/home/jonas/warwick/3dProfilometer/xpcc/src/xpcc/architecture/platform/cortex_m3/stm32/uart/usart_spi_6.cpp **** // coding: utf-8
   2:/home/jonas/warwick/3dProfilometer/xpcc/src/xpcc/architecture/platform/cortex_m3/stm32/uart/usart_spi_6.cpp **** // ----------------------------------------------------------------------------
   3:/home/jonas/warwick/3dProfilometer/xpcc/src/xpcc/architecture/platform/cortex_m3/stm32/uart/usart_spi_6.cpp **** /* Copyright (c) 2011, Roboterclub Aachen e.V.
   4:/home/jonas/warwick/3dProfilometer/xpcc/src/xpcc/architecture/platform/cortex_m3/stm32/uart/usart_spi_6.cpp ****  * All rights reserved.
   5:/home/jonas/warwick/3dProfilometer/xpcc/src/xpcc/architecture/platform/cortex_m3/stm32/uart/usart_spi_6.cpp ****  *
   6:/home/jonas/warwick/3dProfilometer/xpcc/src/xpcc/architecture/platform/cortex_m3/stm32/uart/usart_spi_6.cpp ****  * Redistribution and use in source and binary forms, with or without
   7:/home/jonas/warwick/3dProfilometer/xpcc/src/xpcc/architecture/platform/cortex_m3/stm32/uart/usart_spi_6.cpp ****  * modification, are permitted provided that the following conditions are met:
   8:/home/jonas/warwick/3dProfilometer/xpcc/src/xpcc/architecture/platform/cortex_m3/stm32/uart/usart_spi_6.cpp ****  * 
   9:/home/jonas/warwick/3dProfilometer/xpcc/src/xpcc/architecture/platform/cortex_m3/stm32/uart/usart_spi_6.cpp ****  *     * Redistributions of source code must retain the above copyright
  10:/home/jonas/warwick/3dProfilometer/xpcc/src/xpcc/architecture/platform/cortex_m3/stm32/uart/usart_spi_6.cpp ****  *       notice, this list of conditions and the following disclaimer.
  11:/home/jonas/warwick/3dProfilometer/xpcc/src/xpcc/architecture/platform/cortex_m3/stm32/uart/usart_spi_6.cpp ****  *     * Redistributions in binary form must reproduce the above copyright
  12:/home/jonas/warwick/3dProfilometer/xpcc/src/xpcc/architecture/platform/cortex_m3/stm32/uart/usart_spi_6.cpp ****  *       notice, this list of conditions and the following disclaimer in the
  13:/home/jonas/warwick/3dProfilometer/xpcc/src/xpcc/architecture/platform/cortex_m3/stm32/uart/usart_spi_6.cpp ****  *       documentation and/or other materials provided with the distribution.
  14:/home/jonas/warwick/3dProfilometer/xpcc/src/xpcc/architecture/platform/cortex_m3/stm32/uart/usart_spi_6.cpp ****  *     * Neither the name of the Roboterclub Aachen e.V. nor the
  15:/home/jonas/warwick/3dProfilometer/xpcc/src/xpcc/architecture/platform/cortex_m3/stm32/uart/usart_spi_6.cpp ****  *       names of its contributors may be used to endorse or promote products
  16:/home/jonas/warwick/3dProfilometer/xpcc/src/xpcc/architecture/platform/cortex_m3/stm32/uart/usart_spi_6.cpp ****  *       derived from this software without specific prior written permission.
  17:/home/jonas/warwick/3dProfilometer/xpcc/src/xpcc/architecture/platform/cortex_m3/stm32/uart/usart_spi_6.cpp ****  *
  18:/home/jonas/warwick/3dProfilometer/xpcc/src/xpcc/architecture/platform/cortex_m3/stm32/uart/usart_spi_6.cpp ****  * THIS SOFTWARE IS PROVIDED BY ROBOTERCLUB AACHEN E.V. ''AS IS'' AND ANY
  19:/home/jonas/warwick/3dProfilometer/xpcc/src/xpcc/architecture/platform/cortex_m3/stm32/uart/usart_spi_6.cpp ****  * EXPRESS OR IMPLIED WARRANTIES, INCLUDING, BUT NOT LIMITED TO, THE IMPLIED
  20:/home/jonas/warwick/3dProfilometer/xpcc/src/xpcc/architecture/platform/cortex_m3/stm32/uart/usart_spi_6.cpp ****  * WARRANTIES OF MERCHANTABILITY AND FITNESS FOR A PARTICULAR PURPOSE ARE
  21:/home/jonas/warwick/3dProfilometer/xpcc/src/xpcc/architecture/platform/cortex_m3/stm32/uart/usart_spi_6.cpp ****  * DISCLAIMED. IN NO EVENT SHALL ROBOTERCLUB AACHEN E.V. BE LIABLE FOR ANY
  22:/home/jonas/warwick/3dProfilometer/xpcc/src/xpcc/architecture/platform/cortex_m3/stm32/uart/usart_spi_6.cpp ****  * DIRECT, INDIRECT, INCIDENTAL, SPECIAL, EXEMPLARY, OR CONSEQUENTIAL DAMAGES
  23:/home/jonas/warwick/3dProfilometer/xpcc/src/xpcc/architecture/platform/cortex_m3/stm32/uart/usart_spi_6.cpp ****  * (INCLUDING, BUT NOT LIMITED TO, PROCUREMENT OF SUBSTITUTE GOODS OR SERVICES;
  24:/home/jonas/warwick/3dProfilometer/xpcc/src/xpcc/architecture/platform/cortex_m3/stm32/uart/usart_spi_6.cpp ****  * LOSS OF USE, DATA, OR PROFITS; OR BUSINESS INTERRUPTION) HOWEVER CAUSED AND
  25:/home/jonas/warwick/3dProfilometer/xpcc/src/xpcc/architecture/platform/cortex_m3/stm32/uart/usart_spi_6.cpp ****  * ON ANY THEORY OF LIABILITY, WHETHER IN CONTRACT, STRICT LIABILITY, OR TORT
  26:/home/jonas/warwick/3dProfilometer/xpcc/src/xpcc/architecture/platform/cortex_m3/stm32/uart/usart_spi_6.cpp ****  * (INCLUDING NEGLIGENCE OR OTHERWISE) ARISING IN ANY WAY OUT OF THE USE OF
  27:/home/jonas/warwick/3dProfilometer/xpcc/src/xpcc/architecture/platform/cortex_m3/stm32/uart/usart_spi_6.cpp ****  * THIS SOFTWARE, EVEN IF ADVISED OF THE POSSIBILITY OF SUCH DAMAGE.
  28:/home/jonas/warwick/3dProfilometer/xpcc/src/xpcc/architecture/platform/cortex_m3/stm32/uart/usart_spi_6.cpp ****  */
  29:/home/jonas/warwick/3dProfilometer/xpcc/src/xpcc/architecture/platform/cortex_m3/stm32/uart/usart_spi_6.cpp **** // ----------------------------------------------------------------------------
  30:/home/jonas/warwick/3dProfilometer/xpcc/src/xpcc/architecture/platform/cortex_m3/stm32/uart/usart_spi_6.cpp **** /*
  31:/home/jonas/warwick/3dProfilometer/xpcc/src/xpcc/architecture/platform/cortex_m3/stm32/uart/usart_spi_6.cpp ****  * WARNING: This file is generated automatically, do not edit!
  32:/home/jonas/warwick/3dProfilometer/xpcc/src/xpcc/architecture/platform/cortex_m3/stm32/uart/usart_spi_6.cpp ****  * Please modify the corresponding *.in file instead and rebuild this file. 
  33:/home/jonas/warwick/3dProfilometer/xpcc/src/xpcc/architecture/platform/cortex_m3/stm32/uart/usart_spi_6.cpp ****  */
  34:/home/jonas/warwick/3dProfilometer/xpcc/src/xpcc/architecture/platform/cortex_m3/stm32/uart/usart_spi_6.cpp **** // ----------------------------------------------------------------------------
  35:/home/jonas/warwick/3dProfilometer/xpcc/src/xpcc/architecture/platform/cortex_m3/stm32/uart/usart_spi_6.cpp **** 
  36:/home/jonas/warwick/3dProfilometer/xpcc/src/xpcc/architecture/platform/cortex_m3/stm32/uart/usart_spi_6.cpp **** #include "../gpio.hpp"
  37:/home/jonas/warwick/3dProfilometer/xpcc/src/xpcc/architecture/platform/cortex_m3/stm32/uart/usart_spi_6.cpp **** #include "../device.h"
  38:/home/jonas/warwick/3dProfilometer/xpcc/src/xpcc/architecture/platform/cortex_m3/stm32/uart/usart_spi_6.cpp **** 
  39:/home/jonas/warwick/3dProfilometer/xpcc/src/xpcc/architecture/platform/cortex_m3/stm32/uart/usart_spi_6.cpp **** #include "usart_6.hpp"
  40:/home/jonas/warwick/3dProfilometer/xpcc/src/xpcc/architecture/platform/cortex_m3/stm32/uart/usart_spi_6.cpp **** 
  41:/home/jonas/warwick/3dProfilometer/xpcc/src/xpcc/architecture/platform/cortex_m3/stm32/uart/usart_spi_6.cpp **** #include <xpcc_config.hpp>
  42:/home/jonas/warwick/3dProfilometer/xpcc/src/xpcc/architecture/platform/cortex_m3/stm32/uart/usart_spi_6.cpp **** 
  43:/home/jonas/warwick/3dProfilometer/xpcc/src/xpcc/architecture/platform/cortex_m3/stm32/uart/usart_spi_6.cpp **** namespace
  44:/home/jonas/warwick/3dProfilometer/xpcc/src/xpcc/architecture/platform/cortex_m3/stm32/uart/usart_spi_6.cpp **** {
  45:/home/jonas/warwick/3dProfilometer/xpcc/src/xpcc/architecture/platform/cortex_m3/stm32/uart/usart_spi_6.cpp **** 	static const uint32_t apbClk = STM32_APB2_FREQUENCY;	// APB2
  46:/home/jonas/warwick/3dProfilometer/xpcc/src/xpcc/architecture/platform/cortex_m3/stm32/uart/usart_spi_6.cpp **** }
  47:/home/jonas/warwick/3dProfilometer/xpcc/src/xpcc/architecture/platform/cortex_m3/stm32/uart/usart_spi_6.cpp **** 
  48:/home/jonas/warwick/3dProfilometer/xpcc/src/xpcc/architecture/platform/cortex_m3/stm32/uart/usart_spi_6.cpp **** #if defined(STM32F2XX) || defined(STM32F4XX)
  49:/home/jonas/warwick/3dProfilometer/xpcc/src/xpcc/architecture/platform/cortex_m3/stm32/uart/usart_spi_6.cpp **** 
  50:/home/jonas/warwick/3dProfilometer/xpcc/src/xpcc/architecture/platform/cortex_m3/stm32/uart/usart_spi_6.cpp **** // ----------------------------------------------------------------------------
  51:/home/jonas/warwick/3dProfilometer/xpcc/src/xpcc/architecture/platform/cortex_m3/stm32/uart/usart_spi_6.cpp **** void
  52:/home/jonas/warwick/3dProfilometer/xpcc/src/xpcc/architecture/platform/cortex_m3/stm32/uart/usart_spi_6.cpp **** xpcc::stm32::UsartSpi6::initialize(
  53:/home/jonas/warwick/3dProfilometer/xpcc/src/xpcc/architecture/platform/cortex_m3/stm32/uart/usart_spi_6.cpp **** 		uint32_t bitrate, Mode mode, bool over8)
  54:/home/jonas/warwick/3dProfilometer/xpcc/src/xpcc/architecture/platform/cortex_m3/stm32/uart/usart_spi_6.cpp **** {
  28              		.loc 1 54 0
  29              		.cfi_startproc
  30              		@ args = 0, pretend = 0, frame = 0
  31              		@ frame_needed = 0, uses_anonymous_args = 0
  32              	.LVL0:
  33 0000 38B5     		push	{r3, r4, r5, lr}
  34              	.LCFI0:
  35              		.cfi_def_cfa_offset 16
  36              		.cfi_offset 3, -16
  37              		.cfi_offset 4, -12
  38              		.cfi_offset 5, -8
  39              		.cfi_offset 14, -4
  40              	.LBB14:
  55:/home/jonas/warwick/3dProfilometer/xpcc/src/xpcc/architecture/platform/cortex_m3/stm32/uart/usart_spi_6.cpp **** 	// Enable clock
  56:/home/jonas/warwick/3dProfilometer/xpcc/src/xpcc/architecture/platform/cortex_m3/stm32/uart/usart_spi_6.cpp **** 	RCC->APB2ENR |= RCC_APB2ENR_USART6EN;
  41              		.loc 1 56 0
  42 0002 194B     		ldr	r3, .L6
  57:/home/jonas/warwick/3dProfilometer/xpcc/src/xpcc/architecture/platform/cortex_m3/stm32/uart/usart_spi_6.cpp **** 	
  58:/home/jonas/warwick/3dProfilometer/xpcc/src/xpcc/architecture/platform/cortex_m3/stm32/uart/usart_spi_6.cpp **** 	USART6->CR1 = 0;
  43              		.loc 1 58 0
  44 0004 194C     		ldr	r4, .L6+4
  56:/home/jonas/warwick/3dProfilometer/xpcc/src/xpcc/architecture/platform/cortex_m3/stm32/uart/usart_spi_6.cpp **** 	RCC->APB2ENR |= RCC_APB2ENR_USART6EN;
  45              		.loc 1 56 0
  46 0006 5D6C     		ldr	r5, [r3, #68]
  47 0008 45F02005 		orr	r5, r5, #32
  48 000c 5D64     		str	r5, [r3, #68]
  49              	.LBE14:
  54:/home/jonas/warwick/3dProfilometer/xpcc/src/xpcc/architecture/platform/cortex_m3/stm32/uart/usart_spi_6.cpp **** {
  50              		.loc 1 54 0
  51 000e 0D46     		mov	r5, r1
  52              	.LBB19:
  53              		.loc 1 58 0
  54 0010 0021     		movs	r1, #0
  55              	.LVL1:
  56              	.LBE19:
  54:/home/jonas/warwick/3dProfilometer/xpcc/src/xpcc/architecture/platform/cortex_m3/stm32/uart/usart_spi_6.cpp **** {
  57              		.loc 1 54 0
  58 0012 0346     		mov	r3, r0
  59              	.LBB20:
  60              		.loc 1 58 0
  61 0014 A181     		strh	r1, [r4, #12]	@ movhi
  62              	.LBB15:
  63              	.LBB16:
  59:/home/jonas/warwick/3dProfilometer/xpcc/src/xpcc/architecture/platform/cortex_m3/stm32/uart/usart_spi_6.cpp **** 	
  60:/home/jonas/warwick/3dProfilometer/xpcc/src/xpcc/architecture/platform/cortex_m3/stm32/uart/usart_spi_6.cpp **** 	// Set baudrate
  61:/home/jonas/warwick/3dProfilometer/xpcc/src/xpcc/architecture/platform/cortex_m3/stm32/uart/usart_spi_6.cpp **** 	if (over8) {
  62:/home/jonas/warwick/3dProfilometer/xpcc/src/xpcc/architecture/platform/cortex_m3/stm32/uart/usart_spi_6.cpp **** 		const uint16_t brr = calculateBaudrateSettings(apbClk, bitrate/2);
  64              		.loc 1 62 0
  65 0016 1648     		ldr	r0, .L6+8
  66              	.LVL2:
  67              	.LBE16:
  61:/home/jonas/warwick/3dProfilometer/xpcc/src/xpcc/architecture/platform/cortex_m3/stm32/uart/usart_spi_6.cpp **** 	if (over8) {
  68              		.loc 1 61 0
  69 0018 A2B9     		cbnz	r2, .L5
  63:/home/jonas/warwick/3dProfilometer/xpcc/src/xpcc/architecture/platform/cortex_m3/stm32/uart/usart_spi_6.cpp **** 		USART6->CR1 |= USART_CR1_OVER8;
  64:/home/jonas/warwick/3dProfilometer/xpcc/src/xpcc/architecture/platform/cortex_m3/stm32/uart/usart_spi_6.cpp **** 		USART6->BRR = (USART_BRR_DIV_Mantissa & brr) | ((USART_BRR_DIV_Fraction & brr)>>1);
  65:/home/jonas/warwick/3dProfilometer/xpcc/src/xpcc/architecture/platform/cortex_m3/stm32/uart/usart_spi_6.cpp **** 	}
  66:/home/jonas/warwick/3dProfilometer/xpcc/src/xpcc/architecture/platform/cortex_m3/stm32/uart/usart_spi_6.cpp **** 	else {
  67:/home/jonas/warwick/3dProfilometer/xpcc/src/xpcc/architecture/platform/cortex_m3/stm32/uart/usart_spi_6.cpp **** 		USART6->BRR = calculateBaudrateSettings(apbClk, bitrate);
  70              		.loc 1 67 0
  71 001a 1946     		mov	r1, r3
  72 001c 154B     		ldr	r3, .L6+12
  73              	.LVL3:
  74 001e 9847     		blx	r3
  75              	.LVL4:
  76 0020 2081     		strh	r0, [r4, #8]	@ movhi
  77              	.L3:
  78              	.LBE15:
  68:/home/jonas/warwick/3dProfilometer/xpcc/src/xpcc/architecture/platform/cortex_m3/stm32/uart/usart_spi_6.cpp **** 	}
  69:/home/jonas/warwick/3dProfilometer/xpcc/src/xpcc/architecture/platform/cortex_m3/stm32/uart/usart_spi_6.cpp **** 	
  70:/home/jonas/warwick/3dProfilometer/xpcc/src/xpcc/architecture/platform/cortex_m3/stm32/uart/usart_spi_6.cpp **** 	USART6->CR2 = USART_CR2_CLKEN | USART_CR2_LBCL | mode;
  79              		.loc 1 70 0
  80 0022 124B     		ldr	r3, .L6+4
  71:/home/jonas/warwick/3dProfilometer/xpcc/src/xpcc/architecture/platform/cortex_m3/stm32/uart/usart_spi_6.cpp **** 	USART6->CR3 = 0;
  81              		.loc 1 71 0
  82 0024 0022     		movs	r2, #0
  70:/home/jonas/warwick/3dProfilometer/xpcc/src/xpcc/architecture/platform/cortex_m3/stm32/uart/usart_spi_6.cpp **** 	USART6->CR2 = USART_CR2_CLKEN | USART_CR2_LBCL | mode;
  83              		.loc 1 70 0
  84 0026 45F41065 		orr	r5, r5, #2304
  85 002a 1D82     		strh	r5, [r3, #16]	@ movhi
  86              		.loc 1 71 0
  87 002c 9A82     		strh	r2, [r3, #20]	@ movhi
  72:/home/jonas/warwick/3dProfilometer/xpcc/src/xpcc/architecture/platform/cortex_m3/stm32/uart/usart_spi_6.cpp **** 	
  73:/home/jonas/warwick/3dProfilometer/xpcc/src/xpcc/architecture/platform/cortex_m3/stm32/uart/usart_spi_6.cpp **** 	// Transmitter & Receiver-Enable, 8 Data Bits, 1 Stop Bit
  74:/home/jonas/warwick/3dProfilometer/xpcc/src/xpcc/architecture/platform/cortex_m3/stm32/uart/usart_spi_6.cpp **** 	USART6->CR1 |= USART_CR1_TE | USART_CR1_RE;
  88              		.loc 1 74 0
  89 002e 9A89     		ldrh	r2, [r3, #12]
  90 0030 92B2     		uxth	r2, r2
  91 0032 42F00C02 		orr	r2, r2, #12
  92 0036 9A81     		strh	r2, [r3, #12]	@ movhi
  75:/home/jonas/warwick/3dProfilometer/xpcc/src/xpcc/architecture/platform/cortex_m3/stm32/uart/usart_spi_6.cpp **** 	USART6->CR1 |= USART_CR1_UE;		// Uart Enable
  93              		.loc 1 75 0
  94 0038 9A89     		ldrh	r2, [r3, #12]
  95 003a 92B2     		uxth	r2, r2
  96 003c 42F40052 		orr	r2, r2, #8192
  97 0040 9A81     		strh	r2, [r3, #12]	@ movhi
  98 0042 38BD     		pop	{r3, r4, r5, pc}
  99              	.LVL5:
 100              	.L5:
 101              	.LBB18:
 102              	.LBB17:
  62:/home/jonas/warwick/3dProfilometer/xpcc/src/xpcc/architecture/platform/cortex_m3/stm32/uart/usart_spi_6.cpp **** 		const uint16_t brr = calculateBaudrateSettings(apbClk, bitrate/2);
 103              		.loc 1 62 0
 104 0044 5908     		lsrs	r1, r3, #1
 105 0046 0B4B     		ldr	r3, .L6+12
 106              	.LVL6:
 107 0048 9847     		blx	r3
 108              	.LVL7:
  63:/home/jonas/warwick/3dProfilometer/xpcc/src/xpcc/architecture/platform/cortex_m3/stm32/uart/usart_spi_6.cpp **** 		USART6->CR1 |= USART_CR1_OVER8;
 109              		.loc 1 63 0
 110 004a A289     		ldrh	r2, [r4, #12]
  64:/home/jonas/warwick/3dProfilometer/xpcc/src/xpcc/architecture/platform/cortex_m3/stm32/uart/usart_spi_6.cpp **** 		USART6->BRR = (USART_BRR_DIV_Mantissa & brr) | ((USART_BRR_DIV_Fraction & brr)>>1);
 111              		.loc 1 64 0
 112 004c 4FF6F073 		movw	r3, #65520
  63:/home/jonas/warwick/3dProfilometer/xpcc/src/xpcc/architecture/platform/cortex_m3/stm32/uart/usart_spi_6.cpp **** 		USART6->CR1 |= USART_CR1_OVER8;
 113              		.loc 1 63 0
 114 0050 6FEA4242 		mvn	r2, r2, lsl #17
  64:/home/jonas/warwick/3dProfilometer/xpcc/src/xpcc/architecture/platform/cortex_m3/stm32/uart/usart_spi_6.cpp **** 		USART6->BRR = (USART_BRR_DIV_Mantissa & brr) | ((USART_BRR_DIV_Fraction & brr)>>1);
 115              		.loc 1 64 0
 116 0054 C0F34201 		ubfx	r1, r0, #1, #3
 117 0058 0340     		ands	r3, r3, r0
  63:/home/jonas/warwick/3dProfilometer/xpcc/src/xpcc/architecture/platform/cortex_m3/stm32/uart/usart_spi_6.cpp **** 		USART6->CR1 |= USART_CR1_OVER8;
 118              		.loc 1 63 0
 119 005a 6FEA5242 		mvn	r2, r2, lsr #17
  64:/home/jonas/warwick/3dProfilometer/xpcc/src/xpcc/architecture/platform/cortex_m3/stm32/uart/usart_spi_6.cpp **** 		USART6->BRR = (USART_BRR_DIV_Mantissa & brr) | ((USART_BRR_DIV_Fraction & brr)>>1);
 120              		.loc 1 64 0
 121 005e 0B43     		orrs	r3, r3, r1
  63:/home/jonas/warwick/3dProfilometer/xpcc/src/xpcc/architecture/platform/cortex_m3/stm32/uart/usart_spi_6.cpp **** 		USART6->CR1 |= USART_CR1_OVER8;
 122              		.loc 1 63 0
 123 0060 A281     		strh	r2, [r4, #12]	@ movhi
  64:/home/jonas/warwick/3dProfilometer/xpcc/src/xpcc/architecture/platform/cortex_m3/stm32/uart/usart_spi_6.cpp **** 		USART6->BRR = (USART_BRR_DIV_Mantissa & brr) | ((USART_BRR_DIV_Fraction & brr)>>1);
 124              		.loc 1 64 0
 125 0062 2381     		strh	r3, [r4, #8]	@ movhi
 126 0064 DDE7     		b	.L3
 127              	.L7:
 128 0066 00BF     		.align	2
 129              	.L6:
 130 0068 00380240 		.word	1073887232
 131 006c 00140140 		.word	1073812480
 132 0070 00BD0105 		.word	84000000
 133 0074 00000000 		.word	_ZN4xpcc5stm328UartBase25calculateBaudrateSettingsEmm
 134              	.LBE17:
 135              	.LBE18:
 136              	.LBE20:
 137              		.cfi_endproc
 138              	.LFE191:
 140              		.section	.text._ZN4xpcc5stm329UsartSpi65writeEh,"ax",%progbits
 141              		.align	2
 142              		.global	_ZN4xpcc5stm329UsartSpi65writeEh
 143              		.thumb
 144              		.thumb_func
 146              	_ZN4xpcc5stm329UsartSpi65writeEh:
 147              	.LFB192:
  76:/home/jonas/warwick/3dProfilometer/xpcc/src/xpcc/architecture/platform/cortex_m3/stm32/uart/usart_spi_6.cpp **** }
  77:/home/jonas/warwick/3dProfilometer/xpcc/src/xpcc/architecture/platform/cortex_m3/stm32/uart/usart_spi_6.cpp **** 
  78:/home/jonas/warwick/3dProfilometer/xpcc/src/xpcc/architecture/platform/cortex_m3/stm32/uart/usart_spi_6.cpp **** // ----------------------------------------------------------------------------
  79:/home/jonas/warwick/3dProfilometer/xpcc/src/xpcc/architecture/platform/cortex_m3/stm32/uart/usart_spi_6.cpp **** uint8_t
  80:/home/jonas/warwick/3dProfilometer/xpcc/src/xpcc/architecture/platform/cortex_m3/stm32/uart/usart_spi_6.cpp **** xpcc::stm32::UsartSpi6::write(uint8_t data)
  81:/home/jonas/warwick/3dProfilometer/xpcc/src/xpcc/architecture/platform/cortex_m3/stm32/uart/usart_spi_6.cpp **** {
 148              		.loc 1 81 0
 149              		.cfi_startproc
 150              		@ args = 0, pretend = 0, frame = 0
 151              		@ frame_needed = 0, uses_anonymous_args = 0
 152              		@ link register save eliminated.
 153              	.LVL8:
 154              	.LBB21:
 155              	.LBB22:
 156              		.file 2 "/home/jonas/warwick/3dProfilometer/xpcc/ext/stm32f4xx_lib/CMSIS/Include/core_cmInstr.h"
   1:/home/jonas/warwick/3dProfilometer/xpcc/ext/stm32f4xx_lib/CMSIS/Include/core_cmInstr.h **** /**************************************************************************//**
   2:/home/jonas/warwick/3dProfilometer/xpcc/ext/stm32f4xx_lib/CMSIS/Include/core_cmInstr.h ****  * @file     core_cmInstr.h
   3:/home/jonas/warwick/3dProfilometer/xpcc/ext/stm32f4xx_lib/CMSIS/Include/core_cmInstr.h ****  * @brief    CMSIS Cortex-M Core Instruction Access Header File
   4:/home/jonas/warwick/3dProfilometer/xpcc/ext/stm32f4xx_lib/CMSIS/Include/core_cmInstr.h ****  * @version  V2.10
   5:/home/jonas/warwick/3dProfilometer/xpcc/ext/stm32f4xx_lib/CMSIS/Include/core_cmInstr.h ****  * @date     19. July 2011
   6:/home/jonas/warwick/3dProfilometer/xpcc/ext/stm32f4xx_lib/CMSIS/Include/core_cmInstr.h ****  *
   7:/home/jonas/warwick/3dProfilometer/xpcc/ext/stm32f4xx_lib/CMSIS/Include/core_cmInstr.h ****  * @note
   8:/home/jonas/warwick/3dProfilometer/xpcc/ext/stm32f4xx_lib/CMSIS/Include/core_cmInstr.h ****  * Copyright (C) 2009-2011 ARM Limited. All rights reserved.
   9:/home/jonas/warwick/3dProfilometer/xpcc/ext/stm32f4xx_lib/CMSIS/Include/core_cmInstr.h ****  *
  10:/home/jonas/warwick/3dProfilometer/xpcc/ext/stm32f4xx_lib/CMSIS/Include/core_cmInstr.h ****  * @par
  11:/home/jonas/warwick/3dProfilometer/xpcc/ext/stm32f4xx_lib/CMSIS/Include/core_cmInstr.h ****  * ARM Limited (ARM) is supplying this software for use with Cortex-M 
  12:/home/jonas/warwick/3dProfilometer/xpcc/ext/stm32f4xx_lib/CMSIS/Include/core_cmInstr.h ****  * processor based microcontrollers.  This file can be freely distributed 
  13:/home/jonas/warwick/3dProfilometer/xpcc/ext/stm32f4xx_lib/CMSIS/Include/core_cmInstr.h ****  * within development tools that are supporting such ARM based processors. 
  14:/home/jonas/warwick/3dProfilometer/xpcc/ext/stm32f4xx_lib/CMSIS/Include/core_cmInstr.h ****  *
  15:/home/jonas/warwick/3dProfilometer/xpcc/ext/stm32f4xx_lib/CMSIS/Include/core_cmInstr.h ****  * @par
  16:/home/jonas/warwick/3dProfilometer/xpcc/ext/stm32f4xx_lib/CMSIS/Include/core_cmInstr.h ****  * THIS SOFTWARE IS PROVIDED "AS IS".  NO WARRANTIES, WHETHER EXPRESS, IMPLIED
  17:/home/jonas/warwick/3dProfilometer/xpcc/ext/stm32f4xx_lib/CMSIS/Include/core_cmInstr.h ****  * OR STATUTORY, INCLUDING, BUT NOT LIMITED TO, IMPLIED WARRANTIES OF
  18:/home/jonas/warwick/3dProfilometer/xpcc/ext/stm32f4xx_lib/CMSIS/Include/core_cmInstr.h ****  * MERCHANTABILITY AND FITNESS FOR A PARTICULAR PURPOSE APPLY TO THIS SOFTWARE.
  19:/home/jonas/warwick/3dProfilometer/xpcc/ext/stm32f4xx_lib/CMSIS/Include/core_cmInstr.h ****  * ARM SHALL NOT, IN ANY CIRCUMSTANCES, BE LIABLE FOR SPECIAL, INCIDENTAL, OR
  20:/home/jonas/warwick/3dProfilometer/xpcc/ext/stm32f4xx_lib/CMSIS/Include/core_cmInstr.h ****  * CONSEQUENTIAL DAMAGES, FOR ANY REASON WHATSOEVER.
  21:/home/jonas/warwick/3dProfilometer/xpcc/ext/stm32f4xx_lib/CMSIS/Include/core_cmInstr.h ****  *
  22:/home/jonas/warwick/3dProfilometer/xpcc/ext/stm32f4xx_lib/CMSIS/Include/core_cmInstr.h ****  ******************************************************************************/
  23:/home/jonas/warwick/3dProfilometer/xpcc/ext/stm32f4xx_lib/CMSIS/Include/core_cmInstr.h **** 
  24:/home/jonas/warwick/3dProfilometer/xpcc/ext/stm32f4xx_lib/CMSIS/Include/core_cmInstr.h **** #ifndef __CORE_CMINSTR_H
  25:/home/jonas/warwick/3dProfilometer/xpcc/ext/stm32f4xx_lib/CMSIS/Include/core_cmInstr.h **** #define __CORE_CMINSTR_H
  26:/home/jonas/warwick/3dProfilometer/xpcc/ext/stm32f4xx_lib/CMSIS/Include/core_cmInstr.h **** 
  27:/home/jonas/warwick/3dProfilometer/xpcc/ext/stm32f4xx_lib/CMSIS/Include/core_cmInstr.h **** 
  28:/home/jonas/warwick/3dProfilometer/xpcc/ext/stm32f4xx_lib/CMSIS/Include/core_cmInstr.h **** /* ##########################  Core Instruction Access  ######################### */
  29:/home/jonas/warwick/3dProfilometer/xpcc/ext/stm32f4xx_lib/CMSIS/Include/core_cmInstr.h **** /** \defgroup CMSIS_Core_InstructionInterface CMSIS Core Instruction Interface
  30:/home/jonas/warwick/3dProfilometer/xpcc/ext/stm32f4xx_lib/CMSIS/Include/core_cmInstr.h ****   Access to dedicated instructions
  31:/home/jonas/warwick/3dProfilometer/xpcc/ext/stm32f4xx_lib/CMSIS/Include/core_cmInstr.h ****   @{
  32:/home/jonas/warwick/3dProfilometer/xpcc/ext/stm32f4xx_lib/CMSIS/Include/core_cmInstr.h **** */
  33:/home/jonas/warwick/3dProfilometer/xpcc/ext/stm32f4xx_lib/CMSIS/Include/core_cmInstr.h **** 
  34:/home/jonas/warwick/3dProfilometer/xpcc/ext/stm32f4xx_lib/CMSIS/Include/core_cmInstr.h **** #if   defined ( __CC_ARM ) /*------------------RealView Compiler -----------------*/
  35:/home/jonas/warwick/3dProfilometer/xpcc/ext/stm32f4xx_lib/CMSIS/Include/core_cmInstr.h **** /* ARM armcc specific functions */
  36:/home/jonas/warwick/3dProfilometer/xpcc/ext/stm32f4xx_lib/CMSIS/Include/core_cmInstr.h **** 
  37:/home/jonas/warwick/3dProfilometer/xpcc/ext/stm32f4xx_lib/CMSIS/Include/core_cmInstr.h **** #if (__ARMCC_VERSION < 400677)
  38:/home/jonas/warwick/3dProfilometer/xpcc/ext/stm32f4xx_lib/CMSIS/Include/core_cmInstr.h ****   #error "Please use ARM Compiler Toolchain V4.0.677 or later!"
  39:/home/jonas/warwick/3dProfilometer/xpcc/ext/stm32f4xx_lib/CMSIS/Include/core_cmInstr.h **** #endif
  40:/home/jonas/warwick/3dProfilometer/xpcc/ext/stm32f4xx_lib/CMSIS/Include/core_cmInstr.h **** 
  41:/home/jonas/warwick/3dProfilometer/xpcc/ext/stm32f4xx_lib/CMSIS/Include/core_cmInstr.h **** 
  42:/home/jonas/warwick/3dProfilometer/xpcc/ext/stm32f4xx_lib/CMSIS/Include/core_cmInstr.h **** /** \brief  No Operation
  43:/home/jonas/warwick/3dProfilometer/xpcc/ext/stm32f4xx_lib/CMSIS/Include/core_cmInstr.h **** 
  44:/home/jonas/warwick/3dProfilometer/xpcc/ext/stm32f4xx_lib/CMSIS/Include/core_cmInstr.h ****     No Operation does nothing. This instruction can be used for code alignment purposes.
  45:/home/jonas/warwick/3dProfilometer/xpcc/ext/stm32f4xx_lib/CMSIS/Include/core_cmInstr.h ****  */
  46:/home/jonas/warwick/3dProfilometer/xpcc/ext/stm32f4xx_lib/CMSIS/Include/core_cmInstr.h **** #define __NOP                             __nop
  47:/home/jonas/warwick/3dProfilometer/xpcc/ext/stm32f4xx_lib/CMSIS/Include/core_cmInstr.h **** 
  48:/home/jonas/warwick/3dProfilometer/xpcc/ext/stm32f4xx_lib/CMSIS/Include/core_cmInstr.h **** 
  49:/home/jonas/warwick/3dProfilometer/xpcc/ext/stm32f4xx_lib/CMSIS/Include/core_cmInstr.h **** /** \brief  Wait For Interrupt
  50:/home/jonas/warwick/3dProfilometer/xpcc/ext/stm32f4xx_lib/CMSIS/Include/core_cmInstr.h **** 
  51:/home/jonas/warwick/3dProfilometer/xpcc/ext/stm32f4xx_lib/CMSIS/Include/core_cmInstr.h ****     Wait For Interrupt is a hint instruction that suspends execution
  52:/home/jonas/warwick/3dProfilometer/xpcc/ext/stm32f4xx_lib/CMSIS/Include/core_cmInstr.h ****     until one of a number of events occurs.
  53:/home/jonas/warwick/3dProfilometer/xpcc/ext/stm32f4xx_lib/CMSIS/Include/core_cmInstr.h ****  */
  54:/home/jonas/warwick/3dProfilometer/xpcc/ext/stm32f4xx_lib/CMSIS/Include/core_cmInstr.h **** #define __WFI                             __wfi
  55:/home/jonas/warwick/3dProfilometer/xpcc/ext/stm32f4xx_lib/CMSIS/Include/core_cmInstr.h **** 
  56:/home/jonas/warwick/3dProfilometer/xpcc/ext/stm32f4xx_lib/CMSIS/Include/core_cmInstr.h **** 
  57:/home/jonas/warwick/3dProfilometer/xpcc/ext/stm32f4xx_lib/CMSIS/Include/core_cmInstr.h **** /** \brief  Wait For Event
  58:/home/jonas/warwick/3dProfilometer/xpcc/ext/stm32f4xx_lib/CMSIS/Include/core_cmInstr.h **** 
  59:/home/jonas/warwick/3dProfilometer/xpcc/ext/stm32f4xx_lib/CMSIS/Include/core_cmInstr.h ****     Wait For Event is a hint instruction that permits the processor to enter
  60:/home/jonas/warwick/3dProfilometer/xpcc/ext/stm32f4xx_lib/CMSIS/Include/core_cmInstr.h ****     a low-power state until one of a number of events occurs.
  61:/home/jonas/warwick/3dProfilometer/xpcc/ext/stm32f4xx_lib/CMSIS/Include/core_cmInstr.h ****  */
  62:/home/jonas/warwick/3dProfilometer/xpcc/ext/stm32f4xx_lib/CMSIS/Include/core_cmInstr.h **** #define __WFE                             __wfe
  63:/home/jonas/warwick/3dProfilometer/xpcc/ext/stm32f4xx_lib/CMSIS/Include/core_cmInstr.h **** 
  64:/home/jonas/warwick/3dProfilometer/xpcc/ext/stm32f4xx_lib/CMSIS/Include/core_cmInstr.h **** 
  65:/home/jonas/warwick/3dProfilometer/xpcc/ext/stm32f4xx_lib/CMSIS/Include/core_cmInstr.h **** /** \brief  Send Event
  66:/home/jonas/warwick/3dProfilometer/xpcc/ext/stm32f4xx_lib/CMSIS/Include/core_cmInstr.h **** 
  67:/home/jonas/warwick/3dProfilometer/xpcc/ext/stm32f4xx_lib/CMSIS/Include/core_cmInstr.h ****     Send Event is a hint instruction. It causes an event to be signaled to the CPU.
  68:/home/jonas/warwick/3dProfilometer/xpcc/ext/stm32f4xx_lib/CMSIS/Include/core_cmInstr.h ****  */
  69:/home/jonas/warwick/3dProfilometer/xpcc/ext/stm32f4xx_lib/CMSIS/Include/core_cmInstr.h **** #define __SEV                             __sev
  70:/home/jonas/warwick/3dProfilometer/xpcc/ext/stm32f4xx_lib/CMSIS/Include/core_cmInstr.h **** 
  71:/home/jonas/warwick/3dProfilometer/xpcc/ext/stm32f4xx_lib/CMSIS/Include/core_cmInstr.h **** 
  72:/home/jonas/warwick/3dProfilometer/xpcc/ext/stm32f4xx_lib/CMSIS/Include/core_cmInstr.h **** /** \brief  Instruction Synchronization Barrier
  73:/home/jonas/warwick/3dProfilometer/xpcc/ext/stm32f4xx_lib/CMSIS/Include/core_cmInstr.h **** 
  74:/home/jonas/warwick/3dProfilometer/xpcc/ext/stm32f4xx_lib/CMSIS/Include/core_cmInstr.h ****     Instruction Synchronization Barrier flushes the pipeline in the processor, 
  75:/home/jonas/warwick/3dProfilometer/xpcc/ext/stm32f4xx_lib/CMSIS/Include/core_cmInstr.h ****     so that all instructions following the ISB are fetched from cache or 
  76:/home/jonas/warwick/3dProfilometer/xpcc/ext/stm32f4xx_lib/CMSIS/Include/core_cmInstr.h ****     memory, after the instruction has been completed.
  77:/home/jonas/warwick/3dProfilometer/xpcc/ext/stm32f4xx_lib/CMSIS/Include/core_cmInstr.h ****  */
  78:/home/jonas/warwick/3dProfilometer/xpcc/ext/stm32f4xx_lib/CMSIS/Include/core_cmInstr.h **** #define __ISB()                           __isb(0xF)
  79:/home/jonas/warwick/3dProfilometer/xpcc/ext/stm32f4xx_lib/CMSIS/Include/core_cmInstr.h **** 
  80:/home/jonas/warwick/3dProfilometer/xpcc/ext/stm32f4xx_lib/CMSIS/Include/core_cmInstr.h **** 
  81:/home/jonas/warwick/3dProfilometer/xpcc/ext/stm32f4xx_lib/CMSIS/Include/core_cmInstr.h **** /** \brief  Data Synchronization Barrier
  82:/home/jonas/warwick/3dProfilometer/xpcc/ext/stm32f4xx_lib/CMSIS/Include/core_cmInstr.h **** 
  83:/home/jonas/warwick/3dProfilometer/xpcc/ext/stm32f4xx_lib/CMSIS/Include/core_cmInstr.h ****     This function acts as a special kind of Data Memory Barrier. 
  84:/home/jonas/warwick/3dProfilometer/xpcc/ext/stm32f4xx_lib/CMSIS/Include/core_cmInstr.h ****     It completes when all explicit memory accesses before this instruction complete.
  85:/home/jonas/warwick/3dProfilometer/xpcc/ext/stm32f4xx_lib/CMSIS/Include/core_cmInstr.h ****  */
  86:/home/jonas/warwick/3dProfilometer/xpcc/ext/stm32f4xx_lib/CMSIS/Include/core_cmInstr.h **** #define __DSB()                           __dsb(0xF)
  87:/home/jonas/warwick/3dProfilometer/xpcc/ext/stm32f4xx_lib/CMSIS/Include/core_cmInstr.h **** 
  88:/home/jonas/warwick/3dProfilometer/xpcc/ext/stm32f4xx_lib/CMSIS/Include/core_cmInstr.h **** 
  89:/home/jonas/warwick/3dProfilometer/xpcc/ext/stm32f4xx_lib/CMSIS/Include/core_cmInstr.h **** /** \brief  Data Memory Barrier
  90:/home/jonas/warwick/3dProfilometer/xpcc/ext/stm32f4xx_lib/CMSIS/Include/core_cmInstr.h **** 
  91:/home/jonas/warwick/3dProfilometer/xpcc/ext/stm32f4xx_lib/CMSIS/Include/core_cmInstr.h ****     This function ensures the apparent order of the explicit memory operations before 
  92:/home/jonas/warwick/3dProfilometer/xpcc/ext/stm32f4xx_lib/CMSIS/Include/core_cmInstr.h ****     and after the instruction, without ensuring their completion.
  93:/home/jonas/warwick/3dProfilometer/xpcc/ext/stm32f4xx_lib/CMSIS/Include/core_cmInstr.h ****  */
  94:/home/jonas/warwick/3dProfilometer/xpcc/ext/stm32f4xx_lib/CMSIS/Include/core_cmInstr.h **** #define __DMB()                           __dmb(0xF)
  95:/home/jonas/warwick/3dProfilometer/xpcc/ext/stm32f4xx_lib/CMSIS/Include/core_cmInstr.h **** 
  96:/home/jonas/warwick/3dProfilometer/xpcc/ext/stm32f4xx_lib/CMSIS/Include/core_cmInstr.h **** 
  97:/home/jonas/warwick/3dProfilometer/xpcc/ext/stm32f4xx_lib/CMSIS/Include/core_cmInstr.h **** /** \brief  Reverse byte order (32 bit)
  98:/home/jonas/warwick/3dProfilometer/xpcc/ext/stm32f4xx_lib/CMSIS/Include/core_cmInstr.h **** 
  99:/home/jonas/warwick/3dProfilometer/xpcc/ext/stm32f4xx_lib/CMSIS/Include/core_cmInstr.h ****     This function reverses the byte order in integer value.
 100:/home/jonas/warwick/3dProfilometer/xpcc/ext/stm32f4xx_lib/CMSIS/Include/core_cmInstr.h **** 
 101:/home/jonas/warwick/3dProfilometer/xpcc/ext/stm32f4xx_lib/CMSIS/Include/core_cmInstr.h ****     \param [in]    value  Value to reverse
 102:/home/jonas/warwick/3dProfilometer/xpcc/ext/stm32f4xx_lib/CMSIS/Include/core_cmInstr.h ****     \return               Reversed value
 103:/home/jonas/warwick/3dProfilometer/xpcc/ext/stm32f4xx_lib/CMSIS/Include/core_cmInstr.h ****  */
 104:/home/jonas/warwick/3dProfilometer/xpcc/ext/stm32f4xx_lib/CMSIS/Include/core_cmInstr.h **** #define __REV                             __rev
 105:/home/jonas/warwick/3dProfilometer/xpcc/ext/stm32f4xx_lib/CMSIS/Include/core_cmInstr.h **** 
 106:/home/jonas/warwick/3dProfilometer/xpcc/ext/stm32f4xx_lib/CMSIS/Include/core_cmInstr.h **** 
 107:/home/jonas/warwick/3dProfilometer/xpcc/ext/stm32f4xx_lib/CMSIS/Include/core_cmInstr.h **** /** \brief  Reverse byte order (16 bit)
 108:/home/jonas/warwick/3dProfilometer/xpcc/ext/stm32f4xx_lib/CMSIS/Include/core_cmInstr.h **** 
 109:/home/jonas/warwick/3dProfilometer/xpcc/ext/stm32f4xx_lib/CMSIS/Include/core_cmInstr.h ****     This function reverses the byte order in two unsigned short values.
 110:/home/jonas/warwick/3dProfilometer/xpcc/ext/stm32f4xx_lib/CMSIS/Include/core_cmInstr.h **** 
 111:/home/jonas/warwick/3dProfilometer/xpcc/ext/stm32f4xx_lib/CMSIS/Include/core_cmInstr.h ****     \param [in]    value  Value to reverse
 112:/home/jonas/warwick/3dProfilometer/xpcc/ext/stm32f4xx_lib/CMSIS/Include/core_cmInstr.h ****     \return               Reversed value
 113:/home/jonas/warwick/3dProfilometer/xpcc/ext/stm32f4xx_lib/CMSIS/Include/core_cmInstr.h ****  */
 114:/home/jonas/warwick/3dProfilometer/xpcc/ext/stm32f4xx_lib/CMSIS/Include/core_cmInstr.h **** static __INLINE __ASM uint32_t __REV16(uint32_t value)
 115:/home/jonas/warwick/3dProfilometer/xpcc/ext/stm32f4xx_lib/CMSIS/Include/core_cmInstr.h **** {
 116:/home/jonas/warwick/3dProfilometer/xpcc/ext/stm32f4xx_lib/CMSIS/Include/core_cmInstr.h ****   rev16 r0, r0
 117:/home/jonas/warwick/3dProfilometer/xpcc/ext/stm32f4xx_lib/CMSIS/Include/core_cmInstr.h ****   bx lr
 118:/home/jonas/warwick/3dProfilometer/xpcc/ext/stm32f4xx_lib/CMSIS/Include/core_cmInstr.h **** }
 119:/home/jonas/warwick/3dProfilometer/xpcc/ext/stm32f4xx_lib/CMSIS/Include/core_cmInstr.h **** 
 120:/home/jonas/warwick/3dProfilometer/xpcc/ext/stm32f4xx_lib/CMSIS/Include/core_cmInstr.h **** 
 121:/home/jonas/warwick/3dProfilometer/xpcc/ext/stm32f4xx_lib/CMSIS/Include/core_cmInstr.h **** /** \brief  Reverse byte order in signed short value
 122:/home/jonas/warwick/3dProfilometer/xpcc/ext/stm32f4xx_lib/CMSIS/Include/core_cmInstr.h **** 
 123:/home/jonas/warwick/3dProfilometer/xpcc/ext/stm32f4xx_lib/CMSIS/Include/core_cmInstr.h ****     This function reverses the byte order in a signed short value with sign extension to integer.
 124:/home/jonas/warwick/3dProfilometer/xpcc/ext/stm32f4xx_lib/CMSIS/Include/core_cmInstr.h **** 
 125:/home/jonas/warwick/3dProfilometer/xpcc/ext/stm32f4xx_lib/CMSIS/Include/core_cmInstr.h ****     \param [in]    value  Value to reverse
 126:/home/jonas/warwick/3dProfilometer/xpcc/ext/stm32f4xx_lib/CMSIS/Include/core_cmInstr.h ****     \return               Reversed value
 127:/home/jonas/warwick/3dProfilometer/xpcc/ext/stm32f4xx_lib/CMSIS/Include/core_cmInstr.h ****  */
 128:/home/jonas/warwick/3dProfilometer/xpcc/ext/stm32f4xx_lib/CMSIS/Include/core_cmInstr.h **** static __INLINE __ASM int32_t __REVSH(int32_t value)
 129:/home/jonas/warwick/3dProfilometer/xpcc/ext/stm32f4xx_lib/CMSIS/Include/core_cmInstr.h **** {
 130:/home/jonas/warwick/3dProfilometer/xpcc/ext/stm32f4xx_lib/CMSIS/Include/core_cmInstr.h ****   revsh r0, r0
 131:/home/jonas/warwick/3dProfilometer/xpcc/ext/stm32f4xx_lib/CMSIS/Include/core_cmInstr.h ****   bx lr
 132:/home/jonas/warwick/3dProfilometer/xpcc/ext/stm32f4xx_lib/CMSIS/Include/core_cmInstr.h **** }
 133:/home/jonas/warwick/3dProfilometer/xpcc/ext/stm32f4xx_lib/CMSIS/Include/core_cmInstr.h **** 
 134:/home/jonas/warwick/3dProfilometer/xpcc/ext/stm32f4xx_lib/CMSIS/Include/core_cmInstr.h **** 
 135:/home/jonas/warwick/3dProfilometer/xpcc/ext/stm32f4xx_lib/CMSIS/Include/core_cmInstr.h **** #if       (__CORTEX_M >= 0x03)
 136:/home/jonas/warwick/3dProfilometer/xpcc/ext/stm32f4xx_lib/CMSIS/Include/core_cmInstr.h **** 
 137:/home/jonas/warwick/3dProfilometer/xpcc/ext/stm32f4xx_lib/CMSIS/Include/core_cmInstr.h **** /** \brief  Reverse bit order of value
 138:/home/jonas/warwick/3dProfilometer/xpcc/ext/stm32f4xx_lib/CMSIS/Include/core_cmInstr.h **** 
 139:/home/jonas/warwick/3dProfilometer/xpcc/ext/stm32f4xx_lib/CMSIS/Include/core_cmInstr.h ****     This function reverses the bit order of the given value.
 140:/home/jonas/warwick/3dProfilometer/xpcc/ext/stm32f4xx_lib/CMSIS/Include/core_cmInstr.h **** 
 141:/home/jonas/warwick/3dProfilometer/xpcc/ext/stm32f4xx_lib/CMSIS/Include/core_cmInstr.h ****     \param [in]    value  Value to reverse
 142:/home/jonas/warwick/3dProfilometer/xpcc/ext/stm32f4xx_lib/CMSIS/Include/core_cmInstr.h ****     \return               Reversed value
 143:/home/jonas/warwick/3dProfilometer/xpcc/ext/stm32f4xx_lib/CMSIS/Include/core_cmInstr.h ****  */
 144:/home/jonas/warwick/3dProfilometer/xpcc/ext/stm32f4xx_lib/CMSIS/Include/core_cmInstr.h **** #define __RBIT                            __rbit
 145:/home/jonas/warwick/3dProfilometer/xpcc/ext/stm32f4xx_lib/CMSIS/Include/core_cmInstr.h **** 
 146:/home/jonas/warwick/3dProfilometer/xpcc/ext/stm32f4xx_lib/CMSIS/Include/core_cmInstr.h **** 
 147:/home/jonas/warwick/3dProfilometer/xpcc/ext/stm32f4xx_lib/CMSIS/Include/core_cmInstr.h **** /** \brief  LDR Exclusive (8 bit)
 148:/home/jonas/warwick/3dProfilometer/xpcc/ext/stm32f4xx_lib/CMSIS/Include/core_cmInstr.h **** 
 149:/home/jonas/warwick/3dProfilometer/xpcc/ext/stm32f4xx_lib/CMSIS/Include/core_cmInstr.h ****     This function performs a exclusive LDR command for 8 bit value.
 150:/home/jonas/warwick/3dProfilometer/xpcc/ext/stm32f4xx_lib/CMSIS/Include/core_cmInstr.h **** 
 151:/home/jonas/warwick/3dProfilometer/xpcc/ext/stm32f4xx_lib/CMSIS/Include/core_cmInstr.h ****     \param [in]    ptr  Pointer to data
 152:/home/jonas/warwick/3dProfilometer/xpcc/ext/stm32f4xx_lib/CMSIS/Include/core_cmInstr.h ****     \return             value of type uint8_t at (*ptr)
 153:/home/jonas/warwick/3dProfilometer/xpcc/ext/stm32f4xx_lib/CMSIS/Include/core_cmInstr.h ****  */
 154:/home/jonas/warwick/3dProfilometer/xpcc/ext/stm32f4xx_lib/CMSIS/Include/core_cmInstr.h **** #define __LDREXB(ptr)                     ((uint8_t ) __ldrex(ptr))
 155:/home/jonas/warwick/3dProfilometer/xpcc/ext/stm32f4xx_lib/CMSIS/Include/core_cmInstr.h **** 
 156:/home/jonas/warwick/3dProfilometer/xpcc/ext/stm32f4xx_lib/CMSIS/Include/core_cmInstr.h **** 
 157:/home/jonas/warwick/3dProfilometer/xpcc/ext/stm32f4xx_lib/CMSIS/Include/core_cmInstr.h **** /** \brief  LDR Exclusive (16 bit)
 158:/home/jonas/warwick/3dProfilometer/xpcc/ext/stm32f4xx_lib/CMSIS/Include/core_cmInstr.h **** 
 159:/home/jonas/warwick/3dProfilometer/xpcc/ext/stm32f4xx_lib/CMSIS/Include/core_cmInstr.h ****     This function performs a exclusive LDR command for 16 bit values.
 160:/home/jonas/warwick/3dProfilometer/xpcc/ext/stm32f4xx_lib/CMSIS/Include/core_cmInstr.h **** 
 161:/home/jonas/warwick/3dProfilometer/xpcc/ext/stm32f4xx_lib/CMSIS/Include/core_cmInstr.h ****     \param [in]    ptr  Pointer to data
 162:/home/jonas/warwick/3dProfilometer/xpcc/ext/stm32f4xx_lib/CMSIS/Include/core_cmInstr.h ****     \return        value of type uint16_t at (*ptr)
 163:/home/jonas/warwick/3dProfilometer/xpcc/ext/stm32f4xx_lib/CMSIS/Include/core_cmInstr.h ****  */
 164:/home/jonas/warwick/3dProfilometer/xpcc/ext/stm32f4xx_lib/CMSIS/Include/core_cmInstr.h **** #define __LDREXH(ptr)                     ((uint16_t) __ldrex(ptr))
 165:/home/jonas/warwick/3dProfilometer/xpcc/ext/stm32f4xx_lib/CMSIS/Include/core_cmInstr.h **** 
 166:/home/jonas/warwick/3dProfilometer/xpcc/ext/stm32f4xx_lib/CMSIS/Include/core_cmInstr.h **** 
 167:/home/jonas/warwick/3dProfilometer/xpcc/ext/stm32f4xx_lib/CMSIS/Include/core_cmInstr.h **** /** \brief  LDR Exclusive (32 bit)
 168:/home/jonas/warwick/3dProfilometer/xpcc/ext/stm32f4xx_lib/CMSIS/Include/core_cmInstr.h **** 
 169:/home/jonas/warwick/3dProfilometer/xpcc/ext/stm32f4xx_lib/CMSIS/Include/core_cmInstr.h ****     This function performs a exclusive LDR command for 32 bit values.
 170:/home/jonas/warwick/3dProfilometer/xpcc/ext/stm32f4xx_lib/CMSIS/Include/core_cmInstr.h **** 
 171:/home/jonas/warwick/3dProfilometer/xpcc/ext/stm32f4xx_lib/CMSIS/Include/core_cmInstr.h ****     \param [in]    ptr  Pointer to data
 172:/home/jonas/warwick/3dProfilometer/xpcc/ext/stm32f4xx_lib/CMSIS/Include/core_cmInstr.h ****     \return        value of type uint32_t at (*ptr)
 173:/home/jonas/warwick/3dProfilometer/xpcc/ext/stm32f4xx_lib/CMSIS/Include/core_cmInstr.h ****  */
 174:/home/jonas/warwick/3dProfilometer/xpcc/ext/stm32f4xx_lib/CMSIS/Include/core_cmInstr.h **** #define __LDREXW(ptr)                     ((uint32_t ) __ldrex(ptr))
 175:/home/jonas/warwick/3dProfilometer/xpcc/ext/stm32f4xx_lib/CMSIS/Include/core_cmInstr.h **** 
 176:/home/jonas/warwick/3dProfilometer/xpcc/ext/stm32f4xx_lib/CMSIS/Include/core_cmInstr.h **** 
 177:/home/jonas/warwick/3dProfilometer/xpcc/ext/stm32f4xx_lib/CMSIS/Include/core_cmInstr.h **** /** \brief  STR Exclusive (8 bit)
 178:/home/jonas/warwick/3dProfilometer/xpcc/ext/stm32f4xx_lib/CMSIS/Include/core_cmInstr.h **** 
 179:/home/jonas/warwick/3dProfilometer/xpcc/ext/stm32f4xx_lib/CMSIS/Include/core_cmInstr.h ****     This function performs a exclusive STR command for 8 bit values.
 180:/home/jonas/warwick/3dProfilometer/xpcc/ext/stm32f4xx_lib/CMSIS/Include/core_cmInstr.h **** 
 181:/home/jonas/warwick/3dProfilometer/xpcc/ext/stm32f4xx_lib/CMSIS/Include/core_cmInstr.h ****     \param [in]  value  Value to store
 182:/home/jonas/warwick/3dProfilometer/xpcc/ext/stm32f4xx_lib/CMSIS/Include/core_cmInstr.h ****     \param [in]    ptr  Pointer to location
 183:/home/jonas/warwick/3dProfilometer/xpcc/ext/stm32f4xx_lib/CMSIS/Include/core_cmInstr.h ****     \return          0  Function succeeded
 184:/home/jonas/warwick/3dProfilometer/xpcc/ext/stm32f4xx_lib/CMSIS/Include/core_cmInstr.h ****     \return          1  Function failed
 185:/home/jonas/warwick/3dProfilometer/xpcc/ext/stm32f4xx_lib/CMSIS/Include/core_cmInstr.h ****  */
 186:/home/jonas/warwick/3dProfilometer/xpcc/ext/stm32f4xx_lib/CMSIS/Include/core_cmInstr.h **** #define __STREXB(value, ptr)              __strex(value, ptr)
 187:/home/jonas/warwick/3dProfilometer/xpcc/ext/stm32f4xx_lib/CMSIS/Include/core_cmInstr.h **** 
 188:/home/jonas/warwick/3dProfilometer/xpcc/ext/stm32f4xx_lib/CMSIS/Include/core_cmInstr.h **** 
 189:/home/jonas/warwick/3dProfilometer/xpcc/ext/stm32f4xx_lib/CMSIS/Include/core_cmInstr.h **** /** \brief  STR Exclusive (16 bit)
 190:/home/jonas/warwick/3dProfilometer/xpcc/ext/stm32f4xx_lib/CMSIS/Include/core_cmInstr.h **** 
 191:/home/jonas/warwick/3dProfilometer/xpcc/ext/stm32f4xx_lib/CMSIS/Include/core_cmInstr.h ****     This function performs a exclusive STR command for 16 bit values.
 192:/home/jonas/warwick/3dProfilometer/xpcc/ext/stm32f4xx_lib/CMSIS/Include/core_cmInstr.h **** 
 193:/home/jonas/warwick/3dProfilometer/xpcc/ext/stm32f4xx_lib/CMSIS/Include/core_cmInstr.h ****     \param [in]  value  Value to store
 194:/home/jonas/warwick/3dProfilometer/xpcc/ext/stm32f4xx_lib/CMSIS/Include/core_cmInstr.h ****     \param [in]    ptr  Pointer to location
 195:/home/jonas/warwick/3dProfilometer/xpcc/ext/stm32f4xx_lib/CMSIS/Include/core_cmInstr.h ****     \return          0  Function succeeded
 196:/home/jonas/warwick/3dProfilometer/xpcc/ext/stm32f4xx_lib/CMSIS/Include/core_cmInstr.h ****     \return          1  Function failed
 197:/home/jonas/warwick/3dProfilometer/xpcc/ext/stm32f4xx_lib/CMSIS/Include/core_cmInstr.h ****  */
 198:/home/jonas/warwick/3dProfilometer/xpcc/ext/stm32f4xx_lib/CMSIS/Include/core_cmInstr.h **** #define __STREXH(value, ptr)              __strex(value, ptr)
 199:/home/jonas/warwick/3dProfilometer/xpcc/ext/stm32f4xx_lib/CMSIS/Include/core_cmInstr.h **** 
 200:/home/jonas/warwick/3dProfilometer/xpcc/ext/stm32f4xx_lib/CMSIS/Include/core_cmInstr.h **** 
 201:/home/jonas/warwick/3dProfilometer/xpcc/ext/stm32f4xx_lib/CMSIS/Include/core_cmInstr.h **** /** \brief  STR Exclusive (32 bit)
 202:/home/jonas/warwick/3dProfilometer/xpcc/ext/stm32f4xx_lib/CMSIS/Include/core_cmInstr.h **** 
 203:/home/jonas/warwick/3dProfilometer/xpcc/ext/stm32f4xx_lib/CMSIS/Include/core_cmInstr.h ****     This function performs a exclusive STR command for 32 bit values.
 204:/home/jonas/warwick/3dProfilometer/xpcc/ext/stm32f4xx_lib/CMSIS/Include/core_cmInstr.h **** 
 205:/home/jonas/warwick/3dProfilometer/xpcc/ext/stm32f4xx_lib/CMSIS/Include/core_cmInstr.h ****     \param [in]  value  Value to store
 206:/home/jonas/warwick/3dProfilometer/xpcc/ext/stm32f4xx_lib/CMSIS/Include/core_cmInstr.h ****     \param [in]    ptr  Pointer to location
 207:/home/jonas/warwick/3dProfilometer/xpcc/ext/stm32f4xx_lib/CMSIS/Include/core_cmInstr.h ****     \return          0  Function succeeded
 208:/home/jonas/warwick/3dProfilometer/xpcc/ext/stm32f4xx_lib/CMSIS/Include/core_cmInstr.h ****     \return          1  Function failed
 209:/home/jonas/warwick/3dProfilometer/xpcc/ext/stm32f4xx_lib/CMSIS/Include/core_cmInstr.h ****  */
 210:/home/jonas/warwick/3dProfilometer/xpcc/ext/stm32f4xx_lib/CMSIS/Include/core_cmInstr.h **** #define __STREXW(value, ptr)              __strex(value, ptr)
 211:/home/jonas/warwick/3dProfilometer/xpcc/ext/stm32f4xx_lib/CMSIS/Include/core_cmInstr.h **** 
 212:/home/jonas/warwick/3dProfilometer/xpcc/ext/stm32f4xx_lib/CMSIS/Include/core_cmInstr.h **** 
 213:/home/jonas/warwick/3dProfilometer/xpcc/ext/stm32f4xx_lib/CMSIS/Include/core_cmInstr.h **** /** \brief  Remove the exclusive lock
 214:/home/jonas/warwick/3dProfilometer/xpcc/ext/stm32f4xx_lib/CMSIS/Include/core_cmInstr.h **** 
 215:/home/jonas/warwick/3dProfilometer/xpcc/ext/stm32f4xx_lib/CMSIS/Include/core_cmInstr.h ****     This function removes the exclusive lock which is created by LDREX.
 216:/home/jonas/warwick/3dProfilometer/xpcc/ext/stm32f4xx_lib/CMSIS/Include/core_cmInstr.h **** 
 217:/home/jonas/warwick/3dProfilometer/xpcc/ext/stm32f4xx_lib/CMSIS/Include/core_cmInstr.h ****  */
 218:/home/jonas/warwick/3dProfilometer/xpcc/ext/stm32f4xx_lib/CMSIS/Include/core_cmInstr.h **** #define __CLREX                           __clrex
 219:/home/jonas/warwick/3dProfilometer/xpcc/ext/stm32f4xx_lib/CMSIS/Include/core_cmInstr.h **** 
 220:/home/jonas/warwick/3dProfilometer/xpcc/ext/stm32f4xx_lib/CMSIS/Include/core_cmInstr.h **** 
 221:/home/jonas/warwick/3dProfilometer/xpcc/ext/stm32f4xx_lib/CMSIS/Include/core_cmInstr.h **** /** \brief  Signed Saturate
 222:/home/jonas/warwick/3dProfilometer/xpcc/ext/stm32f4xx_lib/CMSIS/Include/core_cmInstr.h **** 
 223:/home/jonas/warwick/3dProfilometer/xpcc/ext/stm32f4xx_lib/CMSIS/Include/core_cmInstr.h ****     This function saturates a signed value.
 224:/home/jonas/warwick/3dProfilometer/xpcc/ext/stm32f4xx_lib/CMSIS/Include/core_cmInstr.h **** 
 225:/home/jonas/warwick/3dProfilometer/xpcc/ext/stm32f4xx_lib/CMSIS/Include/core_cmInstr.h ****     \param [in]  value  Value to be saturated
 226:/home/jonas/warwick/3dProfilometer/xpcc/ext/stm32f4xx_lib/CMSIS/Include/core_cmInstr.h ****     \param [in]    sat  Bit position to saturate to (1..32)
 227:/home/jonas/warwick/3dProfilometer/xpcc/ext/stm32f4xx_lib/CMSIS/Include/core_cmInstr.h ****     \return             Saturated value
 228:/home/jonas/warwick/3dProfilometer/xpcc/ext/stm32f4xx_lib/CMSIS/Include/core_cmInstr.h ****  */
 229:/home/jonas/warwick/3dProfilometer/xpcc/ext/stm32f4xx_lib/CMSIS/Include/core_cmInstr.h **** #define __SSAT                            __ssat
 230:/home/jonas/warwick/3dProfilometer/xpcc/ext/stm32f4xx_lib/CMSIS/Include/core_cmInstr.h **** 
 231:/home/jonas/warwick/3dProfilometer/xpcc/ext/stm32f4xx_lib/CMSIS/Include/core_cmInstr.h **** 
 232:/home/jonas/warwick/3dProfilometer/xpcc/ext/stm32f4xx_lib/CMSIS/Include/core_cmInstr.h **** /** \brief  Unsigned Saturate
 233:/home/jonas/warwick/3dProfilometer/xpcc/ext/stm32f4xx_lib/CMSIS/Include/core_cmInstr.h **** 
 234:/home/jonas/warwick/3dProfilometer/xpcc/ext/stm32f4xx_lib/CMSIS/Include/core_cmInstr.h ****     This function saturates an unsigned value.
 235:/home/jonas/warwick/3dProfilometer/xpcc/ext/stm32f4xx_lib/CMSIS/Include/core_cmInstr.h **** 
 236:/home/jonas/warwick/3dProfilometer/xpcc/ext/stm32f4xx_lib/CMSIS/Include/core_cmInstr.h ****     \param [in]  value  Value to be saturated
 237:/home/jonas/warwick/3dProfilometer/xpcc/ext/stm32f4xx_lib/CMSIS/Include/core_cmInstr.h ****     \param [in]    sat  Bit position to saturate to (0..31)
 238:/home/jonas/warwick/3dProfilometer/xpcc/ext/stm32f4xx_lib/CMSIS/Include/core_cmInstr.h ****     \return             Saturated value
 239:/home/jonas/warwick/3dProfilometer/xpcc/ext/stm32f4xx_lib/CMSIS/Include/core_cmInstr.h ****  */
 240:/home/jonas/warwick/3dProfilometer/xpcc/ext/stm32f4xx_lib/CMSIS/Include/core_cmInstr.h **** #define __USAT                            __usat
 241:/home/jonas/warwick/3dProfilometer/xpcc/ext/stm32f4xx_lib/CMSIS/Include/core_cmInstr.h **** 
 242:/home/jonas/warwick/3dProfilometer/xpcc/ext/stm32f4xx_lib/CMSIS/Include/core_cmInstr.h **** 
 243:/home/jonas/warwick/3dProfilometer/xpcc/ext/stm32f4xx_lib/CMSIS/Include/core_cmInstr.h **** /** \brief  Count leading zeros
 244:/home/jonas/warwick/3dProfilometer/xpcc/ext/stm32f4xx_lib/CMSIS/Include/core_cmInstr.h **** 
 245:/home/jonas/warwick/3dProfilometer/xpcc/ext/stm32f4xx_lib/CMSIS/Include/core_cmInstr.h ****     This function counts the number of leading zeros of a data value.
 246:/home/jonas/warwick/3dProfilometer/xpcc/ext/stm32f4xx_lib/CMSIS/Include/core_cmInstr.h **** 
 247:/home/jonas/warwick/3dProfilometer/xpcc/ext/stm32f4xx_lib/CMSIS/Include/core_cmInstr.h ****     \param [in]  value  Value to count the leading zeros
 248:/home/jonas/warwick/3dProfilometer/xpcc/ext/stm32f4xx_lib/CMSIS/Include/core_cmInstr.h ****     \return             number of leading zeros in value
 249:/home/jonas/warwick/3dProfilometer/xpcc/ext/stm32f4xx_lib/CMSIS/Include/core_cmInstr.h ****  */
 250:/home/jonas/warwick/3dProfilometer/xpcc/ext/stm32f4xx_lib/CMSIS/Include/core_cmInstr.h **** #define __CLZ                             __clz 
 251:/home/jonas/warwick/3dProfilometer/xpcc/ext/stm32f4xx_lib/CMSIS/Include/core_cmInstr.h **** 
 252:/home/jonas/warwick/3dProfilometer/xpcc/ext/stm32f4xx_lib/CMSIS/Include/core_cmInstr.h **** #endif /* (__CORTEX_M >= 0x03) */
 253:/home/jonas/warwick/3dProfilometer/xpcc/ext/stm32f4xx_lib/CMSIS/Include/core_cmInstr.h **** 
 254:/home/jonas/warwick/3dProfilometer/xpcc/ext/stm32f4xx_lib/CMSIS/Include/core_cmInstr.h **** 
 255:/home/jonas/warwick/3dProfilometer/xpcc/ext/stm32f4xx_lib/CMSIS/Include/core_cmInstr.h **** 
 256:/home/jonas/warwick/3dProfilometer/xpcc/ext/stm32f4xx_lib/CMSIS/Include/core_cmInstr.h **** #elif defined ( __ICCARM__ ) /*------------------ ICC Compiler -------------------*/
 257:/home/jonas/warwick/3dProfilometer/xpcc/ext/stm32f4xx_lib/CMSIS/Include/core_cmInstr.h **** /* IAR iccarm specific functions */
 258:/home/jonas/warwick/3dProfilometer/xpcc/ext/stm32f4xx_lib/CMSIS/Include/core_cmInstr.h **** 
 259:/home/jonas/warwick/3dProfilometer/xpcc/ext/stm32f4xx_lib/CMSIS/Include/core_cmInstr.h **** #include <cmsis_iar.h>
 260:/home/jonas/warwick/3dProfilometer/xpcc/ext/stm32f4xx_lib/CMSIS/Include/core_cmInstr.h **** 
 261:/home/jonas/warwick/3dProfilometer/xpcc/ext/stm32f4xx_lib/CMSIS/Include/core_cmInstr.h **** 
 262:/home/jonas/warwick/3dProfilometer/xpcc/ext/stm32f4xx_lib/CMSIS/Include/core_cmInstr.h **** #elif defined ( __GNUC__ ) /*------------------ GNU Compiler ---------------------*/
 263:/home/jonas/warwick/3dProfilometer/xpcc/ext/stm32f4xx_lib/CMSIS/Include/core_cmInstr.h **** /* GNU gcc specific functions */
 264:/home/jonas/warwick/3dProfilometer/xpcc/ext/stm32f4xx_lib/CMSIS/Include/core_cmInstr.h **** 
 265:/home/jonas/warwick/3dProfilometer/xpcc/ext/stm32f4xx_lib/CMSIS/Include/core_cmInstr.h **** /** \brief  No Operation
 266:/home/jonas/warwick/3dProfilometer/xpcc/ext/stm32f4xx_lib/CMSIS/Include/core_cmInstr.h **** 
 267:/home/jonas/warwick/3dProfilometer/xpcc/ext/stm32f4xx_lib/CMSIS/Include/core_cmInstr.h ****     No Operation does nothing. This instruction can be used for code alignment purposes.
 268:/home/jonas/warwick/3dProfilometer/xpcc/ext/stm32f4xx_lib/CMSIS/Include/core_cmInstr.h ****  */
 269:/home/jonas/warwick/3dProfilometer/xpcc/ext/stm32f4xx_lib/CMSIS/Include/core_cmInstr.h **** __attribute__( ( always_inline ) ) static __INLINE void __NOP(void)
 270:/home/jonas/warwick/3dProfilometer/xpcc/ext/stm32f4xx_lib/CMSIS/Include/core_cmInstr.h **** {
 271:/home/jonas/warwick/3dProfilometer/xpcc/ext/stm32f4xx_lib/CMSIS/Include/core_cmInstr.h ****   __ASM volatile ("nop");
 272:/home/jonas/warwick/3dProfilometer/xpcc/ext/stm32f4xx_lib/CMSIS/Include/core_cmInstr.h **** }
 273:/home/jonas/warwick/3dProfilometer/xpcc/ext/stm32f4xx_lib/CMSIS/Include/core_cmInstr.h **** 
 274:/home/jonas/warwick/3dProfilometer/xpcc/ext/stm32f4xx_lib/CMSIS/Include/core_cmInstr.h **** 
 275:/home/jonas/warwick/3dProfilometer/xpcc/ext/stm32f4xx_lib/CMSIS/Include/core_cmInstr.h **** /** \brief  Wait For Interrupt
 276:/home/jonas/warwick/3dProfilometer/xpcc/ext/stm32f4xx_lib/CMSIS/Include/core_cmInstr.h **** 
 277:/home/jonas/warwick/3dProfilometer/xpcc/ext/stm32f4xx_lib/CMSIS/Include/core_cmInstr.h ****     Wait For Interrupt is a hint instruction that suspends execution
 278:/home/jonas/warwick/3dProfilometer/xpcc/ext/stm32f4xx_lib/CMSIS/Include/core_cmInstr.h ****     until one of a number of events occurs.
 279:/home/jonas/warwick/3dProfilometer/xpcc/ext/stm32f4xx_lib/CMSIS/Include/core_cmInstr.h ****  */
 280:/home/jonas/warwick/3dProfilometer/xpcc/ext/stm32f4xx_lib/CMSIS/Include/core_cmInstr.h **** __attribute__( ( always_inline ) ) static __INLINE void __WFI(void)
 281:/home/jonas/warwick/3dProfilometer/xpcc/ext/stm32f4xx_lib/CMSIS/Include/core_cmInstr.h **** {
 282:/home/jonas/warwick/3dProfilometer/xpcc/ext/stm32f4xx_lib/CMSIS/Include/core_cmInstr.h ****   __ASM volatile ("wfi");
 283:/home/jonas/warwick/3dProfilometer/xpcc/ext/stm32f4xx_lib/CMSIS/Include/core_cmInstr.h **** }
 284:/home/jonas/warwick/3dProfilometer/xpcc/ext/stm32f4xx_lib/CMSIS/Include/core_cmInstr.h **** 
 285:/home/jonas/warwick/3dProfilometer/xpcc/ext/stm32f4xx_lib/CMSIS/Include/core_cmInstr.h **** 
 286:/home/jonas/warwick/3dProfilometer/xpcc/ext/stm32f4xx_lib/CMSIS/Include/core_cmInstr.h **** /** \brief  Wait For Event
 287:/home/jonas/warwick/3dProfilometer/xpcc/ext/stm32f4xx_lib/CMSIS/Include/core_cmInstr.h **** 
 288:/home/jonas/warwick/3dProfilometer/xpcc/ext/stm32f4xx_lib/CMSIS/Include/core_cmInstr.h ****     Wait For Event is a hint instruction that permits the processor to enter
 289:/home/jonas/warwick/3dProfilometer/xpcc/ext/stm32f4xx_lib/CMSIS/Include/core_cmInstr.h ****     a low-power state until one of a number of events occurs.
 290:/home/jonas/warwick/3dProfilometer/xpcc/ext/stm32f4xx_lib/CMSIS/Include/core_cmInstr.h ****  */
 291:/home/jonas/warwick/3dProfilometer/xpcc/ext/stm32f4xx_lib/CMSIS/Include/core_cmInstr.h **** __attribute__( ( always_inline ) ) static __INLINE void __WFE(void)
 292:/home/jonas/warwick/3dProfilometer/xpcc/ext/stm32f4xx_lib/CMSIS/Include/core_cmInstr.h **** {
 293:/home/jonas/warwick/3dProfilometer/xpcc/ext/stm32f4xx_lib/CMSIS/Include/core_cmInstr.h ****   __ASM volatile ("wfe");
 294:/home/jonas/warwick/3dProfilometer/xpcc/ext/stm32f4xx_lib/CMSIS/Include/core_cmInstr.h **** }
 295:/home/jonas/warwick/3dProfilometer/xpcc/ext/stm32f4xx_lib/CMSIS/Include/core_cmInstr.h **** 
 296:/home/jonas/warwick/3dProfilometer/xpcc/ext/stm32f4xx_lib/CMSIS/Include/core_cmInstr.h **** 
 297:/home/jonas/warwick/3dProfilometer/xpcc/ext/stm32f4xx_lib/CMSIS/Include/core_cmInstr.h **** /** \brief  Send Event
 298:/home/jonas/warwick/3dProfilometer/xpcc/ext/stm32f4xx_lib/CMSIS/Include/core_cmInstr.h **** 
 299:/home/jonas/warwick/3dProfilometer/xpcc/ext/stm32f4xx_lib/CMSIS/Include/core_cmInstr.h ****     Send Event is a hint instruction. It causes an event to be signaled to the CPU.
 300:/home/jonas/warwick/3dProfilometer/xpcc/ext/stm32f4xx_lib/CMSIS/Include/core_cmInstr.h ****  */
 301:/home/jonas/warwick/3dProfilometer/xpcc/ext/stm32f4xx_lib/CMSIS/Include/core_cmInstr.h **** __attribute__( ( always_inline ) ) static __INLINE void __SEV(void)
 302:/home/jonas/warwick/3dProfilometer/xpcc/ext/stm32f4xx_lib/CMSIS/Include/core_cmInstr.h **** {
 303:/home/jonas/warwick/3dProfilometer/xpcc/ext/stm32f4xx_lib/CMSIS/Include/core_cmInstr.h ****   __ASM volatile ("sev");
 304:/home/jonas/warwick/3dProfilometer/xpcc/ext/stm32f4xx_lib/CMSIS/Include/core_cmInstr.h **** }
 305:/home/jonas/warwick/3dProfilometer/xpcc/ext/stm32f4xx_lib/CMSIS/Include/core_cmInstr.h **** 
 306:/home/jonas/warwick/3dProfilometer/xpcc/ext/stm32f4xx_lib/CMSIS/Include/core_cmInstr.h **** 
 307:/home/jonas/warwick/3dProfilometer/xpcc/ext/stm32f4xx_lib/CMSIS/Include/core_cmInstr.h **** /** \brief  Instruction Synchronization Barrier
 308:/home/jonas/warwick/3dProfilometer/xpcc/ext/stm32f4xx_lib/CMSIS/Include/core_cmInstr.h **** 
 309:/home/jonas/warwick/3dProfilometer/xpcc/ext/stm32f4xx_lib/CMSIS/Include/core_cmInstr.h ****     Instruction Synchronization Barrier flushes the pipeline in the processor, 
 310:/home/jonas/warwick/3dProfilometer/xpcc/ext/stm32f4xx_lib/CMSIS/Include/core_cmInstr.h ****     so that all instructions following the ISB are fetched from cache or 
 311:/home/jonas/warwick/3dProfilometer/xpcc/ext/stm32f4xx_lib/CMSIS/Include/core_cmInstr.h ****     memory, after the instruction has been completed.
 312:/home/jonas/warwick/3dProfilometer/xpcc/ext/stm32f4xx_lib/CMSIS/Include/core_cmInstr.h ****  */
 313:/home/jonas/warwick/3dProfilometer/xpcc/ext/stm32f4xx_lib/CMSIS/Include/core_cmInstr.h **** __attribute__( ( always_inline ) ) static __INLINE void __ISB(void)
 314:/home/jonas/warwick/3dProfilometer/xpcc/ext/stm32f4xx_lib/CMSIS/Include/core_cmInstr.h **** {
 315:/home/jonas/warwick/3dProfilometer/xpcc/ext/stm32f4xx_lib/CMSIS/Include/core_cmInstr.h ****   __ASM volatile ("isb");
 316:/home/jonas/warwick/3dProfilometer/xpcc/ext/stm32f4xx_lib/CMSIS/Include/core_cmInstr.h **** }
 317:/home/jonas/warwick/3dProfilometer/xpcc/ext/stm32f4xx_lib/CMSIS/Include/core_cmInstr.h **** 
 318:/home/jonas/warwick/3dProfilometer/xpcc/ext/stm32f4xx_lib/CMSIS/Include/core_cmInstr.h **** 
 319:/home/jonas/warwick/3dProfilometer/xpcc/ext/stm32f4xx_lib/CMSIS/Include/core_cmInstr.h **** /** \brief  Data Synchronization Barrier
 320:/home/jonas/warwick/3dProfilometer/xpcc/ext/stm32f4xx_lib/CMSIS/Include/core_cmInstr.h **** 
 321:/home/jonas/warwick/3dProfilometer/xpcc/ext/stm32f4xx_lib/CMSIS/Include/core_cmInstr.h ****     This function acts as a special kind of Data Memory Barrier. 
 322:/home/jonas/warwick/3dProfilometer/xpcc/ext/stm32f4xx_lib/CMSIS/Include/core_cmInstr.h ****     It completes when all explicit memory accesses before this instruction complete.
 323:/home/jonas/warwick/3dProfilometer/xpcc/ext/stm32f4xx_lib/CMSIS/Include/core_cmInstr.h ****  */
 324:/home/jonas/warwick/3dProfilometer/xpcc/ext/stm32f4xx_lib/CMSIS/Include/core_cmInstr.h **** __attribute__( ( always_inline ) ) static __INLINE void __DSB(void)
 325:/home/jonas/warwick/3dProfilometer/xpcc/ext/stm32f4xx_lib/CMSIS/Include/core_cmInstr.h **** {
 326:/home/jonas/warwick/3dProfilometer/xpcc/ext/stm32f4xx_lib/CMSIS/Include/core_cmInstr.h ****   __ASM volatile ("dsb");
 327:/home/jonas/warwick/3dProfilometer/xpcc/ext/stm32f4xx_lib/CMSIS/Include/core_cmInstr.h **** }
 328:/home/jonas/warwick/3dProfilometer/xpcc/ext/stm32f4xx_lib/CMSIS/Include/core_cmInstr.h **** 
 329:/home/jonas/warwick/3dProfilometer/xpcc/ext/stm32f4xx_lib/CMSIS/Include/core_cmInstr.h **** 
 330:/home/jonas/warwick/3dProfilometer/xpcc/ext/stm32f4xx_lib/CMSIS/Include/core_cmInstr.h **** /** \brief  Data Memory Barrier
 331:/home/jonas/warwick/3dProfilometer/xpcc/ext/stm32f4xx_lib/CMSIS/Include/core_cmInstr.h **** 
 332:/home/jonas/warwick/3dProfilometer/xpcc/ext/stm32f4xx_lib/CMSIS/Include/core_cmInstr.h ****     This function ensures the apparent order of the explicit memory operations before 
 333:/home/jonas/warwick/3dProfilometer/xpcc/ext/stm32f4xx_lib/CMSIS/Include/core_cmInstr.h ****     and after the instruction, without ensuring their completion.
 334:/home/jonas/warwick/3dProfilometer/xpcc/ext/stm32f4xx_lib/CMSIS/Include/core_cmInstr.h ****  */
 335:/home/jonas/warwick/3dProfilometer/xpcc/ext/stm32f4xx_lib/CMSIS/Include/core_cmInstr.h **** __attribute__( ( always_inline ) ) static __INLINE void __DMB(void)
 336:/home/jonas/warwick/3dProfilometer/xpcc/ext/stm32f4xx_lib/CMSIS/Include/core_cmInstr.h **** {
 337:/home/jonas/warwick/3dProfilometer/xpcc/ext/stm32f4xx_lib/CMSIS/Include/core_cmInstr.h ****   __ASM volatile ("dmb");
 338:/home/jonas/warwick/3dProfilometer/xpcc/ext/stm32f4xx_lib/CMSIS/Include/core_cmInstr.h **** }
 339:/home/jonas/warwick/3dProfilometer/xpcc/ext/stm32f4xx_lib/CMSIS/Include/core_cmInstr.h **** 
 340:/home/jonas/warwick/3dProfilometer/xpcc/ext/stm32f4xx_lib/CMSIS/Include/core_cmInstr.h **** 
 341:/home/jonas/warwick/3dProfilometer/xpcc/ext/stm32f4xx_lib/CMSIS/Include/core_cmInstr.h **** /** \brief  Reverse byte order (32 bit)
 342:/home/jonas/warwick/3dProfilometer/xpcc/ext/stm32f4xx_lib/CMSIS/Include/core_cmInstr.h **** 
 343:/home/jonas/warwick/3dProfilometer/xpcc/ext/stm32f4xx_lib/CMSIS/Include/core_cmInstr.h ****     This function reverses the byte order in integer value.
 344:/home/jonas/warwick/3dProfilometer/xpcc/ext/stm32f4xx_lib/CMSIS/Include/core_cmInstr.h **** 
 345:/home/jonas/warwick/3dProfilometer/xpcc/ext/stm32f4xx_lib/CMSIS/Include/core_cmInstr.h ****     \param [in]    value  Value to reverse
 346:/home/jonas/warwick/3dProfilometer/xpcc/ext/stm32f4xx_lib/CMSIS/Include/core_cmInstr.h ****     \return               Reversed value
 347:/home/jonas/warwick/3dProfilometer/xpcc/ext/stm32f4xx_lib/CMSIS/Include/core_cmInstr.h ****  */
 348:/home/jonas/warwick/3dProfilometer/xpcc/ext/stm32f4xx_lib/CMSIS/Include/core_cmInstr.h **** __attribute__( ( always_inline ) ) static __INLINE uint32_t __REV(uint32_t value)
 349:/home/jonas/warwick/3dProfilometer/xpcc/ext/stm32f4xx_lib/CMSIS/Include/core_cmInstr.h **** {
 350:/home/jonas/warwick/3dProfilometer/xpcc/ext/stm32f4xx_lib/CMSIS/Include/core_cmInstr.h ****   uint32_t result;
 351:/home/jonas/warwick/3dProfilometer/xpcc/ext/stm32f4xx_lib/CMSIS/Include/core_cmInstr.h ****   
 352:/home/jonas/warwick/3dProfilometer/xpcc/ext/stm32f4xx_lib/CMSIS/Include/core_cmInstr.h ****   __ASM volatile ("rev %0, %1" : "=r" (result) : "r" (value) );
 353:/home/jonas/warwick/3dProfilometer/xpcc/ext/stm32f4xx_lib/CMSIS/Include/core_cmInstr.h ****   return(result);
 354:/home/jonas/warwick/3dProfilometer/xpcc/ext/stm32f4xx_lib/CMSIS/Include/core_cmInstr.h **** }
 355:/home/jonas/warwick/3dProfilometer/xpcc/ext/stm32f4xx_lib/CMSIS/Include/core_cmInstr.h **** 
 356:/home/jonas/warwick/3dProfilometer/xpcc/ext/stm32f4xx_lib/CMSIS/Include/core_cmInstr.h **** 
 357:/home/jonas/warwick/3dProfilometer/xpcc/ext/stm32f4xx_lib/CMSIS/Include/core_cmInstr.h **** /** \brief  Reverse byte order (16 bit)
 358:/home/jonas/warwick/3dProfilometer/xpcc/ext/stm32f4xx_lib/CMSIS/Include/core_cmInstr.h **** 
 359:/home/jonas/warwick/3dProfilometer/xpcc/ext/stm32f4xx_lib/CMSIS/Include/core_cmInstr.h ****     This function reverses the byte order in two unsigned short values.
 360:/home/jonas/warwick/3dProfilometer/xpcc/ext/stm32f4xx_lib/CMSIS/Include/core_cmInstr.h **** 
 361:/home/jonas/warwick/3dProfilometer/xpcc/ext/stm32f4xx_lib/CMSIS/Include/core_cmInstr.h ****     \param [in]    value  Value to reverse
 362:/home/jonas/warwick/3dProfilometer/xpcc/ext/stm32f4xx_lib/CMSIS/Include/core_cmInstr.h ****     \return               Reversed value
 363:/home/jonas/warwick/3dProfilometer/xpcc/ext/stm32f4xx_lib/CMSIS/Include/core_cmInstr.h ****  */
 364:/home/jonas/warwick/3dProfilometer/xpcc/ext/stm32f4xx_lib/CMSIS/Include/core_cmInstr.h **** __attribute__( ( always_inline ) ) static __INLINE uint32_t __REV16(uint32_t value)
 365:/home/jonas/warwick/3dProfilometer/xpcc/ext/stm32f4xx_lib/CMSIS/Include/core_cmInstr.h **** {
 366:/home/jonas/warwick/3dProfilometer/xpcc/ext/stm32f4xx_lib/CMSIS/Include/core_cmInstr.h ****   uint32_t result;
 367:/home/jonas/warwick/3dProfilometer/xpcc/ext/stm32f4xx_lib/CMSIS/Include/core_cmInstr.h ****   
 368:/home/jonas/warwick/3dProfilometer/xpcc/ext/stm32f4xx_lib/CMSIS/Include/core_cmInstr.h ****   __ASM volatile ("rev16 %0, %1" : "=r" (result) : "r" (value) );
 369:/home/jonas/warwick/3dProfilometer/xpcc/ext/stm32f4xx_lib/CMSIS/Include/core_cmInstr.h ****   return(result);
 370:/home/jonas/warwick/3dProfilometer/xpcc/ext/stm32f4xx_lib/CMSIS/Include/core_cmInstr.h **** }
 371:/home/jonas/warwick/3dProfilometer/xpcc/ext/stm32f4xx_lib/CMSIS/Include/core_cmInstr.h **** 
 372:/home/jonas/warwick/3dProfilometer/xpcc/ext/stm32f4xx_lib/CMSIS/Include/core_cmInstr.h **** 
 373:/home/jonas/warwick/3dProfilometer/xpcc/ext/stm32f4xx_lib/CMSIS/Include/core_cmInstr.h **** /** \brief  Reverse byte order in signed short value
 374:/home/jonas/warwick/3dProfilometer/xpcc/ext/stm32f4xx_lib/CMSIS/Include/core_cmInstr.h **** 
 375:/home/jonas/warwick/3dProfilometer/xpcc/ext/stm32f4xx_lib/CMSIS/Include/core_cmInstr.h ****     This function reverses the byte order in a signed short value with sign extension to integer.
 376:/home/jonas/warwick/3dProfilometer/xpcc/ext/stm32f4xx_lib/CMSIS/Include/core_cmInstr.h **** 
 377:/home/jonas/warwick/3dProfilometer/xpcc/ext/stm32f4xx_lib/CMSIS/Include/core_cmInstr.h ****     \param [in]    value  Value to reverse
 378:/home/jonas/warwick/3dProfilometer/xpcc/ext/stm32f4xx_lib/CMSIS/Include/core_cmInstr.h ****     \return               Reversed value
 379:/home/jonas/warwick/3dProfilometer/xpcc/ext/stm32f4xx_lib/CMSIS/Include/core_cmInstr.h ****  */
 380:/home/jonas/warwick/3dProfilometer/xpcc/ext/stm32f4xx_lib/CMSIS/Include/core_cmInstr.h **** __attribute__( ( always_inline ) ) static __INLINE int32_t __REVSH(int32_t value)
 381:/home/jonas/warwick/3dProfilometer/xpcc/ext/stm32f4xx_lib/CMSIS/Include/core_cmInstr.h **** {
 382:/home/jonas/warwick/3dProfilometer/xpcc/ext/stm32f4xx_lib/CMSIS/Include/core_cmInstr.h ****   uint32_t result;
 383:/home/jonas/warwick/3dProfilometer/xpcc/ext/stm32f4xx_lib/CMSIS/Include/core_cmInstr.h ****   
 384:/home/jonas/warwick/3dProfilometer/xpcc/ext/stm32f4xx_lib/CMSIS/Include/core_cmInstr.h ****   __ASM volatile ("revsh %0, %1" : "=r" (result) : "r" (value) );
 385:/home/jonas/warwick/3dProfilometer/xpcc/ext/stm32f4xx_lib/CMSIS/Include/core_cmInstr.h ****   return(result);
 386:/home/jonas/warwick/3dProfilometer/xpcc/ext/stm32f4xx_lib/CMSIS/Include/core_cmInstr.h **** }
 387:/home/jonas/warwick/3dProfilometer/xpcc/ext/stm32f4xx_lib/CMSIS/Include/core_cmInstr.h **** 
 388:/home/jonas/warwick/3dProfilometer/xpcc/ext/stm32f4xx_lib/CMSIS/Include/core_cmInstr.h **** 
 389:/home/jonas/warwick/3dProfilometer/xpcc/ext/stm32f4xx_lib/CMSIS/Include/core_cmInstr.h **** #if       (__CORTEX_M >= 0x03)
 390:/home/jonas/warwick/3dProfilometer/xpcc/ext/stm32f4xx_lib/CMSIS/Include/core_cmInstr.h **** 
 391:/home/jonas/warwick/3dProfilometer/xpcc/ext/stm32f4xx_lib/CMSIS/Include/core_cmInstr.h **** /** \brief  Reverse bit order of value
 392:/home/jonas/warwick/3dProfilometer/xpcc/ext/stm32f4xx_lib/CMSIS/Include/core_cmInstr.h **** 
 393:/home/jonas/warwick/3dProfilometer/xpcc/ext/stm32f4xx_lib/CMSIS/Include/core_cmInstr.h ****     This function reverses the bit order of the given value.
 394:/home/jonas/warwick/3dProfilometer/xpcc/ext/stm32f4xx_lib/CMSIS/Include/core_cmInstr.h **** 
 395:/home/jonas/warwick/3dProfilometer/xpcc/ext/stm32f4xx_lib/CMSIS/Include/core_cmInstr.h ****     \param [in]    value  Value to reverse
 396:/home/jonas/warwick/3dProfilometer/xpcc/ext/stm32f4xx_lib/CMSIS/Include/core_cmInstr.h ****     \return               Reversed value
 397:/home/jonas/warwick/3dProfilometer/xpcc/ext/stm32f4xx_lib/CMSIS/Include/core_cmInstr.h ****  */
 398:/home/jonas/warwick/3dProfilometer/xpcc/ext/stm32f4xx_lib/CMSIS/Include/core_cmInstr.h **** __attribute__( ( always_inline ) ) static __INLINE uint32_t __RBIT(uint32_t value)
 399:/home/jonas/warwick/3dProfilometer/xpcc/ext/stm32f4xx_lib/CMSIS/Include/core_cmInstr.h **** {
 400:/home/jonas/warwick/3dProfilometer/xpcc/ext/stm32f4xx_lib/CMSIS/Include/core_cmInstr.h ****   uint32_t result;
 401:/home/jonas/warwick/3dProfilometer/xpcc/ext/stm32f4xx_lib/CMSIS/Include/core_cmInstr.h ****   
 402:/home/jonas/warwick/3dProfilometer/xpcc/ext/stm32f4xx_lib/CMSIS/Include/core_cmInstr.h ****    __ASM volatile ("rbit %0, %1" : "=r" (result) : "r" (value) );
 157              		.loc 2 402 0
 158              	@ 402 "/home/jonas/warwick/3dProfilometer/xpcc/ext/stm32f4xx_lib/CMSIS/Include/core_cmInstr.h" 1
 159 0000 90FAA0F0 		rbit r0, r0
 160              	@ 0 "" 2
 161              	.LVL9:
 162              		.thumb
 163              	.LBE22:
 164              	.LBE21:
 165              	.LBB23:
 166              	.LBB24:
 352:/home/jonas/warwick/3dProfilometer/xpcc/ext/stm32f4xx_lib/CMSIS/Include/core_cmInstr.h ****   __ASM volatile ("rev %0, %1" : "=r" (result) : "r" (value) );
 167              		.loc 2 352 0
 168              	@ 352 "/home/jonas/warwick/3dProfilometer/xpcc/ext/stm32f4xx_lib/CMSIS/Include/core_cmInstr.h" 1
 169 0004 02BA     		rev r2, r0
 170              	@ 0 "" 2
 171              	.LVL10:
 172              		.thumb
 173              	.LBE24:
 174              	.LBE23:
  82:/home/jonas/warwick/3dProfilometer/xpcc/src/xpcc/architecture/platform/cortex_m3/stm32/uart/usart_spi_6.cpp **** 	USART6->DR = __REV(__RBIT(data));
 175              		.loc 1 82 0
 176 0006 084B     		ldr	r3, .L14
 177 0008 9A80     		strh	r2, [r3, #4]	@ movhi
 178              	.LVL11:
 179              	.L9:
  83:/home/jonas/warwick/3dProfilometer/xpcc/src/xpcc/architecture/platform/cortex_m3/stm32/uart/usart_spi_6.cpp **** 	while (!(USART6->SR & USART_SR_RXNE)) {
 180              		.loc 1 83 0 discriminator 1
 181 000a 074B     		ldr	r3, .L14
 182 000c 1A88     		ldrh	r2, [r3, #0]
 183 000e 02F02002 		and	r2, r2, #32
 184 0012 92B2     		uxth	r2, r2
 185 0014 002A     		cmp	r2, #0
 186 0016 F8D0     		beq	.L9
  84:/home/jonas/warwick/3dProfilometer/xpcc/src/xpcc/architecture/platform/cortex_m3/stm32/uart/usart_spi_6.cpp **** 		// wait until the transmission is finished
  85:/home/jonas/warwick/3dProfilometer/xpcc/src/xpcc/architecture/platform/cortex_m3/stm32/uart/usart_spi_6.cpp **** 	}
  86:/home/jonas/warwick/3dProfilometer/xpcc/src/xpcc/architecture/platform/cortex_m3/stm32/uart/usart_spi_6.cpp **** 	return __REV(__RBIT(USART6->DR));
 187              		.loc 1 86 0
 188 0018 9888     		ldrh	r0, [r3, #4]
 189              	.LVL12:
 190 001a 80B2     		uxth	r0, r0
 191              	.LVL13:
 192              	.LBB25:
 193              	.LBB26:
 194              		.loc 2 402 0
 195              	@ 402 "/home/jonas/warwick/3dProfilometer/xpcc/ext/stm32f4xx_lib/CMSIS/Include/core_cmInstr.h" 1
 196 001c 90FAA0F0 		rbit r0, r0
 197              	@ 0 "" 2
 198              	.LVL14:
 199              		.thumb
 200              	.LBE26:
 201              	.LBE25:
 202              	.LBB27:
 203              	.LBB28:
 352:/home/jonas/warwick/3dProfilometer/xpcc/ext/stm32f4xx_lib/CMSIS/Include/core_cmInstr.h ****   __ASM volatile ("rev %0, %1" : "=r" (result) : "r" (value) );
 204              		.loc 2 352 0
 205              	@ 352 "/home/jonas/warwick/3dProfilometer/xpcc/ext/stm32f4xx_lib/CMSIS/Include/core_cmInstr.h" 1
 206 0020 00BA     		rev r0, r0
 207              	@ 0 "" 2
 208              	.LVL15:
 209              		.thumb
 210              	.LBE28:
 211              	.LBE27:
  87:/home/jonas/warwick/3dProfilometer/xpcc/src/xpcc/architecture/platform/cortex_m3/stm32/uart/usart_spi_6.cpp **** }
 212              		.loc 1 87 0
 213 0022 C0B2     		uxtb	r0, r0
 214              	.LVL16:
 215 0024 7047     		bx	lr
 216              	.L15:
 217 0026 00BF     		.align	2
 218              	.L14:
 219 0028 00140140 		.word	1073812480
 220              		.cfi_endproc
 221              	.LFE192:
 223              		.text
 224              	.Letext0:
 225              		.file 3 "/opt/arm-2012.09/bin/../lib/gcc/arm-none-eabi/4.7.2/../../../../arm-none-eabi/include/std
 226              		.file 4 "/home/jonas/warwick/3dProfilometer/xpcc/src/xpcc/architecture/driver/gpio.hpp"
 227              		.file 5 "/home/jonas/warwick/3dProfilometer/xpcc/src/xpcc/architecture/platform/cortex_m3/stm32/ua
 228              		.file 6 "/home/jonas/warwick/3dProfilometer/xpcc/ext/stm32f4xx_lib/CMSIS/Device/ST/STM32F4xx/Inclu
 229              		.file 7 "/home/jonas/warwick/3dProfilometer/xpcc/ext/stm32f4xx_lib/CMSIS/Include/core_cm4.h"
 230              		.file 8 "/home/jonas/warwick/3dProfilometer/xpcc/src/xpcc/architecture/platform/cortex_m3/stm32/ua
DEFINED SYMBOLS
                            *ABS*:00000000 usart_spi_6.cpp
     /tmp/ccl8zj3k.s:20     .text._ZN4xpcc5stm329UsartSpi610initializeEmNS1_4ModeEb:00000000 $t
     /tmp/ccl8zj3k.s:25     .text._ZN4xpcc5stm329UsartSpi610initializeEmNS1_4ModeEb:00000000 _ZN4xpcc5stm329UsartSpi610initializeEmNS1_4ModeEb
     /tmp/ccl8zj3k.s:130    .text._ZN4xpcc5stm329UsartSpi610initializeEmNS1_4ModeEb:00000068 $d
     /tmp/ccl8zj3k.s:141    .text._ZN4xpcc5stm329UsartSpi65writeEh:00000000 $t
     /tmp/ccl8zj3k.s:146    .text._ZN4xpcc5stm329UsartSpi65writeEh:00000000 _ZN4xpcc5stm329UsartSpi65writeEh
     /tmp/ccl8zj3k.s:219    .text._ZN4xpcc5stm329UsartSpi65writeEh:00000028 $d
                     .debug_frame:00000010 $d

UNDEFINED SYMBOLS
_ZN4xpcc5stm328UartBase25calculateBaudrateSettingsEmm
