   1              		.syntax unified
   2              		.cpu cortex-m4
   3              		.eabi_attribute 27, 3
   4              		.fpu fpv4-sp-d16
   5              		.eabi_attribute 20, 1
   6              		.eabi_attribute 21, 1
   7              		.eabi_attribute 23, 3
   8              		.eabi_attribute 24, 1
   9              		.eabi_attribute 25, 1
  10              		.eabi_attribute 26, 1
  11              		.eabi_attribute 30, 2
  12              		.eabi_attribute 34, 1
  13              		.eabi_attribute 18, 4
  14              		.thumb
  15              		.file	"usart_buffered_flow_3.cpp"
  16              		.text
  17              	.Ltext0:
  18              		.cfi_sections	.debug_frame
  19              	.Letext0:
  20              		.file 1 "/home/jonas/warwick/3dProfilometer/xpcc/src/xpcc/architecture/driver/gpio.hpp"
  21              		.file 2 "/home/jonas/warwick/3dProfilometer/xpcc/src/xpcc/architecture/platform/cortex_m3/stm32/ua
  22              		.file 3 "/home/jonas/warwick/3dProfilometer/xpcc/src/xpcc/architecture/driver/atomic.hpp"
  23              		.file 4 "/opt/arm-2012.09/bin/../lib/gcc/arm-none-eabi/4.7.2/../../../../arm-none-eabi/include/std
  24              		.file 5 "/opt/arm-2012.09/bin/../lib/gcc/arm-none-eabi/4.7.2/include/stddef.h"
  25              		.file 6 "/opt/arm-2012.09/bin/../lib/gcc/arm-none-eabi/4.7.2/../../../../arm-none-eabi/include/c++
  26              		.file 7 "/opt/arm-2012.09/bin/../lib/gcc/arm-none-eabi/4.7.2/../../../../arm-none-eabi/include/str
  27              		.file 8 "/home/jonas/warwick/3dProfilometer/xpcc/ext/stm32f4xx_lib/CMSIS/Include/core_cm4.h"
  28              		.file 9 "/home/jonas/warwick/3dProfilometer/xpcc/src/xpcc/io/iodevice.hpp"
  29              		.file 10 "/home/jonas/warwick/3dProfilometer/xpcc/src/xpcc/utils/template_metaprogramming.hpp"
  30              		.file 11 "<built-in>"
DEFINED SYMBOLS
                            *ABS*:00000000 usart_buffered_flow_3.cpp

NO UNDEFINED SYMBOLS
