   1              		.syntax unified
   2              		.cpu cortex-m4
   3              		.eabi_attribute 27, 3
   4              		.fpu fpv4-sp-d16
   5              		.eabi_attribute 20, 1
   6              		.eabi_attribute 21, 1
   7              		.eabi_attribute 23, 3
   8              		.eabi_attribute 24, 1
   9              		.eabi_attribute 25, 1
  10              		.eabi_attribute 26, 1
  11              		.eabi_attribute 30, 2
  12              		.eabi_attribute 34, 1
  13              		.eabi_attribute 18, 4
  14              		.thumb
  15              		.file	"choice_menu_entry.cpp"
  16              		.text
  17              	.Ltext0:
  18              		.cfi_sections	.debug_frame
  19              		.section	.text._ZN4xpcc15ChoiceMenuEntryC2EPKctPbb,"ax",%progbits
  20              		.align	2
  21              		.global	_ZN4xpcc15ChoiceMenuEntryC2EPKctPbb
  22              		.thumb
  23              		.thumb_func
  25              	_ZN4xpcc15ChoiceMenuEntryC2EPKctPbb:
  26              	.LFB6:
  27              		.file 1 "/home/jonas/warwick/3dProfilometer/xpcc/src/xpcc/driver/ui/menu/choice_menu_entry.cpp"
   1:/home/jonas/warwick/3dProfilometer/xpcc/src/xpcc/driver/ui/menu/choice_menu_entry.cpp **** #include "choice_menu_entry.hpp"
   2:/home/jonas/warwick/3dProfilometer/xpcc/src/xpcc/driver/ui/menu/choice_menu_entry.cpp **** 
   3:/home/jonas/warwick/3dProfilometer/xpcc/src/xpcc/driver/ui/menu/choice_menu_entry.cpp **** 
   4:/home/jonas/warwick/3dProfilometer/xpcc/src/xpcc/driver/ui/menu/choice_menu_entry.cpp **** xpcc::ChoiceMenuEntry::ChoiceMenuEntry(const char* text, uint16_t space, bool *valuePtr, bool defau
  28              		.loc 1 4 0
  29              		.cfi_startproc
  30              		@ args = 4, pretend = 0, frame = 0
  31              		@ frame_needed = 0, uses_anonymous_args = 0
  32              	.LVL0:
  33 0000 38B5     		push	{r3, r4, r5, lr}
  34              	.LCFI0:
  35              		.cfi_def_cfa_offset 16
  36              		.cfi_offset 3, -16
  37              		.cfi_offset 4, -12
  38              		.cfi_offset 5, -8
  39              		.cfi_offset 14, -4
  40              		.loc 1 4 0
  41 0002 1D46     		mov	r5, r3
  42              	.LBB2:
   5:/home/jonas/warwick/3dProfilometer/xpcc/src/xpcc/driver/ui/menu/choice_menu_entry.cpp **** 	text(text, space), valuePtr(valuePtr), defaultValue(defaultValue)
  43              		.loc 1 5 0
  44 0004 044B     		ldr	r3, .L2
  45              	.LVL1:
  46              	.LBE2:
   4:/home/jonas/warwick/3dProfilometer/xpcc/src/xpcc/driver/ui/menu/choice_menu_entry.cpp **** xpcc::ChoiceMenuEntry::ChoiceMenuEntry(const char* text, uint16_t space, bool *valuePtr, bool defau
  47              		.loc 1 4 0
  48 0006 0446     		mov	r4, r0
  49              	.LBB3:
  50              		.loc 1 5 0
  51 0008 9847     		blx	r3
  52              	.LVL2:
  53 000a 9DF81030 		ldrb	r3, [sp, #16]	@ zero_extendqisi2
  54 000e 6561     		str	r5, [r4, #20]
  55 0010 2376     		strb	r3, [r4, #24]
  56              	.LBE3:
   6:/home/jonas/warwick/3dProfilometer/xpcc/src/xpcc/driver/ui/menu/choice_menu_entry.cpp **** {
   7:/home/jonas/warwick/3dProfilometer/xpcc/src/xpcc/driver/ui/menu/choice_menu_entry.cpp **** 
   8:/home/jonas/warwick/3dProfilometer/xpcc/src/xpcc/driver/ui/menu/choice_menu_entry.cpp **** }
  57              		.loc 1 8 0
  58 0012 2046     		mov	r0, r4
  59 0014 38BD     		pop	{r3, r4, r5, pc}
  60              	.L3:
  61 0016 00BF     		.align	2
  62              	.L2:
  63 0018 00000000 		.word	_ZN4xpcc14ScrollableTextC1EPKct
  64              		.cfi_endproc
  65              	.LFE6:
  67              		.global	_ZN4xpcc15ChoiceMenuEntryC1EPKctPbb
  68              		.thumb_set _ZN4xpcc15ChoiceMenuEntryC1EPKctPbb,_ZN4xpcc15ChoiceMenuEntryC2EPKctPbb
  69              		.text
  70              	.Letext0:
  71              		.file 2 "/home/jonas/warwick/3dProfilometer/xpcc/src/xpcc/driver/ui/menu/scrollable_text.hpp"
  72              		.file 3 "/home/jonas/warwick/3dProfilometer/xpcc/src/xpcc/driver/ui/menu/choice_menu_entry.hpp"
  73              		.file 4 "/opt/arm-2012.09/bin/../lib/gcc/arm-none-eabi/4.7.2/../../../../arm-none-eabi/include/std
DEFINED SYMBOLS
                            *ABS*:00000000 choice_menu_entry.cpp
     /tmp/cck0KtZa.s:20     .text._ZN4xpcc15ChoiceMenuEntryC2EPKctPbb:00000000 $t
     /tmp/cck0KtZa.s:25     .text._ZN4xpcc15ChoiceMenuEntryC2EPKctPbb:00000000 _ZN4xpcc15ChoiceMenuEntryC2EPKctPbb
     /tmp/cck0KtZa.s:63     .text._ZN4xpcc15ChoiceMenuEntryC2EPKctPbb:00000018 $d
     /tmp/cck0KtZa.s:25     .text._ZN4xpcc15ChoiceMenuEntryC2EPKctPbb:00000000 _ZN4xpcc15ChoiceMenuEntryC1EPKctPbb
                     .debug_frame:00000010 $d

UNDEFINED SYMBOLS
_ZN4xpcc14ScrollableTextC1EPKct
