   1              		.syntax unified
   2              		.cpu cortex-m4
   3              		.eabi_attribute 27, 3
   4              		.fpu fpv4-sp-d16
   5              		.eabi_attribute 20, 1
   6              		.eabi_attribute 21, 1
   7              		.eabi_attribute 23, 3
   8              		.eabi_attribute 24, 1
   9              		.eabi_attribute 25, 1
  10              		.eabi_attribute 26, 1
  11              		.eabi_attribute 30, 2
  12              		.eabi_attribute 34, 1
  13              		.eabi_attribute 18, 4
  14              		.thumb
  15              		.file	"color.cpp"
  16              		.text
  17              	.Ltext0:
  18              		.cfi_sections	.debug_frame
  19              		.section	.text._ZNK4xpcc5color4HsvTIhE5toRgbIhEEvPNS0_4RgbTIT_EE,"ax",%progbits
  20              		.align	2
  21              		.global	_ZNK4xpcc5color4HsvTIhE5toRgbIhEEvPNS0_4RgbTIT_EE
  22              		.thumb
  23              		.thumb_func
  25              	_ZNK4xpcc5color4HsvTIhE5toRgbIhEEvPNS0_4RgbTIT_EE:
  26              	.LFB2468:
  27              		.file 1 "/home/jonas/warwick/3dProfilometer/xpcc/src/xpcc/driver/ui/color.cpp"
   1:/home/jonas/warwick/3dProfilometer/xpcc/src/xpcc/driver/ui/color.cpp **** // coding: utf-8
   2:/home/jonas/warwick/3dProfilometer/xpcc/src/xpcc/driver/ui/color.cpp **** // ----------------------------------------------------------------------------
   3:/home/jonas/warwick/3dProfilometer/xpcc/src/xpcc/driver/ui/color.cpp **** /* Copyright (c) 2012, Roboterclub Aachen e.V.
   4:/home/jonas/warwick/3dProfilometer/xpcc/src/xpcc/driver/ui/color.cpp ****  * All rights reserved.
   5:/home/jonas/warwick/3dProfilometer/xpcc/src/xpcc/driver/ui/color.cpp ****  *
   6:/home/jonas/warwick/3dProfilometer/xpcc/src/xpcc/driver/ui/color.cpp ****  * Redistribution and use in source and binary forms, with or without
   7:/home/jonas/warwick/3dProfilometer/xpcc/src/xpcc/driver/ui/color.cpp ****  * modification, are permitted provided that the following conditions are met:
   8:/home/jonas/warwick/3dProfilometer/xpcc/src/xpcc/driver/ui/color.cpp ****  *
   9:/home/jonas/warwick/3dProfilometer/xpcc/src/xpcc/driver/ui/color.cpp ****  *     * Redistributions of source code must retain the above copyright
  10:/home/jonas/warwick/3dProfilometer/xpcc/src/xpcc/driver/ui/color.cpp ****  *       notice, this list of conditions and the following disclaimer.
  11:/home/jonas/warwick/3dProfilometer/xpcc/src/xpcc/driver/ui/color.cpp ****  *     * Redistributions in binary form must reproduce the above copyright
  12:/home/jonas/warwick/3dProfilometer/xpcc/src/xpcc/driver/ui/color.cpp ****  *       notice, this list of conditions and the following disclaimer in the
  13:/home/jonas/warwick/3dProfilometer/xpcc/src/xpcc/driver/ui/color.cpp ****  *       documentation and/or other materials provided with the distribution.
  14:/home/jonas/warwick/3dProfilometer/xpcc/src/xpcc/driver/ui/color.cpp ****  *     * Neither the name of the Roboterclub Aachen e.V. nor the
  15:/home/jonas/warwick/3dProfilometer/xpcc/src/xpcc/driver/ui/color.cpp ****  *       names of its contributors may be used to endorse or promote products
  16:/home/jonas/warwick/3dProfilometer/xpcc/src/xpcc/driver/ui/color.cpp ****  *       derived from this software without specific prior written permission.
  17:/home/jonas/warwick/3dProfilometer/xpcc/src/xpcc/driver/ui/color.cpp ****  *
  18:/home/jonas/warwick/3dProfilometer/xpcc/src/xpcc/driver/ui/color.cpp ****  * THIS SOFTWARE IS PROVIDED BY ROBOTERCLUB AACHEN E.V. ''AS IS'' AND ANY
  19:/home/jonas/warwick/3dProfilometer/xpcc/src/xpcc/driver/ui/color.cpp ****  * EXPRESS OR IMPLIED WARRANTIES, INCLUDING, BUT NOT LIMITED TO, THE IMPLIED
  20:/home/jonas/warwick/3dProfilometer/xpcc/src/xpcc/driver/ui/color.cpp ****  * WARRANTIES OF MERCHANTABILITY AND FITNESS FOR A PARTICULAR PURPOSE ARE
  21:/home/jonas/warwick/3dProfilometer/xpcc/src/xpcc/driver/ui/color.cpp ****  * DISCLAIMED. IN NO EVENT SHALL ROBOTERCLUB AACHEN E.V. BE LIABLE FOR ANY
  22:/home/jonas/warwick/3dProfilometer/xpcc/src/xpcc/driver/ui/color.cpp ****  * DIRECT, INDIRECT, INCIDENTAL, SPECIAL, EXEMPLARY, OR CONSEQUENTIAL DAMAGES
  23:/home/jonas/warwick/3dProfilometer/xpcc/src/xpcc/driver/ui/color.cpp ****  * (INCLUDING, BUT NOT LIMITED TO, PROCUREMENT OF SUBSTITUTE GOODS OR SERVICES;
  24:/home/jonas/warwick/3dProfilometer/xpcc/src/xpcc/driver/ui/color.cpp ****  * LOSS OF USE, DATA, OR PROFITS; OR BUSINESS INTERRUPTION) HOWEVER CAUSED AND
  25:/home/jonas/warwick/3dProfilometer/xpcc/src/xpcc/driver/ui/color.cpp ****  * ON ANY THEORY OF LIABILITY, WHETHER IN CONTRACT, STRICT LIABILITY, OR TORT
  26:/home/jonas/warwick/3dProfilometer/xpcc/src/xpcc/driver/ui/color.cpp ****  * (INCLUDING NEGLIGENCE OR OTHERWISE) ARISING IN ANY WAY OUT OF THE USE OF
  27:/home/jonas/warwick/3dProfilometer/xpcc/src/xpcc/driver/ui/color.cpp ****  * THIS SOFTWARE, EVEN IF ADVISED OF THE POSSIBILITY OF SUCH DAMAGE.
  28:/home/jonas/warwick/3dProfilometer/xpcc/src/xpcc/driver/ui/color.cpp ****  */
  29:/home/jonas/warwick/3dProfilometer/xpcc/src/xpcc/driver/ui/color.cpp **** // ----------------------------------------------------------------------------
  30:/home/jonas/warwick/3dProfilometer/xpcc/src/xpcc/driver/ui/color.cpp **** 
  31:/home/jonas/warwick/3dProfilometer/xpcc/src/xpcc/driver/ui/color.cpp **** #include "color.hpp"
  32:/home/jonas/warwick/3dProfilometer/xpcc/src/xpcc/driver/ui/color.cpp **** 
  33:/home/jonas/warwick/3dProfilometer/xpcc/src/xpcc/driver/ui/color.cpp **** // ----------------------------------------------------------------------------
  34:/home/jonas/warwick/3dProfilometer/xpcc/src/xpcc/driver/ui/color.cpp **** namespace xpcc {
  35:/home/jonas/warwick/3dProfilometer/xpcc/src/xpcc/driver/ui/color.cpp **** namespace color {
  36:/home/jonas/warwick/3dProfilometer/xpcc/src/xpcc/driver/ui/color.cpp **** template<> template<>
  37:/home/jonas/warwick/3dProfilometer/xpcc/src/xpcc/driver/ui/color.cpp **** void
  38:/home/jonas/warwick/3dProfilometer/xpcc/src/xpcc/driver/ui/color.cpp **** HsvT<uint8_t>::toRgb(RgbT<uint8_t>* color) const
  39:/home/jonas/warwick/3dProfilometer/xpcc/src/xpcc/driver/ui/color.cpp **** {
  28              		.loc 1 39 0
  29              		.cfi_startproc
  30              		@ args = 0, pretend = 0, frame = 0
  31              		@ frame_needed = 0, uses_anonymous_args = 0
  32              		@ link register save eliminated.
  33              	.LVL0:
  34 0000 70B4     		push	{r4, r5, r6}
  35              	.LCFI0:
  36              		.cfi_def_cfa_offset 12
  37              		.cfi_offset 4, -12
  38              		.cfi_offset 5, -8
  39              		.cfi_offset 6, -4
  40              	.LBB5:
  40:/home/jonas/warwick/3dProfilometer/xpcc/src/xpcc/driver/ui/color.cpp **** 	uint16_t vs = value * saturation;
  41:/home/jonas/warwick/3dProfilometer/xpcc/src/xpcc/driver/ui/color.cpp **** 	uint16_t h6 = 6 * hue;
  41              		.loc 1 41 0
  42 0002 0478     		ldrb	r4, [r0, #0]	@ zero_extendqisi2
  40:/home/jonas/warwick/3dProfilometer/xpcc/src/xpcc/driver/ui/color.cpp **** 	uint16_t vs = value * saturation;
  43              		.loc 1 40 0
  44 0004 8378     		ldrb	r3, [r0, #2]	@ zero_extendqisi2
  45 0006 4078     		ldrb	r0, [r0, #1]	@ zero_extendqisi2
  46              	.LVL1:
  47              		.loc 1 41 0
  48 0008 04EB4404 		add	r4, r4, r4, lsl #1
  49 000c 6400     		lsls	r4, r4, #1
  42:/home/jonas/warwick/3dProfilometer/xpcc/src/xpcc/driver/ui/color.cpp **** 
  43:/home/jonas/warwick/3dProfilometer/xpcc/src/xpcc/driver/ui/color.cpp **** 	uint8_t p = ((value << 8) - vs) >> 8;
  44:/home/jonas/warwick/3dProfilometer/xpcc/src/xpcc/driver/ui/color.cpp **** 	uint8_t i = h6 >> 8;
  50              		.loc 1 44 0
  51 000e 2212     		asrs	r2, r4, #8
  45:/home/jonas/warwick/3dProfilometer/xpcc/src/xpcc/driver/ui/color.cpp **** 	uint16_t f = ((i | 1) << 8) - h6;
  52              		.loc 1 45 0
  53 0010 42F00106 		orr	r6, r2, #1
  40:/home/jonas/warwick/3dProfilometer/xpcc/src/xpcc/driver/ui/color.cpp **** 	uint16_t vs = value * saturation;
  54              		.loc 1 40 0
  55 0014 00FB03F0 		mul	r0, r0, r3
  56              	.LVL2:
  57              		.loc 1 45 0
  58 0018 C4EB0624 		rsb	r4, r4, r6, lsl #8
  59              	.LVL3:
  43:/home/jonas/warwick/3dProfilometer/xpcc/src/xpcc/driver/ui/color.cpp **** 	uint8_t p = ((value << 8) - vs) >> 8;
  60              		.loc 1 43 0
  61 001c C0EB0325 		rsb	r5, r0, r3, lsl #8
  46:/home/jonas/warwick/3dProfilometer/xpcc/src/xpcc/driver/ui/color.cpp **** 	if (i & 1) {
  62              		.loc 1 46 0
  63 0020 D607     		lsls	r6, r2, #31
  43:/home/jonas/warwick/3dProfilometer/xpcc/src/xpcc/driver/ui/color.cpp **** 	uint8_t p = ((value << 8) - vs) >> 8;
  64              		.loc 1 43 0
  65 0022 C5F30725 		ubfx	r5, r5, #8, #8
  66              	.LVL4:
  45:/home/jonas/warwick/3dProfilometer/xpcc/src/xpcc/driver/ui/color.cpp **** 	uint16_t f = ((i | 1) << 8) - h6;
  67              		.loc 1 45 0
  68 0026 A4B2     		uxth	r4, r4
  69              	.LVL5:
  70              		.loc 1 46 0
  71 0028 01D5     		bpl	.L2
  47:/home/jonas/warwick/3dProfilometer/xpcc/src/xpcc/driver/ui/color.cpp **** 		f = -f;
  72              		.loc 1 47 0
  73 002a 6442     		negs	r4, r4
  74              	.LVL6:
  75 002c A4B2     		uxth	r4, r4
  76              	.LVL7:
  77              	.L2:
  48:/home/jonas/warwick/3dProfilometer/xpcc/src/xpcc/driver/ui/color.cpp **** 	}
  49:/home/jonas/warwick/3dProfilometer/xpcc/src/xpcc/driver/ui/color.cpp **** 
  50:/home/jonas/warwick/3dProfilometer/xpcc/src/xpcc/driver/ui/color.cpp **** 	uint8_t u = (((uint32_t) value << 16) - (uint32_t) vs * f) >> 16;
  78              		.loc 1 50 0
  79 002e 00FB04F4 		mul	r4, r0, r4
  80              	.LVL8:
  81 0032 C4EB0344 		rsb	r4, r4, r3, lsl #16
  51:/home/jonas/warwick/3dProfilometer/xpcc/src/xpcc/driver/ui/color.cpp **** 	uint8_t r = value;
  52:/home/jonas/warwick/3dProfilometer/xpcc/src/xpcc/driver/ui/color.cpp **** 	uint8_t g = value;
  53:/home/jonas/warwick/3dProfilometer/xpcc/src/xpcc/driver/ui/color.cpp **** 	uint8_t b = value;
  54:/home/jonas/warwick/3dProfilometer/xpcc/src/xpcc/driver/ui/color.cpp **** 	switch(i)
  82              		.loc 1 54 0
  83 0036 013A     		subs	r2, r2, #1
  84              	.LVL9:
  50:/home/jonas/warwick/3dProfilometer/xpcc/src/xpcc/driver/ui/color.cpp **** 	uint8_t u = (((uint32_t) value << 16) - (uint32_t) vs * f) >> 16;
  85              		.loc 1 50 0
  86 0038 C4F30744 		ubfx	r4, r4, #16, #8
  87              	.LVL10:
  88              		.loc 1 54 0
  89 003c 042A     		cmp	r2, #4
  90 003e 0FD8     		bhi	.L3
  91 0040 DFE802F0 		tbb	[pc, r2]
  92              	.LVL11:
  93              	.L9:
  94 0044 11       		.byte	(.L10-.L9)/2
  95 0045 15       		.byte	(.L5-.L9)/2
  96 0046 19       		.byte	(.L6-.L9)/2
  97 0047 03       		.byte	(.L7-.L9)/2
  98 0048 0B       		.byte	(.L8-.L9)/2
  99 0049 00       		.align	1
 100              	.L7:
 101              	.LVL12:
  53:/home/jonas/warwick/3dProfilometer/xpcc/src/xpcc/driver/ui/color.cpp **** 	uint8_t b = value;
 102              		.loc 1 53 0
 103 004a 1A46     		mov	r2, r3
 104              	.LVL13:
  55:/home/jonas/warwick/3dProfilometer/xpcc/src/xpcc/driver/ui/color.cpp **** 	{
  56:/home/jonas/warwick/3dProfilometer/xpcc/src/xpcc/driver/ui/color.cpp **** 		case 0: g = u; b = p; break;
  57:/home/jonas/warwick/3dProfilometer/xpcc/src/xpcc/driver/ui/color.cpp **** 		case 1: r = u; b = p; break;
  58:/home/jonas/warwick/3dProfilometer/xpcc/src/xpcc/driver/ui/color.cpp **** 		case 2: r = p; b = u; break;
  59:/home/jonas/warwick/3dProfilometer/xpcc/src/xpcc/driver/ui/color.cpp **** 		case 3: r = p; g = u; break;
  60:/home/jonas/warwick/3dProfilometer/xpcc/src/xpcc/driver/ui/color.cpp **** 		case 4: r = u; g = p; break;
 105              		.loc 1 60 0
 106 004c 2E46     		mov	r6, r5
 107 004e 2346     		mov	r3, r4
 108              	.LVL14:
 109              	.L4:
  61:/home/jonas/warwick/3dProfilometer/xpcc/src/xpcc/driver/ui/color.cpp **** 		case 5: g = p; b = u; break;
  62:/home/jonas/warwick/3dProfilometer/xpcc/src/xpcc/driver/ui/color.cpp **** 	}
  63:/home/jonas/warwick/3dProfilometer/xpcc/src/xpcc/driver/ui/color.cpp **** 
  64:/home/jonas/warwick/3dProfilometer/xpcc/src/xpcc/driver/ui/color.cpp **** 	color->red = r;
 110              		.loc 1 64 0
 111 0050 0B70     		strb	r3, [r1, #0]
  65:/home/jonas/warwick/3dProfilometer/xpcc/src/xpcc/driver/ui/color.cpp **** 	color->green = g;
 112              		.loc 1 65 0
 113 0052 4E70     		strb	r6, [r1, #1]
  66:/home/jonas/warwick/3dProfilometer/xpcc/src/xpcc/driver/ui/color.cpp **** 	color->blue = b;
 114              		.loc 1 66 0
 115 0054 8A70     		strb	r2, [r1, #2]
 116              	.LBE5:
  67:/home/jonas/warwick/3dProfilometer/xpcc/src/xpcc/driver/ui/color.cpp **** }
 117              		.loc 1 67 0
 118 0056 70BC     		pop	{r4, r5, r6}
 119 0058 7047     		bx	lr
 120              	.LVL15:
 121              	.L8:
 122              	.LBB6:
  61:/home/jonas/warwick/3dProfilometer/xpcc/src/xpcc/driver/ui/color.cpp **** 		case 5: g = p; b = u; break;
 123              		.loc 1 61 0
 124 005a 2246     		mov	r2, r4
 125 005c 2E46     		mov	r6, r5
 126 005e F7E7     		b	.L4
 127              	.LVL16:
 128              	.L3:
  56:/home/jonas/warwick/3dProfilometer/xpcc/src/xpcc/driver/ui/color.cpp **** 		case 0: g = u; b = p; break;
 129              		.loc 1 56 0
 130 0060 2A46     		mov	r2, r5
 131 0062 2646     		mov	r6, r4
 132 0064 F4E7     		b	.L4
 133              	.L10:
  52:/home/jonas/warwick/3dProfilometer/xpcc/src/xpcc/driver/ui/color.cpp **** 	uint8_t g = value;
 134              		.loc 1 52 0
 135 0066 1E46     		mov	r6, r3
  57:/home/jonas/warwick/3dProfilometer/xpcc/src/xpcc/driver/ui/color.cpp **** 		case 1: r = u; b = p; break;
 136              		.loc 1 57 0
 137 0068 2A46     		mov	r2, r5
 138 006a 2346     		mov	r3, r4
 139              	.LVL17:
 140 006c F0E7     		b	.L4
 141              	.LVL18:
 142              	.L5:
  52:/home/jonas/warwick/3dProfilometer/xpcc/src/xpcc/driver/ui/color.cpp **** 	uint8_t g = value;
 143              		.loc 1 52 0
 144 006e 1E46     		mov	r6, r3
  58:/home/jonas/warwick/3dProfilometer/xpcc/src/xpcc/driver/ui/color.cpp **** 		case 2: r = p; b = u; break;
 145              		.loc 1 58 0
 146 0070 2246     		mov	r2, r4
 147 0072 2B46     		mov	r3, r5
 148              	.LVL19:
 149 0074 ECE7     		b	.L4
 150              	.LVL20:
 151              	.L6:
  53:/home/jonas/warwick/3dProfilometer/xpcc/src/xpcc/driver/ui/color.cpp **** 	uint8_t b = value;
 152              		.loc 1 53 0
 153 0076 1A46     		mov	r2, r3
  59:/home/jonas/warwick/3dProfilometer/xpcc/src/xpcc/driver/ui/color.cpp **** 		case 3: r = p; g = u; break;
 154              		.loc 1 59 0
 155 0078 2646     		mov	r6, r4
 156 007a 2B46     		mov	r3, r5
 157              	.LVL21:
 158 007c E8E7     		b	.L4
 159              	.LBE6:
 160              		.cfi_endproc
 161              	.LFE2468:
 163 007e 00BF     		.text
 164              	.Letext0:
 165              		.file 2 "/opt/arm-2012.09/bin/../lib/gcc/arm-none-eabi/4.7.2/../../../../arm-none-eabi/include/std
 166              		.file 3 "/home/jonas/warwick/3dProfilometer/xpcc/src/xpcc/driver/ui/color.hpp"
 167              		.file 4 "/opt/arm-2012.09/bin/../lib/gcc/arm-none-eabi/4.7.2/../../../../arm-none-eabi/include/c++
 168              		.file 5 "/opt/arm-2012.09/bin/../lib/gcc/arm-none-eabi/4.7.2/../../../../arm-none-eabi/include/c++
 169              		.file 6 "/home/jonas/warwick/3dProfilometer/xpcc/src/xpcc/io/iodevice.hpp"
 170              		.file 7 "/opt/arm-2012.09/bin/../lib/gcc/arm-none-eabi/4.7.2/../../../../arm-none-eabi/include/c++
 171              		.file 8 "/opt/arm-2012.09/bin/../lib/gcc/arm-none-eabi/4.7.2/../../../../arm-none-eabi/include/c++
 172              		.file 9 "/opt/arm-2012.09/bin/../lib/gcc/arm-none-eabi/4.7.2/../../../../arm-none-eabi/include/c++
 173              		.file 10 "/opt/arm-2012.09/bin/../lib/gcc/arm-none-eabi/4.7.2/../../../../arm-none-eabi/include/c+
 174              		.file 11 "/opt/arm-2012.09/bin/../lib/gcc/arm-none-eabi/4.7.2/../../../../arm-none-eabi/include/c+
 175              		.file 12 "/opt/arm-2012.09/bin/../lib/gcc/arm-none-eabi/4.7.2/../../../../arm-none-eabi/include/c+
 176              		.file 13 "/opt/arm-2012.09/bin/../lib/gcc/arm-none-eabi/4.7.2/../../../../arm-none-eabi/include/c+
 177              		.file 14 "/opt/arm-2012.09/bin/../lib/gcc/arm-none-eabi/4.7.2/../../../../arm-none-eabi/include/c+
 178              		.file 15 "/opt/arm-2012.09/bin/../lib/gcc/arm-none-eabi/4.7.2/../../../../arm-none-eabi/include/c+
 179              		.file 16 "/opt/arm-2012.09/bin/../lib/gcc/arm-none-eabi/4.7.2/../../../../arm-none-eabi/include/c+
 180              		.file 17 "/opt/arm-2012.09/bin/../lib/gcc/arm-none-eabi/4.7.2/../../../../arm-none-eabi/include/c+
 181              		.file 18 "/opt/arm-2012.09/bin/../lib/gcc/arm-none-eabi/4.7.2/../../../../arm-none-eabi/include/c+
 182              		.file 19 "/opt/arm-2012.09/bin/../lib/gcc/arm-none-eabi/4.7.2/../../../../arm-none-eabi/include/c+
 183              		.file 20 "/opt/arm-2012.09/bin/../lib/gcc/arm-none-eabi/4.7.2/../../../../arm-none-eabi/include/c+
 184              		.file 21 "/opt/arm-2012.09/bin/../lib/gcc/arm-none-eabi/4.7.2/../../../../arm-none-eabi/include/c+
 185              		.file 22 "/opt/arm-2012.09/bin/../lib/gcc/arm-none-eabi/4.7.2/../../../../arm-none-eabi/include/c+
 186              		.file 23 "/opt/arm-2012.09/bin/../lib/gcc/arm-none-eabi/4.7.2/../../../../arm-none-eabi/include/c+
 187              		.file 24 "/opt/arm-2012.09/bin/../lib/gcc/arm-none-eabi/4.7.2/../../../../arm-none-eabi/include/c+
 188              		.file 25 "/opt/arm-2012.09/bin/../lib/gcc/arm-none-eabi/4.7.2/include/stddef.h"
 189              		.file 26 "/opt/arm-2012.09/bin/../lib/gcc/arm-none-eabi/4.7.2/../../../../arm-none-eabi/include/sy
 190              		.file 27 "/opt/arm-2012.09/bin/../lib/gcc/arm-none-eabi/4.7.2/../../../../arm-none-eabi/include/sy
 191              		.file 28 "/opt/arm-2012.09/bin/../lib/gcc/arm-none-eabi/4.7.2/../../../../arm-none-eabi/include/sy
 192              		.file 29 "/opt/arm-2012.09/bin/../lib/gcc/arm-none-eabi/4.7.2/../../../../arm-none-eabi/include/st
 193              		.file 30 "/opt/arm-2012.09/bin/../lib/gcc/arm-none-eabi/4.7.2/include/stdarg.h"
 194              		.file 31 "<built-in>"
 195              		.file 32 "/opt/arm-2012.09/bin/../lib/gcc/arm-none-eabi/4.7.2/../../../../arm-none-eabi/include/st
 196              		.file 33 "/opt/arm-2012.09/bin/../lib/gcc/arm-none-eabi/4.7.2/../../../../arm-none-eabi/include/wc
 197              		.file 34 "/opt/arm-2012.09/bin/../lib/gcc/arm-none-eabi/4.7.2/../../../../arm-none-eabi/include/lo
 198              		.file 35 "/home/jonas/warwick/3dProfilometer/xpcc/src/xpcc/utils/template_metaprogramming.hpp"
DEFINED SYMBOLS
                            *ABS*:00000000 color.cpp
     /tmp/ccj8Ndvb.s:20     .text._ZNK4xpcc5color4HsvTIhE5toRgbIhEEvPNS0_4RgbTIT_EE:00000000 $t
     /tmp/ccj8Ndvb.s:25     .text._ZNK4xpcc5color4HsvTIhE5toRgbIhEEvPNS0_4RgbTIT_EE:00000000 _ZNK4xpcc5color4HsvTIhE5toRgbIhEEvPNS0_4RgbTIT_EE
     /tmp/ccj8Ndvb.s:94     .text._ZNK4xpcc5color4HsvTIhE5toRgbIhEEvPNS0_4RgbTIT_EE:00000044 $d
                     .debug_frame:00000010 $d
     /tmp/ccj8Ndvb.s:99     .text._ZNK4xpcc5color4HsvTIhE5toRgbIhEEvPNS0_4RgbTIT_EE:00000049 $d
     /tmp/ccj8Ndvb.s:99     .text._ZNK4xpcc5color4HsvTIhE5toRgbIhEEvPNS0_4RgbTIT_EE:0000004a $t

NO UNDEFINED SYMBOLS
