   1              		.syntax unified
   2              		.cpu cortex-m4
   3              		.eabi_attribute 27, 3
   4              		.fpu fpv4-sp-d16
   5              		.eabi_attribute 20, 1
   6              		.eabi_attribute 21, 1
   7              		.eabi_attribute 23, 3
   8              		.eabi_attribute 24, 1
   9              		.eabi_attribute 25, 1
  10              		.eabi_attribute 26, 1
  11              		.eabi_attribute 30, 2
  12              		.eabi_attribute 34, 1
  13              		.eabi_attribute 18, 4
  14              		.thumb
  15              		.file	"stm32f4xx_exti.c"
  16              		.text
  17              	.Ltext0:
  18              		.cfi_sections	.debug_frame
  19              		.section	.text.EXTI_DeInit,"ax",%progbits
  20              		.align	2
  21              		.global	EXTI_DeInit
  22              		.thumb
  23              		.thumb_func
  25              	EXTI_DeInit:
  26              	.LFB110:
  27              		.file 1 "/home/jonas/warwick/3dProfilometer/xpcc/ext/stm32f4xx_lib/STM32F4xx_StdPeriph_Driver/src/
   1:/home/jonas/warwick/3dProfilometer/xpcc/ext/stm32f4xx_lib/STM32F4xx_StdPeriph_Driver/src/stm32f4xx_exti.c **** /**
   2:/home/jonas/warwick/3dProfilometer/xpcc/ext/stm32f4xx_lib/STM32F4xx_StdPeriph_Driver/src/stm32f4xx_exti.c ****   ******************************************************************************
   3:/home/jonas/warwick/3dProfilometer/xpcc/ext/stm32f4xx_lib/STM32F4xx_StdPeriph_Driver/src/stm32f4xx_exti.c ****   * @file    stm32f4xx_exti.c
   4:/home/jonas/warwick/3dProfilometer/xpcc/ext/stm32f4xx_lib/STM32F4xx_StdPeriph_Driver/src/stm32f4xx_exti.c ****   * @author  MCD Application Team
   5:/home/jonas/warwick/3dProfilometer/xpcc/ext/stm32f4xx_lib/STM32F4xx_StdPeriph_Driver/src/stm32f4xx_exti.c ****   * @version V1.0.0
   6:/home/jonas/warwick/3dProfilometer/xpcc/ext/stm32f4xx_lib/STM32F4xx_StdPeriph_Driver/src/stm32f4xx_exti.c ****   * @date    30-September-2011
   7:/home/jonas/warwick/3dProfilometer/xpcc/ext/stm32f4xx_lib/STM32F4xx_StdPeriph_Driver/src/stm32f4xx_exti.c ****   * @brief   This file provides firmware functions to manage the following 
   8:/home/jonas/warwick/3dProfilometer/xpcc/ext/stm32f4xx_lib/STM32F4xx_StdPeriph_Driver/src/stm32f4xx_exti.c ****   *          functionalities of the EXTI peripheral:           
   9:/home/jonas/warwick/3dProfilometer/xpcc/ext/stm32f4xx_lib/STM32F4xx_StdPeriph_Driver/src/stm32f4xx_exti.c ****   *           - Initialization and Configuration
  10:/home/jonas/warwick/3dProfilometer/xpcc/ext/stm32f4xx_lib/STM32F4xx_StdPeriph_Driver/src/stm32f4xx_exti.c ****   *           - Interrupts and flags management
  11:/home/jonas/warwick/3dProfilometer/xpcc/ext/stm32f4xx_lib/STM32F4xx_StdPeriph_Driver/src/stm32f4xx_exti.c ****   *
  12:/home/jonas/warwick/3dProfilometer/xpcc/ext/stm32f4xx_lib/STM32F4xx_StdPeriph_Driver/src/stm32f4xx_exti.c ****   *  @verbatim  
  13:/home/jonas/warwick/3dProfilometer/xpcc/ext/stm32f4xx_lib/STM32F4xx_StdPeriph_Driver/src/stm32f4xx_exti.c ****   *  
  14:/home/jonas/warwick/3dProfilometer/xpcc/ext/stm32f4xx_lib/STM32F4xx_StdPeriph_Driver/src/stm32f4xx_exti.c ****   *          ===================================================================
  15:/home/jonas/warwick/3dProfilometer/xpcc/ext/stm32f4xx_lib/STM32F4xx_StdPeriph_Driver/src/stm32f4xx_exti.c ****   *                                     EXTI features
  16:/home/jonas/warwick/3dProfilometer/xpcc/ext/stm32f4xx_lib/STM32F4xx_StdPeriph_Driver/src/stm32f4xx_exti.c ****   *          ===================================================================
  17:/home/jonas/warwick/3dProfilometer/xpcc/ext/stm32f4xx_lib/STM32F4xx_StdPeriph_Driver/src/stm32f4xx_exti.c ****   *    
  18:/home/jonas/warwick/3dProfilometer/xpcc/ext/stm32f4xx_lib/STM32F4xx_StdPeriph_Driver/src/stm32f4xx_exti.c ****   *          External interrupt/event lines are mapped as following:
  19:/home/jonas/warwick/3dProfilometer/xpcc/ext/stm32f4xx_lib/STM32F4xx_StdPeriph_Driver/src/stm32f4xx_exti.c ****   *            1- All available GPIO pins are connected to the 16 external 
  20:/home/jonas/warwick/3dProfilometer/xpcc/ext/stm32f4xx_lib/STM32F4xx_StdPeriph_Driver/src/stm32f4xx_exti.c ****   *               interrupt/event lines from EXTI0 to EXTI15.
  21:/home/jonas/warwick/3dProfilometer/xpcc/ext/stm32f4xx_lib/STM32F4xx_StdPeriph_Driver/src/stm32f4xx_exti.c ****   *            2- EXTI line 16 is connected to the PVD Output
  22:/home/jonas/warwick/3dProfilometer/xpcc/ext/stm32f4xx_lib/STM32F4xx_StdPeriph_Driver/src/stm32f4xx_exti.c ****   *            3- EXTI line 17 is connected to the RTC Alarm event
  23:/home/jonas/warwick/3dProfilometer/xpcc/ext/stm32f4xx_lib/STM32F4xx_StdPeriph_Driver/src/stm32f4xx_exti.c ****   *            4- EXTI line 18 is connected to the USB OTG FS Wakeup from suspend event            
  24:/home/jonas/warwick/3dProfilometer/xpcc/ext/stm32f4xx_lib/STM32F4xx_StdPeriph_Driver/src/stm32f4xx_exti.c ****   *            5- EXTI line 19 is connected to the Ethernet Wakeup event
  25:/home/jonas/warwick/3dProfilometer/xpcc/ext/stm32f4xx_lib/STM32F4xx_StdPeriph_Driver/src/stm32f4xx_exti.c ****   *            6- EXTI line 20 is connected to the USB OTG HS (configured in FS) Wakeup event 
  26:/home/jonas/warwick/3dProfilometer/xpcc/ext/stm32f4xx_lib/STM32F4xx_StdPeriph_Driver/src/stm32f4xx_exti.c ****   *            7- EXTI line 21 is connected to the RTC Tamper and Time Stamp events                
  27:/home/jonas/warwick/3dProfilometer/xpcc/ext/stm32f4xx_lib/STM32F4xx_StdPeriph_Driver/src/stm32f4xx_exti.c ****   *            8- EXTI line 22 is connected to the RTC Wakeup event
  28:/home/jonas/warwick/3dProfilometer/xpcc/ext/stm32f4xx_lib/STM32F4xx_StdPeriph_Driver/src/stm32f4xx_exti.c ****   *        
  29:/home/jonas/warwick/3dProfilometer/xpcc/ext/stm32f4xx_lib/STM32F4xx_StdPeriph_Driver/src/stm32f4xx_exti.c ****   *          ===================================================================
  30:/home/jonas/warwick/3dProfilometer/xpcc/ext/stm32f4xx_lib/STM32F4xx_StdPeriph_Driver/src/stm32f4xx_exti.c ****   *                                 How to use this driver
  31:/home/jonas/warwick/3dProfilometer/xpcc/ext/stm32f4xx_lib/STM32F4xx_StdPeriph_Driver/src/stm32f4xx_exti.c ****   *          ===================================================================  
  32:/home/jonas/warwick/3dProfilometer/xpcc/ext/stm32f4xx_lib/STM32F4xx_StdPeriph_Driver/src/stm32f4xx_exti.c ****   *              
  33:/home/jonas/warwick/3dProfilometer/xpcc/ext/stm32f4xx_lib/STM32F4xx_StdPeriph_Driver/src/stm32f4xx_exti.c ****   *          In order to use an I/O pin as an external interrupt source, follow
  34:/home/jonas/warwick/3dProfilometer/xpcc/ext/stm32f4xx_lib/STM32F4xx_StdPeriph_Driver/src/stm32f4xx_exti.c ****   *          steps below:
  35:/home/jonas/warwick/3dProfilometer/xpcc/ext/stm32f4xx_lib/STM32F4xx_StdPeriph_Driver/src/stm32f4xx_exti.c ****   *            1- Configure the I/O in input mode using GPIO_Init()
  36:/home/jonas/warwick/3dProfilometer/xpcc/ext/stm32f4xx_lib/STM32F4xx_StdPeriph_Driver/src/stm32f4xx_exti.c ****   *            2- Select the input source pin for the EXTI line using SYSCFG_EXTILineConfig()
  37:/home/jonas/warwick/3dProfilometer/xpcc/ext/stm32f4xx_lib/STM32F4xx_StdPeriph_Driver/src/stm32f4xx_exti.c ****   *            3- Select the mode(interrupt, event) and configure the trigger 
  38:/home/jonas/warwick/3dProfilometer/xpcc/ext/stm32f4xx_lib/STM32F4xx_StdPeriph_Driver/src/stm32f4xx_exti.c ****   *               selection (Rising, falling or both) using EXTI_Init()
  39:/home/jonas/warwick/3dProfilometer/xpcc/ext/stm32f4xx_lib/STM32F4xx_StdPeriph_Driver/src/stm32f4xx_exti.c ****   *            4- Configure NVIC IRQ channel mapped to the EXTI line using NVIC_Init()
  40:/home/jonas/warwick/3dProfilometer/xpcc/ext/stm32f4xx_lib/STM32F4xx_StdPeriph_Driver/src/stm32f4xx_exti.c ****   *   
  41:/home/jonas/warwick/3dProfilometer/xpcc/ext/stm32f4xx_lib/STM32F4xx_StdPeriph_Driver/src/stm32f4xx_exti.c ****   *  @note  SYSCFG APB clock must be enabled to get write access to SYSCFG_EXTICRx
  42:/home/jonas/warwick/3dProfilometer/xpcc/ext/stm32f4xx_lib/STM32F4xx_StdPeriph_Driver/src/stm32f4xx_exti.c ****   *         registers using RCC_APB2PeriphClockCmd(RCC_APB2Periph_SYSCFG, ENABLE);
  43:/home/jonas/warwick/3dProfilometer/xpcc/ext/stm32f4xx_lib/STM32F4xx_StdPeriph_Driver/src/stm32f4xx_exti.c ****   *          
  44:/home/jonas/warwick/3dProfilometer/xpcc/ext/stm32f4xx_lib/STM32F4xx_StdPeriph_Driver/src/stm32f4xx_exti.c ****   *  @endverbatim                  
  45:/home/jonas/warwick/3dProfilometer/xpcc/ext/stm32f4xx_lib/STM32F4xx_StdPeriph_Driver/src/stm32f4xx_exti.c ****   *
  46:/home/jonas/warwick/3dProfilometer/xpcc/ext/stm32f4xx_lib/STM32F4xx_StdPeriph_Driver/src/stm32f4xx_exti.c ****   ******************************************************************************
  47:/home/jonas/warwick/3dProfilometer/xpcc/ext/stm32f4xx_lib/STM32F4xx_StdPeriph_Driver/src/stm32f4xx_exti.c ****   * @attention
  48:/home/jonas/warwick/3dProfilometer/xpcc/ext/stm32f4xx_lib/STM32F4xx_StdPeriph_Driver/src/stm32f4xx_exti.c ****   *
  49:/home/jonas/warwick/3dProfilometer/xpcc/ext/stm32f4xx_lib/STM32F4xx_StdPeriph_Driver/src/stm32f4xx_exti.c ****   * THE PRESENT FIRMWARE WHICH IS FOR GUIDANCE ONLY AIMS AT PROVIDING CUSTOMERS
  50:/home/jonas/warwick/3dProfilometer/xpcc/ext/stm32f4xx_lib/STM32F4xx_StdPeriph_Driver/src/stm32f4xx_exti.c ****   * WITH CODING INFORMATION REGARDING THEIR PRODUCTS IN ORDER FOR THEM TO SAVE
  51:/home/jonas/warwick/3dProfilometer/xpcc/ext/stm32f4xx_lib/STM32F4xx_StdPeriph_Driver/src/stm32f4xx_exti.c ****   * TIME. AS A RESULT, STMICROELECTRONICS SHALL NOT BE HELD LIABLE FOR ANY
  52:/home/jonas/warwick/3dProfilometer/xpcc/ext/stm32f4xx_lib/STM32F4xx_StdPeriph_Driver/src/stm32f4xx_exti.c ****   * DIRECT, INDIRECT OR CONSEQUENTIAL DAMAGES WITH RESPECT TO ANY CLAIMS ARISING
  53:/home/jonas/warwick/3dProfilometer/xpcc/ext/stm32f4xx_lib/STM32F4xx_StdPeriph_Driver/src/stm32f4xx_exti.c ****   * FROM THE CONTENT OF SUCH FIRMWARE AND/OR THE USE MADE BY CUSTOMERS OF THE
  54:/home/jonas/warwick/3dProfilometer/xpcc/ext/stm32f4xx_lib/STM32F4xx_StdPeriph_Driver/src/stm32f4xx_exti.c ****   * CODING INFORMATION CONTAINED HEREIN IN CONNECTION WITH THEIR PRODUCTS.
  55:/home/jonas/warwick/3dProfilometer/xpcc/ext/stm32f4xx_lib/STM32F4xx_StdPeriph_Driver/src/stm32f4xx_exti.c ****   *
  56:/home/jonas/warwick/3dProfilometer/xpcc/ext/stm32f4xx_lib/STM32F4xx_StdPeriph_Driver/src/stm32f4xx_exti.c ****   * <h2><center>&copy; COPYRIGHT 2011 STMicroelectronics</center></h2>
  57:/home/jonas/warwick/3dProfilometer/xpcc/ext/stm32f4xx_lib/STM32F4xx_StdPeriph_Driver/src/stm32f4xx_exti.c ****   ******************************************************************************
  58:/home/jonas/warwick/3dProfilometer/xpcc/ext/stm32f4xx_lib/STM32F4xx_StdPeriph_Driver/src/stm32f4xx_exti.c ****   */
  59:/home/jonas/warwick/3dProfilometer/xpcc/ext/stm32f4xx_lib/STM32F4xx_StdPeriph_Driver/src/stm32f4xx_exti.c **** 
  60:/home/jonas/warwick/3dProfilometer/xpcc/ext/stm32f4xx_lib/STM32F4xx_StdPeriph_Driver/src/stm32f4xx_exti.c **** /* Includes ------------------------------------------------------------------*/
  61:/home/jonas/warwick/3dProfilometer/xpcc/ext/stm32f4xx_lib/STM32F4xx_StdPeriph_Driver/src/stm32f4xx_exti.c **** #include "stm32f4xx_exti.h"
  62:/home/jonas/warwick/3dProfilometer/xpcc/ext/stm32f4xx_lib/STM32F4xx_StdPeriph_Driver/src/stm32f4xx_exti.c **** 
  63:/home/jonas/warwick/3dProfilometer/xpcc/ext/stm32f4xx_lib/STM32F4xx_StdPeriph_Driver/src/stm32f4xx_exti.c **** /** @addtogroup STM32F4xx_StdPeriph_Driver
  64:/home/jonas/warwick/3dProfilometer/xpcc/ext/stm32f4xx_lib/STM32F4xx_StdPeriph_Driver/src/stm32f4xx_exti.c ****   * @{
  65:/home/jonas/warwick/3dProfilometer/xpcc/ext/stm32f4xx_lib/STM32F4xx_StdPeriph_Driver/src/stm32f4xx_exti.c ****   */
  66:/home/jonas/warwick/3dProfilometer/xpcc/ext/stm32f4xx_lib/STM32F4xx_StdPeriph_Driver/src/stm32f4xx_exti.c **** 
  67:/home/jonas/warwick/3dProfilometer/xpcc/ext/stm32f4xx_lib/STM32F4xx_StdPeriph_Driver/src/stm32f4xx_exti.c **** /** @defgroup EXTI 
  68:/home/jonas/warwick/3dProfilometer/xpcc/ext/stm32f4xx_lib/STM32F4xx_StdPeriph_Driver/src/stm32f4xx_exti.c ****   * @brief EXTI driver modules
  69:/home/jonas/warwick/3dProfilometer/xpcc/ext/stm32f4xx_lib/STM32F4xx_StdPeriph_Driver/src/stm32f4xx_exti.c ****   * @{
  70:/home/jonas/warwick/3dProfilometer/xpcc/ext/stm32f4xx_lib/STM32F4xx_StdPeriph_Driver/src/stm32f4xx_exti.c ****   */
  71:/home/jonas/warwick/3dProfilometer/xpcc/ext/stm32f4xx_lib/STM32F4xx_StdPeriph_Driver/src/stm32f4xx_exti.c **** 
  72:/home/jonas/warwick/3dProfilometer/xpcc/ext/stm32f4xx_lib/STM32F4xx_StdPeriph_Driver/src/stm32f4xx_exti.c **** /* Private typedef -----------------------------------------------------------*/
  73:/home/jonas/warwick/3dProfilometer/xpcc/ext/stm32f4xx_lib/STM32F4xx_StdPeriph_Driver/src/stm32f4xx_exti.c **** /* Private define ------------------------------------------------------------*/
  74:/home/jonas/warwick/3dProfilometer/xpcc/ext/stm32f4xx_lib/STM32F4xx_StdPeriph_Driver/src/stm32f4xx_exti.c **** 
  75:/home/jonas/warwick/3dProfilometer/xpcc/ext/stm32f4xx_lib/STM32F4xx_StdPeriph_Driver/src/stm32f4xx_exti.c **** #define EXTI_LINENONE    ((uint32_t)0x00000)  /* No interrupt selected */
  76:/home/jonas/warwick/3dProfilometer/xpcc/ext/stm32f4xx_lib/STM32F4xx_StdPeriph_Driver/src/stm32f4xx_exti.c **** 
  77:/home/jonas/warwick/3dProfilometer/xpcc/ext/stm32f4xx_lib/STM32F4xx_StdPeriph_Driver/src/stm32f4xx_exti.c **** /* Private macro -------------------------------------------------------------*/
  78:/home/jonas/warwick/3dProfilometer/xpcc/ext/stm32f4xx_lib/STM32F4xx_StdPeriph_Driver/src/stm32f4xx_exti.c **** /* Private variables ---------------------------------------------------------*/
  79:/home/jonas/warwick/3dProfilometer/xpcc/ext/stm32f4xx_lib/STM32F4xx_StdPeriph_Driver/src/stm32f4xx_exti.c **** /* Private function prototypes -----------------------------------------------*/
  80:/home/jonas/warwick/3dProfilometer/xpcc/ext/stm32f4xx_lib/STM32F4xx_StdPeriph_Driver/src/stm32f4xx_exti.c **** /* Private functions ---------------------------------------------------------*/
  81:/home/jonas/warwick/3dProfilometer/xpcc/ext/stm32f4xx_lib/STM32F4xx_StdPeriph_Driver/src/stm32f4xx_exti.c **** 
  82:/home/jonas/warwick/3dProfilometer/xpcc/ext/stm32f4xx_lib/STM32F4xx_StdPeriph_Driver/src/stm32f4xx_exti.c **** /** @defgroup EXTI_Private_Functions
  83:/home/jonas/warwick/3dProfilometer/xpcc/ext/stm32f4xx_lib/STM32F4xx_StdPeriph_Driver/src/stm32f4xx_exti.c ****   * @{
  84:/home/jonas/warwick/3dProfilometer/xpcc/ext/stm32f4xx_lib/STM32F4xx_StdPeriph_Driver/src/stm32f4xx_exti.c ****   */
  85:/home/jonas/warwick/3dProfilometer/xpcc/ext/stm32f4xx_lib/STM32F4xx_StdPeriph_Driver/src/stm32f4xx_exti.c **** 
  86:/home/jonas/warwick/3dProfilometer/xpcc/ext/stm32f4xx_lib/STM32F4xx_StdPeriph_Driver/src/stm32f4xx_exti.c **** /** @defgroup EXTI_Group1 Initialization and Configuration functions
  87:/home/jonas/warwick/3dProfilometer/xpcc/ext/stm32f4xx_lib/STM32F4xx_StdPeriph_Driver/src/stm32f4xx_exti.c ****  *  @brief   Initialization and Configuration functions 
  88:/home/jonas/warwick/3dProfilometer/xpcc/ext/stm32f4xx_lib/STM32F4xx_StdPeriph_Driver/src/stm32f4xx_exti.c ****  *
  89:/home/jonas/warwick/3dProfilometer/xpcc/ext/stm32f4xx_lib/STM32F4xx_StdPeriph_Driver/src/stm32f4xx_exti.c **** @verbatim   
  90:/home/jonas/warwick/3dProfilometer/xpcc/ext/stm32f4xx_lib/STM32F4xx_StdPeriph_Driver/src/stm32f4xx_exti.c ****  ===============================================================================
  91:/home/jonas/warwick/3dProfilometer/xpcc/ext/stm32f4xx_lib/STM32F4xx_StdPeriph_Driver/src/stm32f4xx_exti.c ****                   Initialization and Configuration functions
  92:/home/jonas/warwick/3dProfilometer/xpcc/ext/stm32f4xx_lib/STM32F4xx_StdPeriph_Driver/src/stm32f4xx_exti.c ****  ===============================================================================  
  93:/home/jonas/warwick/3dProfilometer/xpcc/ext/stm32f4xx_lib/STM32F4xx_StdPeriph_Driver/src/stm32f4xx_exti.c **** 
  94:/home/jonas/warwick/3dProfilometer/xpcc/ext/stm32f4xx_lib/STM32F4xx_StdPeriph_Driver/src/stm32f4xx_exti.c **** @endverbatim
  95:/home/jonas/warwick/3dProfilometer/xpcc/ext/stm32f4xx_lib/STM32F4xx_StdPeriph_Driver/src/stm32f4xx_exti.c ****   * @{
  96:/home/jonas/warwick/3dProfilometer/xpcc/ext/stm32f4xx_lib/STM32F4xx_StdPeriph_Driver/src/stm32f4xx_exti.c ****   */
  97:/home/jonas/warwick/3dProfilometer/xpcc/ext/stm32f4xx_lib/STM32F4xx_StdPeriph_Driver/src/stm32f4xx_exti.c **** 
  98:/home/jonas/warwick/3dProfilometer/xpcc/ext/stm32f4xx_lib/STM32F4xx_StdPeriph_Driver/src/stm32f4xx_exti.c **** /**
  99:/home/jonas/warwick/3dProfilometer/xpcc/ext/stm32f4xx_lib/STM32F4xx_StdPeriph_Driver/src/stm32f4xx_exti.c ****   * @brief  Deinitializes the EXTI peripheral registers to their default reset values.
 100:/home/jonas/warwick/3dProfilometer/xpcc/ext/stm32f4xx_lib/STM32F4xx_StdPeriph_Driver/src/stm32f4xx_exti.c ****   * @param  None
 101:/home/jonas/warwick/3dProfilometer/xpcc/ext/stm32f4xx_lib/STM32F4xx_StdPeriph_Driver/src/stm32f4xx_exti.c ****   * @retval None
 102:/home/jonas/warwick/3dProfilometer/xpcc/ext/stm32f4xx_lib/STM32F4xx_StdPeriph_Driver/src/stm32f4xx_exti.c ****   */
 103:/home/jonas/warwick/3dProfilometer/xpcc/ext/stm32f4xx_lib/STM32F4xx_StdPeriph_Driver/src/stm32f4xx_exti.c **** void EXTI_DeInit(void)
 104:/home/jonas/warwick/3dProfilometer/xpcc/ext/stm32f4xx_lib/STM32F4xx_StdPeriph_Driver/src/stm32f4xx_exti.c **** {
  28              		.loc 1 104 0
  29              		.cfi_startproc
  30              		@ args = 0, pretend = 0, frame = 0
  31              		@ frame_needed = 0, uses_anonymous_args = 0
  32              		@ link register save eliminated.
 105:/home/jonas/warwick/3dProfilometer/xpcc/ext/stm32f4xx_lib/STM32F4xx_StdPeriph_Driver/src/stm32f4xx_exti.c ****   EXTI->IMR = 0x00000000;
  33              		.loc 1 105 0
  34 0000 044B     		ldr	r3, .L2
  35 0002 0022     		movs	r2, #0
  36 0004 1A60     		str	r2, [r3, #0]
 106:/home/jonas/warwick/3dProfilometer/xpcc/ext/stm32f4xx_lib/STM32F4xx_StdPeriph_Driver/src/stm32f4xx_exti.c ****   EXTI->EMR = 0x00000000;
  37              		.loc 1 106 0
  38 0006 5A60     		str	r2, [r3, #4]
 107:/home/jonas/warwick/3dProfilometer/xpcc/ext/stm32f4xx_lib/STM32F4xx_StdPeriph_Driver/src/stm32f4xx_exti.c ****   EXTI->RTSR = 0x00000000;
  39              		.loc 1 107 0
  40 0008 9A60     		str	r2, [r3, #8]
 108:/home/jonas/warwick/3dProfilometer/xpcc/ext/stm32f4xx_lib/STM32F4xx_StdPeriph_Driver/src/stm32f4xx_exti.c ****   EXTI->FTSR = 0x00000000;
  41              		.loc 1 108 0
  42 000a DA60     		str	r2, [r3, #12]
 109:/home/jonas/warwick/3dProfilometer/xpcc/ext/stm32f4xx_lib/STM32F4xx_StdPeriph_Driver/src/stm32f4xx_exti.c ****   EXTI->PR = 0x007FFFFF;
  43              		.loc 1 109 0
  44 000c 024A     		ldr	r2, .L2+4
  45 000e 5A61     		str	r2, [r3, #20]
  46 0010 7047     		bx	lr
  47              	.L3:
  48 0012 00BF     		.align	2
  49              	.L2:
  50 0014 003C0140 		.word	1073822720
  51 0018 FFFF7F00 		.word	8388607
  52              		.cfi_endproc
  53              	.LFE110:
  55              		.section	.text.EXTI_Init,"ax",%progbits
  56              		.align	2
  57              		.global	EXTI_Init
  58              		.thumb
  59              		.thumb_func
  61              	EXTI_Init:
  62              	.LFB111:
 110:/home/jonas/warwick/3dProfilometer/xpcc/ext/stm32f4xx_lib/STM32F4xx_StdPeriph_Driver/src/stm32f4xx_exti.c **** }
 111:/home/jonas/warwick/3dProfilometer/xpcc/ext/stm32f4xx_lib/STM32F4xx_StdPeriph_Driver/src/stm32f4xx_exti.c **** 
 112:/home/jonas/warwick/3dProfilometer/xpcc/ext/stm32f4xx_lib/STM32F4xx_StdPeriph_Driver/src/stm32f4xx_exti.c **** /**
 113:/home/jonas/warwick/3dProfilometer/xpcc/ext/stm32f4xx_lib/STM32F4xx_StdPeriph_Driver/src/stm32f4xx_exti.c ****   * @brief  Initializes the EXTI peripheral according to the specified
 114:/home/jonas/warwick/3dProfilometer/xpcc/ext/stm32f4xx_lib/STM32F4xx_StdPeriph_Driver/src/stm32f4xx_exti.c ****   *         parameters in the EXTI_InitStruct.
 115:/home/jonas/warwick/3dProfilometer/xpcc/ext/stm32f4xx_lib/STM32F4xx_StdPeriph_Driver/src/stm32f4xx_exti.c ****   * @param  EXTI_InitStruct: pointer to a EXTI_InitTypeDef structure
 116:/home/jonas/warwick/3dProfilometer/xpcc/ext/stm32f4xx_lib/STM32F4xx_StdPeriph_Driver/src/stm32f4xx_exti.c ****   *         that contains the configuration information for the EXTI peripheral.
 117:/home/jonas/warwick/3dProfilometer/xpcc/ext/stm32f4xx_lib/STM32F4xx_StdPeriph_Driver/src/stm32f4xx_exti.c ****   * @retval None
 118:/home/jonas/warwick/3dProfilometer/xpcc/ext/stm32f4xx_lib/STM32F4xx_StdPeriph_Driver/src/stm32f4xx_exti.c ****   */
 119:/home/jonas/warwick/3dProfilometer/xpcc/ext/stm32f4xx_lib/STM32F4xx_StdPeriph_Driver/src/stm32f4xx_exti.c **** void EXTI_Init(EXTI_InitTypeDef* EXTI_InitStruct)
 120:/home/jonas/warwick/3dProfilometer/xpcc/ext/stm32f4xx_lib/STM32F4xx_StdPeriph_Driver/src/stm32f4xx_exti.c **** {
  63              		.loc 1 120 0
  64              		.cfi_startproc
  65              		@ args = 0, pretend = 0, frame = 0
  66              		@ frame_needed = 0, uses_anonymous_args = 0
  67              		@ link register save eliminated.
  68              	.LVL0:
 121:/home/jonas/warwick/3dProfilometer/xpcc/ext/stm32f4xx_lib/STM32F4xx_StdPeriph_Driver/src/stm32f4xx_exti.c ****   uint32_t tmp = 0;
 122:/home/jonas/warwick/3dProfilometer/xpcc/ext/stm32f4xx_lib/STM32F4xx_StdPeriph_Driver/src/stm32f4xx_exti.c **** 
 123:/home/jonas/warwick/3dProfilometer/xpcc/ext/stm32f4xx_lib/STM32F4xx_StdPeriph_Driver/src/stm32f4xx_exti.c ****   /* Check the parameters */
 124:/home/jonas/warwick/3dProfilometer/xpcc/ext/stm32f4xx_lib/STM32F4xx_StdPeriph_Driver/src/stm32f4xx_exti.c ****   assert_param(IS_EXTI_MODE(EXTI_InitStruct->EXTI_Mode));
 125:/home/jonas/warwick/3dProfilometer/xpcc/ext/stm32f4xx_lib/STM32F4xx_StdPeriph_Driver/src/stm32f4xx_exti.c ****   assert_param(IS_EXTI_TRIGGER(EXTI_InitStruct->EXTI_Trigger));
 126:/home/jonas/warwick/3dProfilometer/xpcc/ext/stm32f4xx_lib/STM32F4xx_StdPeriph_Driver/src/stm32f4xx_exti.c ****   assert_param(IS_EXTI_LINE(EXTI_InitStruct->EXTI_Line));  
 127:/home/jonas/warwick/3dProfilometer/xpcc/ext/stm32f4xx_lib/STM32F4xx_StdPeriph_Driver/src/stm32f4xx_exti.c ****   assert_param(IS_FUNCTIONAL_STATE(EXTI_InitStruct->EXTI_LineCmd));
 128:/home/jonas/warwick/3dProfilometer/xpcc/ext/stm32f4xx_lib/STM32F4xx_StdPeriph_Driver/src/stm32f4xx_exti.c **** 
 129:/home/jonas/warwick/3dProfilometer/xpcc/ext/stm32f4xx_lib/STM32F4xx_StdPeriph_Driver/src/stm32f4xx_exti.c ****   tmp = (uint32_t)EXTI_BASE;
 130:/home/jonas/warwick/3dProfilometer/xpcc/ext/stm32f4xx_lib/STM32F4xx_StdPeriph_Driver/src/stm32f4xx_exti.c ****      
 131:/home/jonas/warwick/3dProfilometer/xpcc/ext/stm32f4xx_lib/STM32F4xx_StdPeriph_Driver/src/stm32f4xx_exti.c ****   if (EXTI_InitStruct->EXTI_LineCmd != DISABLE)
  69              		.loc 1 131 0
  70 0000 8379     		ldrb	r3, [r0, #6]	@ zero_extendqisi2
 120:/home/jonas/warwick/3dProfilometer/xpcc/ext/stm32f4xx_lib/STM32F4xx_StdPeriph_Driver/src/stm32f4xx_exti.c **** {
  71              		.loc 1 120 0
  72 0002 70B4     		push	{r4, r5, r6}
  73              	.LCFI0:
  74              		.cfi_def_cfa_offset 12
  75              		.cfi_offset 4, -12
  76              		.cfi_offset 5, -8
  77              		.cfi_offset 6, -4
  78              		.loc 1 131 0
  79 0004 23B3     		cbz	r3, .L5
 132:/home/jonas/warwick/3dProfilometer/xpcc/ext/stm32f4xx_lib/STM32F4xx_StdPeriph_Driver/src/stm32f4xx_exti.c ****   {
 133:/home/jonas/warwick/3dProfilometer/xpcc/ext/stm32f4xx_lib/STM32F4xx_StdPeriph_Driver/src/stm32f4xx_exti.c ****     /* Clear EXTI line configuration */
 134:/home/jonas/warwick/3dProfilometer/xpcc/ext/stm32f4xx_lib/STM32F4xx_StdPeriph_Driver/src/stm32f4xx_exti.c ****     EXTI->IMR &= ~EXTI_InitStruct->EXTI_Line;
  80              		.loc 1 134 0
  81 0006 1C4B     		ldr	r3, .L10
  82 0008 0168     		ldr	r1, [r0, #0]
  83 000a 1E68     		ldr	r6, [r3, #0]
 135:/home/jonas/warwick/3dProfilometer/xpcc/ext/stm32f4xx_lib/STM32F4xx_StdPeriph_Driver/src/stm32f4xx_exti.c ****     EXTI->EMR &= ~EXTI_InitStruct->EXTI_Line;
 136:/home/jonas/warwick/3dProfilometer/xpcc/ext/stm32f4xx_lib/STM32F4xx_StdPeriph_Driver/src/stm32f4xx_exti.c ****     
 137:/home/jonas/warwick/3dProfilometer/xpcc/ext/stm32f4xx_lib/STM32F4xx_StdPeriph_Driver/src/stm32f4xx_exti.c ****     tmp += EXTI_InitStruct->EXTI_Mode;
  84              		.loc 1 137 0
  85 000c 0279     		ldrb	r2, [r0, #4]	@ zero_extendqisi2
 138:/home/jonas/warwick/3dProfilometer/xpcc/ext/stm32f4xx_lib/STM32F4xx_StdPeriph_Driver/src/stm32f4xx_exti.c **** 
 139:/home/jonas/warwick/3dProfilometer/xpcc/ext/stm32f4xx_lib/STM32F4xx_StdPeriph_Driver/src/stm32f4xx_exti.c ****     *(__IO uint32_t *) tmp |= EXTI_InitStruct->EXTI_Line;
 140:/home/jonas/warwick/3dProfilometer/xpcc/ext/stm32f4xx_lib/STM32F4xx_StdPeriph_Driver/src/stm32f4xx_exti.c **** 
 141:/home/jonas/warwick/3dProfilometer/xpcc/ext/stm32f4xx_lib/STM32F4xx_StdPeriph_Driver/src/stm32f4xx_exti.c ****     /* Clear Rising Falling edge configuration */
 142:/home/jonas/warwick/3dProfilometer/xpcc/ext/stm32f4xx_lib/STM32F4xx_StdPeriph_Driver/src/stm32f4xx_exti.c ****     EXTI->RTSR &= ~EXTI_InitStruct->EXTI_Line;
 143:/home/jonas/warwick/3dProfilometer/xpcc/ext/stm32f4xx_lib/STM32F4xx_StdPeriph_Driver/src/stm32f4xx_exti.c ****     EXTI->FTSR &= ~EXTI_InitStruct->EXTI_Line;
 144:/home/jonas/warwick/3dProfilometer/xpcc/ext/stm32f4xx_lib/STM32F4xx_StdPeriph_Driver/src/stm32f4xx_exti.c ****     
 145:/home/jonas/warwick/3dProfilometer/xpcc/ext/stm32f4xx_lib/STM32F4xx_StdPeriph_Driver/src/stm32f4xx_exti.c ****     /* Select the trigger for the selected external interrupts */
 146:/home/jonas/warwick/3dProfilometer/xpcc/ext/stm32f4xx_lib/STM32F4xx_StdPeriph_Driver/src/stm32f4xx_exti.c ****     if (EXTI_InitStruct->EXTI_Trigger == EXTI_Trigger_Rising_Falling)
  86              		.loc 1 146 0
  87 000e 4579     		ldrb	r5, [r0, #5]	@ zero_extendqisi2
 134:/home/jonas/warwick/3dProfilometer/xpcc/ext/stm32f4xx_lib/STM32F4xx_StdPeriph_Driver/src/stm32f4xx_exti.c ****     EXTI->IMR &= ~EXTI_InitStruct->EXTI_Line;
  88              		.loc 1 134 0
  89 0010 CC43     		mvns	r4, r1
  90 0012 2640     		ands	r6, r6, r4
  91 0014 1E60     		str	r6, [r3, #0]
 135:/home/jonas/warwick/3dProfilometer/xpcc/ext/stm32f4xx_lib/STM32F4xx_StdPeriph_Driver/src/stm32f4xx_exti.c ****     EXTI->EMR &= ~EXTI_InitStruct->EXTI_Line;
  92              		.loc 1 135 0
  93 0016 5E68     		ldr	r6, [r3, #4]
 137:/home/jonas/warwick/3dProfilometer/xpcc/ext/stm32f4xx_lib/STM32F4xx_StdPeriph_Driver/src/stm32f4xx_exti.c ****     tmp += EXTI_InitStruct->EXTI_Mode;
  94              		.loc 1 137 0
  95 0018 02F18042 		add	r2, r2, #1073741824
  96 001c 02F59E32 		add	r2, r2, #80896
 135:/home/jonas/warwick/3dProfilometer/xpcc/ext/stm32f4xx_lib/STM32F4xx_StdPeriph_Driver/src/stm32f4xx_exti.c ****     EXTI->EMR &= ~EXTI_InitStruct->EXTI_Line;
  97              		.loc 1 135 0
  98 0020 3440     		ands	r4, r4, r6
  99 0022 5C60     		str	r4, [r3, #4]
 100              	.LVL1:
 139:/home/jonas/warwick/3dProfilometer/xpcc/ext/stm32f4xx_lib/STM32F4xx_StdPeriph_Driver/src/stm32f4xx_exti.c ****     *(__IO uint32_t *) tmp |= EXTI_InitStruct->EXTI_Line;
 101              		.loc 1 139 0
 102 0024 1468     		ldr	r4, [r2, #0]
 103 0026 2143     		orrs	r1, r1, r4
 104 0028 1160     		str	r1, [r2, #0]
 142:/home/jonas/warwick/3dProfilometer/xpcc/ext/stm32f4xx_lib/STM32F4xx_StdPeriph_Driver/src/stm32f4xx_exti.c ****     EXTI->RTSR &= ~EXTI_InitStruct->EXTI_Line;
 105              		.loc 1 142 0
 106 002a 0268     		ldr	r2, [r0, #0]
 107 002c 9868     		ldr	r0, [r3, #8]
 108              	.LVL2:
 109 002e D143     		mvns	r1, r2
 110 0030 0840     		ands	r0, r0, r1
 111 0032 9860     		str	r0, [r3, #8]
 143:/home/jonas/warwick/3dProfilometer/xpcc/ext/stm32f4xx_lib/STM32F4xx_StdPeriph_Driver/src/stm32f4xx_exti.c ****     EXTI->FTSR &= ~EXTI_InitStruct->EXTI_Line;
 112              		.loc 1 143 0
 113 0034 D868     		ldr	r0, [r3, #12]
 114              		.loc 1 146 0
 115 0036 102D     		cmp	r5, #16
 143:/home/jonas/warwick/3dProfilometer/xpcc/ext/stm32f4xx_lib/STM32F4xx_StdPeriph_Driver/src/stm32f4xx_exti.c ****     EXTI->FTSR &= ~EXTI_InitStruct->EXTI_Line;
 116              		.loc 1 143 0
 117 0038 01EA0001 		and	r1, r1, r0
 118 003c D960     		str	r1, [r3, #12]
 119              		.loc 1 146 0
 120 003e 13D0     		beq	.L9
 121              	.LVL3:
 147:/home/jonas/warwick/3dProfilometer/xpcc/ext/stm32f4xx_lib/STM32F4xx_StdPeriph_Driver/src/stm32f4xx_exti.c ****     {
 148:/home/jonas/warwick/3dProfilometer/xpcc/ext/stm32f4xx_lib/STM32F4xx_StdPeriph_Driver/src/stm32f4xx_exti.c ****       /* Rising Falling edge */
 149:/home/jonas/warwick/3dProfilometer/xpcc/ext/stm32f4xx_lib/STM32F4xx_StdPeriph_Driver/src/stm32f4xx_exti.c ****       EXTI->RTSR |= EXTI_InitStruct->EXTI_Line;
 150:/home/jonas/warwick/3dProfilometer/xpcc/ext/stm32f4xx_lib/STM32F4xx_StdPeriph_Driver/src/stm32f4xx_exti.c ****       EXTI->FTSR |= EXTI_InitStruct->EXTI_Line;
 151:/home/jonas/warwick/3dProfilometer/xpcc/ext/stm32f4xx_lib/STM32F4xx_StdPeriph_Driver/src/stm32f4xx_exti.c ****     }
 152:/home/jonas/warwick/3dProfilometer/xpcc/ext/stm32f4xx_lib/STM32F4xx_StdPeriph_Driver/src/stm32f4xx_exti.c ****     else
 153:/home/jonas/warwick/3dProfilometer/xpcc/ext/stm32f4xx_lib/STM32F4xx_StdPeriph_Driver/src/stm32f4xx_exti.c ****     {
 154:/home/jonas/warwick/3dProfilometer/xpcc/ext/stm32f4xx_lib/STM32F4xx_StdPeriph_Driver/src/stm32f4xx_exti.c ****       tmp = (uint32_t)EXTI_BASE;
 155:/home/jonas/warwick/3dProfilometer/xpcc/ext/stm32f4xx_lib/STM32F4xx_StdPeriph_Driver/src/stm32f4xx_exti.c ****       tmp += EXTI_InitStruct->EXTI_Trigger;
 122              		.loc 1 155 0
 123 0040 05F18045 		add	r5, r5, #1073741824
 124              	.LVL4:
 125 0044 05F59E35 		add	r5, r5, #80896
 126              	.LVL5:
 156:/home/jonas/warwick/3dProfilometer/xpcc/ext/stm32f4xx_lib/STM32F4xx_StdPeriph_Driver/src/stm32f4xx_exti.c **** 
 157:/home/jonas/warwick/3dProfilometer/xpcc/ext/stm32f4xx_lib/STM32F4xx_StdPeriph_Driver/src/stm32f4xx_exti.c ****       *(__IO uint32_t *) tmp |= EXTI_InitStruct->EXTI_Line;
 127              		.loc 1 157 0
 128 0048 2B68     		ldr	r3, [r5, #0]
 129 004a 1A43     		orrs	r2, r2, r3
 130 004c 2A60     		str	r2, [r5, #0]
 131 004e 09E0     		b	.L4
 132              	.LVL6:
 133              	.L5:
 158:/home/jonas/warwick/3dProfilometer/xpcc/ext/stm32f4xx_lib/STM32F4xx_StdPeriph_Driver/src/stm32f4xx_exti.c ****     }
 159:/home/jonas/warwick/3dProfilometer/xpcc/ext/stm32f4xx_lib/STM32F4xx_StdPeriph_Driver/src/stm32f4xx_exti.c ****   }
 160:/home/jonas/warwick/3dProfilometer/xpcc/ext/stm32f4xx_lib/STM32F4xx_StdPeriph_Driver/src/stm32f4xx_exti.c ****   else
 161:/home/jonas/warwick/3dProfilometer/xpcc/ext/stm32f4xx_lib/STM32F4xx_StdPeriph_Driver/src/stm32f4xx_exti.c ****   {
 162:/home/jonas/warwick/3dProfilometer/xpcc/ext/stm32f4xx_lib/STM32F4xx_StdPeriph_Driver/src/stm32f4xx_exti.c ****     tmp += EXTI_InitStruct->EXTI_Mode;
 134              		.loc 1 162 0
 135 0050 0379     		ldrb	r3, [r0, #4]	@ zero_extendqisi2
 163:/home/jonas/warwick/3dProfilometer/xpcc/ext/stm32f4xx_lib/STM32F4xx_StdPeriph_Driver/src/stm32f4xx_exti.c **** 
 164:/home/jonas/warwick/3dProfilometer/xpcc/ext/stm32f4xx_lib/STM32F4xx_StdPeriph_Driver/src/stm32f4xx_exti.c ****     /* Disable the selected external lines */
 165:/home/jonas/warwick/3dProfilometer/xpcc/ext/stm32f4xx_lib/STM32F4xx_StdPeriph_Driver/src/stm32f4xx_exti.c ****     *(__IO uint32_t *) tmp &= ~EXTI_InitStruct->EXTI_Line;
 136              		.loc 1 165 0
 137 0052 0168     		ldr	r1, [r0, #0]
 162:/home/jonas/warwick/3dProfilometer/xpcc/ext/stm32f4xx_lib/STM32F4xx_StdPeriph_Driver/src/stm32f4xx_exti.c ****     tmp += EXTI_InitStruct->EXTI_Mode;
 138              		.loc 1 162 0
 139 0054 03F18043 		add	r3, r3, #1073741824
 140 0058 03F59E33 		add	r3, r3, #80896
 141              		.loc 1 165 0
 142 005c 1A68     		ldr	r2, [r3, #0]
 143 005e 22EA0102 		bic	r2, r2, r1
 144 0062 1A60     		str	r2, [r3, #0]
 145              	.LVL7:
 146              	.L4:
 166:/home/jonas/warwick/3dProfilometer/xpcc/ext/stm32f4xx_lib/STM32F4xx_StdPeriph_Driver/src/stm32f4xx_exti.c ****   }
 167:/home/jonas/warwick/3dProfilometer/xpcc/ext/stm32f4xx_lib/STM32F4xx_StdPeriph_Driver/src/stm32f4xx_exti.c **** }
 147              		.loc 1 167 0
 148 0064 70BC     		pop	{r4, r5, r6}
 149 0066 7047     		bx	lr
 150              	.LVL8:
 151              	.L9:
 149:/home/jonas/warwick/3dProfilometer/xpcc/ext/stm32f4xx_lib/STM32F4xx_StdPeriph_Driver/src/stm32f4xx_exti.c ****       EXTI->RTSR |= EXTI_InitStruct->EXTI_Line;
 152              		.loc 1 149 0
 153 0068 9968     		ldr	r1, [r3, #8]
 154 006a 1143     		orrs	r1, r1, r2
 155 006c 9960     		str	r1, [r3, #8]
 150:/home/jonas/warwick/3dProfilometer/xpcc/ext/stm32f4xx_lib/STM32F4xx_StdPeriph_Driver/src/stm32f4xx_exti.c ****       EXTI->FTSR |= EXTI_InitStruct->EXTI_Line;
 156              		.loc 1 150 0
 157 006e D968     		ldr	r1, [r3, #12]
 158 0070 0A43     		orrs	r2, r2, r1
 159 0072 DA60     		str	r2, [r3, #12]
 160 0074 F6E7     		b	.L4
 161              	.L11:
 162 0076 00BF     		.align	2
 163              	.L10:
 164 0078 003C0140 		.word	1073822720
 165              		.cfi_endproc
 166              	.LFE111:
 168              		.section	.text.EXTI_StructInit,"ax",%progbits
 169              		.align	2
 170              		.global	EXTI_StructInit
 171              		.thumb
 172              		.thumb_func
 174              	EXTI_StructInit:
 175              	.LFB112:
 168:/home/jonas/warwick/3dProfilometer/xpcc/ext/stm32f4xx_lib/STM32F4xx_StdPeriph_Driver/src/stm32f4xx_exti.c **** 
 169:/home/jonas/warwick/3dProfilometer/xpcc/ext/stm32f4xx_lib/STM32F4xx_StdPeriph_Driver/src/stm32f4xx_exti.c **** /**
 170:/home/jonas/warwick/3dProfilometer/xpcc/ext/stm32f4xx_lib/STM32F4xx_StdPeriph_Driver/src/stm32f4xx_exti.c ****   * @brief  Fills each EXTI_InitStruct member with its reset value.
 171:/home/jonas/warwick/3dProfilometer/xpcc/ext/stm32f4xx_lib/STM32F4xx_StdPeriph_Driver/src/stm32f4xx_exti.c ****   * @param  EXTI_InitStruct: pointer to a EXTI_InitTypeDef structure which will
 172:/home/jonas/warwick/3dProfilometer/xpcc/ext/stm32f4xx_lib/STM32F4xx_StdPeriph_Driver/src/stm32f4xx_exti.c ****   *         be initialized.
 173:/home/jonas/warwick/3dProfilometer/xpcc/ext/stm32f4xx_lib/STM32F4xx_StdPeriph_Driver/src/stm32f4xx_exti.c ****   * @retval None
 174:/home/jonas/warwick/3dProfilometer/xpcc/ext/stm32f4xx_lib/STM32F4xx_StdPeriph_Driver/src/stm32f4xx_exti.c ****   */
 175:/home/jonas/warwick/3dProfilometer/xpcc/ext/stm32f4xx_lib/STM32F4xx_StdPeriph_Driver/src/stm32f4xx_exti.c **** void EXTI_StructInit(EXTI_InitTypeDef* EXTI_InitStruct)
 176:/home/jonas/warwick/3dProfilometer/xpcc/ext/stm32f4xx_lib/STM32F4xx_StdPeriph_Driver/src/stm32f4xx_exti.c **** {
 176              		.loc 1 176 0
 177              		.cfi_startproc
 178              		@ args = 0, pretend = 0, frame = 0
 179              		@ frame_needed = 0, uses_anonymous_args = 0
 180              		@ link register save eliminated.
 181              	.LVL9:
 177:/home/jonas/warwick/3dProfilometer/xpcc/ext/stm32f4xx_lib/STM32F4xx_StdPeriph_Driver/src/stm32f4xx_exti.c ****   EXTI_InitStruct->EXTI_Line = EXTI_LINENONE;
 182              		.loc 1 177 0
 183 0000 0023     		movs	r3, #0
 178:/home/jonas/warwick/3dProfilometer/xpcc/ext/stm32f4xx_lib/STM32F4xx_StdPeriph_Driver/src/stm32f4xx_exti.c ****   EXTI_InitStruct->EXTI_Mode = EXTI_Mode_Interrupt;
 179:/home/jonas/warwick/3dProfilometer/xpcc/ext/stm32f4xx_lib/STM32F4xx_StdPeriph_Driver/src/stm32f4xx_exti.c ****   EXTI_InitStruct->EXTI_Trigger = EXTI_Trigger_Falling;
 184              		.loc 1 179 0
 185 0002 0C22     		movs	r2, #12
 177:/home/jonas/warwick/3dProfilometer/xpcc/ext/stm32f4xx_lib/STM32F4xx_StdPeriph_Driver/src/stm32f4xx_exti.c ****   EXTI_InitStruct->EXTI_Line = EXTI_LINENONE;
 186              		.loc 1 177 0
 187 0004 0360     		str	r3, [r0, #0]
 178:/home/jonas/warwick/3dProfilometer/xpcc/ext/stm32f4xx_lib/STM32F4xx_StdPeriph_Driver/src/stm32f4xx_exti.c ****   EXTI_InitStruct->EXTI_Mode = EXTI_Mode_Interrupt;
 188              		.loc 1 178 0
 189 0006 0371     		strb	r3, [r0, #4]
 190              		.loc 1 179 0
 191 0008 4271     		strb	r2, [r0, #5]
 180:/home/jonas/warwick/3dProfilometer/xpcc/ext/stm32f4xx_lib/STM32F4xx_StdPeriph_Driver/src/stm32f4xx_exti.c ****   EXTI_InitStruct->EXTI_LineCmd = DISABLE;
 192              		.loc 1 180 0
 193 000a 8371     		strb	r3, [r0, #6]
 194 000c 7047     		bx	lr
 195              		.cfi_endproc
 196              	.LFE112:
 198 000e 00BF     		.section	.text.EXTI_GenerateSWInterrupt,"ax",%progbits
 199              		.align	2
 200              		.global	EXTI_GenerateSWInterrupt
 201              		.thumb
 202              		.thumb_func
 204              	EXTI_GenerateSWInterrupt:
 205              	.LFB113:
 181:/home/jonas/warwick/3dProfilometer/xpcc/ext/stm32f4xx_lib/STM32F4xx_StdPeriph_Driver/src/stm32f4xx_exti.c **** }
 182:/home/jonas/warwick/3dProfilometer/xpcc/ext/stm32f4xx_lib/STM32F4xx_StdPeriph_Driver/src/stm32f4xx_exti.c **** 
 183:/home/jonas/warwick/3dProfilometer/xpcc/ext/stm32f4xx_lib/STM32F4xx_StdPeriph_Driver/src/stm32f4xx_exti.c **** /**
 184:/home/jonas/warwick/3dProfilometer/xpcc/ext/stm32f4xx_lib/STM32F4xx_StdPeriph_Driver/src/stm32f4xx_exti.c ****   * @brief  Generates a Software interrupt on selected EXTI line.
 185:/home/jonas/warwick/3dProfilometer/xpcc/ext/stm32f4xx_lib/STM32F4xx_StdPeriph_Driver/src/stm32f4xx_exti.c ****   * @param  EXTI_Line: specifies the EXTI line on which the software interrupt
 186:/home/jonas/warwick/3dProfilometer/xpcc/ext/stm32f4xx_lib/STM32F4xx_StdPeriph_Driver/src/stm32f4xx_exti.c ****   *         will be generated.
 187:/home/jonas/warwick/3dProfilometer/xpcc/ext/stm32f4xx_lib/STM32F4xx_StdPeriph_Driver/src/stm32f4xx_exti.c ****   *         This parameter can be any combination of EXTI_Linex where x can be (0..22)
 188:/home/jonas/warwick/3dProfilometer/xpcc/ext/stm32f4xx_lib/STM32F4xx_StdPeriph_Driver/src/stm32f4xx_exti.c ****   * @retval None
 189:/home/jonas/warwick/3dProfilometer/xpcc/ext/stm32f4xx_lib/STM32F4xx_StdPeriph_Driver/src/stm32f4xx_exti.c ****   */
 190:/home/jonas/warwick/3dProfilometer/xpcc/ext/stm32f4xx_lib/STM32F4xx_StdPeriph_Driver/src/stm32f4xx_exti.c **** void EXTI_GenerateSWInterrupt(uint32_t EXTI_Line)
 191:/home/jonas/warwick/3dProfilometer/xpcc/ext/stm32f4xx_lib/STM32F4xx_StdPeriph_Driver/src/stm32f4xx_exti.c **** {
 206              		.loc 1 191 0
 207              		.cfi_startproc
 208              		@ args = 0, pretend = 0, frame = 0
 209              		@ frame_needed = 0, uses_anonymous_args = 0
 210              		@ link register save eliminated.
 211              	.LVL10:
 192:/home/jonas/warwick/3dProfilometer/xpcc/ext/stm32f4xx_lib/STM32F4xx_StdPeriph_Driver/src/stm32f4xx_exti.c ****   /* Check the parameters */
 193:/home/jonas/warwick/3dProfilometer/xpcc/ext/stm32f4xx_lib/STM32F4xx_StdPeriph_Driver/src/stm32f4xx_exti.c ****   assert_param(IS_EXTI_LINE(EXTI_Line));
 194:/home/jonas/warwick/3dProfilometer/xpcc/ext/stm32f4xx_lib/STM32F4xx_StdPeriph_Driver/src/stm32f4xx_exti.c ****   
 195:/home/jonas/warwick/3dProfilometer/xpcc/ext/stm32f4xx_lib/STM32F4xx_StdPeriph_Driver/src/stm32f4xx_exti.c ****   EXTI->SWIER |= EXTI_Line;
 212              		.loc 1 195 0
 213 0000 024B     		ldr	r3, .L14
 214 0002 1A69     		ldr	r2, [r3, #16]
 215 0004 1043     		orrs	r0, r0, r2
 216              	.LVL11:
 217 0006 1861     		str	r0, [r3, #16]
 218 0008 7047     		bx	lr
 219              	.L15:
 220 000a 00BF     		.align	2
 221              	.L14:
 222 000c 003C0140 		.word	1073822720
 223              		.cfi_endproc
 224              	.LFE113:
 226              		.section	.text.EXTI_GetFlagStatus,"ax",%progbits
 227              		.align	2
 228              		.global	EXTI_GetFlagStatus
 229              		.thumb
 230              		.thumb_func
 232              	EXTI_GetFlagStatus:
 233              	.LFB114:
 196:/home/jonas/warwick/3dProfilometer/xpcc/ext/stm32f4xx_lib/STM32F4xx_StdPeriph_Driver/src/stm32f4xx_exti.c **** }
 197:/home/jonas/warwick/3dProfilometer/xpcc/ext/stm32f4xx_lib/STM32F4xx_StdPeriph_Driver/src/stm32f4xx_exti.c **** 
 198:/home/jonas/warwick/3dProfilometer/xpcc/ext/stm32f4xx_lib/STM32F4xx_StdPeriph_Driver/src/stm32f4xx_exti.c **** /**
 199:/home/jonas/warwick/3dProfilometer/xpcc/ext/stm32f4xx_lib/STM32F4xx_StdPeriph_Driver/src/stm32f4xx_exti.c ****   * @}
 200:/home/jonas/warwick/3dProfilometer/xpcc/ext/stm32f4xx_lib/STM32F4xx_StdPeriph_Driver/src/stm32f4xx_exti.c ****   */
 201:/home/jonas/warwick/3dProfilometer/xpcc/ext/stm32f4xx_lib/STM32F4xx_StdPeriph_Driver/src/stm32f4xx_exti.c **** 
 202:/home/jonas/warwick/3dProfilometer/xpcc/ext/stm32f4xx_lib/STM32F4xx_StdPeriph_Driver/src/stm32f4xx_exti.c **** /** @defgroup EXTI_Group2 Interrupts and flags management functions
 203:/home/jonas/warwick/3dProfilometer/xpcc/ext/stm32f4xx_lib/STM32F4xx_StdPeriph_Driver/src/stm32f4xx_exti.c ****  *  @brief   Interrupts and flags management functions 
 204:/home/jonas/warwick/3dProfilometer/xpcc/ext/stm32f4xx_lib/STM32F4xx_StdPeriph_Driver/src/stm32f4xx_exti.c ****  *
 205:/home/jonas/warwick/3dProfilometer/xpcc/ext/stm32f4xx_lib/STM32F4xx_StdPeriph_Driver/src/stm32f4xx_exti.c **** @verbatim   
 206:/home/jonas/warwick/3dProfilometer/xpcc/ext/stm32f4xx_lib/STM32F4xx_StdPeriph_Driver/src/stm32f4xx_exti.c ****  ===============================================================================
 207:/home/jonas/warwick/3dProfilometer/xpcc/ext/stm32f4xx_lib/STM32F4xx_StdPeriph_Driver/src/stm32f4xx_exti.c ****                   Interrupts and flags management functions
 208:/home/jonas/warwick/3dProfilometer/xpcc/ext/stm32f4xx_lib/STM32F4xx_StdPeriph_Driver/src/stm32f4xx_exti.c ****  ===============================================================================  
 209:/home/jonas/warwick/3dProfilometer/xpcc/ext/stm32f4xx_lib/STM32F4xx_StdPeriph_Driver/src/stm32f4xx_exti.c **** 
 210:/home/jonas/warwick/3dProfilometer/xpcc/ext/stm32f4xx_lib/STM32F4xx_StdPeriph_Driver/src/stm32f4xx_exti.c **** @endverbatim
 211:/home/jonas/warwick/3dProfilometer/xpcc/ext/stm32f4xx_lib/STM32F4xx_StdPeriph_Driver/src/stm32f4xx_exti.c ****   * @{
 212:/home/jonas/warwick/3dProfilometer/xpcc/ext/stm32f4xx_lib/STM32F4xx_StdPeriph_Driver/src/stm32f4xx_exti.c ****   */
 213:/home/jonas/warwick/3dProfilometer/xpcc/ext/stm32f4xx_lib/STM32F4xx_StdPeriph_Driver/src/stm32f4xx_exti.c **** 
 214:/home/jonas/warwick/3dProfilometer/xpcc/ext/stm32f4xx_lib/STM32F4xx_StdPeriph_Driver/src/stm32f4xx_exti.c **** /**
 215:/home/jonas/warwick/3dProfilometer/xpcc/ext/stm32f4xx_lib/STM32F4xx_StdPeriph_Driver/src/stm32f4xx_exti.c ****   * @brief  Checks whether the specified EXTI line flag is set or not.
 216:/home/jonas/warwick/3dProfilometer/xpcc/ext/stm32f4xx_lib/STM32F4xx_StdPeriph_Driver/src/stm32f4xx_exti.c ****   * @param  EXTI_Line: specifies the EXTI line flag to check.
 217:/home/jonas/warwick/3dProfilometer/xpcc/ext/stm32f4xx_lib/STM32F4xx_StdPeriph_Driver/src/stm32f4xx_exti.c ****   *          This parameter can be EXTI_Linex where x can be(0..22)
 218:/home/jonas/warwick/3dProfilometer/xpcc/ext/stm32f4xx_lib/STM32F4xx_StdPeriph_Driver/src/stm32f4xx_exti.c ****   * @retval The new state of EXTI_Line (SET or RESET).
 219:/home/jonas/warwick/3dProfilometer/xpcc/ext/stm32f4xx_lib/STM32F4xx_StdPeriph_Driver/src/stm32f4xx_exti.c ****   */
 220:/home/jonas/warwick/3dProfilometer/xpcc/ext/stm32f4xx_lib/STM32F4xx_StdPeriph_Driver/src/stm32f4xx_exti.c **** FlagStatus EXTI_GetFlagStatus(uint32_t EXTI_Line)
 221:/home/jonas/warwick/3dProfilometer/xpcc/ext/stm32f4xx_lib/STM32F4xx_StdPeriph_Driver/src/stm32f4xx_exti.c **** {
 234              		.loc 1 221 0
 235              		.cfi_startproc
 236              		@ args = 0, pretend = 0, frame = 0
 237              		@ frame_needed = 0, uses_anonymous_args = 0
 238              		@ link register save eliminated.
 239              	.LVL12:
 222:/home/jonas/warwick/3dProfilometer/xpcc/ext/stm32f4xx_lib/STM32F4xx_StdPeriph_Driver/src/stm32f4xx_exti.c ****   FlagStatus bitstatus = RESET;
 223:/home/jonas/warwick/3dProfilometer/xpcc/ext/stm32f4xx_lib/STM32F4xx_StdPeriph_Driver/src/stm32f4xx_exti.c ****   /* Check the parameters */
 224:/home/jonas/warwick/3dProfilometer/xpcc/ext/stm32f4xx_lib/STM32F4xx_StdPeriph_Driver/src/stm32f4xx_exti.c ****   assert_param(IS_GET_EXTI_LINE(EXTI_Line));
 225:/home/jonas/warwick/3dProfilometer/xpcc/ext/stm32f4xx_lib/STM32F4xx_StdPeriph_Driver/src/stm32f4xx_exti.c ****   
 226:/home/jonas/warwick/3dProfilometer/xpcc/ext/stm32f4xx_lib/STM32F4xx_StdPeriph_Driver/src/stm32f4xx_exti.c ****   if ((EXTI->PR & EXTI_Line) != (uint32_t)RESET)
 240              		.loc 1 226 0
 241 0000 034B     		ldr	r3, .L17
 242 0002 5B69     		ldr	r3, [r3, #20]
 243              	.LVL13:
 244 0004 1842     		tst	r0, r3
 227:/home/jonas/warwick/3dProfilometer/xpcc/ext/stm32f4xx_lib/STM32F4xx_StdPeriph_Driver/src/stm32f4xx_exti.c ****   {
 228:/home/jonas/warwick/3dProfilometer/xpcc/ext/stm32f4xx_lib/STM32F4xx_StdPeriph_Driver/src/stm32f4xx_exti.c ****     bitstatus = SET;
 229:/home/jonas/warwick/3dProfilometer/xpcc/ext/stm32f4xx_lib/STM32F4xx_StdPeriph_Driver/src/stm32f4xx_exti.c ****   }
 230:/home/jonas/warwick/3dProfilometer/xpcc/ext/stm32f4xx_lib/STM32F4xx_StdPeriph_Driver/src/stm32f4xx_exti.c ****   else
 231:/home/jonas/warwick/3dProfilometer/xpcc/ext/stm32f4xx_lib/STM32F4xx_StdPeriph_Driver/src/stm32f4xx_exti.c ****   {
 232:/home/jonas/warwick/3dProfilometer/xpcc/ext/stm32f4xx_lib/STM32F4xx_StdPeriph_Driver/src/stm32f4xx_exti.c ****     bitstatus = RESET;
 233:/home/jonas/warwick/3dProfilometer/xpcc/ext/stm32f4xx_lib/STM32F4xx_StdPeriph_Driver/src/stm32f4xx_exti.c ****   }
 234:/home/jonas/warwick/3dProfilometer/xpcc/ext/stm32f4xx_lib/STM32F4xx_StdPeriph_Driver/src/stm32f4xx_exti.c ****   return bitstatus;
 235:/home/jonas/warwick/3dProfilometer/xpcc/ext/stm32f4xx_lib/STM32F4xx_StdPeriph_Driver/src/stm32f4xx_exti.c **** }
 245              		.loc 1 235 0
 246 0006 0CBF     		ite	eq
 247 0008 0020     		moveq	r0, #0
 248 000a 0120     		movne	r0, #1
 249              	.LVL14:
 250 000c 7047     		bx	lr
 251              	.L18:
 252 000e 00BF     		.align	2
 253              	.L17:
 254 0010 003C0140 		.word	1073822720
 255              		.cfi_endproc
 256              	.LFE114:
 258              		.section	.text.EXTI_ClearFlag,"ax",%progbits
 259              		.align	2
 260              		.global	EXTI_ClearFlag
 261              		.thumb
 262              		.thumb_func
 264              	EXTI_ClearFlag:
 265              	.LFB115:
 236:/home/jonas/warwick/3dProfilometer/xpcc/ext/stm32f4xx_lib/STM32F4xx_StdPeriph_Driver/src/stm32f4xx_exti.c **** 
 237:/home/jonas/warwick/3dProfilometer/xpcc/ext/stm32f4xx_lib/STM32F4xx_StdPeriph_Driver/src/stm32f4xx_exti.c **** /**
 238:/home/jonas/warwick/3dProfilometer/xpcc/ext/stm32f4xx_lib/STM32F4xx_StdPeriph_Driver/src/stm32f4xx_exti.c ****   * @brief  Clears the EXTI's line pending flags.
 239:/home/jonas/warwick/3dProfilometer/xpcc/ext/stm32f4xx_lib/STM32F4xx_StdPeriph_Driver/src/stm32f4xx_exti.c ****   * @param  EXTI_Line: specifies the EXTI lines flags to clear.
 240:/home/jonas/warwick/3dProfilometer/xpcc/ext/stm32f4xx_lib/STM32F4xx_StdPeriph_Driver/src/stm32f4xx_exti.c ****   *          This parameter can be any combination of EXTI_Linex where x can be (0..22)
 241:/home/jonas/warwick/3dProfilometer/xpcc/ext/stm32f4xx_lib/STM32F4xx_StdPeriph_Driver/src/stm32f4xx_exti.c ****   * @retval None
 242:/home/jonas/warwick/3dProfilometer/xpcc/ext/stm32f4xx_lib/STM32F4xx_StdPeriph_Driver/src/stm32f4xx_exti.c ****   */
 243:/home/jonas/warwick/3dProfilometer/xpcc/ext/stm32f4xx_lib/STM32F4xx_StdPeriph_Driver/src/stm32f4xx_exti.c **** void EXTI_ClearFlag(uint32_t EXTI_Line)
 244:/home/jonas/warwick/3dProfilometer/xpcc/ext/stm32f4xx_lib/STM32F4xx_StdPeriph_Driver/src/stm32f4xx_exti.c **** {
 266              		.loc 1 244 0
 267              		.cfi_startproc
 268              		@ args = 0, pretend = 0, frame = 0
 269              		@ frame_needed = 0, uses_anonymous_args = 0
 270              		@ link register save eliminated.
 271              	.LVL15:
 245:/home/jonas/warwick/3dProfilometer/xpcc/ext/stm32f4xx_lib/STM32F4xx_StdPeriph_Driver/src/stm32f4xx_exti.c ****   /* Check the parameters */
 246:/home/jonas/warwick/3dProfilometer/xpcc/ext/stm32f4xx_lib/STM32F4xx_StdPeriph_Driver/src/stm32f4xx_exti.c ****   assert_param(IS_EXTI_LINE(EXTI_Line));
 247:/home/jonas/warwick/3dProfilometer/xpcc/ext/stm32f4xx_lib/STM32F4xx_StdPeriph_Driver/src/stm32f4xx_exti.c ****   
 248:/home/jonas/warwick/3dProfilometer/xpcc/ext/stm32f4xx_lib/STM32F4xx_StdPeriph_Driver/src/stm32f4xx_exti.c ****   EXTI->PR = EXTI_Line;
 272              		.loc 1 248 0
 273 0000 014B     		ldr	r3, .L20
 274 0002 5861     		str	r0, [r3, #20]
 275 0004 7047     		bx	lr
 276              	.L21:
 277 0006 00BF     		.align	2
 278              	.L20:
 279 0008 003C0140 		.word	1073822720
 280              		.cfi_endproc
 281              	.LFE115:
 283              		.section	.text.EXTI_GetITStatus,"ax",%progbits
 284              		.align	2
 285              		.global	EXTI_GetITStatus
 286              		.thumb
 287              		.thumb_func
 289              	EXTI_GetITStatus:
 290              	.LFB116:
 249:/home/jonas/warwick/3dProfilometer/xpcc/ext/stm32f4xx_lib/STM32F4xx_StdPeriph_Driver/src/stm32f4xx_exti.c **** }
 250:/home/jonas/warwick/3dProfilometer/xpcc/ext/stm32f4xx_lib/STM32F4xx_StdPeriph_Driver/src/stm32f4xx_exti.c **** 
 251:/home/jonas/warwick/3dProfilometer/xpcc/ext/stm32f4xx_lib/STM32F4xx_StdPeriph_Driver/src/stm32f4xx_exti.c **** /**
 252:/home/jonas/warwick/3dProfilometer/xpcc/ext/stm32f4xx_lib/STM32F4xx_StdPeriph_Driver/src/stm32f4xx_exti.c ****   * @brief  Checks whether the specified EXTI line is asserted or not.
 253:/home/jonas/warwick/3dProfilometer/xpcc/ext/stm32f4xx_lib/STM32F4xx_StdPeriph_Driver/src/stm32f4xx_exti.c ****   * @param  EXTI_Line: specifies the EXTI line to check.
 254:/home/jonas/warwick/3dProfilometer/xpcc/ext/stm32f4xx_lib/STM32F4xx_StdPeriph_Driver/src/stm32f4xx_exti.c ****   *          This parameter can be EXTI_Linex where x can be(0..22)
 255:/home/jonas/warwick/3dProfilometer/xpcc/ext/stm32f4xx_lib/STM32F4xx_StdPeriph_Driver/src/stm32f4xx_exti.c ****   * @retval The new state of EXTI_Line (SET or RESET).
 256:/home/jonas/warwick/3dProfilometer/xpcc/ext/stm32f4xx_lib/STM32F4xx_StdPeriph_Driver/src/stm32f4xx_exti.c ****   */
 257:/home/jonas/warwick/3dProfilometer/xpcc/ext/stm32f4xx_lib/STM32F4xx_StdPeriph_Driver/src/stm32f4xx_exti.c **** ITStatus EXTI_GetITStatus(uint32_t EXTI_Line)
 258:/home/jonas/warwick/3dProfilometer/xpcc/ext/stm32f4xx_lib/STM32F4xx_StdPeriph_Driver/src/stm32f4xx_exti.c **** {
 291              		.loc 1 258 0
 292              		.cfi_startproc
 293              		@ args = 0, pretend = 0, frame = 0
 294              		@ frame_needed = 0, uses_anonymous_args = 0
 295              		@ link register save eliminated.
 296              	.LVL16:
 259:/home/jonas/warwick/3dProfilometer/xpcc/ext/stm32f4xx_lib/STM32F4xx_StdPeriph_Driver/src/stm32f4xx_exti.c ****   ITStatus bitstatus = RESET;
 260:/home/jonas/warwick/3dProfilometer/xpcc/ext/stm32f4xx_lib/STM32F4xx_StdPeriph_Driver/src/stm32f4xx_exti.c ****   uint32_t enablestatus = 0;
 261:/home/jonas/warwick/3dProfilometer/xpcc/ext/stm32f4xx_lib/STM32F4xx_StdPeriph_Driver/src/stm32f4xx_exti.c ****   /* Check the parameters */
 262:/home/jonas/warwick/3dProfilometer/xpcc/ext/stm32f4xx_lib/STM32F4xx_StdPeriph_Driver/src/stm32f4xx_exti.c ****   assert_param(IS_GET_EXTI_LINE(EXTI_Line));
 263:/home/jonas/warwick/3dProfilometer/xpcc/ext/stm32f4xx_lib/STM32F4xx_StdPeriph_Driver/src/stm32f4xx_exti.c ****   
 264:/home/jonas/warwick/3dProfilometer/xpcc/ext/stm32f4xx_lib/STM32F4xx_StdPeriph_Driver/src/stm32f4xx_exti.c ****   enablestatus =  EXTI->IMR & EXTI_Line;
 297              		.loc 1 264 0
 298 0000 054B     		ldr	r3, .L25
 299 0002 1A68     		ldr	r2, [r3, #0]
 265:/home/jonas/warwick/3dProfilometer/xpcc/ext/stm32f4xx_lib/STM32F4xx_StdPeriph_Driver/src/stm32f4xx_exti.c ****   if (((EXTI->PR & EXTI_Line) != (uint32_t)RESET) && (enablestatus != (uint32_t)RESET))
 300              		.loc 1 265 0
 301 0004 5B69     		ldr	r3, [r3, #20]
 302              	.LVL17:
 303 0006 0340     		ands	r3, r0, r3
 304 0008 04D0     		beq	.L24
 305              		.loc 1 265 0 is_stmt 0 discriminator 1
 306 000a 1042     		tst	r0, r2
 266:/home/jonas/warwick/3dProfilometer/xpcc/ext/stm32f4xx_lib/STM32F4xx_StdPeriph_Driver/src/stm32f4xx_exti.c ****   {
 267:/home/jonas/warwick/3dProfilometer/xpcc/ext/stm32f4xx_lib/STM32F4xx_StdPeriph_Driver/src/stm32f4xx_exti.c ****     bitstatus = SET;
 307              		.loc 1 267 0 is_stmt 1 discriminator 1
 308 000c 0CBF     		ite	eq
 309 000e 0020     		moveq	r0, #0
 310 0010 0120     		movne	r0, #1
 311              	.LVL18:
 312 0012 7047     		bx	lr
 313              	.LVL19:
 314              	.L24:
 268:/home/jonas/warwick/3dProfilometer/xpcc/ext/stm32f4xx_lib/STM32F4xx_StdPeriph_Driver/src/stm32f4xx_exti.c ****   }
 269:/home/jonas/warwick/3dProfilometer/xpcc/ext/stm32f4xx_lib/STM32F4xx_StdPeriph_Driver/src/stm32f4xx_exti.c ****   else
 270:/home/jonas/warwick/3dProfilometer/xpcc/ext/stm32f4xx_lib/STM32F4xx_StdPeriph_Driver/src/stm32f4xx_exti.c ****   {
 271:/home/jonas/warwick/3dProfilometer/xpcc/ext/stm32f4xx_lib/STM32F4xx_StdPeriph_Driver/src/stm32f4xx_exti.c ****     bitstatus = RESET;
 315              		.loc 1 271 0
 316 0014 1846     		mov	r0, r3
 317              	.LVL20:
 272:/home/jonas/warwick/3dProfilometer/xpcc/ext/stm32f4xx_lib/STM32F4xx_StdPeriph_Driver/src/stm32f4xx_exti.c ****   }
 273:/home/jonas/warwick/3dProfilometer/xpcc/ext/stm32f4xx_lib/STM32F4xx_StdPeriph_Driver/src/stm32f4xx_exti.c ****   return bitstatus;
 274:/home/jonas/warwick/3dProfilometer/xpcc/ext/stm32f4xx_lib/STM32F4xx_StdPeriph_Driver/src/stm32f4xx_exti.c **** }
 318              		.loc 1 274 0
 319 0016 7047     		bx	lr
 320              	.L26:
 321              		.align	2
 322              	.L25:
 323 0018 003C0140 		.word	1073822720
 324              		.cfi_endproc
 325              	.LFE116:
 327              		.section	.text.EXTI_ClearITPendingBit,"ax",%progbits
 328              		.align	2
 329              		.global	EXTI_ClearITPendingBit
 330              		.thumb
 331              		.thumb_func
 333              	EXTI_ClearITPendingBit:
 334              	.LFB117:
 275:/home/jonas/warwick/3dProfilometer/xpcc/ext/stm32f4xx_lib/STM32F4xx_StdPeriph_Driver/src/stm32f4xx_exti.c **** 
 276:/home/jonas/warwick/3dProfilometer/xpcc/ext/stm32f4xx_lib/STM32F4xx_StdPeriph_Driver/src/stm32f4xx_exti.c **** /**
 277:/home/jonas/warwick/3dProfilometer/xpcc/ext/stm32f4xx_lib/STM32F4xx_StdPeriph_Driver/src/stm32f4xx_exti.c ****   * @brief  Clears the EXTI's line pending bits.
 278:/home/jonas/warwick/3dProfilometer/xpcc/ext/stm32f4xx_lib/STM32F4xx_StdPeriph_Driver/src/stm32f4xx_exti.c ****   * @param  EXTI_Line: specifies the EXTI lines to clear.
 279:/home/jonas/warwick/3dProfilometer/xpcc/ext/stm32f4xx_lib/STM32F4xx_StdPeriph_Driver/src/stm32f4xx_exti.c ****   *          This parameter can be any combination of EXTI_Linex where x can be (0..22)
 280:/home/jonas/warwick/3dProfilometer/xpcc/ext/stm32f4xx_lib/STM32F4xx_StdPeriph_Driver/src/stm32f4xx_exti.c ****   * @retval None
 281:/home/jonas/warwick/3dProfilometer/xpcc/ext/stm32f4xx_lib/STM32F4xx_StdPeriph_Driver/src/stm32f4xx_exti.c ****   */
 282:/home/jonas/warwick/3dProfilometer/xpcc/ext/stm32f4xx_lib/STM32F4xx_StdPeriph_Driver/src/stm32f4xx_exti.c **** void EXTI_ClearITPendingBit(uint32_t EXTI_Line)
 283:/home/jonas/warwick/3dProfilometer/xpcc/ext/stm32f4xx_lib/STM32F4xx_StdPeriph_Driver/src/stm32f4xx_exti.c **** {
 335              		.loc 1 283 0
 336              		.cfi_startproc
 337              		@ args = 0, pretend = 0, frame = 0
 338              		@ frame_needed = 0, uses_anonymous_args = 0
 339              		@ link register save eliminated.
 340              	.LVL21:
 284:/home/jonas/warwick/3dProfilometer/xpcc/ext/stm32f4xx_lib/STM32F4xx_StdPeriph_Driver/src/stm32f4xx_exti.c ****   /* Check the parameters */
 285:/home/jonas/warwick/3dProfilometer/xpcc/ext/stm32f4xx_lib/STM32F4xx_StdPeriph_Driver/src/stm32f4xx_exti.c ****   assert_param(IS_EXTI_LINE(EXTI_Line));
 286:/home/jonas/warwick/3dProfilometer/xpcc/ext/stm32f4xx_lib/STM32F4xx_StdPeriph_Driver/src/stm32f4xx_exti.c ****   
 287:/home/jonas/warwick/3dProfilometer/xpcc/ext/stm32f4xx_lib/STM32F4xx_StdPeriph_Driver/src/stm32f4xx_exti.c ****   EXTI->PR = EXTI_Line;
 341              		.loc 1 287 0
 342 0000 014B     		ldr	r3, .L28
 343 0002 5861     		str	r0, [r3, #20]
 344 0004 7047     		bx	lr
 345              	.L29:
 346 0006 00BF     		.align	2
 347              	.L28:
 348 0008 003C0140 		.word	1073822720
 349              		.cfi_endproc
 350              	.LFE117:
 352              		.text
 353              	.Letext0:
 354              		.file 2 "/opt/arm-2012.09/bin/../lib/gcc/arm-none-eabi/4.7.2/../../../../arm-none-eabi/include/std
 355              		.file 3 "/home/jonas/warwick/3dProfilometer/xpcc/ext/stm32f4xx_lib/CMSIS/Device/ST/STM32F4xx/Inclu
 356              		.file 4 "/home/jonas/warwick/3dProfilometer/xpcc/ext/stm32f4xx_lib/STM32F4xx_StdPeriph_Driver/inc/
 357              		.file 5 "/home/jonas/warwick/3dProfilometer/xpcc/ext/stm32f4xx_lib/CMSIS/Include/core_cm4.h"
DEFINED SYMBOLS
                            *ABS*:00000000 stm32f4xx_exti.c
     /tmp/ccVD25fp.s:20     .text.EXTI_DeInit:00000000 $t
     /tmp/ccVD25fp.s:25     .text.EXTI_DeInit:00000000 EXTI_DeInit
     /tmp/ccVD25fp.s:50     .text.EXTI_DeInit:00000014 $d
     /tmp/ccVD25fp.s:56     .text.EXTI_Init:00000000 $t
     /tmp/ccVD25fp.s:61     .text.EXTI_Init:00000000 EXTI_Init
     /tmp/ccVD25fp.s:164    .text.EXTI_Init:00000078 $d
     /tmp/ccVD25fp.s:169    .text.EXTI_StructInit:00000000 $t
     /tmp/ccVD25fp.s:174    .text.EXTI_StructInit:00000000 EXTI_StructInit
     /tmp/ccVD25fp.s:199    .text.EXTI_GenerateSWInterrupt:00000000 $t
     /tmp/ccVD25fp.s:204    .text.EXTI_GenerateSWInterrupt:00000000 EXTI_GenerateSWInterrupt
     /tmp/ccVD25fp.s:222    .text.EXTI_GenerateSWInterrupt:0000000c $d
     /tmp/ccVD25fp.s:227    .text.EXTI_GetFlagStatus:00000000 $t
     /tmp/ccVD25fp.s:232    .text.EXTI_GetFlagStatus:00000000 EXTI_GetFlagStatus
     /tmp/ccVD25fp.s:254    .text.EXTI_GetFlagStatus:00000010 $d
     /tmp/ccVD25fp.s:259    .text.EXTI_ClearFlag:00000000 $t
     /tmp/ccVD25fp.s:264    .text.EXTI_ClearFlag:00000000 EXTI_ClearFlag
     /tmp/ccVD25fp.s:279    .text.EXTI_ClearFlag:00000008 $d
     /tmp/ccVD25fp.s:284    .text.EXTI_GetITStatus:00000000 $t
     /tmp/ccVD25fp.s:289    .text.EXTI_GetITStatus:00000000 EXTI_GetITStatus
     /tmp/ccVD25fp.s:323    .text.EXTI_GetITStatus:00000018 $d
     /tmp/ccVD25fp.s:328    .text.EXTI_ClearITPendingBit:00000000 $t
     /tmp/ccVD25fp.s:333    .text.EXTI_ClearITPendingBit:00000000 EXTI_ClearITPendingBit
     /tmp/ccVD25fp.s:348    .text.EXTI_ClearITPendingBit:00000008 $d
                     .debug_frame:00000010 $d

NO UNDEFINED SYMBOLS
