   1              		.syntax unified
   2              		.cpu cortex-m4
   3              		.eabi_attribute 27, 3
   4              		.fpu fpv4-sp-d16
   5              		.eabi_attribute 20, 1
   6              		.eabi_attribute 21, 1
   7              		.eabi_attribute 23, 3
   8              		.eabi_attribute 24, 1
   9              		.eabi_attribute 25, 1
  10              		.eabi_attribute 26, 1
  11              		.eabi_attribute 30, 2
  12              		.eabi_attribute 34, 1
  13              		.eabi_attribute 18, 4
  14              		.thumb
  15              		.file	"stm32f4xx_wwdg.c"
  16              		.text
  17              	.Ltext0:
  18              		.cfi_sections	.debug_frame
  19              		.section	.text.WWDG_DeInit,"ax",%progbits
  20              		.align	2
  21              		.global	WWDG_DeInit
  22              		.thumb
  23              		.thumb_func
  25              	WWDG_DeInit:
  26              	.LFB110:
  27              		.file 1 "/home/jonas/warwick/3dProfilometer/xpcc/ext/stm32f4xx_lib/STM32F4xx_StdPeriph_Driver/src/
   1:/home/jonas/warwick/3dProfilometer/xpcc/ext/stm32f4xx_lib/STM32F4xx_StdPeriph_Driver/src/stm32f4xx_wwdg.c **** /**
   2:/home/jonas/warwick/3dProfilometer/xpcc/ext/stm32f4xx_lib/STM32F4xx_StdPeriph_Driver/src/stm32f4xx_wwdg.c ****   ******************************************************************************
   3:/home/jonas/warwick/3dProfilometer/xpcc/ext/stm32f4xx_lib/STM32F4xx_StdPeriph_Driver/src/stm32f4xx_wwdg.c ****   * @file    stm32f4xx_wwdg.c
   4:/home/jonas/warwick/3dProfilometer/xpcc/ext/stm32f4xx_lib/STM32F4xx_StdPeriph_Driver/src/stm32f4xx_wwdg.c ****   * @author  MCD Application Team
   5:/home/jonas/warwick/3dProfilometer/xpcc/ext/stm32f4xx_lib/STM32F4xx_StdPeriph_Driver/src/stm32f4xx_wwdg.c ****   * @version V1.0.0
   6:/home/jonas/warwick/3dProfilometer/xpcc/ext/stm32f4xx_lib/STM32F4xx_StdPeriph_Driver/src/stm32f4xx_wwdg.c ****   * @date    30-September-2011
   7:/home/jonas/warwick/3dProfilometer/xpcc/ext/stm32f4xx_lib/STM32F4xx_StdPeriph_Driver/src/stm32f4xx_wwdg.c ****   * @brief   This file provides firmware functions to manage the following 
   8:/home/jonas/warwick/3dProfilometer/xpcc/ext/stm32f4xx_lib/STM32F4xx_StdPeriph_Driver/src/stm32f4xx_wwdg.c ****   *          functionalities of the Window watchdog (WWDG) peripheral:           
   9:/home/jonas/warwick/3dProfilometer/xpcc/ext/stm32f4xx_lib/STM32F4xx_StdPeriph_Driver/src/stm32f4xx_wwdg.c ****   *           - Prescaler, Refresh window and Counter configuration
  10:/home/jonas/warwick/3dProfilometer/xpcc/ext/stm32f4xx_lib/STM32F4xx_StdPeriph_Driver/src/stm32f4xx_wwdg.c ****   *           - WWDG activation
  11:/home/jonas/warwick/3dProfilometer/xpcc/ext/stm32f4xx_lib/STM32F4xx_StdPeriph_Driver/src/stm32f4xx_wwdg.c ****   *           - Interrupts and flags management
  12:/home/jonas/warwick/3dProfilometer/xpcc/ext/stm32f4xx_lib/STM32F4xx_StdPeriph_Driver/src/stm32f4xx_wwdg.c ****   *             
  13:/home/jonas/warwick/3dProfilometer/xpcc/ext/stm32f4xx_lib/STM32F4xx_StdPeriph_Driver/src/stm32f4xx_wwdg.c ****   *  @verbatim
  14:/home/jonas/warwick/3dProfilometer/xpcc/ext/stm32f4xx_lib/STM32F4xx_StdPeriph_Driver/src/stm32f4xx_wwdg.c ****   *    
  15:/home/jonas/warwick/3dProfilometer/xpcc/ext/stm32f4xx_lib/STM32F4xx_StdPeriph_Driver/src/stm32f4xx_wwdg.c ****   *          ===================================================================
  16:/home/jonas/warwick/3dProfilometer/xpcc/ext/stm32f4xx_lib/STM32F4xx_StdPeriph_Driver/src/stm32f4xx_wwdg.c ****   *                                     WWDG features
  17:/home/jonas/warwick/3dProfilometer/xpcc/ext/stm32f4xx_lib/STM32F4xx_StdPeriph_Driver/src/stm32f4xx_wwdg.c ****   *          ===================================================================
  18:/home/jonas/warwick/3dProfilometer/xpcc/ext/stm32f4xx_lib/STM32F4xx_StdPeriph_Driver/src/stm32f4xx_wwdg.c ****   *                                        
  19:/home/jonas/warwick/3dProfilometer/xpcc/ext/stm32f4xx_lib/STM32F4xx_StdPeriph_Driver/src/stm32f4xx_wwdg.c ****   *          Once enabled the WWDG generates a system reset on expiry of a programmed
  20:/home/jonas/warwick/3dProfilometer/xpcc/ext/stm32f4xx_lib/STM32F4xx_StdPeriph_Driver/src/stm32f4xx_wwdg.c ****   *          time period, unless the program refreshes the counter (downcounter) 
  21:/home/jonas/warwick/3dProfilometer/xpcc/ext/stm32f4xx_lib/STM32F4xx_StdPeriph_Driver/src/stm32f4xx_wwdg.c ****   *          before to reach 0x3F value (i.e. a reset is generated when the counter
  22:/home/jonas/warwick/3dProfilometer/xpcc/ext/stm32f4xx_lib/STM32F4xx_StdPeriph_Driver/src/stm32f4xx_wwdg.c ****   *          value rolls over from 0x40 to 0x3F). 
  23:/home/jonas/warwick/3dProfilometer/xpcc/ext/stm32f4xx_lib/STM32F4xx_StdPeriph_Driver/src/stm32f4xx_wwdg.c ****   *          An MCU reset is also generated if the counter value is refreshed
  24:/home/jonas/warwick/3dProfilometer/xpcc/ext/stm32f4xx_lib/STM32F4xx_StdPeriph_Driver/src/stm32f4xx_wwdg.c ****   *          before the counter has reached the refresh window value. This 
  25:/home/jonas/warwick/3dProfilometer/xpcc/ext/stm32f4xx_lib/STM32F4xx_StdPeriph_Driver/src/stm32f4xx_wwdg.c ****   *          implies that the counter must be refreshed in a limited window.
  26:/home/jonas/warwick/3dProfilometer/xpcc/ext/stm32f4xx_lib/STM32F4xx_StdPeriph_Driver/src/stm32f4xx_wwdg.c ****   *            
  27:/home/jonas/warwick/3dProfilometer/xpcc/ext/stm32f4xx_lib/STM32F4xx_StdPeriph_Driver/src/stm32f4xx_wwdg.c ****   *          Once enabled the WWDG cannot be disabled except by a system reset.                    
  28:/home/jonas/warwick/3dProfilometer/xpcc/ext/stm32f4xx_lib/STM32F4xx_StdPeriph_Driver/src/stm32f4xx_wwdg.c ****   *          
  29:/home/jonas/warwick/3dProfilometer/xpcc/ext/stm32f4xx_lib/STM32F4xx_StdPeriph_Driver/src/stm32f4xx_wwdg.c ****   *          WWDGRST flag in RCC_CSR register can be used to inform when a WWDG
  30:/home/jonas/warwick/3dProfilometer/xpcc/ext/stm32f4xx_lib/STM32F4xx_StdPeriph_Driver/src/stm32f4xx_wwdg.c ****   *          reset occurs.
  31:/home/jonas/warwick/3dProfilometer/xpcc/ext/stm32f4xx_lib/STM32F4xx_StdPeriph_Driver/src/stm32f4xx_wwdg.c ****   *            
  32:/home/jonas/warwick/3dProfilometer/xpcc/ext/stm32f4xx_lib/STM32F4xx_StdPeriph_Driver/src/stm32f4xx_wwdg.c ****   *          The WWDG counter input clock is derived from the APB clock divided 
  33:/home/jonas/warwick/3dProfilometer/xpcc/ext/stm32f4xx_lib/STM32F4xx_StdPeriph_Driver/src/stm32f4xx_wwdg.c ****   *          by a programmable prescaler.
  34:/home/jonas/warwick/3dProfilometer/xpcc/ext/stm32f4xx_lib/STM32F4xx_StdPeriph_Driver/src/stm32f4xx_wwdg.c ****   *              
  35:/home/jonas/warwick/3dProfilometer/xpcc/ext/stm32f4xx_lib/STM32F4xx_StdPeriph_Driver/src/stm32f4xx_wwdg.c ****   *          WWDG counter clock = PCLK1 / Prescaler
  36:/home/jonas/warwick/3dProfilometer/xpcc/ext/stm32f4xx_lib/STM32F4xx_StdPeriph_Driver/src/stm32f4xx_wwdg.c ****   *          WWDG timeout = (WWDG counter clock) * (counter value)
  37:/home/jonas/warwick/3dProfilometer/xpcc/ext/stm32f4xx_lib/STM32F4xx_StdPeriph_Driver/src/stm32f4xx_wwdg.c ****   *                      
  38:/home/jonas/warwick/3dProfilometer/xpcc/ext/stm32f4xx_lib/STM32F4xx_StdPeriph_Driver/src/stm32f4xx_wwdg.c ****   *          Min-max timeout value @42 MHz(PCLK1): ~97.5 us / ~49.9 ms
  39:/home/jonas/warwick/3dProfilometer/xpcc/ext/stm32f4xx_lib/STM32F4xx_StdPeriph_Driver/src/stm32f4xx_wwdg.c ****   *                            
  40:/home/jonas/warwick/3dProfilometer/xpcc/ext/stm32f4xx_lib/STM32F4xx_StdPeriph_Driver/src/stm32f4xx_wwdg.c ****   *          ===================================================================
  41:/home/jonas/warwick/3dProfilometer/xpcc/ext/stm32f4xx_lib/STM32F4xx_StdPeriph_Driver/src/stm32f4xx_wwdg.c ****   *                                 How to use this driver
  42:/home/jonas/warwick/3dProfilometer/xpcc/ext/stm32f4xx_lib/STM32F4xx_StdPeriph_Driver/src/stm32f4xx_wwdg.c ****   *          =================================================================== 
  43:/home/jonas/warwick/3dProfilometer/xpcc/ext/stm32f4xx_lib/STM32F4xx_StdPeriph_Driver/src/stm32f4xx_wwdg.c ****   *          1. Enable WWDG clock using RCC_APB1PeriphClockCmd(RCC_APB1Periph_WWDG, ENABLE) functio
  44:/home/jonas/warwick/3dProfilometer/xpcc/ext/stm32f4xx_lib/STM32F4xx_StdPeriph_Driver/src/stm32f4xx_wwdg.c ****   *            
  45:/home/jonas/warwick/3dProfilometer/xpcc/ext/stm32f4xx_lib/STM32F4xx_StdPeriph_Driver/src/stm32f4xx_wwdg.c ****   *          2. Configure the WWDG prescaler using WWDG_SetPrescaler() function
  46:/home/jonas/warwick/3dProfilometer/xpcc/ext/stm32f4xx_lib/STM32F4xx_StdPeriph_Driver/src/stm32f4xx_wwdg.c ****   *                           
  47:/home/jonas/warwick/3dProfilometer/xpcc/ext/stm32f4xx_lib/STM32F4xx_StdPeriph_Driver/src/stm32f4xx_wwdg.c ****   *          3. Configure the WWDG refresh window using WWDG_SetWindowValue() function
  48:/home/jonas/warwick/3dProfilometer/xpcc/ext/stm32f4xx_lib/STM32F4xx_StdPeriph_Driver/src/stm32f4xx_wwdg.c ****   *            
  49:/home/jonas/warwick/3dProfilometer/xpcc/ext/stm32f4xx_lib/STM32F4xx_StdPeriph_Driver/src/stm32f4xx_wwdg.c ****   *          4. Set the WWDG counter value and start it using WWDG_Enable() function.
  50:/home/jonas/warwick/3dProfilometer/xpcc/ext/stm32f4xx_lib/STM32F4xx_StdPeriph_Driver/src/stm32f4xx_wwdg.c ****   *             When the WWDG is enabled the counter value should be configured to 
  51:/home/jonas/warwick/3dProfilometer/xpcc/ext/stm32f4xx_lib/STM32F4xx_StdPeriph_Driver/src/stm32f4xx_wwdg.c ****   *             a value greater than 0x40 to prevent generating an immediate reset.     
  52:/home/jonas/warwick/3dProfilometer/xpcc/ext/stm32f4xx_lib/STM32F4xx_StdPeriph_Driver/src/stm32f4xx_wwdg.c ****   *            
  53:/home/jonas/warwick/3dProfilometer/xpcc/ext/stm32f4xx_lib/STM32F4xx_StdPeriph_Driver/src/stm32f4xx_wwdg.c ****   *          5. Optionally you can enable the Early wakeup interrupt which is 
  54:/home/jonas/warwick/3dProfilometer/xpcc/ext/stm32f4xx_lib/STM32F4xx_StdPeriph_Driver/src/stm32f4xx_wwdg.c ****   *             generated when the counter reach 0x40.
  55:/home/jonas/warwick/3dProfilometer/xpcc/ext/stm32f4xx_lib/STM32F4xx_StdPeriph_Driver/src/stm32f4xx_wwdg.c ****   *             Once enabled this interrupt cannot be disabled except by a system reset.
  56:/home/jonas/warwick/3dProfilometer/xpcc/ext/stm32f4xx_lib/STM32F4xx_StdPeriph_Driver/src/stm32f4xx_wwdg.c ****   *                 
  57:/home/jonas/warwick/3dProfilometer/xpcc/ext/stm32f4xx_lib/STM32F4xx_StdPeriph_Driver/src/stm32f4xx_wwdg.c ****   *          6. Then the application program must refresh the WWDG counter at regular
  58:/home/jonas/warwick/3dProfilometer/xpcc/ext/stm32f4xx_lib/STM32F4xx_StdPeriph_Driver/src/stm32f4xx_wwdg.c ****   *             intervals during normal operation to prevent an MCU reset, using
  59:/home/jonas/warwick/3dProfilometer/xpcc/ext/stm32f4xx_lib/STM32F4xx_StdPeriph_Driver/src/stm32f4xx_wwdg.c ****   *             WWDG_SetCounter() function. This operation must occur only when
  60:/home/jonas/warwick/3dProfilometer/xpcc/ext/stm32f4xx_lib/STM32F4xx_StdPeriph_Driver/src/stm32f4xx_wwdg.c ****   *             the counter value is lower than the refresh window value, 
  61:/home/jonas/warwick/3dProfilometer/xpcc/ext/stm32f4xx_lib/STM32F4xx_StdPeriph_Driver/src/stm32f4xx_wwdg.c ****   *             programmed using WWDG_SetWindowValue().         
  62:/home/jonas/warwick/3dProfilometer/xpcc/ext/stm32f4xx_lib/STM32F4xx_StdPeriph_Driver/src/stm32f4xx_wwdg.c ****   *
  63:/home/jonas/warwick/3dProfilometer/xpcc/ext/stm32f4xx_lib/STM32F4xx_StdPeriph_Driver/src/stm32f4xx_wwdg.c ****   *  @endverbatim  
  64:/home/jonas/warwick/3dProfilometer/xpcc/ext/stm32f4xx_lib/STM32F4xx_StdPeriph_Driver/src/stm32f4xx_wwdg.c ****   *                             
  65:/home/jonas/warwick/3dProfilometer/xpcc/ext/stm32f4xx_lib/STM32F4xx_StdPeriph_Driver/src/stm32f4xx_wwdg.c ****   ******************************************************************************
  66:/home/jonas/warwick/3dProfilometer/xpcc/ext/stm32f4xx_lib/STM32F4xx_StdPeriph_Driver/src/stm32f4xx_wwdg.c ****   * @attention
  67:/home/jonas/warwick/3dProfilometer/xpcc/ext/stm32f4xx_lib/STM32F4xx_StdPeriph_Driver/src/stm32f4xx_wwdg.c ****   *
  68:/home/jonas/warwick/3dProfilometer/xpcc/ext/stm32f4xx_lib/STM32F4xx_StdPeriph_Driver/src/stm32f4xx_wwdg.c ****   * THE PRESENT FIRMWARE WHICH IS FOR GUIDANCE ONLY AIMS AT PROVIDING CUSTOMERS
  69:/home/jonas/warwick/3dProfilometer/xpcc/ext/stm32f4xx_lib/STM32F4xx_StdPeriph_Driver/src/stm32f4xx_wwdg.c ****   * WITH CODING INFORMATION REGARDING THEIR PRODUCTS IN ORDER FOR THEM TO SAVE
  70:/home/jonas/warwick/3dProfilometer/xpcc/ext/stm32f4xx_lib/STM32F4xx_StdPeriph_Driver/src/stm32f4xx_wwdg.c ****   * TIME. AS A RESULT, STMICROELECTRONICS SHALL NOT BE HELD LIABLE FOR ANY
  71:/home/jonas/warwick/3dProfilometer/xpcc/ext/stm32f4xx_lib/STM32F4xx_StdPeriph_Driver/src/stm32f4xx_wwdg.c ****   * DIRECT, INDIRECT OR CONSEQUENTIAL DAMAGES WITH RESPECT TO ANY CLAIMS ARISING
  72:/home/jonas/warwick/3dProfilometer/xpcc/ext/stm32f4xx_lib/STM32F4xx_StdPeriph_Driver/src/stm32f4xx_wwdg.c ****   * FROM THE CONTENT OF SUCH FIRMWARE AND/OR THE USE MADE BY CUSTOMERS OF THE
  73:/home/jonas/warwick/3dProfilometer/xpcc/ext/stm32f4xx_lib/STM32F4xx_StdPeriph_Driver/src/stm32f4xx_wwdg.c ****   * CODING INFORMATION CONTAINED HEREIN IN CONNECTION WITH THEIR PRODUCTS.
  74:/home/jonas/warwick/3dProfilometer/xpcc/ext/stm32f4xx_lib/STM32F4xx_StdPeriph_Driver/src/stm32f4xx_wwdg.c ****   *
  75:/home/jonas/warwick/3dProfilometer/xpcc/ext/stm32f4xx_lib/STM32F4xx_StdPeriph_Driver/src/stm32f4xx_wwdg.c ****   * <h2><center>&copy; COPYRIGHT 2011 STMicroelectronics</center></h2>
  76:/home/jonas/warwick/3dProfilometer/xpcc/ext/stm32f4xx_lib/STM32F4xx_StdPeriph_Driver/src/stm32f4xx_wwdg.c ****   ******************************************************************************
  77:/home/jonas/warwick/3dProfilometer/xpcc/ext/stm32f4xx_lib/STM32F4xx_StdPeriph_Driver/src/stm32f4xx_wwdg.c ****   */
  78:/home/jonas/warwick/3dProfilometer/xpcc/ext/stm32f4xx_lib/STM32F4xx_StdPeriph_Driver/src/stm32f4xx_wwdg.c **** 
  79:/home/jonas/warwick/3dProfilometer/xpcc/ext/stm32f4xx_lib/STM32F4xx_StdPeriph_Driver/src/stm32f4xx_wwdg.c **** /* Includes ------------------------------------------------------------------*/
  80:/home/jonas/warwick/3dProfilometer/xpcc/ext/stm32f4xx_lib/STM32F4xx_StdPeriph_Driver/src/stm32f4xx_wwdg.c **** #include "stm32f4xx_wwdg.h"
  81:/home/jonas/warwick/3dProfilometer/xpcc/ext/stm32f4xx_lib/STM32F4xx_StdPeriph_Driver/src/stm32f4xx_wwdg.c **** #include "stm32f4xx_rcc.h"
  82:/home/jonas/warwick/3dProfilometer/xpcc/ext/stm32f4xx_lib/STM32F4xx_StdPeriph_Driver/src/stm32f4xx_wwdg.c **** 
  83:/home/jonas/warwick/3dProfilometer/xpcc/ext/stm32f4xx_lib/STM32F4xx_StdPeriph_Driver/src/stm32f4xx_wwdg.c **** /** @addtogroup STM32F4xx_StdPeriph_Driver
  84:/home/jonas/warwick/3dProfilometer/xpcc/ext/stm32f4xx_lib/STM32F4xx_StdPeriph_Driver/src/stm32f4xx_wwdg.c ****   * @{
  85:/home/jonas/warwick/3dProfilometer/xpcc/ext/stm32f4xx_lib/STM32F4xx_StdPeriph_Driver/src/stm32f4xx_wwdg.c ****   */
  86:/home/jonas/warwick/3dProfilometer/xpcc/ext/stm32f4xx_lib/STM32F4xx_StdPeriph_Driver/src/stm32f4xx_wwdg.c **** 
  87:/home/jonas/warwick/3dProfilometer/xpcc/ext/stm32f4xx_lib/STM32F4xx_StdPeriph_Driver/src/stm32f4xx_wwdg.c **** /** @defgroup WWDG 
  88:/home/jonas/warwick/3dProfilometer/xpcc/ext/stm32f4xx_lib/STM32F4xx_StdPeriph_Driver/src/stm32f4xx_wwdg.c ****   * @brief WWDG driver modules
  89:/home/jonas/warwick/3dProfilometer/xpcc/ext/stm32f4xx_lib/STM32F4xx_StdPeriph_Driver/src/stm32f4xx_wwdg.c ****   * @{
  90:/home/jonas/warwick/3dProfilometer/xpcc/ext/stm32f4xx_lib/STM32F4xx_StdPeriph_Driver/src/stm32f4xx_wwdg.c ****   */
  91:/home/jonas/warwick/3dProfilometer/xpcc/ext/stm32f4xx_lib/STM32F4xx_StdPeriph_Driver/src/stm32f4xx_wwdg.c **** 
  92:/home/jonas/warwick/3dProfilometer/xpcc/ext/stm32f4xx_lib/STM32F4xx_StdPeriph_Driver/src/stm32f4xx_wwdg.c **** /* Private typedef -----------------------------------------------------------*/
  93:/home/jonas/warwick/3dProfilometer/xpcc/ext/stm32f4xx_lib/STM32F4xx_StdPeriph_Driver/src/stm32f4xx_wwdg.c **** /* Private define ------------------------------------------------------------*/
  94:/home/jonas/warwick/3dProfilometer/xpcc/ext/stm32f4xx_lib/STM32F4xx_StdPeriph_Driver/src/stm32f4xx_wwdg.c **** 
  95:/home/jonas/warwick/3dProfilometer/xpcc/ext/stm32f4xx_lib/STM32F4xx_StdPeriph_Driver/src/stm32f4xx_wwdg.c **** /* ----------- WWDG registers bit address in the alias region ----------- */
  96:/home/jonas/warwick/3dProfilometer/xpcc/ext/stm32f4xx_lib/STM32F4xx_StdPeriph_Driver/src/stm32f4xx_wwdg.c **** #define WWDG_OFFSET       (WWDG_BASE - PERIPH_BASE)
  97:/home/jonas/warwick/3dProfilometer/xpcc/ext/stm32f4xx_lib/STM32F4xx_StdPeriph_Driver/src/stm32f4xx_wwdg.c **** /* Alias word address of EWI bit */
  98:/home/jonas/warwick/3dProfilometer/xpcc/ext/stm32f4xx_lib/STM32F4xx_StdPeriph_Driver/src/stm32f4xx_wwdg.c **** #define CFR_OFFSET        (WWDG_OFFSET + 0x04)
  99:/home/jonas/warwick/3dProfilometer/xpcc/ext/stm32f4xx_lib/STM32F4xx_StdPeriph_Driver/src/stm32f4xx_wwdg.c **** #define EWI_BitNumber     0x09
 100:/home/jonas/warwick/3dProfilometer/xpcc/ext/stm32f4xx_lib/STM32F4xx_StdPeriph_Driver/src/stm32f4xx_wwdg.c **** #define CFR_EWI_BB        (PERIPH_BB_BASE + (CFR_OFFSET * 32) + (EWI_BitNumber * 4))
 101:/home/jonas/warwick/3dProfilometer/xpcc/ext/stm32f4xx_lib/STM32F4xx_StdPeriph_Driver/src/stm32f4xx_wwdg.c **** 
 102:/home/jonas/warwick/3dProfilometer/xpcc/ext/stm32f4xx_lib/STM32F4xx_StdPeriph_Driver/src/stm32f4xx_wwdg.c **** /* --------------------- WWDG registers bit mask ------------------------ */
 103:/home/jonas/warwick/3dProfilometer/xpcc/ext/stm32f4xx_lib/STM32F4xx_StdPeriph_Driver/src/stm32f4xx_wwdg.c **** /* CFR register bit mask */
 104:/home/jonas/warwick/3dProfilometer/xpcc/ext/stm32f4xx_lib/STM32F4xx_StdPeriph_Driver/src/stm32f4xx_wwdg.c **** #define CFR_WDGTB_MASK    ((uint32_t)0xFFFFFE7F)
 105:/home/jonas/warwick/3dProfilometer/xpcc/ext/stm32f4xx_lib/STM32F4xx_StdPeriph_Driver/src/stm32f4xx_wwdg.c **** #define CFR_W_MASK        ((uint32_t)0xFFFFFF80)
 106:/home/jonas/warwick/3dProfilometer/xpcc/ext/stm32f4xx_lib/STM32F4xx_StdPeriph_Driver/src/stm32f4xx_wwdg.c **** #define BIT_MASK          ((uint8_t)0x7F)
 107:/home/jonas/warwick/3dProfilometer/xpcc/ext/stm32f4xx_lib/STM32F4xx_StdPeriph_Driver/src/stm32f4xx_wwdg.c **** 
 108:/home/jonas/warwick/3dProfilometer/xpcc/ext/stm32f4xx_lib/STM32F4xx_StdPeriph_Driver/src/stm32f4xx_wwdg.c **** /* Private macro -------------------------------------------------------------*/
 109:/home/jonas/warwick/3dProfilometer/xpcc/ext/stm32f4xx_lib/STM32F4xx_StdPeriph_Driver/src/stm32f4xx_wwdg.c **** /* Private variables ---------------------------------------------------------*/
 110:/home/jonas/warwick/3dProfilometer/xpcc/ext/stm32f4xx_lib/STM32F4xx_StdPeriph_Driver/src/stm32f4xx_wwdg.c **** /* Private function prototypes -----------------------------------------------*/
 111:/home/jonas/warwick/3dProfilometer/xpcc/ext/stm32f4xx_lib/STM32F4xx_StdPeriph_Driver/src/stm32f4xx_wwdg.c **** /* Private functions ---------------------------------------------------------*/
 112:/home/jonas/warwick/3dProfilometer/xpcc/ext/stm32f4xx_lib/STM32F4xx_StdPeriph_Driver/src/stm32f4xx_wwdg.c **** 
 113:/home/jonas/warwick/3dProfilometer/xpcc/ext/stm32f4xx_lib/STM32F4xx_StdPeriph_Driver/src/stm32f4xx_wwdg.c **** /** @defgroup WWDG_Private_Functions
 114:/home/jonas/warwick/3dProfilometer/xpcc/ext/stm32f4xx_lib/STM32F4xx_StdPeriph_Driver/src/stm32f4xx_wwdg.c ****   * @{
 115:/home/jonas/warwick/3dProfilometer/xpcc/ext/stm32f4xx_lib/STM32F4xx_StdPeriph_Driver/src/stm32f4xx_wwdg.c ****   */
 116:/home/jonas/warwick/3dProfilometer/xpcc/ext/stm32f4xx_lib/STM32F4xx_StdPeriph_Driver/src/stm32f4xx_wwdg.c **** 
 117:/home/jonas/warwick/3dProfilometer/xpcc/ext/stm32f4xx_lib/STM32F4xx_StdPeriph_Driver/src/stm32f4xx_wwdg.c **** /** @defgroup WWDG_Group1 Prescaler, Refresh window and Counter configuration functions
 118:/home/jonas/warwick/3dProfilometer/xpcc/ext/stm32f4xx_lib/STM32F4xx_StdPeriph_Driver/src/stm32f4xx_wwdg.c ****  *  @brief   Prescaler, Refresh window and Counter configuration functions 
 119:/home/jonas/warwick/3dProfilometer/xpcc/ext/stm32f4xx_lib/STM32F4xx_StdPeriph_Driver/src/stm32f4xx_wwdg.c ****  *
 120:/home/jonas/warwick/3dProfilometer/xpcc/ext/stm32f4xx_lib/STM32F4xx_StdPeriph_Driver/src/stm32f4xx_wwdg.c **** @verbatim   
 121:/home/jonas/warwick/3dProfilometer/xpcc/ext/stm32f4xx_lib/STM32F4xx_StdPeriph_Driver/src/stm32f4xx_wwdg.c ****  ===============================================================================
 122:/home/jonas/warwick/3dProfilometer/xpcc/ext/stm32f4xx_lib/STM32F4xx_StdPeriph_Driver/src/stm32f4xx_wwdg.c ****           Prescaler, Refresh window and Counter configuration functions
 123:/home/jonas/warwick/3dProfilometer/xpcc/ext/stm32f4xx_lib/STM32F4xx_StdPeriph_Driver/src/stm32f4xx_wwdg.c ****  ===============================================================================  
 124:/home/jonas/warwick/3dProfilometer/xpcc/ext/stm32f4xx_lib/STM32F4xx_StdPeriph_Driver/src/stm32f4xx_wwdg.c **** 
 125:/home/jonas/warwick/3dProfilometer/xpcc/ext/stm32f4xx_lib/STM32F4xx_StdPeriph_Driver/src/stm32f4xx_wwdg.c **** @endverbatim
 126:/home/jonas/warwick/3dProfilometer/xpcc/ext/stm32f4xx_lib/STM32F4xx_StdPeriph_Driver/src/stm32f4xx_wwdg.c ****   * @{
 127:/home/jonas/warwick/3dProfilometer/xpcc/ext/stm32f4xx_lib/STM32F4xx_StdPeriph_Driver/src/stm32f4xx_wwdg.c ****   */
 128:/home/jonas/warwick/3dProfilometer/xpcc/ext/stm32f4xx_lib/STM32F4xx_StdPeriph_Driver/src/stm32f4xx_wwdg.c **** 
 129:/home/jonas/warwick/3dProfilometer/xpcc/ext/stm32f4xx_lib/STM32F4xx_StdPeriph_Driver/src/stm32f4xx_wwdg.c **** /**
 130:/home/jonas/warwick/3dProfilometer/xpcc/ext/stm32f4xx_lib/STM32F4xx_StdPeriph_Driver/src/stm32f4xx_wwdg.c ****   * @brief  Deinitializes the WWDG peripheral registers to their default reset values.
 131:/home/jonas/warwick/3dProfilometer/xpcc/ext/stm32f4xx_lib/STM32F4xx_StdPeriph_Driver/src/stm32f4xx_wwdg.c ****   * @param  None
 132:/home/jonas/warwick/3dProfilometer/xpcc/ext/stm32f4xx_lib/STM32F4xx_StdPeriph_Driver/src/stm32f4xx_wwdg.c ****   * @retval None
 133:/home/jonas/warwick/3dProfilometer/xpcc/ext/stm32f4xx_lib/STM32F4xx_StdPeriph_Driver/src/stm32f4xx_wwdg.c ****   */
 134:/home/jonas/warwick/3dProfilometer/xpcc/ext/stm32f4xx_lib/STM32F4xx_StdPeriph_Driver/src/stm32f4xx_wwdg.c **** void WWDG_DeInit(void)
 135:/home/jonas/warwick/3dProfilometer/xpcc/ext/stm32f4xx_lib/STM32F4xx_StdPeriph_Driver/src/stm32f4xx_wwdg.c **** {
  28              		.loc 1 135 0
  29              		.cfi_startproc
  30              		@ args = 0, pretend = 0, frame = 0
  31              		@ frame_needed = 0, uses_anonymous_args = 0
  32 0000 10B5     		push	{r4, lr}
  33              	.LCFI0:
  34              		.cfi_def_cfa_offset 8
  35              		.cfi_offset 4, -8
  36              		.cfi_offset 14, -4
 136:/home/jonas/warwick/3dProfilometer/xpcc/ext/stm32f4xx_lib/STM32F4xx_StdPeriph_Driver/src/stm32f4xx_wwdg.c ****   RCC_APB1PeriphResetCmd(RCC_APB1Periph_WWDG, ENABLE);
  37              		.loc 1 136 0
  38 0002 0121     		movs	r1, #1
  39 0004 4FF40060 		mov	r0, #2048
  40 0008 034C     		ldr	r4, .L2
  41 000a A047     		blx	r4
  42              	.LVL0:
 137:/home/jonas/warwick/3dProfilometer/xpcc/ext/stm32f4xx_lib/STM32F4xx_StdPeriph_Driver/src/stm32f4xx_wwdg.c ****   RCC_APB1PeriphResetCmd(RCC_APB1Periph_WWDG, DISABLE);
  43              		.loc 1 137 0
  44 000c 4FF40060 		mov	r0, #2048
  45 0010 0021     		movs	r1, #0
  46 0012 A047     		blx	r4
  47              	.LVL1:
  48 0014 10BD     		pop	{r4, pc}
  49              	.L3:
  50 0016 00BF     		.align	2
  51              	.L2:
  52 0018 00000000 		.word	RCC_APB1PeriphResetCmd
  53              		.cfi_endproc
  54              	.LFE110:
  56              		.section	.text.WWDG_SetPrescaler,"ax",%progbits
  57              		.align	2
  58              		.global	WWDG_SetPrescaler
  59              		.thumb
  60              		.thumb_func
  62              	WWDG_SetPrescaler:
  63              	.LFB111:
 138:/home/jonas/warwick/3dProfilometer/xpcc/ext/stm32f4xx_lib/STM32F4xx_StdPeriph_Driver/src/stm32f4xx_wwdg.c **** }
 139:/home/jonas/warwick/3dProfilometer/xpcc/ext/stm32f4xx_lib/STM32F4xx_StdPeriph_Driver/src/stm32f4xx_wwdg.c **** 
 140:/home/jonas/warwick/3dProfilometer/xpcc/ext/stm32f4xx_lib/STM32F4xx_StdPeriph_Driver/src/stm32f4xx_wwdg.c **** /**
 141:/home/jonas/warwick/3dProfilometer/xpcc/ext/stm32f4xx_lib/STM32F4xx_StdPeriph_Driver/src/stm32f4xx_wwdg.c ****   * @brief  Sets the WWDG Prescaler.
 142:/home/jonas/warwick/3dProfilometer/xpcc/ext/stm32f4xx_lib/STM32F4xx_StdPeriph_Driver/src/stm32f4xx_wwdg.c ****   * @param  WWDG_Prescaler: specifies the WWDG Prescaler.
 143:/home/jonas/warwick/3dProfilometer/xpcc/ext/stm32f4xx_lib/STM32F4xx_StdPeriph_Driver/src/stm32f4xx_wwdg.c ****   *   This parameter can be one of the following values:
 144:/home/jonas/warwick/3dProfilometer/xpcc/ext/stm32f4xx_lib/STM32F4xx_StdPeriph_Driver/src/stm32f4xx_wwdg.c ****   *     @arg WWDG_Prescaler_1: WWDG counter clock = (PCLK1/4096)/1
 145:/home/jonas/warwick/3dProfilometer/xpcc/ext/stm32f4xx_lib/STM32F4xx_StdPeriph_Driver/src/stm32f4xx_wwdg.c ****   *     @arg WWDG_Prescaler_2: WWDG counter clock = (PCLK1/4096)/2
 146:/home/jonas/warwick/3dProfilometer/xpcc/ext/stm32f4xx_lib/STM32F4xx_StdPeriph_Driver/src/stm32f4xx_wwdg.c ****   *     @arg WWDG_Prescaler_4: WWDG counter clock = (PCLK1/4096)/4
 147:/home/jonas/warwick/3dProfilometer/xpcc/ext/stm32f4xx_lib/STM32F4xx_StdPeriph_Driver/src/stm32f4xx_wwdg.c ****   *     @arg WWDG_Prescaler_8: WWDG counter clock = (PCLK1/4096)/8
 148:/home/jonas/warwick/3dProfilometer/xpcc/ext/stm32f4xx_lib/STM32F4xx_StdPeriph_Driver/src/stm32f4xx_wwdg.c ****   * @retval None
 149:/home/jonas/warwick/3dProfilometer/xpcc/ext/stm32f4xx_lib/STM32F4xx_StdPeriph_Driver/src/stm32f4xx_wwdg.c ****   */
 150:/home/jonas/warwick/3dProfilometer/xpcc/ext/stm32f4xx_lib/STM32F4xx_StdPeriph_Driver/src/stm32f4xx_wwdg.c **** void WWDG_SetPrescaler(uint32_t WWDG_Prescaler)
 151:/home/jonas/warwick/3dProfilometer/xpcc/ext/stm32f4xx_lib/STM32F4xx_StdPeriph_Driver/src/stm32f4xx_wwdg.c **** {
  64              		.loc 1 151 0
  65              		.cfi_startproc
  66              		@ args = 0, pretend = 0, frame = 0
  67              		@ frame_needed = 0, uses_anonymous_args = 0
  68              		@ link register save eliminated.
  69              	.LVL2:
 152:/home/jonas/warwick/3dProfilometer/xpcc/ext/stm32f4xx_lib/STM32F4xx_StdPeriph_Driver/src/stm32f4xx_wwdg.c ****   uint32_t tmpreg = 0;
 153:/home/jonas/warwick/3dProfilometer/xpcc/ext/stm32f4xx_lib/STM32F4xx_StdPeriph_Driver/src/stm32f4xx_wwdg.c ****   /* Check the parameters */
 154:/home/jonas/warwick/3dProfilometer/xpcc/ext/stm32f4xx_lib/STM32F4xx_StdPeriph_Driver/src/stm32f4xx_wwdg.c ****   assert_param(IS_WWDG_PRESCALER(WWDG_Prescaler));
 155:/home/jonas/warwick/3dProfilometer/xpcc/ext/stm32f4xx_lib/STM32F4xx_StdPeriph_Driver/src/stm32f4xx_wwdg.c ****   /* Clear WDGTB[1:0] bits */
 156:/home/jonas/warwick/3dProfilometer/xpcc/ext/stm32f4xx_lib/STM32F4xx_StdPeriph_Driver/src/stm32f4xx_wwdg.c ****   tmpreg = WWDG->CFR & CFR_WDGTB_MASK;
  70              		.loc 1 156 0
  71 0000 034B     		ldr	r3, .L5
  72 0002 5A68     		ldr	r2, [r3, #4]
  73 0004 22F4C072 		bic	r2, r2, #384
  74              	.LVL3:
 157:/home/jonas/warwick/3dProfilometer/xpcc/ext/stm32f4xx_lib/STM32F4xx_StdPeriph_Driver/src/stm32f4xx_wwdg.c ****   /* Set WDGTB[1:0] bits according to WWDG_Prescaler value */
 158:/home/jonas/warwick/3dProfilometer/xpcc/ext/stm32f4xx_lib/STM32F4xx_StdPeriph_Driver/src/stm32f4xx_wwdg.c ****   tmpreg |= WWDG_Prescaler;
  75              		.loc 1 158 0
  76 0008 1043     		orrs	r0, r0, r2
  77              	.LVL4:
 159:/home/jonas/warwick/3dProfilometer/xpcc/ext/stm32f4xx_lib/STM32F4xx_StdPeriph_Driver/src/stm32f4xx_wwdg.c ****   /* Store the new value */
 160:/home/jonas/warwick/3dProfilometer/xpcc/ext/stm32f4xx_lib/STM32F4xx_StdPeriph_Driver/src/stm32f4xx_wwdg.c ****   WWDG->CFR = tmpreg;
  78              		.loc 1 160 0
  79 000a 5860     		str	r0, [r3, #4]
  80 000c 7047     		bx	lr
  81              	.L6:
  82 000e 00BF     		.align	2
  83              	.L5:
  84 0010 002C0040 		.word	1073753088
  85              		.cfi_endproc
  86              	.LFE111:
  88              		.section	.text.WWDG_SetWindowValue,"ax",%progbits
  89              		.align	2
  90              		.global	WWDG_SetWindowValue
  91              		.thumb
  92              		.thumb_func
  94              	WWDG_SetWindowValue:
  95              	.LFB112:
 161:/home/jonas/warwick/3dProfilometer/xpcc/ext/stm32f4xx_lib/STM32F4xx_StdPeriph_Driver/src/stm32f4xx_wwdg.c **** }
 162:/home/jonas/warwick/3dProfilometer/xpcc/ext/stm32f4xx_lib/STM32F4xx_StdPeriph_Driver/src/stm32f4xx_wwdg.c **** 
 163:/home/jonas/warwick/3dProfilometer/xpcc/ext/stm32f4xx_lib/STM32F4xx_StdPeriph_Driver/src/stm32f4xx_wwdg.c **** /**
 164:/home/jonas/warwick/3dProfilometer/xpcc/ext/stm32f4xx_lib/STM32F4xx_StdPeriph_Driver/src/stm32f4xx_wwdg.c ****   * @brief  Sets the WWDG window value.
 165:/home/jonas/warwick/3dProfilometer/xpcc/ext/stm32f4xx_lib/STM32F4xx_StdPeriph_Driver/src/stm32f4xx_wwdg.c ****   * @param  WindowValue: specifies the window value to be compared to the downcounter.
 166:/home/jonas/warwick/3dProfilometer/xpcc/ext/stm32f4xx_lib/STM32F4xx_StdPeriph_Driver/src/stm32f4xx_wwdg.c ****   *   This parameter value must be lower than 0x80.
 167:/home/jonas/warwick/3dProfilometer/xpcc/ext/stm32f4xx_lib/STM32F4xx_StdPeriph_Driver/src/stm32f4xx_wwdg.c ****   * @retval None
 168:/home/jonas/warwick/3dProfilometer/xpcc/ext/stm32f4xx_lib/STM32F4xx_StdPeriph_Driver/src/stm32f4xx_wwdg.c ****   */
 169:/home/jonas/warwick/3dProfilometer/xpcc/ext/stm32f4xx_lib/STM32F4xx_StdPeriph_Driver/src/stm32f4xx_wwdg.c **** void WWDG_SetWindowValue(uint8_t WindowValue)
 170:/home/jonas/warwick/3dProfilometer/xpcc/ext/stm32f4xx_lib/STM32F4xx_StdPeriph_Driver/src/stm32f4xx_wwdg.c **** {
  96              		.loc 1 170 0
  97              		.cfi_startproc
  98              		@ args = 0, pretend = 0, frame = 8
  99              		@ frame_needed = 0, uses_anonymous_args = 0
 100              		@ link register save eliminated.
 101              	.LVL5:
 102 0000 82B0     		sub	sp, sp, #8
 103              	.LCFI1:
 104              		.cfi_def_cfa_offset 8
 171:/home/jonas/warwick/3dProfilometer/xpcc/ext/stm32f4xx_lib/STM32F4xx_StdPeriph_Driver/src/stm32f4xx_wwdg.c ****   __IO uint32_t tmpreg = 0;
 172:/home/jonas/warwick/3dProfilometer/xpcc/ext/stm32f4xx_lib/STM32F4xx_StdPeriph_Driver/src/stm32f4xx_wwdg.c **** 
 173:/home/jonas/warwick/3dProfilometer/xpcc/ext/stm32f4xx_lib/STM32F4xx_StdPeriph_Driver/src/stm32f4xx_wwdg.c ****   /* Check the parameters */
 174:/home/jonas/warwick/3dProfilometer/xpcc/ext/stm32f4xx_lib/STM32F4xx_StdPeriph_Driver/src/stm32f4xx_wwdg.c ****   assert_param(IS_WWDG_WINDOW_VALUE(WindowValue));
 175:/home/jonas/warwick/3dProfilometer/xpcc/ext/stm32f4xx_lib/STM32F4xx_StdPeriph_Driver/src/stm32f4xx_wwdg.c ****   /* Clear W[6:0] bits */
 176:/home/jonas/warwick/3dProfilometer/xpcc/ext/stm32f4xx_lib/STM32F4xx_StdPeriph_Driver/src/stm32f4xx_wwdg.c **** 
 177:/home/jonas/warwick/3dProfilometer/xpcc/ext/stm32f4xx_lib/STM32F4xx_StdPeriph_Driver/src/stm32f4xx_wwdg.c ****   tmpreg = WWDG->CFR & CFR_W_MASK;
 105              		.loc 1 177 0
 106 0002 084B     		ldr	r3, .L8
 171:/home/jonas/warwick/3dProfilometer/xpcc/ext/stm32f4xx_lib/STM32F4xx_StdPeriph_Driver/src/stm32f4xx_wwdg.c ****   __IO uint32_t tmpreg = 0;
 107              		.loc 1 171 0
 108 0004 0022     		movs	r2, #0
 109 0006 0192     		str	r2, [sp, #4]
 110              	.LVL6:
 111              		.loc 1 177 0
 112 0008 5A68     		ldr	r2, [r3, #4]
 113 000a 22F07F02 		bic	r2, r2, #127
 114              	.LVL7:
 115 000e 0192     		str	r2, [sp, #4]
 116              	.LVL8:
 178:/home/jonas/warwick/3dProfilometer/xpcc/ext/stm32f4xx_lib/STM32F4xx_StdPeriph_Driver/src/stm32f4xx_wwdg.c **** 
 179:/home/jonas/warwick/3dProfilometer/xpcc/ext/stm32f4xx_lib/STM32F4xx_StdPeriph_Driver/src/stm32f4xx_wwdg.c ****   /* Set W[6:0] bits according to WindowValue value */
 180:/home/jonas/warwick/3dProfilometer/xpcc/ext/stm32f4xx_lib/STM32F4xx_StdPeriph_Driver/src/stm32f4xx_wwdg.c ****   tmpreg |= WindowValue & (uint32_t) BIT_MASK;
 117              		.loc 1 180 0
 118 0010 019A     		ldr	r2, [sp, #4]
 119              	.LVL9:
 120 0012 00F07F00 		and	r0, r0, #127
 121              	.LVL10:
 122 0016 0243     		orrs	r2, r2, r0
 123              	.LVL11:
 124 0018 0192     		str	r2, [sp, #4]
 125              	.LVL12:
 181:/home/jonas/warwick/3dProfilometer/xpcc/ext/stm32f4xx_lib/STM32F4xx_StdPeriph_Driver/src/stm32f4xx_wwdg.c **** 
 182:/home/jonas/warwick/3dProfilometer/xpcc/ext/stm32f4xx_lib/STM32F4xx_StdPeriph_Driver/src/stm32f4xx_wwdg.c ****   /* Store the new value */
 183:/home/jonas/warwick/3dProfilometer/xpcc/ext/stm32f4xx_lib/STM32F4xx_StdPeriph_Driver/src/stm32f4xx_wwdg.c ****   WWDG->CFR = tmpreg;
 126              		.loc 1 183 0
 127 001a 019A     		ldr	r2, [sp, #4]
 128              	.LVL13:
 129 001c 5A60     		str	r2, [r3, #4]
 184:/home/jonas/warwick/3dProfilometer/xpcc/ext/stm32f4xx_lib/STM32F4xx_StdPeriph_Driver/src/stm32f4xx_wwdg.c **** }
 130              		.loc 1 184 0
 131 001e 02B0     		add	sp, sp, #8
 132 0020 7047     		bx	lr
 133              	.L9:
 134 0022 00BF     		.align	2
 135              	.L8:
 136 0024 002C0040 		.word	1073753088
 137              		.cfi_endproc
 138              	.LFE112:
 140              		.section	.text.WWDG_EnableIT,"ax",%progbits
 141              		.align	2
 142              		.global	WWDG_EnableIT
 143              		.thumb
 144              		.thumb_func
 146              	WWDG_EnableIT:
 147              	.LFB113:
 185:/home/jonas/warwick/3dProfilometer/xpcc/ext/stm32f4xx_lib/STM32F4xx_StdPeriph_Driver/src/stm32f4xx_wwdg.c **** 
 186:/home/jonas/warwick/3dProfilometer/xpcc/ext/stm32f4xx_lib/STM32F4xx_StdPeriph_Driver/src/stm32f4xx_wwdg.c **** /**
 187:/home/jonas/warwick/3dProfilometer/xpcc/ext/stm32f4xx_lib/STM32F4xx_StdPeriph_Driver/src/stm32f4xx_wwdg.c ****   * @brief  Enables the WWDG Early Wakeup interrupt(EWI).
 188:/home/jonas/warwick/3dProfilometer/xpcc/ext/stm32f4xx_lib/STM32F4xx_StdPeriph_Driver/src/stm32f4xx_wwdg.c ****   * @note   Once enabled this interrupt cannot be disabled except by a system reset.
 189:/home/jonas/warwick/3dProfilometer/xpcc/ext/stm32f4xx_lib/STM32F4xx_StdPeriph_Driver/src/stm32f4xx_wwdg.c ****   * @param  None
 190:/home/jonas/warwick/3dProfilometer/xpcc/ext/stm32f4xx_lib/STM32F4xx_StdPeriph_Driver/src/stm32f4xx_wwdg.c ****   * @retval None
 191:/home/jonas/warwick/3dProfilometer/xpcc/ext/stm32f4xx_lib/STM32F4xx_StdPeriph_Driver/src/stm32f4xx_wwdg.c ****   */
 192:/home/jonas/warwick/3dProfilometer/xpcc/ext/stm32f4xx_lib/STM32F4xx_StdPeriph_Driver/src/stm32f4xx_wwdg.c **** void WWDG_EnableIT(void)
 193:/home/jonas/warwick/3dProfilometer/xpcc/ext/stm32f4xx_lib/STM32F4xx_StdPeriph_Driver/src/stm32f4xx_wwdg.c **** {
 148              		.loc 1 193 0
 149              		.cfi_startproc
 150              		@ args = 0, pretend = 0, frame = 0
 151              		@ frame_needed = 0, uses_anonymous_args = 0
 152              		@ link register save eliminated.
 194:/home/jonas/warwick/3dProfilometer/xpcc/ext/stm32f4xx_lib/STM32F4xx_StdPeriph_Driver/src/stm32f4xx_wwdg.c ****   *(__IO uint32_t *) CFR_EWI_BB = (uint32_t)ENABLE;
 153              		.loc 1 194 0
 154 0000 014B     		ldr	r3, .L11
 155 0002 0122     		movs	r2, #1
 156 0004 1A60     		str	r2, [r3, #0]
 157 0006 7047     		bx	lr
 158              	.L12:
 159              		.align	2
 160              	.L11:
 161 0008 A4800542 		.word	1107656868
 162              		.cfi_endproc
 163              	.LFE113:
 165              		.section	.text.WWDG_SetCounter,"ax",%progbits
 166              		.align	2
 167              		.global	WWDG_SetCounter
 168              		.thumb
 169              		.thumb_func
 171              	WWDG_SetCounter:
 172              	.LFB114:
 195:/home/jonas/warwick/3dProfilometer/xpcc/ext/stm32f4xx_lib/STM32F4xx_StdPeriph_Driver/src/stm32f4xx_wwdg.c **** }
 196:/home/jonas/warwick/3dProfilometer/xpcc/ext/stm32f4xx_lib/STM32F4xx_StdPeriph_Driver/src/stm32f4xx_wwdg.c **** 
 197:/home/jonas/warwick/3dProfilometer/xpcc/ext/stm32f4xx_lib/STM32F4xx_StdPeriph_Driver/src/stm32f4xx_wwdg.c **** /**
 198:/home/jonas/warwick/3dProfilometer/xpcc/ext/stm32f4xx_lib/STM32F4xx_StdPeriph_Driver/src/stm32f4xx_wwdg.c ****   * @brief  Sets the WWDG counter value.
 199:/home/jonas/warwick/3dProfilometer/xpcc/ext/stm32f4xx_lib/STM32F4xx_StdPeriph_Driver/src/stm32f4xx_wwdg.c ****   * @param  Counter: specifies the watchdog counter value.
 200:/home/jonas/warwick/3dProfilometer/xpcc/ext/stm32f4xx_lib/STM32F4xx_StdPeriph_Driver/src/stm32f4xx_wwdg.c ****   *   This parameter must be a number between 0x40 and 0x7F (to prevent generating
 201:/home/jonas/warwick/3dProfilometer/xpcc/ext/stm32f4xx_lib/STM32F4xx_StdPeriph_Driver/src/stm32f4xx_wwdg.c ****   *   an immediate reset) 
 202:/home/jonas/warwick/3dProfilometer/xpcc/ext/stm32f4xx_lib/STM32F4xx_StdPeriph_Driver/src/stm32f4xx_wwdg.c ****   * @retval None
 203:/home/jonas/warwick/3dProfilometer/xpcc/ext/stm32f4xx_lib/STM32F4xx_StdPeriph_Driver/src/stm32f4xx_wwdg.c ****   */
 204:/home/jonas/warwick/3dProfilometer/xpcc/ext/stm32f4xx_lib/STM32F4xx_StdPeriph_Driver/src/stm32f4xx_wwdg.c **** void WWDG_SetCounter(uint8_t Counter)
 205:/home/jonas/warwick/3dProfilometer/xpcc/ext/stm32f4xx_lib/STM32F4xx_StdPeriph_Driver/src/stm32f4xx_wwdg.c **** {
 173              		.loc 1 205 0
 174              		.cfi_startproc
 175              		@ args = 0, pretend = 0, frame = 0
 176              		@ frame_needed = 0, uses_anonymous_args = 0
 177              		@ link register save eliminated.
 178              	.LVL14:
 206:/home/jonas/warwick/3dProfilometer/xpcc/ext/stm32f4xx_lib/STM32F4xx_StdPeriph_Driver/src/stm32f4xx_wwdg.c ****   /* Check the parameters */
 207:/home/jonas/warwick/3dProfilometer/xpcc/ext/stm32f4xx_lib/STM32F4xx_StdPeriph_Driver/src/stm32f4xx_wwdg.c ****   assert_param(IS_WWDG_COUNTER(Counter));
 208:/home/jonas/warwick/3dProfilometer/xpcc/ext/stm32f4xx_lib/STM32F4xx_StdPeriph_Driver/src/stm32f4xx_wwdg.c ****   /* Write to T[6:0] bits to configure the counter value, no need to do
 209:/home/jonas/warwick/3dProfilometer/xpcc/ext/stm32f4xx_lib/STM32F4xx_StdPeriph_Driver/src/stm32f4xx_wwdg.c ****      a read-modify-write; writing a 0 to WDGA bit does nothing */
 210:/home/jonas/warwick/3dProfilometer/xpcc/ext/stm32f4xx_lib/STM32F4xx_StdPeriph_Driver/src/stm32f4xx_wwdg.c ****   WWDG->CR = Counter & BIT_MASK;
 179              		.loc 1 210 0
 180 0000 024B     		ldr	r3, .L14
 181 0002 00F07F00 		and	r0, r0, #127
 182              	.LVL15:
 183 0006 1860     		str	r0, [r3, #0]
 184 0008 7047     		bx	lr
 185              	.L15:
 186 000a 00BF     		.align	2
 187              	.L14:
 188 000c 002C0040 		.word	1073753088
 189              		.cfi_endproc
 190              	.LFE114:
 192              		.section	.text.WWDG_Enable,"ax",%progbits
 193              		.align	2
 194              		.global	WWDG_Enable
 195              		.thumb
 196              		.thumb_func
 198              	WWDG_Enable:
 199              	.LFB115:
 211:/home/jonas/warwick/3dProfilometer/xpcc/ext/stm32f4xx_lib/STM32F4xx_StdPeriph_Driver/src/stm32f4xx_wwdg.c **** }
 212:/home/jonas/warwick/3dProfilometer/xpcc/ext/stm32f4xx_lib/STM32F4xx_StdPeriph_Driver/src/stm32f4xx_wwdg.c **** /**
 213:/home/jonas/warwick/3dProfilometer/xpcc/ext/stm32f4xx_lib/STM32F4xx_StdPeriph_Driver/src/stm32f4xx_wwdg.c ****   * @}
 214:/home/jonas/warwick/3dProfilometer/xpcc/ext/stm32f4xx_lib/STM32F4xx_StdPeriph_Driver/src/stm32f4xx_wwdg.c ****   */
 215:/home/jonas/warwick/3dProfilometer/xpcc/ext/stm32f4xx_lib/STM32F4xx_StdPeriph_Driver/src/stm32f4xx_wwdg.c **** 
 216:/home/jonas/warwick/3dProfilometer/xpcc/ext/stm32f4xx_lib/STM32F4xx_StdPeriph_Driver/src/stm32f4xx_wwdg.c **** /** @defgroup WWDG_Group2 WWDG activation functions
 217:/home/jonas/warwick/3dProfilometer/xpcc/ext/stm32f4xx_lib/STM32F4xx_StdPeriph_Driver/src/stm32f4xx_wwdg.c ****  *  @brief   WWDG activation functions 
 218:/home/jonas/warwick/3dProfilometer/xpcc/ext/stm32f4xx_lib/STM32F4xx_StdPeriph_Driver/src/stm32f4xx_wwdg.c ****  *
 219:/home/jonas/warwick/3dProfilometer/xpcc/ext/stm32f4xx_lib/STM32F4xx_StdPeriph_Driver/src/stm32f4xx_wwdg.c **** @verbatim   
 220:/home/jonas/warwick/3dProfilometer/xpcc/ext/stm32f4xx_lib/STM32F4xx_StdPeriph_Driver/src/stm32f4xx_wwdg.c ****  ===============================================================================
 221:/home/jonas/warwick/3dProfilometer/xpcc/ext/stm32f4xx_lib/STM32F4xx_StdPeriph_Driver/src/stm32f4xx_wwdg.c ****                        WWDG activation function
 222:/home/jonas/warwick/3dProfilometer/xpcc/ext/stm32f4xx_lib/STM32F4xx_StdPeriph_Driver/src/stm32f4xx_wwdg.c ****  ===============================================================================  
 223:/home/jonas/warwick/3dProfilometer/xpcc/ext/stm32f4xx_lib/STM32F4xx_StdPeriph_Driver/src/stm32f4xx_wwdg.c **** 
 224:/home/jonas/warwick/3dProfilometer/xpcc/ext/stm32f4xx_lib/STM32F4xx_StdPeriph_Driver/src/stm32f4xx_wwdg.c **** @endverbatim
 225:/home/jonas/warwick/3dProfilometer/xpcc/ext/stm32f4xx_lib/STM32F4xx_StdPeriph_Driver/src/stm32f4xx_wwdg.c ****   * @{
 226:/home/jonas/warwick/3dProfilometer/xpcc/ext/stm32f4xx_lib/STM32F4xx_StdPeriph_Driver/src/stm32f4xx_wwdg.c ****   */
 227:/home/jonas/warwick/3dProfilometer/xpcc/ext/stm32f4xx_lib/STM32F4xx_StdPeriph_Driver/src/stm32f4xx_wwdg.c **** 
 228:/home/jonas/warwick/3dProfilometer/xpcc/ext/stm32f4xx_lib/STM32F4xx_StdPeriph_Driver/src/stm32f4xx_wwdg.c **** /**
 229:/home/jonas/warwick/3dProfilometer/xpcc/ext/stm32f4xx_lib/STM32F4xx_StdPeriph_Driver/src/stm32f4xx_wwdg.c ****   * @brief  Enables WWDG and load the counter value.                  
 230:/home/jonas/warwick/3dProfilometer/xpcc/ext/stm32f4xx_lib/STM32F4xx_StdPeriph_Driver/src/stm32f4xx_wwdg.c ****   * @param  Counter: specifies the watchdog counter value.
 231:/home/jonas/warwick/3dProfilometer/xpcc/ext/stm32f4xx_lib/STM32F4xx_StdPeriph_Driver/src/stm32f4xx_wwdg.c ****   *   This parameter must be a number between 0x40 and 0x7F (to prevent generating
 232:/home/jonas/warwick/3dProfilometer/xpcc/ext/stm32f4xx_lib/STM32F4xx_StdPeriph_Driver/src/stm32f4xx_wwdg.c ****   *   an immediate reset)
 233:/home/jonas/warwick/3dProfilometer/xpcc/ext/stm32f4xx_lib/STM32F4xx_StdPeriph_Driver/src/stm32f4xx_wwdg.c ****   * @retval None
 234:/home/jonas/warwick/3dProfilometer/xpcc/ext/stm32f4xx_lib/STM32F4xx_StdPeriph_Driver/src/stm32f4xx_wwdg.c ****   */
 235:/home/jonas/warwick/3dProfilometer/xpcc/ext/stm32f4xx_lib/STM32F4xx_StdPeriph_Driver/src/stm32f4xx_wwdg.c **** void WWDG_Enable(uint8_t Counter)
 236:/home/jonas/warwick/3dProfilometer/xpcc/ext/stm32f4xx_lib/STM32F4xx_StdPeriph_Driver/src/stm32f4xx_wwdg.c **** {
 200              		.loc 1 236 0
 201              		.cfi_startproc
 202              		@ args = 0, pretend = 0, frame = 0
 203              		@ frame_needed = 0, uses_anonymous_args = 0
 204              		@ link register save eliminated.
 205              	.LVL16:
 237:/home/jonas/warwick/3dProfilometer/xpcc/ext/stm32f4xx_lib/STM32F4xx_StdPeriph_Driver/src/stm32f4xx_wwdg.c ****   /* Check the parameters */
 238:/home/jonas/warwick/3dProfilometer/xpcc/ext/stm32f4xx_lib/STM32F4xx_StdPeriph_Driver/src/stm32f4xx_wwdg.c ****   assert_param(IS_WWDG_COUNTER(Counter));
 239:/home/jonas/warwick/3dProfilometer/xpcc/ext/stm32f4xx_lib/STM32F4xx_StdPeriph_Driver/src/stm32f4xx_wwdg.c ****   WWDG->CR = WWDG_CR_WDGA | Counter;
 206              		.loc 1 239 0
 207 0000 024B     		ldr	r3, .L17
 208 0002 40F08000 		orr	r0, r0, #128
 209              	.LVL17:
 210 0006 1860     		str	r0, [r3, #0]
 211 0008 7047     		bx	lr
 212              	.L18:
 213 000a 00BF     		.align	2
 214              	.L17:
 215 000c 002C0040 		.word	1073753088
 216              		.cfi_endproc
 217              	.LFE115:
 219              		.section	.text.WWDG_GetFlagStatus,"ax",%progbits
 220              		.align	2
 221              		.global	WWDG_GetFlagStatus
 222              		.thumb
 223              		.thumb_func
 225              	WWDG_GetFlagStatus:
 226              	.LFB116:
 240:/home/jonas/warwick/3dProfilometer/xpcc/ext/stm32f4xx_lib/STM32F4xx_StdPeriph_Driver/src/stm32f4xx_wwdg.c **** }
 241:/home/jonas/warwick/3dProfilometer/xpcc/ext/stm32f4xx_lib/STM32F4xx_StdPeriph_Driver/src/stm32f4xx_wwdg.c **** /**
 242:/home/jonas/warwick/3dProfilometer/xpcc/ext/stm32f4xx_lib/STM32F4xx_StdPeriph_Driver/src/stm32f4xx_wwdg.c ****   * @}
 243:/home/jonas/warwick/3dProfilometer/xpcc/ext/stm32f4xx_lib/STM32F4xx_StdPeriph_Driver/src/stm32f4xx_wwdg.c ****   */
 244:/home/jonas/warwick/3dProfilometer/xpcc/ext/stm32f4xx_lib/STM32F4xx_StdPeriph_Driver/src/stm32f4xx_wwdg.c **** 
 245:/home/jonas/warwick/3dProfilometer/xpcc/ext/stm32f4xx_lib/STM32F4xx_StdPeriph_Driver/src/stm32f4xx_wwdg.c **** /** @defgroup WWDG_Group3 Interrupts and flags management functions
 246:/home/jonas/warwick/3dProfilometer/xpcc/ext/stm32f4xx_lib/STM32F4xx_StdPeriph_Driver/src/stm32f4xx_wwdg.c ****  *  @brief   Interrupts and flags management functions 
 247:/home/jonas/warwick/3dProfilometer/xpcc/ext/stm32f4xx_lib/STM32F4xx_StdPeriph_Driver/src/stm32f4xx_wwdg.c ****  *
 248:/home/jonas/warwick/3dProfilometer/xpcc/ext/stm32f4xx_lib/STM32F4xx_StdPeriph_Driver/src/stm32f4xx_wwdg.c **** @verbatim   
 249:/home/jonas/warwick/3dProfilometer/xpcc/ext/stm32f4xx_lib/STM32F4xx_StdPeriph_Driver/src/stm32f4xx_wwdg.c ****  ===============================================================================
 250:/home/jonas/warwick/3dProfilometer/xpcc/ext/stm32f4xx_lib/STM32F4xx_StdPeriph_Driver/src/stm32f4xx_wwdg.c ****                  Interrupts and flags management functions
 251:/home/jonas/warwick/3dProfilometer/xpcc/ext/stm32f4xx_lib/STM32F4xx_StdPeriph_Driver/src/stm32f4xx_wwdg.c ****  ===============================================================================  
 252:/home/jonas/warwick/3dProfilometer/xpcc/ext/stm32f4xx_lib/STM32F4xx_StdPeriph_Driver/src/stm32f4xx_wwdg.c **** 
 253:/home/jonas/warwick/3dProfilometer/xpcc/ext/stm32f4xx_lib/STM32F4xx_StdPeriph_Driver/src/stm32f4xx_wwdg.c **** @endverbatim
 254:/home/jonas/warwick/3dProfilometer/xpcc/ext/stm32f4xx_lib/STM32F4xx_StdPeriph_Driver/src/stm32f4xx_wwdg.c ****   * @{
 255:/home/jonas/warwick/3dProfilometer/xpcc/ext/stm32f4xx_lib/STM32F4xx_StdPeriph_Driver/src/stm32f4xx_wwdg.c ****   */
 256:/home/jonas/warwick/3dProfilometer/xpcc/ext/stm32f4xx_lib/STM32F4xx_StdPeriph_Driver/src/stm32f4xx_wwdg.c **** 
 257:/home/jonas/warwick/3dProfilometer/xpcc/ext/stm32f4xx_lib/STM32F4xx_StdPeriph_Driver/src/stm32f4xx_wwdg.c **** /**
 258:/home/jonas/warwick/3dProfilometer/xpcc/ext/stm32f4xx_lib/STM32F4xx_StdPeriph_Driver/src/stm32f4xx_wwdg.c ****   * @brief  Checks whether the Early Wakeup interrupt flag is set or not.
 259:/home/jonas/warwick/3dProfilometer/xpcc/ext/stm32f4xx_lib/STM32F4xx_StdPeriph_Driver/src/stm32f4xx_wwdg.c ****   * @param  None
 260:/home/jonas/warwick/3dProfilometer/xpcc/ext/stm32f4xx_lib/STM32F4xx_StdPeriph_Driver/src/stm32f4xx_wwdg.c ****   * @retval The new state of the Early Wakeup interrupt flag (SET or RESET)
 261:/home/jonas/warwick/3dProfilometer/xpcc/ext/stm32f4xx_lib/STM32F4xx_StdPeriph_Driver/src/stm32f4xx_wwdg.c ****   */
 262:/home/jonas/warwick/3dProfilometer/xpcc/ext/stm32f4xx_lib/STM32F4xx_StdPeriph_Driver/src/stm32f4xx_wwdg.c **** FlagStatus WWDG_GetFlagStatus(void)
 263:/home/jonas/warwick/3dProfilometer/xpcc/ext/stm32f4xx_lib/STM32F4xx_StdPeriph_Driver/src/stm32f4xx_wwdg.c **** {
 227              		.loc 1 263 0
 228              		.cfi_startproc
 229              		@ args = 0, pretend = 0, frame = 0
 230              		@ frame_needed = 0, uses_anonymous_args = 0
 231              		@ link register save eliminated.
 232              	.LVL18:
 264:/home/jonas/warwick/3dProfilometer/xpcc/ext/stm32f4xx_lib/STM32F4xx_StdPeriph_Driver/src/stm32f4xx_wwdg.c ****   FlagStatus bitstatus = RESET;
 265:/home/jonas/warwick/3dProfilometer/xpcc/ext/stm32f4xx_lib/STM32F4xx_StdPeriph_Driver/src/stm32f4xx_wwdg.c ****     
 266:/home/jonas/warwick/3dProfilometer/xpcc/ext/stm32f4xx_lib/STM32F4xx_StdPeriph_Driver/src/stm32f4xx_wwdg.c ****   if ((WWDG->SR) != (uint32_t)RESET)
 233              		.loc 1 266 0
 234 0000 024B     		ldr	r3, .L20
 235 0002 9868     		ldr	r0, [r3, #8]
 236              	.LVL19:
 267:/home/jonas/warwick/3dProfilometer/xpcc/ext/stm32f4xx_lib/STM32F4xx_StdPeriph_Driver/src/stm32f4xx_wwdg.c ****   {
 268:/home/jonas/warwick/3dProfilometer/xpcc/ext/stm32f4xx_lib/STM32F4xx_StdPeriph_Driver/src/stm32f4xx_wwdg.c ****     bitstatus = SET;
 269:/home/jonas/warwick/3dProfilometer/xpcc/ext/stm32f4xx_lib/STM32F4xx_StdPeriph_Driver/src/stm32f4xx_wwdg.c ****   }
 270:/home/jonas/warwick/3dProfilometer/xpcc/ext/stm32f4xx_lib/STM32F4xx_StdPeriph_Driver/src/stm32f4xx_wwdg.c ****   else
 271:/home/jonas/warwick/3dProfilometer/xpcc/ext/stm32f4xx_lib/STM32F4xx_StdPeriph_Driver/src/stm32f4xx_wwdg.c ****   {
 272:/home/jonas/warwick/3dProfilometer/xpcc/ext/stm32f4xx_lib/STM32F4xx_StdPeriph_Driver/src/stm32f4xx_wwdg.c ****     bitstatus = RESET;
 273:/home/jonas/warwick/3dProfilometer/xpcc/ext/stm32f4xx_lib/STM32F4xx_StdPeriph_Driver/src/stm32f4xx_wwdg.c ****   }
 274:/home/jonas/warwick/3dProfilometer/xpcc/ext/stm32f4xx_lib/STM32F4xx_StdPeriph_Driver/src/stm32f4xx_wwdg.c ****   return bitstatus;
 275:/home/jonas/warwick/3dProfilometer/xpcc/ext/stm32f4xx_lib/STM32F4xx_StdPeriph_Driver/src/stm32f4xx_wwdg.c **** }
 237              		.loc 1 275 0
 238 0004 0030     		adds	r0, r0, #0
 239 0006 18BF     		it	ne
 240 0008 0120     		movne	r0, #1
 241              	.LVL20:
 242 000a 7047     		bx	lr
 243              	.L21:
 244              		.align	2
 245              	.L20:
 246 000c 002C0040 		.word	1073753088
 247              		.cfi_endproc
 248              	.LFE116:
 250              		.section	.text.WWDG_ClearFlag,"ax",%progbits
 251              		.align	2
 252              		.global	WWDG_ClearFlag
 253              		.thumb
 254              		.thumb_func
 256              	WWDG_ClearFlag:
 257              	.LFB117:
 276:/home/jonas/warwick/3dProfilometer/xpcc/ext/stm32f4xx_lib/STM32F4xx_StdPeriph_Driver/src/stm32f4xx_wwdg.c **** 
 277:/home/jonas/warwick/3dProfilometer/xpcc/ext/stm32f4xx_lib/STM32F4xx_StdPeriph_Driver/src/stm32f4xx_wwdg.c **** /**
 278:/home/jonas/warwick/3dProfilometer/xpcc/ext/stm32f4xx_lib/STM32F4xx_StdPeriph_Driver/src/stm32f4xx_wwdg.c ****   * @brief  Clears Early Wakeup interrupt flag.
 279:/home/jonas/warwick/3dProfilometer/xpcc/ext/stm32f4xx_lib/STM32F4xx_StdPeriph_Driver/src/stm32f4xx_wwdg.c ****   * @param  None
 280:/home/jonas/warwick/3dProfilometer/xpcc/ext/stm32f4xx_lib/STM32F4xx_StdPeriph_Driver/src/stm32f4xx_wwdg.c ****   * @retval None
 281:/home/jonas/warwick/3dProfilometer/xpcc/ext/stm32f4xx_lib/STM32F4xx_StdPeriph_Driver/src/stm32f4xx_wwdg.c ****   */
 282:/home/jonas/warwick/3dProfilometer/xpcc/ext/stm32f4xx_lib/STM32F4xx_StdPeriph_Driver/src/stm32f4xx_wwdg.c **** void WWDG_ClearFlag(void)
 283:/home/jonas/warwick/3dProfilometer/xpcc/ext/stm32f4xx_lib/STM32F4xx_StdPeriph_Driver/src/stm32f4xx_wwdg.c **** {
 258              		.loc 1 283 0
 259              		.cfi_startproc
 260              		@ args = 0, pretend = 0, frame = 0
 261              		@ frame_needed = 0, uses_anonymous_args = 0
 262              		@ link register save eliminated.
 284:/home/jonas/warwick/3dProfilometer/xpcc/ext/stm32f4xx_lib/STM32F4xx_StdPeriph_Driver/src/stm32f4xx_wwdg.c ****   WWDG->SR = (uint32_t)RESET;
 263              		.loc 1 284 0
 264 0000 014B     		ldr	r3, .L23
 265 0002 0022     		movs	r2, #0
 266 0004 9A60     		str	r2, [r3, #8]
 267 0006 7047     		bx	lr
 268              	.L24:
 269              		.align	2
 270              	.L23:
 271 0008 002C0040 		.word	1073753088
 272              		.cfi_endproc
 273              	.LFE117:
 275              		.text
 276              	.Letext0:
 277              		.file 2 "/opt/arm-2012.09/bin/../lib/gcc/arm-none-eabi/4.7.2/../../../../arm-none-eabi/include/std
 278              		.file 3 "/home/jonas/warwick/3dProfilometer/xpcc/ext/stm32f4xx_lib/CMSIS/Device/ST/STM32F4xx/Inclu
 279              		.file 4 "/home/jonas/warwick/3dProfilometer/xpcc/ext/stm32f4xx_lib/CMSIS/Include/core_cm4.h"
DEFINED SYMBOLS
                            *ABS*:00000000 stm32f4xx_wwdg.c
     /tmp/ccOKqrcD.s:20     .text.WWDG_DeInit:00000000 $t
     /tmp/ccOKqrcD.s:25     .text.WWDG_DeInit:00000000 WWDG_DeInit
     /tmp/ccOKqrcD.s:52     .text.WWDG_DeInit:00000018 $d
     /tmp/ccOKqrcD.s:57     .text.WWDG_SetPrescaler:00000000 $t
     /tmp/ccOKqrcD.s:62     .text.WWDG_SetPrescaler:00000000 WWDG_SetPrescaler
     /tmp/ccOKqrcD.s:84     .text.WWDG_SetPrescaler:00000010 $d
     /tmp/ccOKqrcD.s:89     .text.WWDG_SetWindowValue:00000000 $t
     /tmp/ccOKqrcD.s:94     .text.WWDG_SetWindowValue:00000000 WWDG_SetWindowValue
     /tmp/ccOKqrcD.s:136    .text.WWDG_SetWindowValue:00000024 $d
     /tmp/ccOKqrcD.s:141    .text.WWDG_EnableIT:00000000 $t
     /tmp/ccOKqrcD.s:146    .text.WWDG_EnableIT:00000000 WWDG_EnableIT
     /tmp/ccOKqrcD.s:161    .text.WWDG_EnableIT:00000008 $d
     /tmp/ccOKqrcD.s:166    .text.WWDG_SetCounter:00000000 $t
     /tmp/ccOKqrcD.s:171    .text.WWDG_SetCounter:00000000 WWDG_SetCounter
     /tmp/ccOKqrcD.s:188    .text.WWDG_SetCounter:0000000c $d
     /tmp/ccOKqrcD.s:193    .text.WWDG_Enable:00000000 $t
     /tmp/ccOKqrcD.s:198    .text.WWDG_Enable:00000000 WWDG_Enable
     /tmp/ccOKqrcD.s:215    .text.WWDG_Enable:0000000c $d
     /tmp/ccOKqrcD.s:220    .text.WWDG_GetFlagStatus:00000000 $t
     /tmp/ccOKqrcD.s:225    .text.WWDG_GetFlagStatus:00000000 WWDG_GetFlagStatus
     /tmp/ccOKqrcD.s:246    .text.WWDG_GetFlagStatus:0000000c $d
     /tmp/ccOKqrcD.s:251    .text.WWDG_ClearFlag:00000000 $t
     /tmp/ccOKqrcD.s:256    .text.WWDG_ClearFlag:00000000 WWDG_ClearFlag
     /tmp/ccOKqrcD.s:271    .text.WWDG_ClearFlag:00000008 $d
                     .debug_frame:00000010 $d

UNDEFINED SYMBOLS
RCC_APB1PeriphResetCmd
