   1              	# 1 "/home/jonas/warwick/3dProfilometer/xpcc/src/xpcc/architecture/platform/cortex_m3/common/defaul
   1              	// coding: utf-8
   1              	...
   0              	
   2              	// ----------------------------------------------------------------------------
   3              	/* Copyright (c) 2011, Roboterclub Aachen e.V.
   4              	 * All rights reserved.
   5              	 *
   6              	 * Redistribution and use in source and binary forms, with or without
   7              	 * modification, are permitted provided that the following conditions are met:
   8              	 *
   9              	 *     * Redistributions of source code must retain the above copyright
  10              	 *       notice, this list of conditions and the following disclaimer.
  11              	 *     * Redistributions in binary form must reproduce the above copyright
  12              	 *       notice, this list of conditions and the following disclaimer in the
  13              	 *       documentation and/or other materials provided with the distribution.
  14              	 *     * Neither the name of the Roboterclub Aachen e.V. nor the
  15              	 *       names of its contributors may be used to endorse or promote products
  16              	 *       derived from this software without specific prior written permission.
  17              	 *
  18              	 * THIS SOFTWARE IS PROVIDED BY ROBOTERCLUB AACHEN E.V. ''AS IS'' AND ANY
  19              	 * EXPRESS OR IMPLIED WARRANTIES, INCLUDING, BUT NOT LIMITED TO, THE IMPLIED
  20              	 * WARRANTIES OF MERCHANTABILITY AND FITNESS FOR A PARTICULAR PURPOSE ARE
  21              	 * DISCLAIMED. IN NO EVENT SHALL ROBOTERCLUB AACHEN E.V. BE LIABLE FOR ANY
  22              	 * DIRECT, INDIRECT, INCIDENTAL, SPECIAL, EXEMPLARY, OR CONSEQUENTIAL DAMAGES
  23              	 * (INCLUDING, BUT NOT LIMITED TO, PROCUREMENT OF SUBSTITUTE GOODS OR SERVICES;
  24              	 * LOSS OF USE, DATA, OR PROFITS; OR BUSINESS INTERRUPTION) HOWEVER CAUSED AND
  25              	 * ON ANY THEORY OF LIABILITY, WHETHER IN CONTRACT, STRICT LIABILITY, OR TORT
  26              	 * (INCLUDING NEGLIGENCE OR OTHERWISE) ARISING IN ANY WAY OUT OF THE USE OF
  27              	 * THIS SOFTWARE, EVEN IF ADVISED OF THE POSSIBILITY OF SUCH DAMAGE.
  28              	 */
  29              	// ----------------------------------------------------------------------------
  30              	
  31              		.text
  32              		.syntax	unified
  33              		.align	4
  34              		.thumb
  35              		
  36              	// ----------------------------------------------------------------------------
  37              	// Default functions which does nothing more than to return	
  38              		.weak	_defaultHandler
  40              		.func   _defaultHandler
  41              	_defaultHandler:
  42 0000 7047     		bx		lr
  43              		.endfunc
  44              		
  45              	// ----------------------------------------------------------------------------
  46              	// Needed by __libc_init_array, can be overwritten by user code
  47              		.weak	_init
  49              		.thumb_func
  50              		.set	_init, _defaultHandler
  51              		
  52              		.weak	_fini
  54              		.thumb_func
  55              		.set	_fini, _defaultHandler
  56              	
  57              	// ----------------------------------------------------------------------------
  58              	// Dummy exit and _exit function to avoid the one from the newlib
  59              		.weak	exit
  61              		.thumb_func
  62              		.func	exit
  63              	exit:
  64              		// Disable Interrupts
  65              		// TODO
  66              		
  67              		// Enter an infinite loop
  68 0002 FEE7     	    b    	.
  69              	    .endfunc
  70              	    
  71              		.weak	_exit
  73              		.thumb_func
  74              		.set	_exit, exit
  75              		
  76 0004 AFF30080 		.end
  76      AFF30080 
  76      AFF30080 
DEFINED SYMBOLS
/home/jonas/warwick/3dProfilometer/xpcc/src/xpcc/architecture/platform/cortex_m3/common/default_handler.sx:33     .text:00000000 $t
/home/jonas/warwick/3dProfilometer/xpcc/src/xpcc/architecture/platform/cortex_m3/common/default_handler.sx:41     .text:00000000 _defaultHandler
/home/jonas/warwick/3dProfilometer/xpcc/src/xpcc/architecture/platform/cortex_m3/common/default_handler.sx:41     .text:00000000 _init
/home/jonas/warwick/3dProfilometer/xpcc/src/xpcc/architecture/platform/cortex_m3/common/default_handler.sx:41     .text:00000000 _fini
/home/jonas/warwick/3dProfilometer/xpcc/src/xpcc/architecture/platform/cortex_m3/common/default_handler.sx:63     .text:00000002 exit
/home/jonas/warwick/3dProfilometer/xpcc/src/xpcc/architecture/platform/cortex_m3/common/default_handler.sx:63     .text:00000002 _exit
                   .debug_aranges:0000000c $d

NO UNDEFINED SYMBOLS
