   1              		.syntax unified
   2              		.cpu cortex-m4
   3              		.eabi_attribute 27, 3
   4              		.fpu fpv4-sp-d16
   5              		.eabi_attribute 20, 1
   6              		.eabi_attribute 21, 1
   7              		.eabi_attribute 23, 3
   8              		.eabi_attribute 24, 1
   9              		.eabi_attribute 25, 1
  10              		.eabi_attribute 26, 1
  11              		.eabi_attribute 30, 2
  12              		.eabi_attribute 34, 1
  13              		.eabi_attribute 18, 4
  14              		.thumb
  15              		.file	"hard_fault_handler.cpp"
  16              		.text
  17              	.Ltext0:
  18              		.cfi_sections	.debug_frame
  19              		.section	.text._hardFaultHandler,"ax",%progbits
  20              		.align	2
  21              		.global	_hardFaultHandler
  22              		.thumb
  23              		.thumb_func
  25              	_hardFaultHandler:
  26              	.LFB76:
  27              		.file 1 "/home/jonas/warwick/3dProfilometer/xpcc/src/xpcc/architecture/platform/cortex_m3/common/h
   1:/home/jonas/warwick/3dProfilometer/xpcc/src/xpcc/architecture/platform/cortex_m3/common/hard_fault_handler.cpp **** // coding: utf-8
   2:/home/jonas/warwick/3dProfilometer/xpcc/src/xpcc/architecture/platform/cortex_m3/common/hard_fault_handler.cpp **** // ----------------------------------------------------------------------------
   3:/home/jonas/warwick/3dProfilometer/xpcc/src/xpcc/architecture/platform/cortex_m3/common/hard_fault_handler.cpp **** /* Copyright (c) 2011, Roboterclub Aachen e.V.
   4:/home/jonas/warwick/3dProfilometer/xpcc/src/xpcc/architecture/platform/cortex_m3/common/hard_fault_handler.cpp ****  * All rights reserved.
   5:/home/jonas/warwick/3dProfilometer/xpcc/src/xpcc/architecture/platform/cortex_m3/common/hard_fault_handler.cpp ****  *
   6:/home/jonas/warwick/3dProfilometer/xpcc/src/xpcc/architecture/platform/cortex_m3/common/hard_fault_handler.cpp ****  * Redistribution and use in source and binary forms, with or without
   7:/home/jonas/warwick/3dProfilometer/xpcc/src/xpcc/architecture/platform/cortex_m3/common/hard_fault_handler.cpp ****  * modification, are permitted provided that the following conditions are met:
   8:/home/jonas/warwick/3dProfilometer/xpcc/src/xpcc/architecture/platform/cortex_m3/common/hard_fault_handler.cpp ****  *
   9:/home/jonas/warwick/3dProfilometer/xpcc/src/xpcc/architecture/platform/cortex_m3/common/hard_fault_handler.cpp ****  *     * Redistributions of source code must retain the above copyright
  10:/home/jonas/warwick/3dProfilometer/xpcc/src/xpcc/architecture/platform/cortex_m3/common/hard_fault_handler.cpp ****  *       notice, this list of conditions and the following disclaimer.
  11:/home/jonas/warwick/3dProfilometer/xpcc/src/xpcc/architecture/platform/cortex_m3/common/hard_fault_handler.cpp ****  *     * Redistributions in binary form must reproduce the above copyright
  12:/home/jonas/warwick/3dProfilometer/xpcc/src/xpcc/architecture/platform/cortex_m3/common/hard_fault_handler.cpp ****  *       notice, this list of conditions and the following disclaimer in the
  13:/home/jonas/warwick/3dProfilometer/xpcc/src/xpcc/architecture/platform/cortex_m3/common/hard_fault_handler.cpp ****  *       documentation and/or other materials provided with the distribution.
  14:/home/jonas/warwick/3dProfilometer/xpcc/src/xpcc/architecture/platform/cortex_m3/common/hard_fault_handler.cpp ****  *     * Neither the name of the Roboterclub Aachen e.V. nor the
  15:/home/jonas/warwick/3dProfilometer/xpcc/src/xpcc/architecture/platform/cortex_m3/common/hard_fault_handler.cpp ****  *       names of its contributors may be used to endorse or promote products
  16:/home/jonas/warwick/3dProfilometer/xpcc/src/xpcc/architecture/platform/cortex_m3/common/hard_fault_handler.cpp ****  *       derived from this software without specific prior written permission.
  17:/home/jonas/warwick/3dProfilometer/xpcc/src/xpcc/architecture/platform/cortex_m3/common/hard_fault_handler.cpp ****  *
  18:/home/jonas/warwick/3dProfilometer/xpcc/src/xpcc/architecture/platform/cortex_m3/common/hard_fault_handler.cpp ****  * THIS SOFTWARE IS PROVIDED BY ROBOTERCLUB AACHEN E.V. ''AS IS'' AND ANY
  19:/home/jonas/warwick/3dProfilometer/xpcc/src/xpcc/architecture/platform/cortex_m3/common/hard_fault_handler.cpp ****  * EXPRESS OR IMPLIED WARRANTIES, INCLUDING, BUT NOT LIMITED TO, THE IMPLIED
  20:/home/jonas/warwick/3dProfilometer/xpcc/src/xpcc/architecture/platform/cortex_m3/common/hard_fault_handler.cpp ****  * WARRANTIES OF MERCHANTABILITY AND FITNESS FOR A PARTICULAR PURPOSE ARE
  21:/home/jonas/warwick/3dProfilometer/xpcc/src/xpcc/architecture/platform/cortex_m3/common/hard_fault_handler.cpp ****  * DISCLAIMED. IN NO EVENT SHALL ROBOTERCLUB AACHEN E.V. BE LIABLE FOR ANY
  22:/home/jonas/warwick/3dProfilometer/xpcc/src/xpcc/architecture/platform/cortex_m3/common/hard_fault_handler.cpp ****  * DIRECT, INDIRECT, INCIDENTAL, SPECIAL, EXEMPLARY, OR CONSEQUENTIAL DAMAGES
  23:/home/jonas/warwick/3dProfilometer/xpcc/src/xpcc/architecture/platform/cortex_m3/common/hard_fault_handler.cpp ****  * (INCLUDING, BUT NOT LIMITED TO, PROCUREMENT OF SUBSTITUTE GOODS OR SERVICES;
  24:/home/jonas/warwick/3dProfilometer/xpcc/src/xpcc/architecture/platform/cortex_m3/common/hard_fault_handler.cpp ****  * LOSS OF USE, DATA, OR PROFITS; OR BUSINESS INTERRUPTION) HOWEVER CAUSED AND
  25:/home/jonas/warwick/3dProfilometer/xpcc/src/xpcc/architecture/platform/cortex_m3/common/hard_fault_handler.cpp ****  * ON ANY THEORY OF LIABILITY, WHETHER IN CONTRACT, STRICT LIABILITY, OR TORT
  26:/home/jonas/warwick/3dProfilometer/xpcc/src/xpcc/architecture/platform/cortex_m3/common/hard_fault_handler.cpp ****  * (INCLUDING NEGLIGENCE OR OTHERWISE) ARISING IN ANY WAY OUT OF THE USE OF
  27:/home/jonas/warwick/3dProfilometer/xpcc/src/xpcc/architecture/platform/cortex_m3/common/hard_fault_handler.cpp ****  * THIS SOFTWARE, EVEN IF ADVISED OF THE POSSIBILITY OF SUCH DAMAGE.
  28:/home/jonas/warwick/3dProfilometer/xpcc/src/xpcc/architecture/platform/cortex_m3/common/hard_fault_handler.cpp ****  */
  29:/home/jonas/warwick/3dProfilometer/xpcc/src/xpcc/architecture/platform/cortex_m3/common/hard_fault_handler.cpp **** // ----------------------------------------------------------------------------
  30:/home/jonas/warwick/3dProfilometer/xpcc/src/xpcc/architecture/platform/cortex_m3/common/hard_fault_handler.cpp **** 
  31:/home/jonas/warwick/3dProfilometer/xpcc/src/xpcc/architecture/platform/cortex_m3/common/hard_fault_handler.cpp **** #include <stdint.h>
  32:/home/jonas/warwick/3dProfilometer/xpcc/src/xpcc/architecture/platform/cortex_m3/common/hard_fault_handler.cpp **** 
  33:/home/jonas/warwick/3dProfilometer/xpcc/src/xpcc/architecture/platform/cortex_m3/common/hard_fault_handler.cpp **** #include <xpcc/debug/logger.hpp>
  34:/home/jonas/warwick/3dProfilometer/xpcc/src/xpcc/architecture/platform/cortex_m3/common/hard_fault_handler.cpp **** #include <xpcc_config.hpp>
  35:/home/jonas/warwick/3dProfilometer/xpcc/src/xpcc/architecture/platform/cortex_m3/common/hard_fault_handler.cpp **** 
  36:/home/jonas/warwick/3dProfilometer/xpcc/src/xpcc/architecture/platform/cortex_m3/common/hard_fault_handler.cpp **** // ----------------------------------------------------------------------------
  37:/home/jonas/warwick/3dProfilometer/xpcc/src/xpcc/architecture/platform/cortex_m3/common/hard_fault_handler.cpp **** extern "C"
  38:/home/jonas/warwick/3dProfilometer/xpcc/src/xpcc/architecture/platform/cortex_m3/common/hard_fault_handler.cpp **** void
  39:/home/jonas/warwick/3dProfilometer/xpcc/src/xpcc/architecture/platform/cortex_m3/common/hard_fault_handler.cpp **** _hardFaultHandler(const uint32_t * ctx)
  40:/home/jonas/warwick/3dProfilometer/xpcc/src/xpcc/architecture/platform/cortex_m3/common/hard_fault_handler.cpp **** {
  28              		.loc 1 40 0
  29              		.cfi_startproc
  30              		@ Volatile: function does not return.
  31              		@ args = 0, pretend = 0, frame = 0
  32              		@ frame_needed = 0, uses_anonymous_args = 0
  33              		@ link register save eliminated.
  34              	.LVL0:
  35              	.L2:
  36 0000 FEE7     		b	.L2
  37              		.cfi_endproc
  38              	.LFE76:
  40 0002 00BF     		.text
  41              	.Letext0:
  42              		.file 2 "/home/jonas/warwick/3dProfilometer/xpcc/src/xpcc/debug/logger/level.hpp"
  43              		.file 3 "/home/jonas/warwick/3dProfilometer/xpcc/src/xpcc/utils/template_metaprogramming.hpp"
  44              		.file 4 "/opt/arm-2012.09/bin/../lib/gcc/arm-none-eabi/4.7.2/../../../../arm-none-eabi/include/std
  45              		.file 5 "/opt/arm-2012.09/bin/../lib/gcc/arm-none-eabi/4.7.2/include/stddef.h"
  46              		.file 6 "/opt/arm-2012.09/bin/../lib/gcc/arm-none-eabi/4.7.2/../../../../arm-none-eabi/include/c++
  47              		.file 7 "/opt/arm-2012.09/bin/../lib/gcc/arm-none-eabi/4.7.2/../../../../arm-none-eabi/include/str
  48              		.file 8 "/home/jonas/warwick/3dProfilometer/xpcc/src/xpcc/io/iodevice.hpp"
  49              		.file 9 "<built-in>"
DEFINED SYMBOLS
                            *ABS*:00000000 hard_fault_handler.cpp
     /tmp/cc75VUUc.s:20     .text._hardFaultHandler:00000000 $t
     /tmp/cc75VUUc.s:25     .text._hardFaultHandler:00000000 _hardFaultHandler
                     .debug_frame:00000010 $d

NO UNDEFINED SYMBOLS
