   1              	# 1 "/home/jonas/warwick/3dProfilometer/xpcc/src/xpcc/architecture/platform/cortex_m3/common/hard_f
   1              	// coding: utf-8
   1              	...
   0              	
   2              	// ----------------------------------------------------------------------------
   3              	/* Copyright (c) 2011, Roboterclub Aachen e.V.
   4              	 * All rights reserved.
   5              	 *
   6              	 * Redistribution and use in source and binary forms, with or without
   7              	 * modification, are permitted provided that the following conditions are met:
   8              	 *
   9              	 *     * Redistributions of source code must retain the above copyright
  10              	 *       notice, this list of conditions and the following disclaimer.
  11              	 *     * Redistributions in binary form must reproduce the above copyright
  12              	 *       notice, this list of conditions and the following disclaimer in the
  13              	 *       documentation and/or other materials provided with the distribution.
  14              	 *     * Neither the name of the Roboterclub Aachen e.V. nor the
  15              	 *       names of its contributors may be used to endorse or promote products
  16              	 *       derived from this software without specific prior written permission.
  17              	 *
  18              	 * THIS SOFTWARE IS PROVIDED BY ROBOTERCLUB AACHEN E.V. ''AS IS'' AND ANY
  19              	 * EXPRESS OR IMPLIED WARRANTIES, INCLUDING, BUT NOT LIMITED TO, THE IMPLIED
  20              	 * WARRANTIES OF MERCHANTABILITY AND FITNESS FOR A PARTICULAR PURPOSE ARE
  21              	 * DISCLAIMED. IN NO EVENT SHALL ROBOTERCLUB AACHEN E.V. BE LIABLE FOR ANY
  22              	 * DIRECT, INDIRECT, INCIDENTAL, SPECIAL, EXEMPLARY, OR CONSEQUENTIAL DAMAGES
  23              	 * (INCLUDING, BUT NOT LIMITED TO, PROCUREMENT OF SUBSTITUTE GOODS OR SERVICES;
  24              	 * LOSS OF USE, DATA, OR PROFITS; OR BUSINESS INTERRUPTION) HOWEVER CAUSED AND
  25              	 * ON ANY THEORY OF LIABILITY, WHETHER IN CONTRACT, STRICT LIABILITY, OR TORT
  26              	 * (INCLUDING NEGLIGENCE OR OTHERWISE) ARISING IN ANY WAY OUT OF THE USE OF
  27              	 * THIS SOFTWARE, EVEN IF ADVISED OF THE POSSIBILITY OF SUCH DAMAGE.
  28              	 */
  29              	// ----------------------------------------------------------------------------
  30              		
  31              		.text
  32              		.syntax	unified
  33              		.align	4
  34              		.thumb
  35              		
  36              		// ------------------------------------------------------------------------
  37              		/**
  38              		 * @brief	Hard fault handler
  39              		 * 
  40              		 * Prepares data for the C output handler
  41              		 */
  42              		.global	HardFault_Handler
  44              		.thumb_func
  45              		.func	HardFault_Handler
  46              	HardFault_Handler:
  47 0000 1EF0040F 		tst		lr, #4
  48 0004 0CBF     		ite		eq
  49 0006 EFF30880 		mrseq	r0, msp
  50 000a EFF30980 		mrsne	r0, psp
  51 000e FFF7FEBF 		b		_hardFaultHandler
  52              		
  54              		.endfunc
  55              		
  56 0012 00BFAFF3 		.end
  56      0080AFF3 
  56      0080AFF3 
  56      0080
DEFINED SYMBOLS
/home/jonas/warwick/3dProfilometer/xpcc/src/xpcc/architecture/platform/cortex_m3/common/hard_fault.sx:33     .text:00000000 $t
/home/jonas/warwick/3dProfilometer/xpcc/src/xpcc/architecture/platform/cortex_m3/common/hard_fault.sx:46     .text:00000000 HardFault_Handler
                   .debug_aranges:0000000c $d

UNDEFINED SYMBOLS
_hardFaultHandler
