   1              		.syntax unified
   2              		.cpu cortex-m4
   3              		.eabi_attribute 27, 3
   4              		.fpu fpv4-sp-d16
   5              		.eabi_attribute 20, 1
   6              		.eabi_attribute 21, 1
   7              		.eabi_attribute 23, 3
   8              		.eabi_attribute 24, 1
   9              		.eabi_attribute 25, 1
  10              		.eabi_attribute 26, 1
  11              		.eabi_attribute 30, 2
  12              		.eabi_attribute 34, 1
  13              		.eabi_attribute 18, 4
  14              		.thumb
  15              		.file	"clock_dummy.cpp"
  16              		.text
  17              	.Ltext0:
  18              		.cfi_sections	.debug_frame
  19              		.global	_ZN4xpcc10ClockDummy4timeE
  20              		.section	.bss._ZN4xpcc10ClockDummy4timeE,"aw",%nobits
  21              		.align	2
  24              	_ZN4xpcc10ClockDummy4timeE:
  25 0000 00000000 		.space	4
  26              		.text
  27              	.Letext0:
  28              		.file 1 "/opt/arm-2012.09/bin/../lib/gcc/arm-none-eabi/4.7.2/../../../../arm-none-eabi/include/std
  29              		.file 2 "/home/jonas/warwick/3dProfilometer/xpcc/src/xpcc/workflow/timestamp.hpp"
  30              		.file 3 "/home/jonas/warwick/3dProfilometer/xpcc/src/xpcc/io/iodevice.hpp"
  31              		.file 4 "/home/jonas/warwick/3dProfilometer/xpcc/src/xpcc/utils/template_metaprogramming.hpp"
  32              		.file 5 "/home/jonas/warwick/3dProfilometer/xpcc/src/xpcc/architecture/driver/clock_dummy.hpp"
  33              		.file 6 "/home/jonas/warwick/3dProfilometer/xpcc/src/xpcc/architecture/driver/clock_dummy.cpp"
DEFINED SYMBOLS
                            *ABS*:00000000 clock_dummy.cpp
     /tmp/cc3yefuC.s:24     .bss._ZN4xpcc10ClockDummy4timeE:00000000 _ZN4xpcc10ClockDummy4timeE
     /tmp/cc3yefuC.s:21     .bss._ZN4xpcc10ClockDummy4timeE:00000000 $d

NO UNDEFINED SYMBOLS
