   1              		.syntax unified
   2              		.cpu cortex-m4
   3              		.eabi_attribute 27, 3
   4              		.fpu fpv4-sp-d16
   5              		.eabi_attribute 20, 1
   6              		.eabi_attribute 21, 1
   7              		.eabi_attribute 23, 3
   8              		.eabi_attribute 24, 1
   9              		.eabi_attribute 25, 1
  10              		.eabi_attribute 26, 1
  11              		.eabi_attribute 30, 2
  12              		.eabi_attribute 34, 1
  13              		.eabi_attribute 18, 4
  14              		.thumb
  15              		.file	"dummy.cpp"
  16              		.text
  17              	.Ltext0:
  18              		.cfi_sections	.debug_frame
  19              		.section	.text._ZN4xpcc5dummyEv,"ax",%progbits
  20              		.align	2
  21              		.global	_ZN4xpcc5dummyEv
  22              		.thumb
  23              		.thumb_func
  25              	_ZN4xpcc5dummyEv:
  26              	.LFB0:
  27              		.file 1 "/home/jonas/warwick/3dProfilometer/xpcc/src/xpcc/utils/dummy.cpp"
   1:/home/jonas/warwick/3dProfilometer/xpcc/src/xpcc/utils/dummy.cpp **** // coding: utf-8
   2:/home/jonas/warwick/3dProfilometer/xpcc/src/xpcc/utils/dummy.cpp **** // ----------------------------------------------------------------------------
   3:/home/jonas/warwick/3dProfilometer/xpcc/src/xpcc/utils/dummy.cpp **** /* Copyright (c) 2009, Roboterclub Aachen e.V.
   4:/home/jonas/warwick/3dProfilometer/xpcc/src/xpcc/utils/dummy.cpp ****  * All rights reserved.
   5:/home/jonas/warwick/3dProfilometer/xpcc/src/xpcc/utils/dummy.cpp ****  *
   6:/home/jonas/warwick/3dProfilometer/xpcc/src/xpcc/utils/dummy.cpp ****  * Redistribution and use in source and binary forms, with or without
   7:/home/jonas/warwick/3dProfilometer/xpcc/src/xpcc/utils/dummy.cpp ****  * modification, are permitted provided that the following conditions are met:
   8:/home/jonas/warwick/3dProfilometer/xpcc/src/xpcc/utils/dummy.cpp ****  * 
   9:/home/jonas/warwick/3dProfilometer/xpcc/src/xpcc/utils/dummy.cpp ****  *     * Redistributions of source code must retain the above copyright
  10:/home/jonas/warwick/3dProfilometer/xpcc/src/xpcc/utils/dummy.cpp ****  *       notice, this list of conditions and the following disclaimer.
  11:/home/jonas/warwick/3dProfilometer/xpcc/src/xpcc/utils/dummy.cpp ****  *     * Redistributions in binary form must reproduce the above copyright
  12:/home/jonas/warwick/3dProfilometer/xpcc/src/xpcc/utils/dummy.cpp ****  *       notice, this list of conditions and the following disclaimer in the
  13:/home/jonas/warwick/3dProfilometer/xpcc/src/xpcc/utils/dummy.cpp ****  *       documentation and/or other materials provided with the distribution.
  14:/home/jonas/warwick/3dProfilometer/xpcc/src/xpcc/utils/dummy.cpp ****  *     * Neither the name of the Roboterclub Aachen e.V. nor the
  15:/home/jonas/warwick/3dProfilometer/xpcc/src/xpcc/utils/dummy.cpp ****  *       names of its contributors may be used to endorse or promote products
  16:/home/jonas/warwick/3dProfilometer/xpcc/src/xpcc/utils/dummy.cpp ****  *       derived from this software without specific prior written permission.
  17:/home/jonas/warwick/3dProfilometer/xpcc/src/xpcc/utils/dummy.cpp ****  *
  18:/home/jonas/warwick/3dProfilometer/xpcc/src/xpcc/utils/dummy.cpp ****  * THIS SOFTWARE IS PROVIDED BY ROBOTERCLUB AACHEN E.V. ''AS IS'' AND ANY
  19:/home/jonas/warwick/3dProfilometer/xpcc/src/xpcc/utils/dummy.cpp ****  * EXPRESS OR IMPLIED WARRANTIES, INCLUDING, BUT NOT LIMITED TO, THE IMPLIED
  20:/home/jonas/warwick/3dProfilometer/xpcc/src/xpcc/utils/dummy.cpp ****  * WARRANTIES OF MERCHANTABILITY AND FITNESS FOR A PARTICULAR PURPOSE ARE
  21:/home/jonas/warwick/3dProfilometer/xpcc/src/xpcc/utils/dummy.cpp ****  * DISCLAIMED. IN NO EVENT SHALL ROBOTERCLUB AACHEN E.V. BE LIABLE FOR ANY
  22:/home/jonas/warwick/3dProfilometer/xpcc/src/xpcc/utils/dummy.cpp ****  * DIRECT, INDIRECT, INCIDENTAL, SPECIAL, EXEMPLARY, OR CONSEQUENTIAL DAMAGES
  23:/home/jonas/warwick/3dProfilometer/xpcc/src/xpcc/utils/dummy.cpp ****  * (INCLUDING, BUT NOT LIMITED TO, PROCUREMENT OF SUBSTITUTE GOODS OR SERVICES;
  24:/home/jonas/warwick/3dProfilometer/xpcc/src/xpcc/utils/dummy.cpp ****  * LOSS OF USE, DATA, OR PROFITS; OR BUSINESS INTERRUPTION) HOWEVER CAUSED AND
  25:/home/jonas/warwick/3dProfilometer/xpcc/src/xpcc/utils/dummy.cpp ****  * ON ANY THEORY OF LIABILITY, WHETHER IN CONTRACT, STRICT LIABILITY, OR TORT
  26:/home/jonas/warwick/3dProfilometer/xpcc/src/xpcc/utils/dummy.cpp ****  * (INCLUDING NEGLIGENCE OR OTHERWISE) ARISING IN ANY WAY OUT OF THE USE OF
  27:/home/jonas/warwick/3dProfilometer/xpcc/src/xpcc/utils/dummy.cpp ****  * THIS SOFTWARE, EVEN IF ADVISED OF THE POSSIBILITY OF SUCH DAMAGE.
  28:/home/jonas/warwick/3dProfilometer/xpcc/src/xpcc/utils/dummy.cpp ****  */
  29:/home/jonas/warwick/3dProfilometer/xpcc/src/xpcc/utils/dummy.cpp **** // ----------------------------------------------------------------------------
  30:/home/jonas/warwick/3dProfilometer/xpcc/src/xpcc/utils/dummy.cpp **** 
  31:/home/jonas/warwick/3dProfilometer/xpcc/src/xpcc/utils/dummy.cpp **** #include "dummy.hpp"
  32:/home/jonas/warwick/3dProfilometer/xpcc/src/xpcc/utils/dummy.cpp **** 
  33:/home/jonas/warwick/3dProfilometer/xpcc/src/xpcc/utils/dummy.cpp **** void
  34:/home/jonas/warwick/3dProfilometer/xpcc/src/xpcc/utils/dummy.cpp **** xpcc::dummy()
  35:/home/jonas/warwick/3dProfilometer/xpcc/src/xpcc/utils/dummy.cpp **** {
  28              		.loc 1 35 0
  29              		.cfi_startproc
  30              		@ args = 0, pretend = 0, frame = 0
  31              		@ frame_needed = 0, uses_anonymous_args = 0
  32              		@ link register save eliminated.
  33 0000 7047     		bx	lr
  34              		.cfi_endproc
  35              	.LFE0:
  37 0002 00BF     		.text
  38              	.Letext0:
  39              		.file 2 "/home/jonas/warwick/3dProfilometer/xpcc/src/xpcc/utils/dummy.hpp"
DEFINED SYMBOLS
                            *ABS*:00000000 dummy.cpp
     /tmp/ccJfVC6f.s:20     .text._ZN4xpcc5dummyEv:00000000 $t
     /tmp/ccJfVC6f.s:25     .text._ZN4xpcc5dummyEv:00000000 _ZN4xpcc5dummyEv
                     .debug_frame:00000010 $d

NO UNDEFINED SYMBOLS
